[2024-12-04T08:19:49.737+0000] {local_task_job_runner.py:123} INFO - ::group::Pre task execution logs
[2024-12-04T08:19:49.785+0000] {taskinstance.py:2613} INFO - Dependencies all met for dep_context=non-requeueable deps ti=<TaskInstance: streaming_dag_v7.stream_to_kafka_topic scheduled__2024-12-03T00:00:00+00:00 [queued]>
[2024-12-04T08:19:49.802+0000] {taskinstance.py:2613} INFO - Dependencies all met for dep_context=requeueable deps ti=<TaskInstance: streaming_dag_v7.stream_to_kafka_topic scheduled__2024-12-03T00:00:00+00:00 [queued]>
[2024-12-04T08:19:49.804+0000] {taskinstance.py:2866} INFO - Starting attempt 1 of 2
[2024-12-04T08:19:49.823+0000] {taskinstance.py:2889} INFO - Executing <Task(PythonOperator): stream_to_kafka_topic> on 2024-12-03 00:00:00+00:00
[2024-12-04T08:19:49.835+0000] {warnings.py:112} WARNING - /home/***/.local/lib/python3.12/site-packages/***/task/task_runner/standard_task_runner.py:70: DeprecationWarning: This process (pid=889) is multi-threaded, use of fork() may lead to deadlocks in the child.
  pid = os.fork()

[2024-12-04T08:19:49.840+0000] {standard_task_runner.py:72} INFO - Started process 890 to run task
[2024-12-04T08:19:49.835+0000] {standard_task_runner.py:104} INFO - Running: ['***', 'tasks', 'run', 'streaming_dag_v7', 'stream_to_kafka_topic', 'scheduled__2024-12-03T00:00:00+00:00', '--job-id', '37', '--raw', '--subdir', 'DAGS_FOLDER/stream_to_spark.py', '--cfg-path', '/tmp/tmpgvi_63ke']
[2024-12-04T08:19:49.854+0000] {standard_task_runner.py:105} INFO - Job 37: Subtask stream_to_kafka_topic
[2024-12-04T08:19:49.932+0000] {task_command.py:467} INFO - Running <TaskInstance: streaming_dag_v7.stream_to_kafka_topic scheduled__2024-12-03T00:00:00+00:00 [running]> on host 823acf4a0ce9
[2024-12-04T08:19:50.044+0000] {taskinstance.py:3132} INFO - Exporting env vars: AIRFLOW_CTX_DAG_OWNER='neiko' AIRFLOW_CTX_DAG_ID='streaming_dag_v7' AIRFLOW_CTX_TASK_ID='stream_to_kafka_topic' AIRFLOW_CTX_EXECUTION_DATE='2024-12-03T00:00:00+00:00' AIRFLOW_CTX_TRY_NUMBER='1' AIRFLOW_CTX_DAG_RUN_ID='scheduled__2024-12-03T00:00:00+00:00'
[2024-12-04T08:19:50.047+0000] {taskinstance.py:731} INFO - ::endgroup::
[2024-12-04T08:24:51.208+0000] {logging_mixin.py:190} INFO - Message delivery failed: KafkaError{code=_MSG_TIMED_OUT,val=-192,str="Local: Message timed out"}
[2024-12-04T08:30:02.311+0000] {logging_mixin.py:190} INFO - Message delivery failed: KafkaError{code=_MSG_TIMED_OUT,val=-192,str="Local: Message timed out"}
[2024-12-04T08:35:13.417+0000] {logging_mixin.py:190} INFO - Message delivery failed: KafkaError{code=_MSG_TIMED_OUT,val=-192,str="Local: Message timed out"}
[2024-12-04T08:40:24.524+0000] {logging_mixin.py:190} INFO - Message delivery failed: KafkaError{code=_MSG_TIMED_OUT,val=-192,str="Local: Message timed out"}
[2024-12-04T08:45:35.626+0000] {logging_mixin.py:190} INFO - Message delivery failed: KafkaError{code=_MSG_TIMED_OUT,val=-192,str="Local: Message timed out"}
[2024-12-04T08:50:46.731+0000] {logging_mixin.py:190} INFO - Message delivery failed: KafkaError{code=_MSG_TIMED_OUT,val=-192,str="Local: Message timed out"}
[2024-12-04T08:55:57.839+0000] {logging_mixin.py:190} INFO - Message delivery failed: KafkaError{code=_MSG_TIMED_OUT,val=-192,str="Local: Message timed out"}
[2024-12-04T09:01:08.942+0000] {logging_mixin.py:190} INFO - Message delivery failed: KafkaError{code=_MSG_TIMED_OUT,val=-192,str="Local: Message timed out"}
[2024-12-04T09:06:20.040+0000] {logging_mixin.py:190} INFO - Message delivery failed: KafkaError{code=_MSG_TIMED_OUT,val=-192,str="Local: Message timed out"}
[2024-12-04T09:11:31.139+0000] {logging_mixin.py:190} INFO - Message delivery failed: KafkaError{code=_MSG_TIMED_OUT,val=-192,str="Local: Message timed out"}
[2024-12-04T09:16:42.240+0000] {logging_mixin.py:190} INFO - Message delivery failed: KafkaError{code=_MSG_TIMED_OUT,val=-192,str="Local: Message timed out"}
[2024-12-04T09:21:53.345+0000] {logging_mixin.py:190} INFO - Message delivery failed: KafkaError{code=_MSG_TIMED_OUT,val=-192,str="Local: Message timed out"}
[2024-12-04T09:22:03.350+0000] {python.py:240} INFO - Done. Returned value was: None
[2024-12-04T09:22:03.372+0000] {taskinstance.py:340} INFO - ::group::Post task execution logs
[2024-12-04T09:22:03.374+0000] {taskinstance.py:352} INFO - Marking task as SUCCESS. dag_id=streaming_dag_v7, task_id=stream_to_kafka_topic, run_id=scheduled__2024-12-03T00:00:00+00:00, execution_date=20241203T000000, start_date=20241204T081949, end_date=20241204T092203
[2024-12-04T09:22:03.434+0000] {local_task_job_runner.py:266} INFO - Task exited with return code 0
[2024-12-04T09:22:03.456+0000] {taskinstance.py:3895} INFO - 0 downstream tasks scheduled from follow-on schedule check
[2024-12-04T09:22:03.460+0000] {local_task_job_runner.py:245} INFO - ::endgroup::
