[2024-12-09T12:25:41.473+0000] {local_task_job_runner.py:123} INFO - ::group::Pre task execution logs
[2024-12-09T12:25:41.556+0000] {taskinstance.py:2613} INFO - Dependencies all met for dep_context=non-requeueable deps ti=<TaskInstance: streaming_dag_v9.stream_to_kafka_topic manual__2024-12-09T12:25:33.118031+00:00 [queued]>
[2024-12-09T12:25:41.591+0000] {taskinstance.py:2613} INFO - Dependencies all met for dep_context=requeueable deps ti=<TaskInstance: streaming_dag_v9.stream_to_kafka_topic manual__2024-12-09T12:25:33.118031+00:00 [queued]>
[2024-12-09T12:25:41.594+0000] {taskinstance.py:2866} INFO - Starting attempt 1 of 2
[2024-12-09T12:25:41.630+0000] {taskinstance.py:2889} INFO - Executing <Task(PythonOperator): stream_to_kafka_topic> on 2024-12-09 12:25:33.118031+00:00
[2024-12-09T12:25:41.653+0000] {standard_task_runner.py:104} INFO - Running: ['***', 'tasks', 'run', 'streaming_dag_v9', 'stream_to_kafka_topic', 'manual__2024-12-09T12:25:33.118031+00:00', '--job-id', '70', '--raw', '--subdir', 'DAGS_FOLDER/stream_to_spark.py', '--cfg-path', '/tmp/tmpikx78iar']
[2024-12-09T12:25:41.650+0000] {warnings.py:112} WARNING - /home/***/.local/lib/python3.12/site-packages/***/task/task_runner/standard_task_runner.py:70: DeprecationWarning: This process (pid=378) is multi-threaded, use of fork() may lead to deadlocks in the child.
  pid = os.fork()

[2024-12-09T12:25:41.658+0000] {standard_task_runner.py:105} INFO - Job 70: Subtask stream_to_kafka_topic
[2024-12-09T12:25:41.659+0000] {standard_task_runner.py:72} INFO - Started process 379 to run task
[2024-12-09T12:25:41.747+0000] {task_command.py:467} INFO - Running <TaskInstance: streaming_dag_v9.stream_to_kafka_topic manual__2024-12-09T12:25:33.118031+00:00 [running]> on host 3fc0bc0906bc
[2024-12-09T12:25:41.906+0000] {taskinstance.py:3132} INFO - Exporting env vars: AIRFLOW_CTX_DAG_OWNER='neiko' AIRFLOW_CTX_DAG_ID='streaming_dag_v9' AIRFLOW_CTX_TASK_ID='stream_to_kafka_topic' AIRFLOW_CTX_EXECUTION_DATE='2024-12-09T12:25:33.118031+00:00' AIRFLOW_CTX_TRY_NUMBER='1' AIRFLOW_CTX_DAG_RUN_ID='manual__2024-12-09T12:25:33.118031+00:00'
[2024-12-09T12:25:41.908+0000] {taskinstance.py:731} INFO - ::endgroup::
[2024-12-09T12:25:43.105+0000] {logging_mixin.py:190} INFO - Message delivered to new_user [0] at offset 12
[2024-12-09T12:25:53.433+0000] {logging_mixin.py:190} INFO - Message delivered to new_user [0] at offset 13
[2024-12-09T12:26:03.798+0000] {logging_mixin.py:190} INFO - Message delivered to new_user [0] at offset 14
[2024-12-09T12:26:14.148+0000] {logging_mixin.py:190} INFO - Message delivered to new_user [0] at offset 15
[2024-12-09T12:26:24.506+0000] {logging_mixin.py:190} INFO - Message delivered to new_user [0] at offset 16
[2024-12-09T12:26:34.830+0000] {logging_mixin.py:190} INFO - Message delivered to new_user [0] at offset 17
[2024-12-09T12:26:45.163+0000] {logging_mixin.py:190} INFO - Message delivered to new_user [0] at offset 18
[2024-12-09T12:26:55.512+0000] {logging_mixin.py:190} INFO - Message delivered to new_user [0] at offset 19
[2024-12-09T12:27:05.866+0000] {logging_mixin.py:190} INFO - Message delivered to new_user [0] at offset 20
[2024-12-09T12:27:16.240+0000] {logging_mixin.py:190} INFO - Message delivered to new_user [0] at offset 21
[2024-12-09T12:27:26.642+0000] {logging_mixin.py:190} INFO - Message delivered to new_user [0] at offset 22
[2024-12-09T12:27:36.969+0000] {logging_mixin.py:190} INFO - Message delivered to new_user [0] at offset 23
[2024-12-09T12:27:47.002+0000] {python.py:240} INFO - Done. Returned value was: None
[2024-12-09T12:27:47.357+0000] {taskinstance.py:340} INFO - ::group::Post task execution logs
[2024-12-09T12:27:47.371+0000] {taskinstance.py:352} INFO - Marking task as SUCCESS. dag_id=streaming_dag_v9, task_id=stream_to_kafka_topic, run_id=manual__2024-12-09T12:25:33.118031+00:00, execution_date=20241209T122533, start_date=20241209T122541, end_date=20241209T122747
[2024-12-09T12:27:47.716+0000] {local_task_job_runner.py:266} INFO - Task exited with return code 0
[2024-12-09T12:27:47.884+0000] {taskinstance.py:3895} INFO - 0 downstream tasks scheduled from follow-on schedule check
[2024-12-09T12:27:47.887+0000] {local_task_job_runner.py:245} INFO - ::endgroup::
