[2024-12-09T12:28:41.658+0000] {local_task_job_runner.py:123} INFO - ::group::Pre task execution logs
[2024-12-09T12:28:41.702+0000] {taskinstance.py:2613} INFO - Dependencies all met for dep_context=non-requeueable deps ti=<TaskInstance: streaming_dag_v9.stream_to_kafka_topic manual__2024-12-09T12:28:38.328124+00:00 [queued]>
[2024-12-09T12:28:41.717+0000] {taskinstance.py:2613} INFO - Dependencies all met for dep_context=requeueable deps ti=<TaskInstance: streaming_dag_v9.stream_to_kafka_topic manual__2024-12-09T12:28:38.328124+00:00 [queued]>
[2024-12-09T12:28:41.719+0000] {taskinstance.py:2866} INFO - Starting attempt 1 of 2
[2024-12-09T12:28:41.741+0000] {taskinstance.py:2889} INFO - Executing <Task(PythonOperator): stream_to_kafka_topic> on 2024-12-09 12:28:38.328124+00:00
[2024-12-09T12:28:41.752+0000] {warnings.py:112} WARNING - /home/***/.local/lib/python3.12/site-packages/***/task/task_runner/standard_task_runner.py:70: DeprecationWarning: This process (pid=421) is multi-threaded, use of fork() may lead to deadlocks in the child.
  pid = os.fork()

[2024-12-09T12:28:41.754+0000] {standard_task_runner.py:104} INFO - Running: ['***', 'tasks', 'run', 'streaming_dag_v9', 'stream_to_kafka_topic', 'manual__2024-12-09T12:28:38.328124+00:00', '--job-id', '71', '--raw', '--subdir', 'DAGS_FOLDER/stream_to_spark.py', '--cfg-path', '/tmp/tmp1j2fxulg']
[2024-12-09T12:28:41.757+0000] {standard_task_runner.py:72} INFO - Started process 422 to run task
[2024-12-09T12:28:41.758+0000] {standard_task_runner.py:105} INFO - Job 71: Subtask stream_to_kafka_topic
[2024-12-09T12:28:41.828+0000] {task_command.py:467} INFO - Running <TaskInstance: streaming_dag_v9.stream_to_kafka_topic manual__2024-12-09T12:28:38.328124+00:00 [running]> on host 3fc0bc0906bc
[2024-12-09T12:28:41.955+0000] {taskinstance.py:3132} INFO - Exporting env vars: AIRFLOW_CTX_DAG_OWNER='neiko' AIRFLOW_CTX_DAG_ID='streaming_dag_v9' AIRFLOW_CTX_TASK_ID='stream_to_kafka_topic' AIRFLOW_CTX_EXECUTION_DATE='2024-12-09T12:28:38.328124+00:00' AIRFLOW_CTX_TRY_NUMBER='1' AIRFLOW_CTX_DAG_RUN_ID='manual__2024-12-09T12:28:38.328124+00:00'
[2024-12-09T12:28:41.957+0000] {taskinstance.py:731} INFO - ::endgroup::
[2024-12-09T12:28:43.048+0000] {logging_mixin.py:190} INFO - Message delivered to new_user [0] at offset 24
[2024-12-09T12:28:53.381+0000] {logging_mixin.py:190} INFO - Message delivered to new_user [0] at offset 25
[2024-12-09T12:29:03.715+0000] {logging_mixin.py:190} INFO - Message delivered to new_user [0] at offset 26
[2024-12-09T12:29:14.063+0000] {logging_mixin.py:190} INFO - Message delivered to new_user [0] at offset 27
[2024-12-09T12:29:24.417+0000] {logging_mixin.py:190} INFO - Message delivered to new_user [0] at offset 28
[2024-12-09T12:29:34.751+0000] {logging_mixin.py:190} INFO - Message delivered to new_user [0] at offset 29
[2024-12-09T12:29:45.077+0000] {logging_mixin.py:190} INFO - Message delivered to new_user [0] at offset 30
[2024-12-09T12:29:55.462+0000] {logging_mixin.py:190} INFO - Message delivered to new_user [0] at offset 31
[2024-12-09T12:30:05.807+0000] {logging_mixin.py:190} INFO - Message delivered to new_user [0] at offset 32
[2024-12-09T12:30:16.239+0000] {logging_mixin.py:190} INFO - Message delivered to new_user [0] at offset 33
[2024-12-09T12:30:26.589+0000] {logging_mixin.py:190} INFO - Message delivered to new_user [0] at offset 34
[2024-12-09T12:30:36.921+0000] {logging_mixin.py:190} INFO - Message delivered to new_user [0] at offset 35
[2024-12-09T12:30:46.925+0000] {python.py:240} INFO - Done. Returned value was: None
[2024-12-09T12:30:46.945+0000] {taskinstance.py:340} INFO - ::group::Post task execution logs
[2024-12-09T12:30:46.946+0000] {taskinstance.py:352} INFO - Marking task as SUCCESS. dag_id=streaming_dag_v9, task_id=stream_to_kafka_topic, run_id=manual__2024-12-09T12:28:38.328124+00:00, execution_date=20241209T122838, start_date=20241209T122841, end_date=20241209T123046
[2024-12-09T12:30:47.005+0000] {local_task_job_runner.py:266} INFO - Task exited with return code 0
[2024-12-09T12:30:47.033+0000] {taskinstance.py:3895} INFO - 0 downstream tasks scheduled from follow-on schedule check
[2024-12-09T12:30:47.035+0000] {local_task_job_runner.py:245} INFO - ::endgroup::
