[2024-12-03T13:59:37.525+0000] {processor.py:186} INFO - Started process (PID=131) to work on /home/airflow/.local/lib/python3.12/site-packages/airflow/example_dags/example_inlet_event_extra.py
[2024-12-03T13:59:37.529+0000] {processor.py:914} INFO - Processing file /home/airflow/.local/lib/python3.12/site-packages/airflow/example_dags/example_inlet_event_extra.py for tasks to queue
[2024-12-03T13:59:37.534+0000] {logging_mixin.py:190} INFO - [2024-12-03T13:59:37.533+0000] {dagbag.py:588} INFO - Filling up the DagBag from /home/airflow/.local/lib/python3.12/site-packages/airflow/example_dags/example_inlet_event_extra.py
[2024-12-03T14:19:23.447+0000] {processor.py:186} INFO - Started process (PID=114) to work on /home/airflow/.local/lib/python3.12/site-packages/airflow/example_dags/example_inlet_event_extra.py
[2024-12-03T14:19:23.450+0000] {processor.py:914} INFO - Processing file /home/airflow/.local/lib/python3.12/site-packages/airflow/example_dags/example_inlet_event_extra.py for tasks to queue
[2024-12-03T14:19:23.459+0000] {logging_mixin.py:190} INFO - [2024-12-03T14:19:23.458+0000] {dagbag.py:588} INFO - Filling up the DagBag from /home/airflow/.local/lib/python3.12/site-packages/airflow/example_dags/example_inlet_event_extra.py
[2024-12-03T14:19:25.211+0000] {processor.py:925} INFO - DAG(s) 'read_dataset_event_from_classic', 'read_dataset_event' retrieved from /home/airflow/.local/lib/python3.12/site-packages/airflow/example_dags/example_inlet_event_extra.py
[2024-12-03T14:19:25.705+0000] {logging_mixin.py:190} INFO - [2024-12-03T14:19:25.703+0000] {override.py:1911} INFO - Created Permission View: can read on DAG:read_dataset_event_from_classic
[2024-12-03T14:19:25.726+0000] {logging_mixin.py:190} INFO - [2024-12-03T14:19:25.725+0000] {override.py:1911} INFO - Created Permission View: can edit on DAG:read_dataset_event_from_classic
[2024-12-03T14:19:25.743+0000] {logging_mixin.py:190} INFO - [2024-12-03T14:19:25.742+0000] {override.py:1911} INFO - Created Permission View: can delete on DAG:read_dataset_event_from_classic
[2024-12-03T14:19:25.764+0000] {logging_mixin.py:190} INFO - [2024-12-03T14:19:25.763+0000] {override.py:1911} INFO - Created Permission View: can read on DAG Run:read_dataset_event_from_classic
[2024-12-03T14:19:25.784+0000] {logging_mixin.py:190} INFO - [2024-12-03T14:19:25.783+0000] {override.py:1911} INFO - Created Permission View: menu access on DAG Run:read_dataset_event_from_classic
[2024-12-03T14:19:25.807+0000] {logging_mixin.py:190} INFO - [2024-12-03T14:19:25.806+0000] {override.py:1911} INFO - Created Permission View: can delete on DAG Run:read_dataset_event_from_classic
[2024-12-03T14:19:25.828+0000] {logging_mixin.py:190} INFO - [2024-12-03T14:19:25.827+0000] {override.py:1911} INFO - Created Permission View: can create on DAG Run:read_dataset_event_from_classic
[2024-12-03T14:19:25.857+0000] {logging_mixin.py:190} INFO - [2024-12-03T14:19:25.856+0000] {override.py:1911} INFO - Created Permission View: can read on DAG:read_dataset_event
[2024-12-03T14:19:25.874+0000] {logging_mixin.py:190} INFO - [2024-12-03T14:19:25.873+0000] {override.py:1911} INFO - Created Permission View: can edit on DAG:read_dataset_event
[2024-12-03T14:19:25.894+0000] {logging_mixin.py:190} INFO - [2024-12-03T14:19:25.893+0000] {override.py:1911} INFO - Created Permission View: can delete on DAG:read_dataset_event
[2024-12-03T14:19:25.914+0000] {logging_mixin.py:190} INFO - [2024-12-03T14:19:25.914+0000] {override.py:1911} INFO - Created Permission View: can read on DAG Run:read_dataset_event
[2024-12-03T14:19:25.933+0000] {logging_mixin.py:190} INFO - [2024-12-03T14:19:25.932+0000] {override.py:1911} INFO - Created Permission View: menu access on DAG Run:read_dataset_event
[2024-12-03T14:19:25.951+0000] {logging_mixin.py:190} INFO - [2024-12-03T14:19:25.951+0000] {override.py:1911} INFO - Created Permission View: can delete on DAG Run:read_dataset_event
[2024-12-03T14:19:25.969+0000] {logging_mixin.py:190} INFO - [2024-12-03T14:19:25.968+0000] {override.py:1911} INFO - Created Permission View: can create on DAG Run:read_dataset_event
[2024-12-03T14:19:25.971+0000] {logging_mixin.py:190} INFO - [2024-12-03T14:19:25.970+0000] {dag.py:3239} INFO - Sync 2 DAGs
[2024-12-03T14:19:25.999+0000] {logging_mixin.py:190} INFO - [2024-12-03T14:19:25.998+0000] {dag.py:3262} INFO - Creating ORM DAG for read_dataset_event
[2024-12-03T14:19:26.002+0000] {logging_mixin.py:190} INFO - [2024-12-03T14:19:26.001+0000] {dag.py:3262} INFO - Creating ORM DAG for read_dataset_event_from_classic
[2024-12-03T14:19:26.027+0000] {logging_mixin.py:190} INFO - [2024-12-03T14:19:26.026+0000] {dag.py:4180} INFO - Setting next_dagrun for read_dataset_event to 2024-12-02 00:00:00+00:00, run_after=2024-12-03 00:00:00+00:00
[2024-12-03T14:19:26.031+0000] {logging_mixin.py:190} INFO - [2024-12-03T14:19:26.031+0000] {dag.py:4180} INFO - Setting next_dagrun for read_dataset_event_from_classic to 2024-12-02 00:00:00+00:00, run_after=2024-12-03 00:00:00+00:00
[2024-12-03T14:19:26.069+0000] {processor.py:208} INFO - Processing /home/airflow/.local/lib/python3.12/site-packages/airflow/example_dags/example_inlet_event_extra.py took 2.641 seconds
[2024-12-03T14:19:56.868+0000] {processor.py:186} INFO - Started process (PID=184) to work on /home/airflow/.local/lib/python3.12/site-packages/airflow/example_dags/example_inlet_event_extra.py
[2024-12-03T14:19:56.870+0000] {processor.py:914} INFO - Processing file /home/airflow/.local/lib/python3.12/site-packages/airflow/example_dags/example_inlet_event_extra.py for tasks to queue
[2024-12-03T14:19:56.871+0000] {logging_mixin.py:190} INFO - [2024-12-03T14:19:56.871+0000] {dagbag.py:588} INFO - Filling up the DagBag from /home/airflow/.local/lib/python3.12/site-packages/airflow/example_dags/example_inlet_event_extra.py
[2024-12-03T14:19:58.350+0000] {processor.py:925} INFO - DAG(s) 'read_dataset_event', 'read_dataset_event_from_classic' retrieved from /home/airflow/.local/lib/python3.12/site-packages/airflow/example_dags/example_inlet_event_extra.py
[2024-12-03T14:19:58.393+0000] {logging_mixin.py:190} INFO - [2024-12-03T14:19:58.393+0000] {dag.py:3239} INFO - Sync 2 DAGs
[2024-12-03T14:19:58.443+0000] {logging_mixin.py:190} INFO - [2024-12-03T14:19:58.443+0000] {dag.py:4180} INFO - Setting next_dagrun for read_dataset_event to 2024-12-02 00:00:00+00:00, run_after=2024-12-03 00:00:00+00:00
[2024-12-03T14:19:58.452+0000] {logging_mixin.py:190} INFO - [2024-12-03T14:19:58.451+0000] {dag.py:4180} INFO - Setting next_dagrun for read_dataset_event_from_classic to 2024-12-02 00:00:00+00:00, run_after=2024-12-03 00:00:00+00:00
[2024-12-03T14:19:58.486+0000] {processor.py:208} INFO - Processing /home/airflow/.local/lib/python3.12/site-packages/airflow/example_dags/example_inlet_event_extra.py took 1.623 seconds
[2024-12-03T14:20:29.094+0000] {processor.py:186} INFO - Started process (PID=248) to work on /home/airflow/.local/lib/python3.12/site-packages/airflow/example_dags/example_inlet_event_extra.py
[2024-12-03T14:20:29.096+0000] {processor.py:914} INFO - Processing file /home/airflow/.local/lib/python3.12/site-packages/airflow/example_dags/example_inlet_event_extra.py for tasks to queue
[2024-12-03T14:20:29.099+0000] {logging_mixin.py:190} INFO - [2024-12-03T14:20:29.098+0000] {dagbag.py:588} INFO - Filling up the DagBag from /home/airflow/.local/lib/python3.12/site-packages/airflow/example_dags/example_inlet_event_extra.py
[2024-12-03T14:20:30.147+0000] {processor.py:925} INFO - DAG(s) 'read_dataset_event', 'read_dataset_event_from_classic' retrieved from /home/airflow/.local/lib/python3.12/site-packages/airflow/example_dags/example_inlet_event_extra.py
[2024-12-03T14:20:30.194+0000] {logging_mixin.py:190} INFO - [2024-12-03T14:20:30.194+0000] {dag.py:3239} INFO - Sync 2 DAGs
[2024-12-03T14:20:30.254+0000] {logging_mixin.py:190} INFO - [2024-12-03T14:20:30.253+0000] {dag.py:4180} INFO - Setting next_dagrun for read_dataset_event to 2024-12-02 00:00:00+00:00, run_after=2024-12-03 00:00:00+00:00
[2024-12-03T14:20:30.265+0000] {logging_mixin.py:190} INFO - [2024-12-03T14:20:30.265+0000] {dag.py:4180} INFO - Setting next_dagrun for read_dataset_event_from_classic to 2024-12-02 00:00:00+00:00, run_after=2024-12-03 00:00:00+00:00
[2024-12-03T14:20:30.306+0000] {processor.py:208} INFO - Processing /home/airflow/.local/lib/python3.12/site-packages/airflow/example_dags/example_inlet_event_extra.py took 1.220 seconds
[2024-12-03T14:21:01.032+0000] {processor.py:186} INFO - Started process (PID=313) to work on /home/airflow/.local/lib/python3.12/site-packages/airflow/example_dags/example_inlet_event_extra.py
[2024-12-03T14:21:01.033+0000] {processor.py:914} INFO - Processing file /home/airflow/.local/lib/python3.12/site-packages/airflow/example_dags/example_inlet_event_extra.py for tasks to queue
[2024-12-03T14:21:01.035+0000] {logging_mixin.py:190} INFO - [2024-12-03T14:21:01.035+0000] {dagbag.py:588} INFO - Filling up the DagBag from /home/airflow/.local/lib/python3.12/site-packages/airflow/example_dags/example_inlet_event_extra.py
[2024-12-03T14:21:01.850+0000] {processor.py:925} INFO - DAG(s) 'read_dataset_event_from_classic', 'read_dataset_event' retrieved from /home/airflow/.local/lib/python3.12/site-packages/airflow/example_dags/example_inlet_event_extra.py
[2024-12-03T14:21:01.905+0000] {logging_mixin.py:190} INFO - [2024-12-03T14:21:01.904+0000] {dag.py:3239} INFO - Sync 2 DAGs
[2024-12-03T14:21:01.949+0000] {logging_mixin.py:190} INFO - [2024-12-03T14:21:01.949+0000] {dag.py:4180} INFO - Setting next_dagrun for read_dataset_event to 2024-12-02 00:00:00+00:00, run_after=2024-12-03 00:00:00+00:00
[2024-12-03T14:21:01.957+0000] {logging_mixin.py:190} INFO - [2024-12-03T14:21:01.957+0000] {dag.py:4180} INFO - Setting next_dagrun for read_dataset_event_from_classic to 2024-12-02 00:00:00+00:00, run_after=2024-12-03 00:00:00+00:00
[2024-12-03T14:21:02.057+0000] {processor.py:208} INFO - Processing /home/airflow/.local/lib/python3.12/site-packages/airflow/example_dags/example_inlet_event_extra.py took 1.031 seconds
[2024-12-03T14:21:32.436+0000] {processor.py:186} INFO - Started process (PID=377) to work on /home/airflow/.local/lib/python3.12/site-packages/airflow/example_dags/example_inlet_event_extra.py
[2024-12-03T14:21:32.437+0000] {processor.py:914} INFO - Processing file /home/airflow/.local/lib/python3.12/site-packages/airflow/example_dags/example_inlet_event_extra.py for tasks to queue
[2024-12-03T14:21:32.443+0000] {logging_mixin.py:190} INFO - [2024-12-03T14:21:32.442+0000] {dagbag.py:588} INFO - Filling up the DagBag from /home/airflow/.local/lib/python3.12/site-packages/airflow/example_dags/example_inlet_event_extra.py
[2024-12-03T14:21:33.365+0000] {processor.py:925} INFO - DAG(s) 'read_dataset_event', 'read_dataset_event_from_classic' retrieved from /home/airflow/.local/lib/python3.12/site-packages/airflow/example_dags/example_inlet_event_extra.py
[2024-12-03T14:21:33.397+0000] {logging_mixin.py:190} INFO - [2024-12-03T14:21:33.396+0000] {dag.py:3239} INFO - Sync 2 DAGs
[2024-12-03T14:21:33.427+0000] {logging_mixin.py:190} INFO - [2024-12-03T14:21:33.427+0000] {dag.py:4180} INFO - Setting next_dagrun for read_dataset_event to 2024-12-02 00:00:00+00:00, run_after=2024-12-03 00:00:00+00:00
[2024-12-03T14:21:33.436+0000] {logging_mixin.py:190} INFO - [2024-12-03T14:21:33.435+0000] {dag.py:4180} INFO - Setting next_dagrun for read_dataset_event_from_classic to 2024-12-02 00:00:00+00:00, run_after=2024-12-03 00:00:00+00:00
[2024-12-03T14:21:33.464+0000] {processor.py:208} INFO - Processing /home/airflow/.local/lib/python3.12/site-packages/airflow/example_dags/example_inlet_event_extra.py took 1.036 seconds
[2024-12-03T14:22:03.724+0000] {processor.py:186} INFO - Started process (PID=442) to work on /home/airflow/.local/lib/python3.12/site-packages/airflow/example_dags/example_inlet_event_extra.py
[2024-12-03T14:22:03.725+0000] {processor.py:914} INFO - Processing file /home/airflow/.local/lib/python3.12/site-packages/airflow/example_dags/example_inlet_event_extra.py for tasks to queue
[2024-12-03T14:22:03.726+0000] {logging_mixin.py:190} INFO - [2024-12-03T14:22:03.726+0000] {dagbag.py:588} INFO - Filling up the DagBag from /home/airflow/.local/lib/python3.12/site-packages/airflow/example_dags/example_inlet_event_extra.py
[2024-12-03T14:22:04.457+0000] {processor.py:925} INFO - DAG(s) 'read_dataset_event_from_classic', 'read_dataset_event' retrieved from /home/airflow/.local/lib/python3.12/site-packages/airflow/example_dags/example_inlet_event_extra.py
[2024-12-03T14:22:04.484+0000] {logging_mixin.py:190} INFO - [2024-12-03T14:22:04.484+0000] {dag.py:3239} INFO - Sync 2 DAGs
[2024-12-03T14:22:04.512+0000] {logging_mixin.py:190} INFO - [2024-12-03T14:22:04.511+0000] {dag.py:4180} INFO - Setting next_dagrun for read_dataset_event to 2024-12-02 00:00:00+00:00, run_after=2024-12-03 00:00:00+00:00
[2024-12-03T14:22:04.520+0000] {logging_mixin.py:190} INFO - [2024-12-03T14:22:04.519+0000] {dag.py:4180} INFO - Setting next_dagrun for read_dataset_event_from_classic to 2024-12-02 00:00:00+00:00, run_after=2024-12-03 00:00:00+00:00
[2024-12-03T14:22:04.557+0000] {processor.py:208} INFO - Processing /home/airflow/.local/lib/python3.12/site-packages/airflow/example_dags/example_inlet_event_extra.py took 0.840 seconds
[2024-12-03T14:22:35.188+0000] {processor.py:186} INFO - Started process (PID=506) to work on /home/airflow/.local/lib/python3.12/site-packages/airflow/example_dags/example_inlet_event_extra.py
[2024-12-03T14:22:35.189+0000] {processor.py:914} INFO - Processing file /home/airflow/.local/lib/python3.12/site-packages/airflow/example_dags/example_inlet_event_extra.py for tasks to queue
[2024-12-03T14:22:35.192+0000] {logging_mixin.py:190} INFO - [2024-12-03T14:22:35.191+0000] {dagbag.py:588} INFO - Filling up the DagBag from /home/airflow/.local/lib/python3.12/site-packages/airflow/example_dags/example_inlet_event_extra.py
[2024-12-03T14:22:36.033+0000] {processor.py:925} INFO - DAG(s) 'read_dataset_event', 'read_dataset_event_from_classic' retrieved from /home/airflow/.local/lib/python3.12/site-packages/airflow/example_dags/example_inlet_event_extra.py
[2024-12-03T14:22:36.067+0000] {logging_mixin.py:190} INFO - [2024-12-03T14:22:36.066+0000] {dag.py:3239} INFO - Sync 2 DAGs
[2024-12-03T14:22:36.125+0000] {logging_mixin.py:190} INFO - [2024-12-03T14:22:36.125+0000] {dag.py:4180} INFO - Setting next_dagrun for read_dataset_event to 2024-12-02 00:00:00+00:00, run_after=2024-12-03 00:00:00+00:00
[2024-12-03T14:22:36.136+0000] {logging_mixin.py:190} INFO - [2024-12-03T14:22:36.136+0000] {dag.py:4180} INFO - Setting next_dagrun for read_dataset_event_from_classic to 2024-12-02 00:00:00+00:00, run_after=2024-12-03 00:00:00+00:00
[2024-12-03T14:22:36.171+0000] {processor.py:208} INFO - Processing /home/airflow/.local/lib/python3.12/site-packages/airflow/example_dags/example_inlet_event_extra.py took 0.989 seconds
[2024-12-03T14:23:06.540+0000] {processor.py:186} INFO - Started process (PID=570) to work on /home/airflow/.local/lib/python3.12/site-packages/airflow/example_dags/example_inlet_event_extra.py
[2024-12-03T14:23:06.541+0000] {processor.py:914} INFO - Processing file /home/airflow/.local/lib/python3.12/site-packages/airflow/example_dags/example_inlet_event_extra.py for tasks to queue
[2024-12-03T14:23:06.543+0000] {logging_mixin.py:190} INFO - [2024-12-03T14:23:06.542+0000] {dagbag.py:588} INFO - Filling up the DagBag from /home/airflow/.local/lib/python3.12/site-packages/airflow/example_dags/example_inlet_event_extra.py
[2024-12-03T14:23:07.252+0000] {processor.py:925} INFO - DAG(s) 'read_dataset_event_from_classic', 'read_dataset_event' retrieved from /home/airflow/.local/lib/python3.12/site-packages/airflow/example_dags/example_inlet_event_extra.py
[2024-12-03T14:23:07.288+0000] {logging_mixin.py:190} INFO - [2024-12-03T14:23:07.288+0000] {dag.py:3239} INFO - Sync 2 DAGs
[2024-12-03T14:23:07.334+0000] {logging_mixin.py:190} INFO - [2024-12-03T14:23:07.334+0000] {dag.py:4180} INFO - Setting next_dagrun for read_dataset_event to 2024-12-02 00:00:00+00:00, run_after=2024-12-03 00:00:00+00:00
[2024-12-03T14:23:07.342+0000] {logging_mixin.py:190} INFO - [2024-12-03T14:23:07.342+0000] {dag.py:4180} INFO - Setting next_dagrun for read_dataset_event_from_classic to 2024-12-02 00:00:00+00:00, run_after=2024-12-03 00:00:00+00:00
[2024-12-03T14:23:07.374+0000] {processor.py:208} INFO - Processing /home/airflow/.local/lib/python3.12/site-packages/airflow/example_dags/example_inlet_event_extra.py took 0.839 seconds
[2024-12-03T14:23:37.631+0000] {processor.py:186} INFO - Started process (PID=633) to work on /home/airflow/.local/lib/python3.12/site-packages/airflow/example_dags/example_inlet_event_extra.py
[2024-12-03T14:23:37.633+0000] {processor.py:914} INFO - Processing file /home/airflow/.local/lib/python3.12/site-packages/airflow/example_dags/example_inlet_event_extra.py for tasks to queue
[2024-12-03T14:23:37.637+0000] {logging_mixin.py:190} INFO - [2024-12-03T14:23:37.636+0000] {dagbag.py:588} INFO - Filling up the DagBag from /home/airflow/.local/lib/python3.12/site-packages/airflow/example_dags/example_inlet_event_extra.py
[2024-12-03T14:23:38.856+0000] {processor.py:925} INFO - DAG(s) 'read_dataset_event', 'read_dataset_event_from_classic' retrieved from /home/airflow/.local/lib/python3.12/site-packages/airflow/example_dags/example_inlet_event_extra.py
[2024-12-03T14:23:38.981+0000] {logging_mixin.py:190} INFO - [2024-12-03T14:23:38.981+0000] {dag.py:3239} INFO - Sync 2 DAGs
[2024-12-03T14:23:39.084+0000] {logging_mixin.py:190} INFO - [2024-12-03T14:23:39.082+0000] {dag.py:4180} INFO - Setting next_dagrun for read_dataset_event to 2024-12-02 00:00:00+00:00, run_after=2024-12-03 00:00:00+00:00
[2024-12-03T14:23:39.111+0000] {logging_mixin.py:190} INFO - [2024-12-03T14:23:39.110+0000] {dag.py:4180} INFO - Setting next_dagrun for read_dataset_event_from_classic to 2024-12-02 00:00:00+00:00, run_after=2024-12-03 00:00:00+00:00
[2024-12-03T14:23:39.181+0000] {processor.py:208} INFO - Processing /home/airflow/.local/lib/python3.12/site-packages/airflow/example_dags/example_inlet_event_extra.py took 1.562 seconds
[2024-12-03T14:24:10.080+0000] {processor.py:186} INFO - Started process (PID=697) to work on /home/airflow/.local/lib/python3.12/site-packages/airflow/example_dags/example_inlet_event_extra.py
[2024-12-03T14:24:10.082+0000] {processor.py:914} INFO - Processing file /home/airflow/.local/lib/python3.12/site-packages/airflow/example_dags/example_inlet_event_extra.py for tasks to queue
[2024-12-03T14:24:10.084+0000] {logging_mixin.py:190} INFO - [2024-12-03T14:24:10.083+0000] {dagbag.py:588} INFO - Filling up the DagBag from /home/airflow/.local/lib/python3.12/site-packages/airflow/example_dags/example_inlet_event_extra.py
[2024-12-03T14:24:11.002+0000] {processor.py:925} INFO - DAG(s) 'read_dataset_event_from_classic', 'read_dataset_event' retrieved from /home/airflow/.local/lib/python3.12/site-packages/airflow/example_dags/example_inlet_event_extra.py
[2024-12-03T14:24:11.030+0000] {logging_mixin.py:190} INFO - [2024-12-03T14:24:11.030+0000] {dag.py:3239} INFO - Sync 2 DAGs
[2024-12-03T14:24:11.059+0000] {logging_mixin.py:190} INFO - [2024-12-03T14:24:11.059+0000] {dag.py:4180} INFO - Setting next_dagrun for read_dataset_event to 2024-12-02 00:00:00+00:00, run_after=2024-12-03 00:00:00+00:00
[2024-12-03T14:24:11.065+0000] {logging_mixin.py:190} INFO - [2024-12-03T14:24:11.065+0000] {dag.py:4180} INFO - Setting next_dagrun for read_dataset_event_from_classic to 2024-12-02 00:00:00+00:00, run_after=2024-12-03 00:00:00+00:00
[2024-12-03T14:24:11.091+0000] {processor.py:208} INFO - Processing /home/airflow/.local/lib/python3.12/site-packages/airflow/example_dags/example_inlet_event_extra.py took 1.017 seconds
[2024-12-03T14:24:41.540+0000] {processor.py:186} INFO - Started process (PID=761) to work on /home/airflow/.local/lib/python3.12/site-packages/airflow/example_dags/example_inlet_event_extra.py
[2024-12-03T14:24:41.542+0000] {processor.py:914} INFO - Processing file /home/airflow/.local/lib/python3.12/site-packages/airflow/example_dags/example_inlet_event_extra.py for tasks to queue
[2024-12-03T14:24:41.544+0000] {logging_mixin.py:190} INFO - [2024-12-03T14:24:41.543+0000] {dagbag.py:588} INFO - Filling up the DagBag from /home/airflow/.local/lib/python3.12/site-packages/airflow/example_dags/example_inlet_event_extra.py
[2024-12-03T14:24:42.343+0000] {processor.py:925} INFO - DAG(s) 'read_dataset_event_from_classic', 'read_dataset_event' retrieved from /home/airflow/.local/lib/python3.12/site-packages/airflow/example_dags/example_inlet_event_extra.py
[2024-12-03T14:24:42.376+0000] {logging_mixin.py:190} INFO - [2024-12-03T14:24:42.376+0000] {dag.py:3239} INFO - Sync 2 DAGs
[2024-12-03T14:24:42.407+0000] {logging_mixin.py:190} INFO - [2024-12-03T14:24:42.407+0000] {dag.py:4180} INFO - Setting next_dagrun for read_dataset_event to 2024-12-02 00:00:00+00:00, run_after=2024-12-03 00:00:00+00:00
[2024-12-03T14:24:42.415+0000] {logging_mixin.py:190} INFO - [2024-12-03T14:24:42.414+0000] {dag.py:4180} INFO - Setting next_dagrun for read_dataset_event_from_classic to 2024-12-02 00:00:00+00:00, run_after=2024-12-03 00:00:00+00:00
[2024-12-03T14:24:42.440+0000] {processor.py:208} INFO - Processing /home/airflow/.local/lib/python3.12/site-packages/airflow/example_dags/example_inlet_event_extra.py took 0.906 seconds
