[2024-12-03T13:57:09.731+0000] {processor.py:186} INFO - Started process (PID=81) to work on /home/airflow/.local/lib/python3.12/site-packages/airflow/example_dags/example_task_group_decorator.py
[2024-12-03T13:57:09.734+0000] {processor.py:914} INFO - Processing file /home/airflow/.local/lib/python3.12/site-packages/airflow/example_dags/example_task_group_decorator.py for tasks to queue
[2024-12-03T13:57:09.739+0000] {logging_mixin.py:190} INFO - [2024-12-03T13:57:09.738+0000] {dagbag.py:588} INFO - Filling up the DagBag from /home/airflow/.local/lib/python3.12/site-packages/airflow/example_dags/example_task_group_decorator.py
[2024-12-03T13:57:09.776+0000] {processor.py:925} INFO - DAG(s) 'example_task_group_decorator' retrieved from /home/airflow/.local/lib/python3.12/site-packages/airflow/example_dags/example_task_group_decorator.py
[2024-12-03T13:57:10.282+0000] {logging_mixin.py:190} INFO - [2024-12-03T13:57:10.282+0000] {override.py:1911} INFO - Created Permission View: can delete on DAG:example_task_group_decorator
[2024-12-03T13:57:10.300+0000] {logging_mixin.py:190} INFO - [2024-12-03T13:57:10.300+0000] {override.py:1911} INFO - Created Permission View: can read on DAG:example_task_group_decorator
[2024-12-03T13:57:10.316+0000] {logging_mixin.py:190} INFO - [2024-12-03T13:57:10.315+0000] {override.py:1911} INFO - Created Permission View: can edit on DAG:example_task_group_decorator
[2024-12-03T13:57:10.334+0000] {logging_mixin.py:190} INFO - [2024-12-03T13:57:10.333+0000] {override.py:1911} INFO - Created Permission View: can create on DAG Run:example_task_group_decorator
[2024-12-03T13:57:10.348+0000] {logging_mixin.py:190} INFO - [2024-12-03T13:57:10.348+0000] {override.py:1911} INFO - Created Permission View: menu access on DAG Run:example_task_group_decorator
[2024-12-03T13:57:10.364+0000] {logging_mixin.py:190} INFO - [2024-12-03T13:57:10.363+0000] {override.py:1911} INFO - Created Permission View: can delete on DAG Run:example_task_group_decorator
[2024-12-03T13:57:10.380+0000] {logging_mixin.py:190} INFO - [2024-12-03T13:57:10.380+0000] {override.py:1911} INFO - Created Permission View: can read on DAG Run:example_task_group_decorator
[2024-12-03T13:57:10.384+0000] {logging_mixin.py:190} INFO - [2024-12-03T13:57:10.384+0000] {dag.py:3239} INFO - Sync 1 DAGs
[2024-12-03T13:57:10.404+0000] {logging_mixin.py:190} INFO - [2024-12-03T13:57:10.404+0000] {dag.py:3262} INFO - Creating ORM DAG for example_task_group_decorator
[2024-12-03T13:57:10.407+0000] {logging_mixin.py:190} INFO - [2024-12-03T13:57:10.407+0000] {dag.py:4180} INFO - Setting next_dagrun for example_task_group_decorator to None, run_after=None
[2024-12-03T13:57:10.441+0000] {processor.py:208} INFO - Processing /home/airflow/.local/lib/python3.12/site-packages/airflow/example_dags/example_task_group_decorator.py took 0.719 seconds
[2024-12-03T14:19:34.598+0000] {processor.py:186} INFO - Started process (PID=139) to work on /home/airflow/.local/lib/python3.12/site-packages/airflow/example_dags/example_task_group_decorator.py
[2024-12-03T14:19:34.600+0000] {processor.py:914} INFO - Processing file /home/airflow/.local/lib/python3.12/site-packages/airflow/example_dags/example_task_group_decorator.py for tasks to queue
[2024-12-03T14:19:34.603+0000] {logging_mixin.py:190} INFO - [2024-12-03T14:19:34.602+0000] {dagbag.py:588} INFO - Filling up the DagBag from /home/airflow/.local/lib/python3.12/site-packages/airflow/example_dags/example_task_group_decorator.py
[2024-12-03T14:19:34.641+0000] {processor.py:925} INFO - DAG(s) 'example_task_group_decorator' retrieved from /home/airflow/.local/lib/python3.12/site-packages/airflow/example_dags/example_task_group_decorator.py
[2024-12-03T14:19:34.919+0000] {logging_mixin.py:190} INFO - [2024-12-03T14:19:34.916+0000] {override.py:1911} INFO - Created Permission View: can read on DAG:example_task_group_decorator
[2024-12-03T14:19:34.938+0000] {logging_mixin.py:190} INFO - [2024-12-03T14:19:34.937+0000] {override.py:1911} INFO - Created Permission View: can edit on DAG:example_task_group_decorator
[2024-12-03T14:19:34.952+0000] {logging_mixin.py:190} INFO - [2024-12-03T14:19:34.951+0000] {override.py:1911} INFO - Created Permission View: can delete on DAG:example_task_group_decorator
[2024-12-03T14:19:34.970+0000] {logging_mixin.py:190} INFO - [2024-12-03T14:19:34.969+0000] {override.py:1911} INFO - Created Permission View: can read on DAG Run:example_task_group_decorator
[2024-12-03T14:19:34.984+0000] {logging_mixin.py:190} INFO - [2024-12-03T14:19:34.983+0000] {override.py:1911} INFO - Created Permission View: menu access on DAG Run:example_task_group_decorator
[2024-12-03T14:19:34.999+0000] {logging_mixin.py:190} INFO - [2024-12-03T14:19:34.999+0000] {override.py:1911} INFO - Created Permission View: can delete on DAG Run:example_task_group_decorator
[2024-12-03T14:19:35.016+0000] {logging_mixin.py:190} INFO - [2024-12-03T14:19:35.016+0000] {override.py:1911} INFO - Created Permission View: can create on DAG Run:example_task_group_decorator
[2024-12-03T14:19:35.017+0000] {logging_mixin.py:190} INFO - [2024-12-03T14:19:35.017+0000] {dag.py:3239} INFO - Sync 1 DAGs
[2024-12-03T14:19:35.045+0000] {logging_mixin.py:190} INFO - [2024-12-03T14:19:35.045+0000] {dag.py:3262} INFO - Creating ORM DAG for example_task_group_decorator
[2024-12-03T14:19:35.047+0000] {logging_mixin.py:190} INFO - [2024-12-03T14:19:35.046+0000] {dag.py:4180} INFO - Setting next_dagrun for example_task_group_decorator to None, run_after=None
[2024-12-03T14:19:35.089+0000] {processor.py:208} INFO - Processing /home/airflow/.local/lib/python3.12/site-packages/airflow/example_dags/example_task_group_decorator.py took 0.501 seconds
[2024-12-03T14:20:06.093+0000] {processor.py:186} INFO - Started process (PID=205) to work on /home/airflow/.local/lib/python3.12/site-packages/airflow/example_dags/example_task_group_decorator.py
[2024-12-03T14:20:06.095+0000] {processor.py:914} INFO - Processing file /home/airflow/.local/lib/python3.12/site-packages/airflow/example_dags/example_task_group_decorator.py for tasks to queue
[2024-12-03T14:20:06.096+0000] {logging_mixin.py:190} INFO - [2024-12-03T14:20:06.096+0000] {dagbag.py:588} INFO - Filling up the DagBag from /home/airflow/.local/lib/python3.12/site-packages/airflow/example_dags/example_task_group_decorator.py
[2024-12-03T14:20:06.118+0000] {processor.py:925} INFO - DAG(s) 'example_task_group_decorator' retrieved from /home/airflow/.local/lib/python3.12/site-packages/airflow/example_dags/example_task_group_decorator.py
[2024-12-03T14:20:06.164+0000] {logging_mixin.py:190} INFO - [2024-12-03T14:20:06.163+0000] {dag.py:3239} INFO - Sync 1 DAGs
[2024-12-03T14:20:06.189+0000] {logging_mixin.py:190} INFO - [2024-12-03T14:20:06.189+0000] {dag.py:4180} INFO - Setting next_dagrun for example_task_group_decorator to None, run_after=None
[2024-12-03T14:20:06.223+0000] {processor.py:208} INFO - Processing /home/airflow/.local/lib/python3.12/site-packages/airflow/example_dags/example_task_group_decorator.py took 0.136 seconds
[2024-12-03T14:20:36.350+0000] {processor.py:186} INFO - Started process (PID=269) to work on /home/airflow/.local/lib/python3.12/site-packages/airflow/example_dags/example_task_group_decorator.py
[2024-12-03T14:20:36.351+0000] {processor.py:914} INFO - Processing file /home/airflow/.local/lib/python3.12/site-packages/airflow/example_dags/example_task_group_decorator.py for tasks to queue
[2024-12-03T14:20:36.352+0000] {logging_mixin.py:190} INFO - [2024-12-03T14:20:36.352+0000] {dagbag.py:588} INFO - Filling up the DagBag from /home/airflow/.local/lib/python3.12/site-packages/airflow/example_dags/example_task_group_decorator.py
[2024-12-03T14:20:36.368+0000] {processor.py:925} INFO - DAG(s) 'example_task_group_decorator' retrieved from /home/airflow/.local/lib/python3.12/site-packages/airflow/example_dags/example_task_group_decorator.py
[2024-12-03T14:20:36.395+0000] {logging_mixin.py:190} INFO - [2024-12-03T14:20:36.395+0000] {dag.py:3239} INFO - Sync 1 DAGs
[2024-12-03T14:20:36.411+0000] {logging_mixin.py:190} INFO - [2024-12-03T14:20:36.410+0000] {dag.py:4180} INFO - Setting next_dagrun for example_task_group_decorator to None, run_after=None
[2024-12-03T14:20:36.450+0000] {processor.py:208} INFO - Processing /home/airflow/.local/lib/python3.12/site-packages/airflow/example_dags/example_task_group_decorator.py took 0.105 seconds
[2024-12-03T14:21:07.287+0000] {processor.py:186} INFO - Started process (PID=334) to work on /home/airflow/.local/lib/python3.12/site-packages/airflow/example_dags/example_task_group_decorator.py
[2024-12-03T14:21:07.288+0000] {processor.py:914} INFO - Processing file /home/airflow/.local/lib/python3.12/site-packages/airflow/example_dags/example_task_group_decorator.py for tasks to queue
[2024-12-03T14:21:07.290+0000] {logging_mixin.py:190} INFO - [2024-12-03T14:21:07.290+0000] {dagbag.py:588} INFO - Filling up the DagBag from /home/airflow/.local/lib/python3.12/site-packages/airflow/example_dags/example_task_group_decorator.py
[2024-12-03T14:21:07.308+0000] {processor.py:925} INFO - DAG(s) 'example_task_group_decorator' retrieved from /home/airflow/.local/lib/python3.12/site-packages/airflow/example_dags/example_task_group_decorator.py
[2024-12-03T14:21:07.343+0000] {logging_mixin.py:190} INFO - [2024-12-03T14:21:07.342+0000] {dag.py:3239} INFO - Sync 1 DAGs
[2024-12-03T14:21:07.364+0000] {logging_mixin.py:190} INFO - [2024-12-03T14:21:07.364+0000] {dag.py:4180} INFO - Setting next_dagrun for example_task_group_decorator to None, run_after=None
[2024-12-03T14:21:07.399+0000] {processor.py:208} INFO - Processing /home/airflow/.local/lib/python3.12/site-packages/airflow/example_dags/example_task_group_decorator.py took 0.118 seconds
[2024-12-03T14:21:37.499+0000] {processor.py:186} INFO - Started process (PID=399) to work on /home/airflow/.local/lib/python3.12/site-packages/airflow/example_dags/example_task_group_decorator.py
[2024-12-03T14:21:37.500+0000] {processor.py:914} INFO - Processing file /home/airflow/.local/lib/python3.12/site-packages/airflow/example_dags/example_task_group_decorator.py for tasks to queue
[2024-12-03T14:21:37.502+0000] {logging_mixin.py:190} INFO - [2024-12-03T14:21:37.501+0000] {dagbag.py:588} INFO - Filling up the DagBag from /home/airflow/.local/lib/python3.12/site-packages/airflow/example_dags/example_task_group_decorator.py
[2024-12-03T14:21:37.516+0000] {processor.py:925} INFO - DAG(s) 'example_task_group_decorator' retrieved from /home/airflow/.local/lib/python3.12/site-packages/airflow/example_dags/example_task_group_decorator.py
[2024-12-03T14:21:37.547+0000] {logging_mixin.py:190} INFO - [2024-12-03T14:21:37.546+0000] {dag.py:3239} INFO - Sync 1 DAGs
[2024-12-03T14:21:37.567+0000] {logging_mixin.py:190} INFO - [2024-12-03T14:21:37.567+0000] {dag.py:4180} INFO - Setting next_dagrun for example_task_group_decorator to None, run_after=None
[2024-12-03T14:21:37.593+0000] {processor.py:208} INFO - Processing /home/airflow/.local/lib/python3.12/site-packages/airflow/example_dags/example_task_group_decorator.py took 0.101 seconds
[2024-12-03T14:22:08.236+0000] {processor.py:186} INFO - Started process (PID=465) to work on /home/airflow/.local/lib/python3.12/site-packages/airflow/example_dags/example_task_group_decorator.py
[2024-12-03T14:22:08.238+0000] {processor.py:914} INFO - Processing file /home/airflow/.local/lib/python3.12/site-packages/airflow/example_dags/example_task_group_decorator.py for tasks to queue
[2024-12-03T14:22:08.240+0000] {logging_mixin.py:190} INFO - [2024-12-03T14:22:08.240+0000] {dagbag.py:588} INFO - Filling up the DagBag from /home/airflow/.local/lib/python3.12/site-packages/airflow/example_dags/example_task_group_decorator.py
[2024-12-03T14:22:08.258+0000] {processor.py:925} INFO - DAG(s) 'example_task_group_decorator' retrieved from /home/airflow/.local/lib/python3.12/site-packages/airflow/example_dags/example_task_group_decorator.py
[2024-12-03T14:22:08.288+0000] {logging_mixin.py:190} INFO - [2024-12-03T14:22:08.288+0000] {dag.py:3239} INFO - Sync 1 DAGs
[2024-12-03T14:22:08.305+0000] {logging_mixin.py:190} INFO - [2024-12-03T14:22:08.304+0000] {dag.py:4180} INFO - Setting next_dagrun for example_task_group_decorator to None, run_after=None
[2024-12-03T14:22:08.331+0000] {processor.py:208} INFO - Processing /home/airflow/.local/lib/python3.12/site-packages/airflow/example_dags/example_task_group_decorator.py took 0.101 seconds
[2024-12-03T14:22:39.095+0000] {processor.py:186} INFO - Started process (PID=527) to work on /home/airflow/.local/lib/python3.12/site-packages/airflow/example_dags/example_task_group_decorator.py
[2024-12-03T14:22:39.096+0000] {processor.py:914} INFO - Processing file /home/airflow/.local/lib/python3.12/site-packages/airflow/example_dags/example_task_group_decorator.py for tasks to queue
[2024-12-03T14:22:39.099+0000] {logging_mixin.py:190} INFO - [2024-12-03T14:22:39.098+0000] {dagbag.py:588} INFO - Filling up the DagBag from /home/airflow/.local/lib/python3.12/site-packages/airflow/example_dags/example_task_group_decorator.py
[2024-12-03T14:22:39.120+0000] {processor.py:925} INFO - DAG(s) 'example_task_group_decorator' retrieved from /home/airflow/.local/lib/python3.12/site-packages/airflow/example_dags/example_task_group_decorator.py
[2024-12-03T14:22:39.151+0000] {logging_mixin.py:190} INFO - [2024-12-03T14:22:39.151+0000] {dag.py:3239} INFO - Sync 1 DAGs
[2024-12-03T14:22:39.175+0000] {logging_mixin.py:190} INFO - [2024-12-03T14:22:39.174+0000] {dag.py:4180} INFO - Setting next_dagrun for example_task_group_decorator to None, run_after=None
[2024-12-03T14:22:39.208+0000] {processor.py:208} INFO - Processing /home/airflow/.local/lib/python3.12/site-packages/airflow/example_dags/example_task_group_decorator.py took 0.119 seconds
[2024-12-03T14:23:10.391+0000] {processor.py:186} INFO - Started process (PID=588) to work on /home/airflow/.local/lib/python3.12/site-packages/airflow/example_dags/example_task_group_decorator.py
[2024-12-03T14:23:10.392+0000] {processor.py:914} INFO - Processing file /home/airflow/.local/lib/python3.12/site-packages/airflow/example_dags/example_task_group_decorator.py for tasks to queue
[2024-12-03T14:23:10.394+0000] {logging_mixin.py:190} INFO - [2024-12-03T14:23:10.394+0000] {dagbag.py:588} INFO - Filling up the DagBag from /home/airflow/.local/lib/python3.12/site-packages/airflow/example_dags/example_task_group_decorator.py
[2024-12-03T14:23:10.417+0000] {processor.py:925} INFO - DAG(s) 'example_task_group_decorator' retrieved from /home/airflow/.local/lib/python3.12/site-packages/airflow/example_dags/example_task_group_decorator.py
[2024-12-03T14:23:10.461+0000] {logging_mixin.py:190} INFO - [2024-12-03T14:23:10.460+0000] {dag.py:3239} INFO - Sync 1 DAGs
[2024-12-03T14:23:10.483+0000] {logging_mixin.py:190} INFO - [2024-12-03T14:23:10.482+0000] {dag.py:4180} INFO - Setting next_dagrun for example_task_group_decorator to None, run_after=None
[2024-12-03T14:23:10.517+0000] {processor.py:208} INFO - Processing /home/airflow/.local/lib/python3.12/site-packages/airflow/example_dags/example_task_group_decorator.py took 0.135 seconds
[2024-12-03T14:23:44.406+0000] {processor.py:186} INFO - Started process (PID=652) to work on /home/airflow/.local/lib/python3.12/site-packages/airflow/example_dags/example_task_group_decorator.py
[2024-12-03T14:23:44.408+0000] {processor.py:914} INFO - Processing file /home/airflow/.local/lib/python3.12/site-packages/airflow/example_dags/example_task_group_decorator.py for tasks to queue
[2024-12-03T14:23:44.410+0000] {logging_mixin.py:190} INFO - [2024-12-03T14:23:44.410+0000] {dagbag.py:588} INFO - Filling up the DagBag from /home/airflow/.local/lib/python3.12/site-packages/airflow/example_dags/example_task_group_decorator.py
[2024-12-03T14:23:44.435+0000] {processor.py:925} INFO - DAG(s) 'example_task_group_decorator' retrieved from /home/airflow/.local/lib/python3.12/site-packages/airflow/example_dags/example_task_group_decorator.py
[2024-12-03T14:23:44.476+0000] {logging_mixin.py:190} INFO - [2024-12-03T14:23:44.475+0000] {dag.py:3239} INFO - Sync 1 DAGs
[2024-12-03T14:23:44.498+0000] {logging_mixin.py:190} INFO - [2024-12-03T14:23:44.498+0000] {dag.py:4180} INFO - Setting next_dagrun for example_task_group_decorator to None, run_after=None
[2024-12-03T14:23:44.528+0000] {processor.py:208} INFO - Processing /home/airflow/.local/lib/python3.12/site-packages/airflow/example_dags/example_task_group_decorator.py took 0.130 seconds
[2024-12-03T14:24:19.118+0000] {processor.py:186} INFO - Started process (PID=721) to work on /home/airflow/.local/lib/python3.12/site-packages/airflow/example_dags/example_task_group_decorator.py
[2024-12-03T14:24:19.120+0000] {processor.py:914} INFO - Processing file /home/airflow/.local/lib/python3.12/site-packages/airflow/example_dags/example_task_group_decorator.py for tasks to queue
[2024-12-03T14:24:19.124+0000] {logging_mixin.py:190} INFO - [2024-12-03T14:24:19.123+0000] {dagbag.py:588} INFO - Filling up the DagBag from /home/airflow/.local/lib/python3.12/site-packages/airflow/example_dags/example_task_group_decorator.py
[2024-12-03T14:24:19.163+0000] {processor.py:925} INFO - DAG(s) 'example_task_group_decorator' retrieved from /home/airflow/.local/lib/python3.12/site-packages/airflow/example_dags/example_task_group_decorator.py
[2024-12-03T14:24:19.226+0000] {logging_mixin.py:190} INFO - [2024-12-03T14:24:19.226+0000] {dag.py:3239} INFO - Sync 1 DAGs
[2024-12-03T14:24:19.253+0000] {logging_mixin.py:190} INFO - [2024-12-03T14:24:19.252+0000] {dag.py:4180} INFO - Setting next_dagrun for example_task_group_decorator to None, run_after=None
[2024-12-03T14:24:19.288+0000] {processor.py:208} INFO - Processing /home/airflow/.local/lib/python3.12/site-packages/airflow/example_dags/example_task_group_decorator.py took 0.185 seconds
