[2024-12-03T13:57:14.757+0000] {processor.py:186} INFO - Started process (PID=95) to work on /home/airflow/.local/lib/python3.12/site-packages/airflow/example_dags/example_trigger_controller_dag.py
[2024-12-03T13:57:14.760+0000] {processor.py:914} INFO - Processing file /home/airflow/.local/lib/python3.12/site-packages/airflow/example_dags/example_trigger_controller_dag.py for tasks to queue
[2024-12-03T13:57:14.764+0000] {logging_mixin.py:190} INFO - [2024-12-03T13:57:14.763+0000] {dagbag.py:588} INFO - Filling up the DagBag from /home/airflow/.local/lib/python3.12/site-packages/airflow/example_dags/example_trigger_controller_dag.py
[2024-12-03T13:57:14.774+0000] {processor.py:925} INFO - DAG(s) 'example_trigger_controller_dag' retrieved from /home/airflow/.local/lib/python3.12/site-packages/airflow/example_dags/example_trigger_controller_dag.py
[2024-12-03T13:57:15.004+0000] {logging_mixin.py:190} INFO - [2024-12-03T13:57:15.003+0000] {override.py:1911} INFO - Created Permission View: can delete on DAG:example_trigger_controller_dag
[2024-12-03T13:57:15.027+0000] {logging_mixin.py:190} INFO - [2024-12-03T13:57:15.027+0000] {override.py:1911} INFO - Created Permission View: can read on DAG:example_trigger_controller_dag
[2024-12-03T13:57:15.040+0000] {logging_mixin.py:190} INFO - [2024-12-03T13:57:15.040+0000] {override.py:1911} INFO - Created Permission View: can edit on DAG:example_trigger_controller_dag
[2024-12-03T13:57:15.056+0000] {logging_mixin.py:190} INFO - [2024-12-03T13:57:15.056+0000] {override.py:1911} INFO - Created Permission View: can create on DAG Run:example_trigger_controller_dag
[2024-12-03T13:57:15.071+0000] {logging_mixin.py:190} INFO - [2024-12-03T13:57:15.070+0000] {override.py:1911} INFO - Created Permission View: menu access on DAG Run:example_trigger_controller_dag
[2024-12-03T13:57:15.083+0000] {logging_mixin.py:190} INFO - [2024-12-03T13:57:15.083+0000] {override.py:1911} INFO - Created Permission View: can delete on DAG Run:example_trigger_controller_dag
[2024-12-03T13:57:15.097+0000] {logging_mixin.py:190} INFO - [2024-12-03T13:57:15.097+0000] {override.py:1911} INFO - Created Permission View: can read on DAG Run:example_trigger_controller_dag
[2024-12-03T13:57:15.099+0000] {logging_mixin.py:190} INFO - [2024-12-03T13:57:15.099+0000] {dag.py:3239} INFO - Sync 1 DAGs
[2024-12-03T13:57:15.114+0000] {logging_mixin.py:190} INFO - [2024-12-03T13:57:15.114+0000] {dag.py:3262} INFO - Creating ORM DAG for example_trigger_controller_dag
[2024-12-03T13:57:15.128+0000] {logging_mixin.py:190} INFO - [2024-12-03T13:57:15.127+0000] {dag.py:4180} INFO - Setting next_dagrun for example_trigger_controller_dag to 2021-01-01 00:00:00+00:00, run_after=2021-01-01 00:00:00+00:00
[2024-12-03T13:57:15.153+0000] {processor.py:208} INFO - Processing /home/airflow/.local/lib/python3.12/site-packages/airflow/example_dags/example_trigger_controller_dag.py took 0.408 seconds
[2024-12-03T14:19:28.271+0000] {processor.py:186} INFO - Started process (PID=125) to work on /home/airflow/.local/lib/python3.12/site-packages/airflow/example_dags/example_trigger_controller_dag.py
[2024-12-03T14:19:28.272+0000] {processor.py:914} INFO - Processing file /home/airflow/.local/lib/python3.12/site-packages/airflow/example_dags/example_trigger_controller_dag.py for tasks to queue
[2024-12-03T14:19:28.274+0000] {logging_mixin.py:190} INFO - [2024-12-03T14:19:28.274+0000] {dagbag.py:588} INFO - Filling up the DagBag from /home/airflow/.local/lib/python3.12/site-packages/airflow/example_dags/example_trigger_controller_dag.py
[2024-12-03T14:19:28.286+0000] {processor.py:925} INFO - DAG(s) 'example_trigger_controller_dag' retrieved from /home/airflow/.local/lib/python3.12/site-packages/airflow/example_dags/example_trigger_controller_dag.py
[2024-12-03T14:19:28.436+0000] {logging_mixin.py:190} INFO - [2024-12-03T14:19:28.434+0000] {override.py:1911} INFO - Created Permission View: can read on DAG:example_trigger_controller_dag
[2024-12-03T14:19:28.455+0000] {logging_mixin.py:190} INFO - [2024-12-03T14:19:28.454+0000] {override.py:1911} INFO - Created Permission View: can edit on DAG:example_trigger_controller_dag
[2024-12-03T14:19:28.469+0000] {logging_mixin.py:190} INFO - [2024-12-03T14:19:28.468+0000] {override.py:1911} INFO - Created Permission View: can delete on DAG:example_trigger_controller_dag
[2024-12-03T14:19:28.484+0000] {logging_mixin.py:190} INFO - [2024-12-03T14:19:28.483+0000] {override.py:1911} INFO - Created Permission View: can read on DAG Run:example_trigger_controller_dag
[2024-12-03T14:19:28.497+0000] {logging_mixin.py:190} INFO - [2024-12-03T14:19:28.497+0000] {override.py:1911} INFO - Created Permission View: menu access on DAG Run:example_trigger_controller_dag
[2024-12-03T14:19:28.512+0000] {logging_mixin.py:190} INFO - [2024-12-03T14:19:28.512+0000] {override.py:1911} INFO - Created Permission View: can delete on DAG Run:example_trigger_controller_dag
[2024-12-03T14:19:28.527+0000] {logging_mixin.py:190} INFO - [2024-12-03T14:19:28.527+0000] {override.py:1911} INFO - Created Permission View: can create on DAG Run:example_trigger_controller_dag
[2024-12-03T14:19:28.528+0000] {logging_mixin.py:190} INFO - [2024-12-03T14:19:28.528+0000] {dag.py:3239} INFO - Sync 1 DAGs
[2024-12-03T14:19:28.549+0000] {logging_mixin.py:190} INFO - [2024-12-03T14:19:28.548+0000] {dag.py:3262} INFO - Creating ORM DAG for example_trigger_controller_dag
[2024-12-03T14:19:28.562+0000] {logging_mixin.py:190} INFO - [2024-12-03T14:19:28.561+0000] {dag.py:4180} INFO - Setting next_dagrun for example_trigger_controller_dag to 2021-01-01 00:00:00+00:00, run_after=2021-01-01 00:00:00+00:00
[2024-12-03T14:19:28.589+0000] {processor.py:208} INFO - Processing /home/airflow/.local/lib/python3.12/site-packages/airflow/example_dags/example_trigger_controller_dag.py took 0.326 seconds
[2024-12-03T14:19:58.968+0000] {processor.py:186} INFO - Started process (PID=189) to work on /home/airflow/.local/lib/python3.12/site-packages/airflow/example_dags/example_trigger_controller_dag.py
[2024-12-03T14:19:58.970+0000] {processor.py:914} INFO - Processing file /home/airflow/.local/lib/python3.12/site-packages/airflow/example_dags/example_trigger_controller_dag.py for tasks to queue
[2024-12-03T14:19:58.972+0000] {logging_mixin.py:190} INFO - [2024-12-03T14:19:58.971+0000] {dagbag.py:588} INFO - Filling up the DagBag from /home/airflow/.local/lib/python3.12/site-packages/airflow/example_dags/example_trigger_controller_dag.py
[2024-12-03T14:19:58.980+0000] {processor.py:925} INFO - DAG(s) 'example_trigger_controller_dag' retrieved from /home/airflow/.local/lib/python3.12/site-packages/airflow/example_dags/example_trigger_controller_dag.py
[2024-12-03T14:19:59.011+0000] {logging_mixin.py:190} INFO - [2024-12-03T14:19:59.010+0000] {dag.py:3239} INFO - Sync 1 DAGs
[2024-12-03T14:19:59.043+0000] {logging_mixin.py:190} INFO - [2024-12-03T14:19:59.042+0000] {dag.py:4180} INFO - Setting next_dagrun for example_trigger_controller_dag to 2021-01-01 00:00:00+00:00, run_after=2021-01-01 00:00:00+00:00
[2024-12-03T14:19:59.076+0000] {processor.py:208} INFO - Processing /home/airflow/.local/lib/python3.12/site-packages/airflow/example_dags/example_trigger_controller_dag.py took 0.116 seconds
[2024-12-03T14:20:30.793+0000] {processor.py:186} INFO - Started process (PID=253) to work on /home/airflow/.local/lib/python3.12/site-packages/airflow/example_dags/example_trigger_controller_dag.py
[2024-12-03T14:20:30.794+0000] {processor.py:914} INFO - Processing file /home/airflow/.local/lib/python3.12/site-packages/airflow/example_dags/example_trigger_controller_dag.py for tasks to queue
[2024-12-03T14:20:30.797+0000] {logging_mixin.py:190} INFO - [2024-12-03T14:20:30.797+0000] {dagbag.py:588} INFO - Filling up the DagBag from /home/airflow/.local/lib/python3.12/site-packages/airflow/example_dags/example_trigger_controller_dag.py
[2024-12-03T14:20:30.807+0000] {processor.py:925} INFO - DAG(s) 'example_trigger_controller_dag' retrieved from /home/airflow/.local/lib/python3.12/site-packages/airflow/example_dags/example_trigger_controller_dag.py
[2024-12-03T14:20:30.838+0000] {logging_mixin.py:190} INFO - [2024-12-03T14:20:30.837+0000] {dag.py:3239} INFO - Sync 1 DAGs
[2024-12-03T14:20:30.883+0000] {logging_mixin.py:190} INFO - [2024-12-03T14:20:30.883+0000] {dag.py:4180} INFO - Setting next_dagrun for example_trigger_controller_dag to 2021-01-01 00:00:00+00:00, run_after=2021-01-01 00:00:00+00:00
[2024-12-03T14:20:30.936+0000] {processor.py:208} INFO - Processing /home/airflow/.local/lib/python3.12/site-packages/airflow/example_dags/example_trigger_controller_dag.py took 0.152 seconds
[2024-12-03T14:21:02.452+0000] {processor.py:186} INFO - Started process (PID=317) to work on /home/airflow/.local/lib/python3.12/site-packages/airflow/example_dags/example_trigger_controller_dag.py
[2024-12-03T14:21:02.453+0000] {processor.py:914} INFO - Processing file /home/airflow/.local/lib/python3.12/site-packages/airflow/example_dags/example_trigger_controller_dag.py for tasks to queue
[2024-12-03T14:21:02.455+0000] {logging_mixin.py:190} INFO - [2024-12-03T14:21:02.454+0000] {dagbag.py:588} INFO - Filling up the DagBag from /home/airflow/.local/lib/python3.12/site-packages/airflow/example_dags/example_trigger_controller_dag.py
[2024-12-03T14:21:02.464+0000] {processor.py:925} INFO - DAG(s) 'example_trigger_controller_dag' retrieved from /home/airflow/.local/lib/python3.12/site-packages/airflow/example_dags/example_trigger_controller_dag.py
[2024-12-03T14:21:02.493+0000] {logging_mixin.py:190} INFO - [2024-12-03T14:21:02.493+0000] {dag.py:3239} INFO - Sync 1 DAGs
[2024-12-03T14:21:02.522+0000] {logging_mixin.py:190} INFO - [2024-12-03T14:21:02.521+0000] {dag.py:4180} INFO - Setting next_dagrun for example_trigger_controller_dag to 2021-01-01 00:00:00+00:00, run_after=2021-01-01 00:00:00+00:00
[2024-12-03T14:21:02.548+0000] {processor.py:208} INFO - Processing /home/airflow/.local/lib/python3.12/site-packages/airflow/example_dags/example_trigger_controller_dag.py took 0.105 seconds
[2024-12-03T14:21:33.995+0000] {processor.py:186} INFO - Started process (PID=382) to work on /home/airflow/.local/lib/python3.12/site-packages/airflow/example_dags/example_trigger_controller_dag.py
[2024-12-03T14:21:33.997+0000] {processor.py:914} INFO - Processing file /home/airflow/.local/lib/python3.12/site-packages/airflow/example_dags/example_trigger_controller_dag.py for tasks to queue
[2024-12-03T14:21:33.999+0000] {logging_mixin.py:190} INFO - [2024-12-03T14:21:33.999+0000] {dagbag.py:588} INFO - Filling up the DagBag from /home/airflow/.local/lib/python3.12/site-packages/airflow/example_dags/example_trigger_controller_dag.py
[2024-12-03T14:21:34.010+0000] {processor.py:925} INFO - DAG(s) 'example_trigger_controller_dag' retrieved from /home/airflow/.local/lib/python3.12/site-packages/airflow/example_dags/example_trigger_controller_dag.py
[2024-12-03T14:21:34.039+0000] {logging_mixin.py:190} INFO - [2024-12-03T14:21:34.039+0000] {dag.py:3239} INFO - Sync 1 DAGs
[2024-12-03T14:21:34.070+0000] {logging_mixin.py:190} INFO - [2024-12-03T14:21:34.070+0000] {dag.py:4180} INFO - Setting next_dagrun for example_trigger_controller_dag to 2021-01-01 00:00:00+00:00, run_after=2021-01-01 00:00:00+00:00
[2024-12-03T14:21:34.100+0000] {processor.py:208} INFO - Processing /home/airflow/.local/lib/python3.12/site-packages/airflow/example_dags/example_trigger_controller_dag.py took 0.110 seconds
[2024-12-03T14:22:05.121+0000] {processor.py:186} INFO - Started process (PID=447) to work on /home/airflow/.local/lib/python3.12/site-packages/airflow/example_dags/example_trigger_controller_dag.py
[2024-12-03T14:22:05.122+0000] {processor.py:914} INFO - Processing file /home/airflow/.local/lib/python3.12/site-packages/airflow/example_dags/example_trigger_controller_dag.py for tasks to queue
[2024-12-03T14:22:05.125+0000] {logging_mixin.py:190} INFO - [2024-12-03T14:22:05.124+0000] {dagbag.py:588} INFO - Filling up the DagBag from /home/airflow/.local/lib/python3.12/site-packages/airflow/example_dags/example_trigger_controller_dag.py
[2024-12-03T14:22:05.134+0000] {processor.py:925} INFO - DAG(s) 'example_trigger_controller_dag' retrieved from /home/airflow/.local/lib/python3.12/site-packages/airflow/example_dags/example_trigger_controller_dag.py
[2024-12-03T14:22:05.161+0000] {logging_mixin.py:190} INFO - [2024-12-03T14:22:05.161+0000] {dag.py:3239} INFO - Sync 1 DAGs
[2024-12-03T14:22:05.193+0000] {logging_mixin.py:190} INFO - [2024-12-03T14:22:05.192+0000] {dag.py:4180} INFO - Setting next_dagrun for example_trigger_controller_dag to 2021-01-01 00:00:00+00:00, run_after=2021-01-01 00:00:00+00:00
[2024-12-03T14:22:05.221+0000] {processor.py:208} INFO - Processing /home/airflow/.local/lib/python3.12/site-packages/airflow/example_dags/example_trigger_controller_dag.py took 0.108 seconds
[2024-12-03T14:22:36.581+0000] {processor.py:186} INFO - Started process (PID=511) to work on /home/airflow/.local/lib/python3.12/site-packages/airflow/example_dags/example_trigger_controller_dag.py
[2024-12-03T14:22:36.582+0000] {processor.py:914} INFO - Processing file /home/airflow/.local/lib/python3.12/site-packages/airflow/example_dags/example_trigger_controller_dag.py for tasks to queue
[2024-12-03T14:22:36.583+0000] {logging_mixin.py:190} INFO - [2024-12-03T14:22:36.583+0000] {dagbag.py:588} INFO - Filling up the DagBag from /home/airflow/.local/lib/python3.12/site-packages/airflow/example_dags/example_trigger_controller_dag.py
[2024-12-03T14:22:36.594+0000] {processor.py:925} INFO - DAG(s) 'example_trigger_controller_dag' retrieved from /home/airflow/.local/lib/python3.12/site-packages/airflow/example_dags/example_trigger_controller_dag.py
[2024-12-03T14:22:36.628+0000] {logging_mixin.py:190} INFO - [2024-12-03T14:22:36.628+0000] {dag.py:3239} INFO - Sync 1 DAGs
[2024-12-03T14:22:36.666+0000] {logging_mixin.py:190} INFO - [2024-12-03T14:22:36.665+0000] {dag.py:4180} INFO - Setting next_dagrun for example_trigger_controller_dag to 2021-01-01 00:00:00+00:00, run_after=2021-01-01 00:00:00+00:00
[2024-12-03T14:22:36.709+0000] {processor.py:208} INFO - Processing /home/airflow/.local/lib/python3.12/site-packages/airflow/example_dags/example_trigger_controller_dag.py took 0.134 seconds
[2024-12-03T14:23:07.916+0000] {processor.py:186} INFO - Started process (PID=575) to work on /home/airflow/.local/lib/python3.12/site-packages/airflow/example_dags/example_trigger_controller_dag.py
[2024-12-03T14:23:07.917+0000] {processor.py:914} INFO - Processing file /home/airflow/.local/lib/python3.12/site-packages/airflow/example_dags/example_trigger_controller_dag.py for tasks to queue
[2024-12-03T14:23:07.919+0000] {logging_mixin.py:190} INFO - [2024-12-03T14:23:07.919+0000] {dagbag.py:588} INFO - Filling up the DagBag from /home/airflow/.local/lib/python3.12/site-packages/airflow/example_dags/example_trigger_controller_dag.py
[2024-12-03T14:23:07.928+0000] {processor.py:925} INFO - DAG(s) 'example_trigger_controller_dag' retrieved from /home/airflow/.local/lib/python3.12/site-packages/airflow/example_dags/example_trigger_controller_dag.py
[2024-12-03T14:23:07.954+0000] {logging_mixin.py:190} INFO - [2024-12-03T14:23:07.954+0000] {dag.py:3239} INFO - Sync 1 DAGs
[2024-12-03T14:23:07.986+0000] {logging_mixin.py:190} INFO - [2024-12-03T14:23:07.986+0000] {dag.py:4180} INFO - Setting next_dagrun for example_trigger_controller_dag to 2021-01-01 00:00:00+00:00, run_after=2021-01-01 00:00:00+00:00
[2024-12-03T14:23:08.020+0000] {processor.py:208} INFO - Processing /home/airflow/.local/lib/python3.12/site-packages/airflow/example_dags/example_trigger_controller_dag.py took 0.110 seconds
[2024-12-03T14:23:40.738+0000] {processor.py:186} INFO - Started process (PID=638) to work on /home/airflow/.local/lib/python3.12/site-packages/airflow/example_dags/example_trigger_controller_dag.py
[2024-12-03T14:23:40.741+0000] {processor.py:914} INFO - Processing file /home/airflow/.local/lib/python3.12/site-packages/airflow/example_dags/example_trigger_controller_dag.py for tasks to queue
[2024-12-03T14:23:40.744+0000] {logging_mixin.py:190} INFO - [2024-12-03T14:23:40.743+0000] {dagbag.py:588} INFO - Filling up the DagBag from /home/airflow/.local/lib/python3.12/site-packages/airflow/example_dags/example_trigger_controller_dag.py
[2024-12-03T14:23:40.760+0000] {processor.py:925} INFO - DAG(s) 'example_trigger_controller_dag' retrieved from /home/airflow/.local/lib/python3.12/site-packages/airflow/example_dags/example_trigger_controller_dag.py
[2024-12-03T14:23:40.810+0000] {logging_mixin.py:190} INFO - [2024-12-03T14:23:40.809+0000] {dag.py:3239} INFO - Sync 1 DAGs
[2024-12-03T14:23:40.902+0000] {logging_mixin.py:190} INFO - [2024-12-03T14:23:40.901+0000] {dag.py:4180} INFO - Setting next_dagrun for example_trigger_controller_dag to 2021-01-01 00:00:00+00:00, run_after=2021-01-01 00:00:00+00:00
[2024-12-03T14:23:41.069+0000] {processor.py:208} INFO - Processing /home/airflow/.local/lib/python3.12/site-packages/airflow/example_dags/example_trigger_controller_dag.py took 0.340 seconds
[2024-12-03T14:24:11.399+0000] {processor.py:186} INFO - Started process (PID=702) to work on /home/airflow/.local/lib/python3.12/site-packages/airflow/example_dags/example_trigger_controller_dag.py
[2024-12-03T14:24:11.401+0000] {processor.py:914} INFO - Processing file /home/airflow/.local/lib/python3.12/site-packages/airflow/example_dags/example_trigger_controller_dag.py for tasks to queue
[2024-12-03T14:24:11.403+0000] {logging_mixin.py:190} INFO - [2024-12-03T14:24:11.403+0000] {dagbag.py:588} INFO - Filling up the DagBag from /home/airflow/.local/lib/python3.12/site-packages/airflow/example_dags/example_trigger_controller_dag.py
[2024-12-03T14:24:11.411+0000] {processor.py:925} INFO - DAG(s) 'example_trigger_controller_dag' retrieved from /home/airflow/.local/lib/python3.12/site-packages/airflow/example_dags/example_trigger_controller_dag.py
[2024-12-03T14:24:11.442+0000] {logging_mixin.py:190} INFO - [2024-12-03T14:24:11.441+0000] {dag.py:3239} INFO - Sync 1 DAGs
[2024-12-03T14:24:11.471+0000] {logging_mixin.py:190} INFO - [2024-12-03T14:24:11.470+0000] {dag.py:4180} INFO - Setting next_dagrun for example_trigger_controller_dag to 2021-01-01 00:00:00+00:00, run_after=2021-01-01 00:00:00+00:00
[2024-12-03T14:24:11.499+0000] {processor.py:208} INFO - Processing /home/airflow/.local/lib/python3.12/site-packages/airflow/example_dags/example_trigger_controller_dag.py took 0.106 seconds
[2024-12-03T14:24:41.997+0000] {processor.py:186} INFO - Started process (PID=765) to work on /home/airflow/.local/lib/python3.12/site-packages/airflow/example_dags/example_trigger_controller_dag.py
[2024-12-03T14:24:41.998+0000] {processor.py:914} INFO - Processing file /home/airflow/.local/lib/python3.12/site-packages/airflow/example_dags/example_trigger_controller_dag.py for tasks to queue
[2024-12-03T14:24:42.000+0000] {logging_mixin.py:190} INFO - [2024-12-03T14:24:42.000+0000] {dagbag.py:588} INFO - Filling up the DagBag from /home/airflow/.local/lib/python3.12/site-packages/airflow/example_dags/example_trigger_controller_dag.py
[2024-12-03T14:24:42.010+0000] {processor.py:925} INFO - DAG(s) 'example_trigger_controller_dag' retrieved from /home/airflow/.local/lib/python3.12/site-packages/airflow/example_dags/example_trigger_controller_dag.py
[2024-12-03T14:24:42.039+0000] {logging_mixin.py:190} INFO - [2024-12-03T14:24:42.039+0000] {dag.py:3239} INFO - Sync 1 DAGs
[2024-12-03T14:24:42.081+0000] {logging_mixin.py:190} INFO - [2024-12-03T14:24:42.081+0000] {dag.py:4180} INFO - Setting next_dagrun for example_trigger_controller_dag to 2021-01-01 00:00:00+00:00, run_after=2021-01-01 00:00:00+00:00
[2024-12-03T14:24:42.114+0000] {processor.py:208} INFO - Processing /home/airflow/.local/lib/python3.12/site-packages/airflow/example_dags/example_trigger_controller_dag.py took 0.123 seconds
