[2024-12-03T13:57:23.240+0000] {processor.py:186} INFO - Started process (PID=117) to work on /home/airflow/.local/lib/python3.12/site-packages/airflow/example_dags/example_short_circuit_decorator.py
[2024-12-03T13:57:23.244+0000] {processor.py:914} INFO - Processing file /home/airflow/.local/lib/python3.12/site-packages/airflow/example_dags/example_short_circuit_decorator.py for tasks to queue
[2024-12-03T13:57:23.250+0000] {logging_mixin.py:190} INFO - [2024-12-03T13:57:23.249+0000] {dagbag.py:588} INFO - Filling up the DagBag from /home/airflow/.local/lib/python3.12/site-packages/airflow/example_dags/example_short_circuit_decorator.py
[2024-12-03T13:57:23.263+0000] {processor.py:925} INFO - DAG(s) 'example_short_circuit_decorator' retrieved from /home/airflow/.local/lib/python3.12/site-packages/airflow/example_dags/example_short_circuit_decorator.py
[2024-12-03T13:57:23.390+0000] {logging_mixin.py:190} INFO - [2024-12-03T13:57:23.389+0000] {override.py:1911} INFO - Created Permission View: can delete on DAG:example_short_circuit_decorator
[2024-12-03T13:57:23.405+0000] {logging_mixin.py:190} INFO - [2024-12-03T13:57:23.405+0000] {override.py:1911} INFO - Created Permission View: can read on DAG:example_short_circuit_decorator
[2024-12-03T13:57:23.417+0000] {logging_mixin.py:190} INFO - [2024-12-03T13:57:23.417+0000] {override.py:1911} INFO - Created Permission View: can edit on DAG:example_short_circuit_decorator
[2024-12-03T13:57:23.430+0000] {logging_mixin.py:190} INFO - [2024-12-03T13:57:23.430+0000] {override.py:1911} INFO - Created Permission View: can create on DAG Run:example_short_circuit_decorator
[2024-12-03T13:57:23.443+0000] {logging_mixin.py:190} INFO - [2024-12-03T13:57:23.442+0000] {override.py:1911} INFO - Created Permission View: menu access on DAG Run:example_short_circuit_decorator
[2024-12-03T13:57:23.456+0000] {logging_mixin.py:190} INFO - [2024-12-03T13:57:23.456+0000] {override.py:1911} INFO - Created Permission View: can delete on DAG Run:example_short_circuit_decorator
[2024-12-03T13:57:23.470+0000] {logging_mixin.py:190} INFO - [2024-12-03T13:57:23.470+0000] {override.py:1911} INFO - Created Permission View: can read on DAG Run:example_short_circuit_decorator
[2024-12-03T13:57:23.472+0000] {logging_mixin.py:190} INFO - [2024-12-03T13:57:23.472+0000] {dag.py:3239} INFO - Sync 1 DAGs
[2024-12-03T13:57:23.488+0000] {logging_mixin.py:190} INFO - [2024-12-03T13:57:23.487+0000] {dag.py:3262} INFO - Creating ORM DAG for example_short_circuit_decorator
[2024-12-03T13:57:23.490+0000] {logging_mixin.py:190} INFO - [2024-12-03T13:57:23.489+0000] {dag.py:4180} INFO - Setting next_dagrun for example_short_circuit_decorator to None, run_after=None
[2024-12-03T13:57:23.518+0000] {processor.py:208} INFO - Processing /home/airflow/.local/lib/python3.12/site-packages/airflow/example_dags/example_short_circuit_decorator.py took 0.284 seconds
[2024-12-03T14:19:16.915+0000] {processor.py:186} INFO - Started process (PID=94) to work on /home/airflow/.local/lib/python3.12/site-packages/airflow/example_dags/example_short_circuit_decorator.py
[2024-12-03T14:19:16.917+0000] {processor.py:914} INFO - Processing file /home/airflow/.local/lib/python3.12/site-packages/airflow/example_dags/example_short_circuit_decorator.py for tasks to queue
[2024-12-03T14:19:16.919+0000] {logging_mixin.py:190} INFO - [2024-12-03T14:19:16.918+0000] {dagbag.py:588} INFO - Filling up the DagBag from /home/airflow/.local/lib/python3.12/site-packages/airflow/example_dags/example_short_circuit_decorator.py
[2024-12-03T14:19:16.934+0000] {processor.py:925} INFO - DAG(s) 'example_short_circuit_decorator' retrieved from /home/airflow/.local/lib/python3.12/site-packages/airflow/example_dags/example_short_circuit_decorator.py
[2024-12-03T14:19:17.101+0000] {logging_mixin.py:190} INFO - [2024-12-03T14:19:17.100+0000] {override.py:1911} INFO - Created Permission View: can read on DAG:example_short_circuit_decorator
[2024-12-03T14:19:17.119+0000] {logging_mixin.py:190} INFO - [2024-12-03T14:19:17.118+0000] {override.py:1911} INFO - Created Permission View: can edit on DAG:example_short_circuit_decorator
[2024-12-03T14:19:17.131+0000] {logging_mixin.py:190} INFO - [2024-12-03T14:19:17.131+0000] {override.py:1911} INFO - Created Permission View: can delete on DAG:example_short_circuit_decorator
[2024-12-03T14:19:17.147+0000] {logging_mixin.py:190} INFO - [2024-12-03T14:19:17.146+0000] {override.py:1911} INFO - Created Permission View: can read on DAG Run:example_short_circuit_decorator
[2024-12-03T14:19:17.160+0000] {logging_mixin.py:190} INFO - [2024-12-03T14:19:17.160+0000] {override.py:1911} INFO - Created Permission View: menu access on DAG Run:example_short_circuit_decorator
[2024-12-03T14:19:17.175+0000] {logging_mixin.py:190} INFO - [2024-12-03T14:19:17.175+0000] {override.py:1911} INFO - Created Permission View: can delete on DAG Run:example_short_circuit_decorator
[2024-12-03T14:19:17.192+0000] {logging_mixin.py:190} INFO - [2024-12-03T14:19:17.191+0000] {override.py:1911} INFO - Created Permission View: can create on DAG Run:example_short_circuit_decorator
[2024-12-03T14:19:17.193+0000] {logging_mixin.py:190} INFO - [2024-12-03T14:19:17.193+0000] {dag.py:3239} INFO - Sync 1 DAGs
[2024-12-03T14:19:17.217+0000] {logging_mixin.py:190} INFO - [2024-12-03T14:19:17.216+0000] {dag.py:3262} INFO - Creating ORM DAG for example_short_circuit_decorator
[2024-12-03T14:19:17.219+0000] {logging_mixin.py:190} INFO - [2024-12-03T14:19:17.218+0000] {dag.py:4180} INFO - Setting next_dagrun for example_short_circuit_decorator to None, run_after=None
[2024-12-03T14:19:17.256+0000] {processor.py:208} INFO - Processing /home/airflow/.local/lib/python3.12/site-packages/airflow/example_dags/example_short_circuit_decorator.py took 0.347 seconds
[2024-12-03T14:19:48.011+0000] {processor.py:186} INFO - Started process (PID=158) to work on /home/airflow/.local/lib/python3.12/site-packages/airflow/example_dags/example_short_circuit_decorator.py
[2024-12-03T14:19:48.013+0000] {processor.py:914} INFO - Processing file /home/airflow/.local/lib/python3.12/site-packages/airflow/example_dags/example_short_circuit_decorator.py for tasks to queue
[2024-12-03T14:19:48.016+0000] {logging_mixin.py:190} INFO - [2024-12-03T14:19:48.016+0000] {dagbag.py:588} INFO - Filling up the DagBag from /home/airflow/.local/lib/python3.12/site-packages/airflow/example_dags/example_short_circuit_decorator.py
[2024-12-03T14:19:48.033+0000] {processor.py:925} INFO - DAG(s) 'example_short_circuit_decorator' retrieved from /home/airflow/.local/lib/python3.12/site-packages/airflow/example_dags/example_short_circuit_decorator.py
[2024-12-03T14:19:48.083+0000] {logging_mixin.py:190} INFO - [2024-12-03T14:19:48.082+0000] {dag.py:3239} INFO - Sync 1 DAGs
[2024-12-03T14:19:48.112+0000] {logging_mixin.py:190} INFO - [2024-12-03T14:19:48.112+0000] {dag.py:4180} INFO - Setting next_dagrun for example_short_circuit_decorator to None, run_after=None
[2024-12-03T14:19:48.147+0000] {processor.py:208} INFO - Processing /home/airflow/.local/lib/python3.12/site-packages/airflow/example_dags/example_short_circuit_decorator.py took 0.144 seconds
[2024-12-03T14:20:18.358+0000] {processor.py:186} INFO - Started process (PID=222) to work on /home/airflow/.local/lib/python3.12/site-packages/airflow/example_dags/example_short_circuit_decorator.py
[2024-12-03T14:20:18.360+0000] {processor.py:914} INFO - Processing file /home/airflow/.local/lib/python3.12/site-packages/airflow/example_dags/example_short_circuit_decorator.py for tasks to queue
[2024-12-03T14:20:18.361+0000] {logging_mixin.py:190} INFO - [2024-12-03T14:20:18.361+0000] {dagbag.py:588} INFO - Filling up the DagBag from /home/airflow/.local/lib/python3.12/site-packages/airflow/example_dags/example_short_circuit_decorator.py
[2024-12-03T14:20:18.372+0000] {processor.py:925} INFO - DAG(s) 'example_short_circuit_decorator' retrieved from /home/airflow/.local/lib/python3.12/site-packages/airflow/example_dags/example_short_circuit_decorator.py
[2024-12-03T14:20:18.398+0000] {logging_mixin.py:190} INFO - [2024-12-03T14:20:18.398+0000] {dag.py:3239} INFO - Sync 1 DAGs
[2024-12-03T14:20:18.415+0000] {logging_mixin.py:190} INFO - [2024-12-03T14:20:18.414+0000] {dag.py:4180} INFO - Setting next_dagrun for example_short_circuit_decorator to None, run_after=None
[2024-12-03T14:20:18.443+0000] {processor.py:208} INFO - Processing /home/airflow/.local/lib/python3.12/site-packages/airflow/example_dags/example_short_circuit_decorator.py took 0.091 seconds
[2024-12-03T14:20:48.826+0000] {processor.py:186} INFO - Started process (PID=286) to work on /home/airflow/.local/lib/python3.12/site-packages/airflow/example_dags/example_short_circuit_decorator.py
[2024-12-03T14:20:48.828+0000] {processor.py:914} INFO - Processing file /home/airflow/.local/lib/python3.12/site-packages/airflow/example_dags/example_short_circuit_decorator.py for tasks to queue
[2024-12-03T14:20:48.830+0000] {logging_mixin.py:190} INFO - [2024-12-03T14:20:48.829+0000] {dagbag.py:588} INFO - Filling up the DagBag from /home/airflow/.local/lib/python3.12/site-packages/airflow/example_dags/example_short_circuit_decorator.py
[2024-12-03T14:20:48.843+0000] {processor.py:925} INFO - DAG(s) 'example_short_circuit_decorator' retrieved from /home/airflow/.local/lib/python3.12/site-packages/airflow/example_dags/example_short_circuit_decorator.py
[2024-12-03T14:20:48.874+0000] {logging_mixin.py:190} INFO - [2024-12-03T14:20:48.874+0000] {dag.py:3239} INFO - Sync 1 DAGs
[2024-12-03T14:20:48.891+0000] {logging_mixin.py:190} INFO - [2024-12-03T14:20:48.890+0000] {dag.py:4180} INFO - Setting next_dagrun for example_short_circuit_decorator to None, run_after=None
[2024-12-03T14:20:48.921+0000] {processor.py:208} INFO - Processing /home/airflow/.local/lib/python3.12/site-packages/airflow/example_dags/example_short_circuit_decorator.py took 0.103 seconds
[2024-12-03T14:21:19.528+0000] {processor.py:186} INFO - Started process (PID=351) to work on /home/airflow/.local/lib/python3.12/site-packages/airflow/example_dags/example_short_circuit_decorator.py
[2024-12-03T14:21:19.529+0000] {processor.py:914} INFO - Processing file /home/airflow/.local/lib/python3.12/site-packages/airflow/example_dags/example_short_circuit_decorator.py for tasks to queue
[2024-12-03T14:21:19.530+0000] {logging_mixin.py:190} INFO - [2024-12-03T14:21:19.530+0000] {dagbag.py:588} INFO - Filling up the DagBag from /home/airflow/.local/lib/python3.12/site-packages/airflow/example_dags/example_short_circuit_decorator.py
[2024-12-03T14:21:19.540+0000] {processor.py:925} INFO - DAG(s) 'example_short_circuit_decorator' retrieved from /home/airflow/.local/lib/python3.12/site-packages/airflow/example_dags/example_short_circuit_decorator.py
[2024-12-03T14:21:19.567+0000] {logging_mixin.py:190} INFO - [2024-12-03T14:21:19.567+0000] {dag.py:3239} INFO - Sync 1 DAGs
[2024-12-03T14:21:19.582+0000] {logging_mixin.py:190} INFO - [2024-12-03T14:21:19.581+0000] {dag.py:4180} INFO - Setting next_dagrun for example_short_circuit_decorator to None, run_after=None
[2024-12-03T14:21:19.607+0000] {processor.py:208} INFO - Processing /home/airflow/.local/lib/python3.12/site-packages/airflow/example_dags/example_short_circuit_decorator.py took 0.085 seconds
[2024-12-03T14:21:49.882+0000] {processor.py:186} INFO - Started process (PID=415) to work on /home/airflow/.local/lib/python3.12/site-packages/airflow/example_dags/example_short_circuit_decorator.py
[2024-12-03T14:21:49.883+0000] {processor.py:914} INFO - Processing file /home/airflow/.local/lib/python3.12/site-packages/airflow/example_dags/example_short_circuit_decorator.py for tasks to queue
[2024-12-03T14:21:49.884+0000] {logging_mixin.py:190} INFO - [2024-12-03T14:21:49.884+0000] {dagbag.py:588} INFO - Filling up the DagBag from /home/airflow/.local/lib/python3.12/site-packages/airflow/example_dags/example_short_circuit_decorator.py
[2024-12-03T14:21:49.897+0000] {processor.py:925} INFO - DAG(s) 'example_short_circuit_decorator' retrieved from /home/airflow/.local/lib/python3.12/site-packages/airflow/example_dags/example_short_circuit_decorator.py
[2024-12-03T14:21:49.924+0000] {logging_mixin.py:190} INFO - [2024-12-03T14:21:49.923+0000] {dag.py:3239} INFO - Sync 1 DAGs
[2024-12-03T14:21:49.939+0000] {logging_mixin.py:190} INFO - [2024-12-03T14:21:49.939+0000] {dag.py:4180} INFO - Setting next_dagrun for example_short_circuit_decorator to None, run_after=None
[2024-12-03T14:21:49.961+0000] {processor.py:208} INFO - Processing /home/airflow/.local/lib/python3.12/site-packages/airflow/example_dags/example_short_circuit_decorator.py took 0.085 seconds
[2024-12-03T14:22:20.582+0000] {processor.py:186} INFO - Started process (PID=480) to work on /home/airflow/.local/lib/python3.12/site-packages/airflow/example_dags/example_short_circuit_decorator.py
[2024-12-03T14:22:20.583+0000] {processor.py:914} INFO - Processing file /home/airflow/.local/lib/python3.12/site-packages/airflow/example_dags/example_short_circuit_decorator.py for tasks to queue
[2024-12-03T14:22:20.585+0000] {logging_mixin.py:190} INFO - [2024-12-03T14:22:20.584+0000] {dagbag.py:588} INFO - Filling up the DagBag from /home/airflow/.local/lib/python3.12/site-packages/airflow/example_dags/example_short_circuit_decorator.py
[2024-12-03T14:22:20.597+0000] {processor.py:925} INFO - DAG(s) 'example_short_circuit_decorator' retrieved from /home/airflow/.local/lib/python3.12/site-packages/airflow/example_dags/example_short_circuit_decorator.py
[2024-12-03T14:22:20.627+0000] {logging_mixin.py:190} INFO - [2024-12-03T14:22:20.627+0000] {dag.py:3239} INFO - Sync 1 DAGs
[2024-12-03T14:22:20.645+0000] {logging_mixin.py:190} INFO - [2024-12-03T14:22:20.645+0000] {dag.py:4180} INFO - Setting next_dagrun for example_short_circuit_decorator to None, run_after=None
[2024-12-03T14:22:20.674+0000] {processor.py:208} INFO - Processing /home/airflow/.local/lib/python3.12/site-packages/airflow/example_dags/example_short_circuit_decorator.py took 0.099 seconds
[2024-12-03T14:22:50.809+0000] {processor.py:186} INFO - Started process (PID=544) to work on /home/airflow/.local/lib/python3.12/site-packages/airflow/example_dags/example_short_circuit_decorator.py
[2024-12-03T14:22:50.811+0000] {processor.py:914} INFO - Processing file /home/airflow/.local/lib/python3.12/site-packages/airflow/example_dags/example_short_circuit_decorator.py for tasks to queue
[2024-12-03T14:22:50.814+0000] {logging_mixin.py:190} INFO - [2024-12-03T14:22:50.813+0000] {dagbag.py:588} INFO - Filling up the DagBag from /home/airflow/.local/lib/python3.12/site-packages/airflow/example_dags/example_short_circuit_decorator.py
[2024-12-03T14:22:50.830+0000] {processor.py:925} INFO - DAG(s) 'example_short_circuit_decorator' retrieved from /home/airflow/.local/lib/python3.12/site-packages/airflow/example_dags/example_short_circuit_decorator.py
[2024-12-03T14:22:50.864+0000] {logging_mixin.py:190} INFO - [2024-12-03T14:22:50.863+0000] {dag.py:3239} INFO - Sync 1 DAGs
[2024-12-03T14:22:50.889+0000] {logging_mixin.py:190} INFO - [2024-12-03T14:22:50.888+0000] {dag.py:4180} INFO - Setting next_dagrun for example_short_circuit_decorator to None, run_after=None
[2024-12-03T14:22:50.925+0000] {processor.py:208} INFO - Processing /home/airflow/.local/lib/python3.12/site-packages/airflow/example_dags/example_short_circuit_decorator.py took 0.124 seconds
[2024-12-03T14:23:21.657+0000] {processor.py:186} INFO - Started process (PID=608) to work on /home/airflow/.local/lib/python3.12/site-packages/airflow/example_dags/example_short_circuit_decorator.py
[2024-12-03T14:23:21.658+0000] {processor.py:914} INFO - Processing file /home/airflow/.local/lib/python3.12/site-packages/airflow/example_dags/example_short_circuit_decorator.py for tasks to queue
[2024-12-03T14:23:21.660+0000] {logging_mixin.py:190} INFO - [2024-12-03T14:23:21.659+0000] {dagbag.py:588} INFO - Filling up the DagBag from /home/airflow/.local/lib/python3.12/site-packages/airflow/example_dags/example_short_circuit_decorator.py
[2024-12-03T14:23:21.668+0000] {processor.py:925} INFO - DAG(s) 'example_short_circuit_decorator' retrieved from /home/airflow/.local/lib/python3.12/site-packages/airflow/example_dags/example_short_circuit_decorator.py
[2024-12-03T14:23:21.698+0000] {logging_mixin.py:190} INFO - [2024-12-03T14:23:21.698+0000] {dag.py:3239} INFO - Sync 1 DAGs
[2024-12-03T14:23:21.716+0000] {logging_mixin.py:190} INFO - [2024-12-03T14:23:21.716+0000] {dag.py:4180} INFO - Setting next_dagrun for example_short_circuit_decorator to None, run_after=None
[2024-12-03T14:23:21.744+0000] {processor.py:208} INFO - Processing /home/airflow/.local/lib/python3.12/site-packages/airflow/example_dags/example_short_circuit_decorator.py took 0.093 seconds
[2024-12-03T14:23:55.602+0000] {processor.py:186} INFO - Started process (PID=672) to work on /home/airflow/.local/lib/python3.12/site-packages/airflow/example_dags/example_short_circuit_decorator.py
[2024-12-03T14:23:55.604+0000] {processor.py:914} INFO - Processing file /home/airflow/.local/lib/python3.12/site-packages/airflow/example_dags/example_short_circuit_decorator.py for tasks to queue
[2024-12-03T14:23:55.607+0000] {logging_mixin.py:190} INFO - [2024-12-03T14:23:55.606+0000] {dagbag.py:588} INFO - Filling up the DagBag from /home/airflow/.local/lib/python3.12/site-packages/airflow/example_dags/example_short_circuit_decorator.py
[2024-12-03T14:23:55.624+0000] {processor.py:925} INFO - DAG(s) 'example_short_circuit_decorator' retrieved from /home/airflow/.local/lib/python3.12/site-packages/airflow/example_dags/example_short_circuit_decorator.py
[2024-12-03T14:23:55.667+0000] {logging_mixin.py:190} INFO - [2024-12-03T14:23:55.667+0000] {dag.py:3239} INFO - Sync 1 DAGs
[2024-12-03T14:23:55.700+0000] {logging_mixin.py:190} INFO - [2024-12-03T14:23:55.699+0000] {dag.py:4180} INFO - Setting next_dagrun for example_short_circuit_decorator to None, run_after=None
[2024-12-03T14:23:55.747+0000] {processor.py:208} INFO - Processing /home/airflow/.local/lib/python3.12/site-packages/airflow/example_dags/example_short_circuit_decorator.py took 0.154 seconds
[2024-12-03T14:24:26.546+0000] {processor.py:186} INFO - Started process (PID=742) to work on /home/airflow/.local/lib/python3.12/site-packages/airflow/example_dags/example_short_circuit_decorator.py
[2024-12-03T14:24:26.547+0000] {processor.py:914} INFO - Processing file /home/airflow/.local/lib/python3.12/site-packages/airflow/example_dags/example_short_circuit_decorator.py for tasks to queue
[2024-12-03T14:24:26.549+0000] {logging_mixin.py:190} INFO - [2024-12-03T14:24:26.549+0000] {dagbag.py:588} INFO - Filling up the DagBag from /home/airflow/.local/lib/python3.12/site-packages/airflow/example_dags/example_short_circuit_decorator.py
[2024-12-03T14:24:26.561+0000] {processor.py:925} INFO - DAG(s) 'example_short_circuit_decorator' retrieved from /home/airflow/.local/lib/python3.12/site-packages/airflow/example_dags/example_short_circuit_decorator.py
[2024-12-03T14:24:26.591+0000] {logging_mixin.py:190} INFO - [2024-12-03T14:24:26.591+0000] {dag.py:3239} INFO - Sync 1 DAGs
[2024-12-03T14:24:26.612+0000] {logging_mixin.py:190} INFO - [2024-12-03T14:24:26.612+0000] {dag.py:4180} INFO - Setting next_dagrun for example_short_circuit_decorator to None, run_after=None
[2024-12-03T14:24:26.641+0000] {processor.py:208} INFO - Processing /home/airflow/.local/lib/python3.12/site-packages/airflow/example_dags/example_short_circuit_decorator.py took 0.100 seconds
