[2024-12-03T13:57:14.138+0000] {processor.py:186} INFO - Started process (PID=93) to work on /home/airflow/.local/lib/python3.12/site-packages/airflow/example_dags/example_python_operator.py
[2024-12-03T13:57:14.141+0000] {processor.py:914} INFO - Processing file /home/airflow/.local/lib/python3.12/site-packages/airflow/example_dags/example_python_operator.py for tasks to queue
[2024-12-03T13:57:14.147+0000] {logging_mixin.py:190} INFO - [2024-12-03T13:57:14.146+0000] {dagbag.py:588} INFO - Filling up the DagBag from /home/airflow/.local/lib/python3.12/site-packages/airflow/example_dags/example_python_operator.py
[2024-12-03T13:57:14.187+0000] {processor.py:925} INFO - DAG(s) 'example_python_operator' retrieved from /home/airflow/.local/lib/python3.12/site-packages/airflow/example_dags/example_python_operator.py
[2024-12-03T13:57:14.474+0000] {logging_mixin.py:190} INFO - [2024-12-03T13:57:14.471+0000] {override.py:1911} INFO - Created Permission View: can delete on DAG:example_python_operator
[2024-12-03T13:57:14.498+0000] {logging_mixin.py:190} INFO - [2024-12-03T13:57:14.497+0000] {override.py:1911} INFO - Created Permission View: can read on DAG:example_python_operator
[2024-12-03T13:57:14.514+0000] {logging_mixin.py:190} INFO - [2024-12-03T13:57:14.514+0000] {override.py:1911} INFO - Created Permission View: can edit on DAG:example_python_operator
[2024-12-03T13:57:14.532+0000] {logging_mixin.py:190} INFO - [2024-12-03T13:57:14.532+0000] {override.py:1911} INFO - Created Permission View: can create on DAG Run:example_python_operator
[2024-12-03T13:57:14.550+0000] {logging_mixin.py:190} INFO - [2024-12-03T13:57:14.549+0000] {override.py:1911} INFO - Created Permission View: menu access on DAG Run:example_python_operator
[2024-12-03T13:57:14.567+0000] {logging_mixin.py:190} INFO - [2024-12-03T13:57:14.566+0000] {override.py:1911} INFO - Created Permission View: can delete on DAG Run:example_python_operator
[2024-12-03T13:57:14.584+0000] {logging_mixin.py:190} INFO - [2024-12-03T13:57:14.583+0000] {override.py:1911} INFO - Created Permission View: can read on DAG Run:example_python_operator
[2024-12-03T13:57:14.586+0000] {logging_mixin.py:190} INFO - [2024-12-03T13:57:14.586+0000] {dag.py:3239} INFO - Sync 1 DAGs
[2024-12-03T13:57:14.605+0000] {logging_mixin.py:190} INFO - [2024-12-03T13:57:14.604+0000] {dag.py:3262} INFO - Creating ORM DAG for example_python_operator
[2024-12-03T13:57:14.607+0000] {logging_mixin.py:190} INFO - [2024-12-03T13:57:14.607+0000] {dag.py:4180} INFO - Setting next_dagrun for example_python_operator to None, run_after=None
[2024-12-03T13:57:14.645+0000] {processor.py:208} INFO - Processing /home/airflow/.local/lib/python3.12/site-packages/airflow/example_dags/example_python_operator.py took 0.516 seconds
[2024-12-03T14:19:26.389+0000] {processor.py:186} INFO - Started process (PID=122) to work on /home/airflow/.local/lib/python3.12/site-packages/airflow/example_dags/example_python_operator.py
[2024-12-03T14:19:26.391+0000] {processor.py:914} INFO - Processing file /home/airflow/.local/lib/python3.12/site-packages/airflow/example_dags/example_python_operator.py for tasks to queue
[2024-12-03T14:19:26.395+0000] {logging_mixin.py:190} INFO - [2024-12-03T14:19:26.394+0000] {dagbag.py:588} INFO - Filling up the DagBag from /home/airflow/.local/lib/python3.12/site-packages/airflow/example_dags/example_python_operator.py
[2024-12-03T14:19:26.456+0000] {processor.py:925} INFO - DAG(s) 'example_python_operator' retrieved from /home/airflow/.local/lib/python3.12/site-packages/airflow/example_dags/example_python_operator.py
[2024-12-03T14:19:26.900+0000] {logging_mixin.py:190} INFO - [2024-12-03T14:19:26.897+0000] {override.py:1911} INFO - Created Permission View: can read on DAG:example_python_operator
[2024-12-03T14:19:26.937+0000] {logging_mixin.py:190} INFO - [2024-12-03T14:19:26.936+0000] {override.py:1911} INFO - Created Permission View: can edit on DAG:example_python_operator
[2024-12-03T14:19:26.959+0000] {logging_mixin.py:190} INFO - [2024-12-03T14:19:26.958+0000] {override.py:1911} INFO - Created Permission View: can delete on DAG:example_python_operator
[2024-12-03T14:19:26.984+0000] {logging_mixin.py:190} INFO - [2024-12-03T14:19:26.983+0000] {override.py:1911} INFO - Created Permission View: can read on DAG Run:example_python_operator
[2024-12-03T14:19:27.023+0000] {logging_mixin.py:190} INFO - [2024-12-03T14:19:27.022+0000] {override.py:1911} INFO - Created Permission View: menu access on DAG Run:example_python_operator
[2024-12-03T14:19:27.045+0000] {logging_mixin.py:190} INFO - [2024-12-03T14:19:27.044+0000] {override.py:1911} INFO - Created Permission View: can delete on DAG Run:example_python_operator
[2024-12-03T14:19:27.062+0000] {logging_mixin.py:190} INFO - [2024-12-03T14:19:27.062+0000] {override.py:1911} INFO - Created Permission View: can create on DAG Run:example_python_operator
[2024-12-03T14:19:27.064+0000] {logging_mixin.py:190} INFO - [2024-12-03T14:19:27.064+0000] {dag.py:3239} INFO - Sync 1 DAGs
[2024-12-03T14:19:27.086+0000] {logging_mixin.py:190} INFO - [2024-12-03T14:19:27.086+0000] {dag.py:3262} INFO - Creating ORM DAG for example_python_operator
[2024-12-03T14:19:27.088+0000] {logging_mixin.py:190} INFO - [2024-12-03T14:19:27.088+0000] {dag.py:4180} INFO - Setting next_dagrun for example_python_operator to None, run_after=None
[2024-12-03T14:19:27.126+0000] {processor.py:208} INFO - Processing /home/airflow/.local/lib/python3.12/site-packages/airflow/example_dags/example_python_operator.py took 0.755 seconds
[2024-12-03T14:19:58.560+0000] {processor.py:186} INFO - Started process (PID=185) to work on /home/airflow/.local/lib/python3.12/site-packages/airflow/example_dags/example_python_operator.py
[2024-12-03T14:19:58.562+0000] {processor.py:914} INFO - Processing file /home/airflow/.local/lib/python3.12/site-packages/airflow/example_dags/example_python_operator.py for tasks to queue
[2024-12-03T14:19:58.565+0000] {logging_mixin.py:190} INFO - [2024-12-03T14:19:58.564+0000] {dagbag.py:588} INFO - Filling up the DagBag from /home/airflow/.local/lib/python3.12/site-packages/airflow/example_dags/example_python_operator.py
[2024-12-03T14:19:58.585+0000] {processor.py:925} INFO - DAG(s) 'example_python_operator' retrieved from /home/airflow/.local/lib/python3.12/site-packages/airflow/example_dags/example_python_operator.py
[2024-12-03T14:19:58.632+0000] {logging_mixin.py:190} INFO - [2024-12-03T14:19:58.631+0000] {dag.py:3239} INFO - Sync 1 DAGs
[2024-12-03T14:19:58.656+0000] {logging_mixin.py:190} INFO - [2024-12-03T14:19:58.656+0000] {dag.py:4180} INFO - Setting next_dagrun for example_python_operator to None, run_after=None
[2024-12-03T14:19:58.694+0000] {processor.py:208} INFO - Processing /home/airflow/.local/lib/python3.12/site-packages/airflow/example_dags/example_python_operator.py took 0.141 seconds
[2024-12-03T14:20:30.412+0000] {processor.py:186} INFO - Started process (PID=249) to work on /home/airflow/.local/lib/python3.12/site-packages/airflow/example_dags/example_python_operator.py
[2024-12-03T14:20:30.415+0000] {processor.py:914} INFO - Processing file /home/airflow/.local/lib/python3.12/site-packages/airflow/example_dags/example_python_operator.py for tasks to queue
[2024-12-03T14:20:30.420+0000] {logging_mixin.py:190} INFO - [2024-12-03T14:20:30.417+0000] {dagbag.py:588} INFO - Filling up the DagBag from /home/airflow/.local/lib/python3.12/site-packages/airflow/example_dags/example_python_operator.py
[2024-12-03T14:20:30.447+0000] {processor.py:925} INFO - DAG(s) 'example_python_operator' retrieved from /home/airflow/.local/lib/python3.12/site-packages/airflow/example_dags/example_python_operator.py
[2024-12-03T14:20:30.484+0000] {logging_mixin.py:190} INFO - [2024-12-03T14:20:30.483+0000] {dag.py:3239} INFO - Sync 1 DAGs
[2024-12-03T14:20:30.504+0000] {logging_mixin.py:190} INFO - [2024-12-03T14:20:30.503+0000] {dag.py:4180} INFO - Setting next_dagrun for example_python_operator to None, run_after=None
[2024-12-03T14:20:30.545+0000] {processor.py:208} INFO - Processing /home/airflow/.local/lib/python3.12/site-packages/airflow/example_dags/example_python_operator.py took 0.150 seconds
[2024-12-03T14:21:02.133+0000] {processor.py:186} INFO - Started process (PID=314) to work on /home/airflow/.local/lib/python3.12/site-packages/airflow/example_dags/example_python_operator.py
[2024-12-03T14:21:02.134+0000] {processor.py:914} INFO - Processing file /home/airflow/.local/lib/python3.12/site-packages/airflow/example_dags/example_python_operator.py for tasks to queue
[2024-12-03T14:21:02.135+0000] {logging_mixin.py:190} INFO - [2024-12-03T14:21:02.135+0000] {dagbag.py:588} INFO - Filling up the DagBag from /home/airflow/.local/lib/python3.12/site-packages/airflow/example_dags/example_python_operator.py
[2024-12-03T14:21:02.156+0000] {processor.py:925} INFO - DAG(s) 'example_python_operator' retrieved from /home/airflow/.local/lib/python3.12/site-packages/airflow/example_dags/example_python_operator.py
[2024-12-03T14:21:02.189+0000] {logging_mixin.py:190} INFO - [2024-12-03T14:21:02.188+0000] {dag.py:3239} INFO - Sync 1 DAGs
[2024-12-03T14:21:02.215+0000] {logging_mixin.py:190} INFO - [2024-12-03T14:21:02.214+0000] {dag.py:4180} INFO - Setting next_dagrun for example_python_operator to None, run_after=None
[2024-12-03T14:21:02.251+0000] {processor.py:208} INFO - Processing /home/airflow/.local/lib/python3.12/site-packages/airflow/example_dags/example_python_operator.py took 0.123 seconds
[2024-12-03T14:21:33.537+0000] {processor.py:186} INFO - Started process (PID=378) to work on /home/airflow/.local/lib/python3.12/site-packages/airflow/example_dags/example_python_operator.py
[2024-12-03T14:21:33.538+0000] {processor.py:914} INFO - Processing file /home/airflow/.local/lib/python3.12/site-packages/airflow/example_dags/example_python_operator.py for tasks to queue
[2024-12-03T14:21:33.540+0000] {logging_mixin.py:190} INFO - [2024-12-03T14:21:33.539+0000] {dagbag.py:588} INFO - Filling up the DagBag from /home/airflow/.local/lib/python3.12/site-packages/airflow/example_dags/example_python_operator.py
[2024-12-03T14:21:33.555+0000] {processor.py:925} INFO - DAG(s) 'example_python_operator' retrieved from /home/airflow/.local/lib/python3.12/site-packages/airflow/example_dags/example_python_operator.py
[2024-12-03T14:21:33.592+0000] {logging_mixin.py:190} INFO - [2024-12-03T14:21:33.591+0000] {dag.py:3239} INFO - Sync 1 DAGs
[2024-12-03T14:21:33.619+0000] {logging_mixin.py:190} INFO - [2024-12-03T14:21:33.619+0000] {dag.py:4180} INFO - Setting next_dagrun for example_python_operator to None, run_after=None
[2024-12-03T14:21:33.656+0000] {processor.py:208} INFO - Processing /home/airflow/.local/lib/python3.12/site-packages/airflow/example_dags/example_python_operator.py took 0.127 seconds
[2024-12-03T14:22:04.621+0000] {processor.py:186} INFO - Started process (PID=443) to work on /home/airflow/.local/lib/python3.12/site-packages/airflow/example_dags/example_python_operator.py
[2024-12-03T14:22:04.623+0000] {processor.py:914} INFO - Processing file /home/airflow/.local/lib/python3.12/site-packages/airflow/example_dags/example_python_operator.py for tasks to queue
[2024-12-03T14:22:04.625+0000] {logging_mixin.py:190} INFO - [2024-12-03T14:22:04.625+0000] {dagbag.py:588} INFO - Filling up the DagBag from /home/airflow/.local/lib/python3.12/site-packages/airflow/example_dags/example_python_operator.py
[2024-12-03T14:22:04.646+0000] {processor.py:925} INFO - DAG(s) 'example_python_operator' retrieved from /home/airflow/.local/lib/python3.12/site-packages/airflow/example_dags/example_python_operator.py
[2024-12-03T14:22:04.685+0000] {logging_mixin.py:190} INFO - [2024-12-03T14:22:04.684+0000] {dag.py:3239} INFO - Sync 1 DAGs
[2024-12-03T14:22:04.710+0000] {logging_mixin.py:190} INFO - [2024-12-03T14:22:04.709+0000] {dag.py:4180} INFO - Setting next_dagrun for example_python_operator to None, run_after=None
[2024-12-03T14:22:04.747+0000] {processor.py:208} INFO - Processing /home/airflow/.local/lib/python3.12/site-packages/airflow/example_dags/example_python_operator.py took 0.133 seconds
[2024-12-03T14:22:36.236+0000] {processor.py:186} INFO - Started process (PID=507) to work on /home/airflow/.local/lib/python3.12/site-packages/airflow/example_dags/example_python_operator.py
[2024-12-03T14:22:36.237+0000] {processor.py:914} INFO - Processing file /home/airflow/.local/lib/python3.12/site-packages/airflow/example_dags/example_python_operator.py for tasks to queue
[2024-12-03T14:22:36.239+0000] {logging_mixin.py:190} INFO - [2024-12-03T14:22:36.238+0000] {dagbag.py:588} INFO - Filling up the DagBag from /home/airflow/.local/lib/python3.12/site-packages/airflow/example_dags/example_python_operator.py
[2024-12-03T14:22:36.253+0000] {processor.py:925} INFO - DAG(s) 'example_python_operator' retrieved from /home/airflow/.local/lib/python3.12/site-packages/airflow/example_dags/example_python_operator.py
[2024-12-03T14:22:36.282+0000] {logging_mixin.py:190} INFO - [2024-12-03T14:22:36.281+0000] {dag.py:3239} INFO - Sync 1 DAGs
[2024-12-03T14:22:36.303+0000] {logging_mixin.py:190} INFO - [2024-12-03T14:22:36.303+0000] {dag.py:4180} INFO - Setting next_dagrun for example_python_operator to None, run_after=None
[2024-12-03T14:22:36.338+0000] {processor.py:208} INFO - Processing /home/airflow/.local/lib/python3.12/site-packages/airflow/example_dags/example_python_operator.py took 0.108 seconds
[2024-12-03T14:23:07.436+0000] {processor.py:186} INFO - Started process (PID=571) to work on /home/airflow/.local/lib/python3.12/site-packages/airflow/example_dags/example_python_operator.py
[2024-12-03T14:23:07.438+0000] {processor.py:914} INFO - Processing file /home/airflow/.local/lib/python3.12/site-packages/airflow/example_dags/example_python_operator.py for tasks to queue
[2024-12-03T14:23:07.440+0000] {logging_mixin.py:190} INFO - [2024-12-03T14:23:07.439+0000] {dagbag.py:588} INFO - Filling up the DagBag from /home/airflow/.local/lib/python3.12/site-packages/airflow/example_dags/example_python_operator.py
[2024-12-03T14:23:07.456+0000] {processor.py:925} INFO - DAG(s) 'example_python_operator' retrieved from /home/airflow/.local/lib/python3.12/site-packages/airflow/example_dags/example_python_operator.py
[2024-12-03T14:23:07.511+0000] {logging_mixin.py:190} INFO - [2024-12-03T14:23:07.511+0000] {dag.py:3239} INFO - Sync 1 DAGs
[2024-12-03T14:23:07.537+0000] {logging_mixin.py:190} INFO - [2024-12-03T14:23:07.536+0000] {dag.py:4180} INFO - Setting next_dagrun for example_python_operator to None, run_after=None
[2024-12-03T14:23:07.574+0000] {processor.py:208} INFO - Processing /home/airflow/.local/lib/python3.12/site-packages/airflow/example_dags/example_python_operator.py took 0.144 seconds
[2024-12-03T14:23:39.420+0000] {processor.py:186} INFO - Started process (PID=635) to work on /home/airflow/.local/lib/python3.12/site-packages/airflow/example_dags/example_python_operator.py
[2024-12-03T14:23:39.424+0000] {processor.py:914} INFO - Processing file /home/airflow/.local/lib/python3.12/site-packages/airflow/example_dags/example_python_operator.py for tasks to queue
[2024-12-03T14:23:39.428+0000] {logging_mixin.py:190} INFO - [2024-12-03T14:23:39.427+0000] {dagbag.py:588} INFO - Filling up the DagBag from /home/airflow/.local/lib/python3.12/site-packages/airflow/example_dags/example_python_operator.py
[2024-12-03T14:23:39.911+0000] {processor.py:925} INFO - DAG(s) 'example_python_operator' retrieved from /home/airflow/.local/lib/python3.12/site-packages/airflow/example_dags/example_python_operator.py
[2024-12-03T14:23:40.009+0000] {logging_mixin.py:190} INFO - [2024-12-03T14:23:40.008+0000] {dag.py:3239} INFO - Sync 1 DAGs
[2024-12-03T14:23:40.077+0000] {logging_mixin.py:190} INFO - [2024-12-03T14:23:40.076+0000] {dag.py:4180} INFO - Setting next_dagrun for example_python_operator to None, run_after=None
[2024-12-03T14:23:40.162+0000] {processor.py:208} INFO - Processing /home/airflow/.local/lib/python3.12/site-packages/airflow/example_dags/example_python_operator.py took 0.776 seconds
[2024-12-03T14:24:11.098+0000] {processor.py:186} INFO - Started process (PID=698) to work on /home/airflow/.local/lib/python3.12/site-packages/airflow/example_dags/example_python_operator.py
[2024-12-03T14:24:11.100+0000] {processor.py:914} INFO - Processing file /home/airflow/.local/lib/python3.12/site-packages/airflow/example_dags/example_python_operator.py for tasks to queue
[2024-12-03T14:24:11.102+0000] {logging_mixin.py:190} INFO - [2024-12-03T14:24:11.102+0000] {dagbag.py:588} INFO - Filling up the DagBag from /home/airflow/.local/lib/python3.12/site-packages/airflow/example_dags/example_python_operator.py
[2024-12-03T14:24:11.114+0000] {processor.py:925} INFO - DAG(s) 'example_python_operator' retrieved from /home/airflow/.local/lib/python3.12/site-packages/airflow/example_dags/example_python_operator.py
[2024-12-03T14:24:11.143+0000] {logging_mixin.py:190} INFO - [2024-12-03T14:24:11.143+0000] {dag.py:3239} INFO - Sync 1 DAGs
[2024-12-03T14:24:11.160+0000] {logging_mixin.py:190} INFO - [2024-12-03T14:24:11.160+0000] {dag.py:4180} INFO - Setting next_dagrun for example_python_operator to None, run_after=None
[2024-12-03T14:24:11.188+0000] {processor.py:208} INFO - Processing /home/airflow/.local/lib/python3.12/site-packages/airflow/example_dags/example_python_operator.py took 0.103 seconds
[2024-12-03T14:24:41.541+0000] {processor.py:186} INFO - Started process (PID=762) to work on /home/airflow/.local/lib/python3.12/site-packages/airflow/example_dags/example_python_operator.py
[2024-12-03T14:24:41.542+0000] {processor.py:914} INFO - Processing file /home/airflow/.local/lib/python3.12/site-packages/airflow/example_dags/example_python_operator.py for tasks to queue
[2024-12-03T14:24:41.544+0000] {logging_mixin.py:190} INFO - [2024-12-03T14:24:41.543+0000] {dagbag.py:588} INFO - Filling up the DagBag from /home/airflow/.local/lib/python3.12/site-packages/airflow/example_dags/example_python_operator.py
[2024-12-03T14:24:41.558+0000] {processor.py:925} INFO - DAG(s) 'example_python_operator' retrieved from /home/airflow/.local/lib/python3.12/site-packages/airflow/example_dags/example_python_operator.py
[2024-12-03T14:24:41.594+0000] {logging_mixin.py:190} INFO - [2024-12-03T14:24:41.593+0000] {dag.py:3239} INFO - Sync 1 DAGs
[2024-12-03T14:24:41.613+0000] {logging_mixin.py:190} INFO - [2024-12-03T14:24:41.613+0000] {dag.py:4180} INFO - Setting next_dagrun for example_python_operator to None, run_after=None
[2024-12-03T14:24:41.643+0000] {processor.py:208} INFO - Processing /home/airflow/.local/lib/python3.12/site-packages/airflow/example_dags/example_python_operator.py took 0.108 seconds
