[2024-12-03T13:57:23.594+0000] {processor.py:186} INFO - Started process (PID=118) to work on /home/airflow/.local/lib/python3.12/site-packages/airflow/example_dags/example_setup_teardown_taskflow.py
[2024-12-03T13:57:23.597+0000] {processor.py:914} INFO - Processing file /home/airflow/.local/lib/python3.12/site-packages/airflow/example_dags/example_setup_teardown_taskflow.py for tasks to queue
[2024-12-03T13:57:23.602+0000] {logging_mixin.py:190} INFO - [2024-12-03T13:57:23.601+0000] {dagbag.py:588} INFO - Filling up the DagBag from /home/airflow/.local/lib/python3.12/site-packages/airflow/example_dags/example_setup_teardown_taskflow.py
[2024-12-03T13:57:23.616+0000] {processor.py:925} INFO - DAG(s) 'example_setup_teardown_taskflow' retrieved from /home/airflow/.local/lib/python3.12/site-packages/airflow/example_dags/example_setup_teardown_taskflow.py
[2024-12-03T13:57:23.771+0000] {logging_mixin.py:190} INFO - [2024-12-03T13:57:23.770+0000] {override.py:1911} INFO - Created Permission View: can delete on DAG:example_setup_teardown_taskflow
[2024-12-03T13:57:23.787+0000] {logging_mixin.py:190} INFO - [2024-12-03T13:57:23.787+0000] {override.py:1911} INFO - Created Permission View: can read on DAG:example_setup_teardown_taskflow
[2024-12-03T13:57:23.800+0000] {logging_mixin.py:190} INFO - [2024-12-03T13:57:23.800+0000] {override.py:1911} INFO - Created Permission View: can edit on DAG:example_setup_teardown_taskflow
[2024-12-03T13:57:23.815+0000] {logging_mixin.py:190} INFO - [2024-12-03T13:57:23.815+0000] {override.py:1911} INFO - Created Permission View: can create on DAG Run:example_setup_teardown_taskflow
[2024-12-03T13:57:23.826+0000] {logging_mixin.py:190} INFO - [2024-12-03T13:57:23.826+0000] {override.py:1911} INFO - Created Permission View: menu access on DAG Run:example_setup_teardown_taskflow
[2024-12-03T13:57:23.839+0000] {logging_mixin.py:190} INFO - [2024-12-03T13:57:23.838+0000] {override.py:1911} INFO - Created Permission View: can delete on DAG Run:example_setup_teardown_taskflow
[2024-12-03T13:57:23.851+0000] {logging_mixin.py:190} INFO - [2024-12-03T13:57:23.850+0000] {override.py:1911} INFO - Created Permission View: can read on DAG Run:example_setup_teardown_taskflow
[2024-12-03T13:57:23.853+0000] {logging_mixin.py:190} INFO - [2024-12-03T13:57:23.853+0000] {dag.py:3239} INFO - Sync 1 DAGs
[2024-12-03T13:57:23.870+0000] {logging_mixin.py:190} INFO - [2024-12-03T13:57:23.869+0000] {dag.py:3262} INFO - Creating ORM DAG for example_setup_teardown_taskflow
[2024-12-03T13:57:23.872+0000] {logging_mixin.py:190} INFO - [2024-12-03T13:57:23.872+0000] {dag.py:4180} INFO - Setting next_dagrun for example_setup_teardown_taskflow to None, run_after=None
[2024-12-03T13:57:23.895+0000] {processor.py:208} INFO - Processing /home/airflow/.local/lib/python3.12/site-packages/airflow/example_dags/example_setup_teardown_taskflow.py took 0.307 seconds
[2024-12-03T14:19:33.566+0000] {processor.py:186} INFO - Started process (PID=136) to work on /home/airflow/.local/lib/python3.12/site-packages/airflow/example_dags/example_setup_teardown_taskflow.py
[2024-12-03T14:19:33.567+0000] {processor.py:914} INFO - Processing file /home/airflow/.local/lib/python3.12/site-packages/airflow/example_dags/example_setup_teardown_taskflow.py for tasks to queue
[2024-12-03T14:19:33.569+0000] {logging_mixin.py:190} INFO - [2024-12-03T14:19:33.569+0000] {dagbag.py:588} INFO - Filling up the DagBag from /home/airflow/.local/lib/python3.12/site-packages/airflow/example_dags/example_setup_teardown_taskflow.py
[2024-12-03T14:19:33.584+0000] {processor.py:925} INFO - DAG(s) 'example_setup_teardown_taskflow' retrieved from /home/airflow/.local/lib/python3.12/site-packages/airflow/example_dags/example_setup_teardown_taskflow.py
[2024-12-03T14:19:33.803+0000] {logging_mixin.py:190} INFO - [2024-12-03T14:19:33.799+0000] {override.py:1911} INFO - Created Permission View: can read on DAG:example_setup_teardown_taskflow
[2024-12-03T14:19:33.827+0000] {logging_mixin.py:190} INFO - [2024-12-03T14:19:33.826+0000] {override.py:1911} INFO - Created Permission View: can edit on DAG:example_setup_teardown_taskflow
[2024-12-03T14:19:33.846+0000] {logging_mixin.py:190} INFO - [2024-12-03T14:19:33.845+0000] {override.py:1911} INFO - Created Permission View: can delete on DAG:example_setup_teardown_taskflow
[2024-12-03T14:19:33.866+0000] {logging_mixin.py:190} INFO - [2024-12-03T14:19:33.865+0000] {override.py:1911} INFO - Created Permission View: can read on DAG Run:example_setup_teardown_taskflow
[2024-12-03T14:19:33.883+0000] {logging_mixin.py:190} INFO - [2024-12-03T14:19:33.883+0000] {override.py:1911} INFO - Created Permission View: menu access on DAG Run:example_setup_teardown_taskflow
[2024-12-03T14:19:33.902+0000] {logging_mixin.py:190} INFO - [2024-12-03T14:19:33.902+0000] {override.py:1911} INFO - Created Permission View: can delete on DAG Run:example_setup_teardown_taskflow
[2024-12-03T14:19:33.921+0000] {logging_mixin.py:190} INFO - [2024-12-03T14:19:33.920+0000] {override.py:1911} INFO - Created Permission View: can create on DAG Run:example_setup_teardown_taskflow
[2024-12-03T14:19:33.923+0000] {logging_mixin.py:190} INFO - [2024-12-03T14:19:33.922+0000] {dag.py:3239} INFO - Sync 1 DAGs
[2024-12-03T14:19:33.947+0000] {logging_mixin.py:190} INFO - [2024-12-03T14:19:33.947+0000] {dag.py:3262} INFO - Creating ORM DAG for example_setup_teardown_taskflow
[2024-12-03T14:19:33.950+0000] {logging_mixin.py:190} INFO - [2024-12-03T14:19:33.949+0000] {dag.py:4180} INFO - Setting next_dagrun for example_setup_teardown_taskflow to None, run_after=None
[2024-12-03T14:19:33.987+0000] {processor.py:208} INFO - Processing /home/airflow/.local/lib/python3.12/site-packages/airflow/example_dags/example_setup_teardown_taskflow.py took 0.429 seconds
[2024-12-03T14:20:04.678+0000] {processor.py:186} INFO - Started process (PID=200) to work on /home/airflow/.local/lib/python3.12/site-packages/airflow/example_dags/example_setup_teardown_taskflow.py
[2024-12-03T14:20:04.680+0000] {processor.py:914} INFO - Processing file /home/airflow/.local/lib/python3.12/site-packages/airflow/example_dags/example_setup_teardown_taskflow.py for tasks to queue
[2024-12-03T14:20:04.682+0000] {logging_mixin.py:190} INFO - [2024-12-03T14:20:04.682+0000] {dagbag.py:588} INFO - Filling up the DagBag from /home/airflow/.local/lib/python3.12/site-packages/airflow/example_dags/example_setup_teardown_taskflow.py
[2024-12-03T14:20:04.693+0000] {processor.py:925} INFO - DAG(s) 'example_setup_teardown_taskflow' retrieved from /home/airflow/.local/lib/python3.12/site-packages/airflow/example_dags/example_setup_teardown_taskflow.py
[2024-12-03T14:20:04.724+0000] {logging_mixin.py:190} INFO - [2024-12-03T14:20:04.724+0000] {dag.py:3239} INFO - Sync 1 DAGs
[2024-12-03T14:20:04.742+0000] {logging_mixin.py:190} INFO - [2024-12-03T14:20:04.742+0000] {dag.py:4180} INFO - Setting next_dagrun for example_setup_teardown_taskflow to None, run_after=None
[2024-12-03T14:20:04.771+0000] {processor.py:208} INFO - Processing /home/airflow/.local/lib/python3.12/site-packages/airflow/example_dags/example_setup_teardown_taskflow.py took 0.098 seconds
[2024-12-03T14:20:34.987+0000] {processor.py:186} INFO - Started process (PID=264) to work on /home/airflow/.local/lib/python3.12/site-packages/airflow/example_dags/example_setup_teardown_taskflow.py
[2024-12-03T14:20:34.988+0000] {processor.py:914} INFO - Processing file /home/airflow/.local/lib/python3.12/site-packages/airflow/example_dags/example_setup_teardown_taskflow.py for tasks to queue
[2024-12-03T14:20:34.991+0000] {logging_mixin.py:190} INFO - [2024-12-03T14:20:34.990+0000] {dagbag.py:588} INFO - Filling up the DagBag from /home/airflow/.local/lib/python3.12/site-packages/airflow/example_dags/example_setup_teardown_taskflow.py
[2024-12-03T14:20:35.008+0000] {processor.py:925} INFO - DAG(s) 'example_setup_teardown_taskflow' retrieved from /home/airflow/.local/lib/python3.12/site-packages/airflow/example_dags/example_setup_teardown_taskflow.py
[2024-12-03T14:20:35.043+0000] {logging_mixin.py:190} INFO - [2024-12-03T14:20:35.042+0000] {dag.py:3239} INFO - Sync 1 DAGs
[2024-12-03T14:20:35.068+0000] {logging_mixin.py:190} INFO - [2024-12-03T14:20:35.067+0000] {dag.py:4180} INFO - Setting next_dagrun for example_setup_teardown_taskflow to None, run_after=None
[2024-12-03T14:20:35.102+0000] {processor.py:208} INFO - Processing /home/airflow/.local/lib/python3.12/site-packages/airflow/example_dags/example_setup_teardown_taskflow.py took 0.123 seconds
[2024-12-03T14:21:05.755+0000] {processor.py:186} INFO - Started process (PID=329) to work on /home/airflow/.local/lib/python3.12/site-packages/airflow/example_dags/example_setup_teardown_taskflow.py
[2024-12-03T14:21:05.757+0000] {processor.py:914} INFO - Processing file /home/airflow/.local/lib/python3.12/site-packages/airflow/example_dags/example_setup_teardown_taskflow.py for tasks to queue
[2024-12-03T14:21:05.759+0000] {logging_mixin.py:190} INFO - [2024-12-03T14:21:05.759+0000] {dagbag.py:588} INFO - Filling up the DagBag from /home/airflow/.local/lib/python3.12/site-packages/airflow/example_dags/example_setup_teardown_taskflow.py
[2024-12-03T14:21:05.770+0000] {processor.py:925} INFO - DAG(s) 'example_setup_teardown_taskflow' retrieved from /home/airflow/.local/lib/python3.12/site-packages/airflow/example_dags/example_setup_teardown_taskflow.py
[2024-12-03T14:21:05.797+0000] {logging_mixin.py:190} INFO - [2024-12-03T14:21:05.796+0000] {dag.py:3239} INFO - Sync 1 DAGs
[2024-12-03T14:21:05.817+0000] {logging_mixin.py:190} INFO - [2024-12-03T14:21:05.816+0000] {dag.py:4180} INFO - Setting next_dagrun for example_setup_teardown_taskflow to None, run_after=None
[2024-12-03T14:21:05.845+0000] {processor.py:208} INFO - Processing /home/airflow/.local/lib/python3.12/site-packages/airflow/example_dags/example_setup_teardown_taskflow.py took 0.096 seconds
[2024-12-03T14:21:36.159+0000] {processor.py:186} INFO - Started process (PID=392) to work on /home/airflow/.local/lib/python3.12/site-packages/airflow/example_dags/example_setup_teardown_taskflow.py
[2024-12-03T14:21:36.160+0000] {processor.py:914} INFO - Processing file /home/airflow/.local/lib/python3.12/site-packages/airflow/example_dags/example_setup_teardown_taskflow.py for tasks to queue
[2024-12-03T14:21:36.161+0000] {logging_mixin.py:190} INFO - [2024-12-03T14:21:36.161+0000] {dagbag.py:588} INFO - Filling up the DagBag from /home/airflow/.local/lib/python3.12/site-packages/airflow/example_dags/example_setup_teardown_taskflow.py
[2024-12-03T14:21:36.171+0000] {processor.py:925} INFO - DAG(s) 'example_setup_teardown_taskflow' retrieved from /home/airflow/.local/lib/python3.12/site-packages/airflow/example_dags/example_setup_teardown_taskflow.py
[2024-12-03T14:21:36.199+0000] {logging_mixin.py:190} INFO - [2024-12-03T14:21:36.198+0000] {dag.py:3239} INFO - Sync 1 DAGs
[2024-12-03T14:21:36.214+0000] {logging_mixin.py:190} INFO - [2024-12-03T14:21:36.214+0000] {dag.py:4180} INFO - Setting next_dagrun for example_setup_teardown_taskflow to None, run_after=None
[2024-12-03T14:21:36.241+0000] {processor.py:208} INFO - Processing /home/airflow/.local/lib/python3.12/site-packages/airflow/example_dags/example_setup_teardown_taskflow.py took 0.087 seconds
[2024-12-03T14:22:06.429+0000] {processor.py:186} INFO - Started process (PID=456) to work on /home/airflow/.local/lib/python3.12/site-packages/airflow/example_dags/example_setup_teardown_taskflow.py
[2024-12-03T14:22:06.430+0000] {processor.py:914} INFO - Processing file /home/airflow/.local/lib/python3.12/site-packages/airflow/example_dags/example_setup_teardown_taskflow.py for tasks to queue
[2024-12-03T14:22:06.432+0000] {logging_mixin.py:190} INFO - [2024-12-03T14:22:06.432+0000] {dagbag.py:588} INFO - Filling up the DagBag from /home/airflow/.local/lib/python3.12/site-packages/airflow/example_dags/example_setup_teardown_taskflow.py
[2024-12-03T14:22:06.444+0000] {processor.py:925} INFO - DAG(s) 'example_setup_teardown_taskflow' retrieved from /home/airflow/.local/lib/python3.12/site-packages/airflow/example_dags/example_setup_teardown_taskflow.py
[2024-12-03T14:22:06.476+0000] {logging_mixin.py:190} INFO - [2024-12-03T14:22:06.476+0000] {dag.py:3239} INFO - Sync 1 DAGs
[2024-12-03T14:22:06.495+0000] {logging_mixin.py:190} INFO - [2024-12-03T14:22:06.494+0000] {dag.py:4180} INFO - Setting next_dagrun for example_setup_teardown_taskflow to None, run_after=None
[2024-12-03T14:22:06.525+0000] {processor.py:208} INFO - Processing /home/airflow/.local/lib/python3.12/site-packages/airflow/example_dags/example_setup_teardown_taskflow.py took 0.102 seconds
[2024-12-03T14:22:38.142+0000] {processor.py:186} INFO - Started process (PID=521) to work on /home/airflow/.local/lib/python3.12/site-packages/airflow/example_dags/example_setup_teardown_taskflow.py
[2024-12-03T14:22:38.143+0000] {processor.py:914} INFO - Processing file /home/airflow/.local/lib/python3.12/site-packages/airflow/example_dags/example_setup_teardown_taskflow.py for tasks to queue
[2024-12-03T14:22:38.145+0000] {logging_mixin.py:190} INFO - [2024-12-03T14:22:38.144+0000] {dagbag.py:588} INFO - Filling up the DagBag from /home/airflow/.local/lib/python3.12/site-packages/airflow/example_dags/example_setup_teardown_taskflow.py
[2024-12-03T14:22:38.159+0000] {processor.py:925} INFO - DAG(s) 'example_setup_teardown_taskflow' retrieved from /home/airflow/.local/lib/python3.12/site-packages/airflow/example_dags/example_setup_teardown_taskflow.py
[2024-12-03T14:22:38.195+0000] {logging_mixin.py:190} INFO - [2024-12-03T14:22:38.195+0000] {dag.py:3239} INFO - Sync 1 DAGs
[2024-12-03T14:22:38.228+0000] {logging_mixin.py:190} INFO - [2024-12-03T14:22:38.227+0000] {dag.py:4180} INFO - Setting next_dagrun for example_setup_teardown_taskflow to None, run_after=None
[2024-12-03T14:22:38.264+0000] {processor.py:208} INFO - Processing /home/airflow/.local/lib/python3.12/site-packages/airflow/example_dags/example_setup_teardown_taskflow.py took 0.130 seconds
[2024-12-03T14:23:09.128+0000] {processor.py:186} INFO - Started process (PID=584) to work on /home/airflow/.local/lib/python3.12/site-packages/airflow/example_dags/example_setup_teardown_taskflow.py
[2024-12-03T14:23:09.129+0000] {processor.py:914} INFO - Processing file /home/airflow/.local/lib/python3.12/site-packages/airflow/example_dags/example_setup_teardown_taskflow.py for tasks to queue
[2024-12-03T14:23:09.130+0000] {logging_mixin.py:190} INFO - [2024-12-03T14:23:09.130+0000] {dagbag.py:588} INFO - Filling up the DagBag from /home/airflow/.local/lib/python3.12/site-packages/airflow/example_dags/example_setup_teardown_taskflow.py
[2024-12-03T14:23:09.141+0000] {processor.py:925} INFO - DAG(s) 'example_setup_teardown_taskflow' retrieved from /home/airflow/.local/lib/python3.12/site-packages/airflow/example_dags/example_setup_teardown_taskflow.py
[2024-12-03T14:23:09.167+0000] {logging_mixin.py:190} INFO - [2024-12-03T14:23:09.167+0000] {dag.py:3239} INFO - Sync 1 DAGs
[2024-12-03T14:23:09.187+0000] {logging_mixin.py:190} INFO - [2024-12-03T14:23:09.186+0000] {dag.py:4180} INFO - Setting next_dagrun for example_setup_teardown_taskflow to None, run_after=None
[2024-12-03T14:23:09.264+0000] {processor.py:208} INFO - Processing /home/airflow/.local/lib/python3.12/site-packages/airflow/example_dags/example_setup_teardown_taskflow.py took 0.142 seconds
[2024-12-03T14:23:43.979+0000] {processor.py:186} INFO - Started process (PID=649) to work on /home/airflow/.local/lib/python3.12/site-packages/airflow/example_dags/example_setup_teardown_taskflow.py
[2024-12-03T14:23:43.980+0000] {processor.py:914} INFO - Processing file /home/airflow/.local/lib/python3.12/site-packages/airflow/example_dags/example_setup_teardown_taskflow.py for tasks to queue
[2024-12-03T14:23:43.983+0000] {logging_mixin.py:190} INFO - [2024-12-03T14:23:43.982+0000] {dagbag.py:588} INFO - Filling up the DagBag from /home/airflow/.local/lib/python3.12/site-packages/airflow/example_dags/example_setup_teardown_taskflow.py
[2024-12-03T14:23:44.006+0000] {processor.py:925} INFO - DAG(s) 'example_setup_teardown_taskflow' retrieved from /home/airflow/.local/lib/python3.12/site-packages/airflow/example_dags/example_setup_teardown_taskflow.py
[2024-12-03T14:23:44.069+0000] {logging_mixin.py:190} INFO - [2024-12-03T14:23:44.068+0000] {dag.py:3239} INFO - Sync 1 DAGs
[2024-12-03T14:23:44.112+0000] {logging_mixin.py:190} INFO - [2024-12-03T14:23:44.111+0000] {dag.py:4180} INFO - Setting next_dagrun for example_setup_teardown_taskflow to None, run_after=None
[2024-12-03T14:23:44.152+0000] {processor.py:208} INFO - Processing /home/airflow/.local/lib/python3.12/site-packages/airflow/example_dags/example_setup_teardown_taskflow.py took 0.184 seconds
[2024-12-03T14:24:18.376+0000] {processor.py:186} INFO - Started process (PID=718) to work on /home/airflow/.local/lib/python3.12/site-packages/airflow/example_dags/example_setup_teardown_taskflow.py
[2024-12-03T14:24:18.377+0000] {processor.py:914} INFO - Processing file /home/airflow/.local/lib/python3.12/site-packages/airflow/example_dags/example_setup_teardown_taskflow.py for tasks to queue
[2024-12-03T14:24:18.380+0000] {logging_mixin.py:190} INFO - [2024-12-03T14:24:18.380+0000] {dagbag.py:588} INFO - Filling up the DagBag from /home/airflow/.local/lib/python3.12/site-packages/airflow/example_dags/example_setup_teardown_taskflow.py
[2024-12-03T14:24:18.400+0000] {processor.py:925} INFO - DAG(s) 'example_setup_teardown_taskflow' retrieved from /home/airflow/.local/lib/python3.12/site-packages/airflow/example_dags/example_setup_teardown_taskflow.py
[2024-12-03T14:24:18.439+0000] {logging_mixin.py:190} INFO - [2024-12-03T14:24:18.438+0000] {dag.py:3239} INFO - Sync 1 DAGs
[2024-12-03T14:24:18.465+0000] {logging_mixin.py:190} INFO - [2024-12-03T14:24:18.465+0000] {dag.py:4180} INFO - Setting next_dagrun for example_setup_teardown_taskflow to None, run_after=None
[2024-12-03T14:24:18.506+0000] {processor.py:208} INFO - Processing /home/airflow/.local/lib/python3.12/site-packages/airflow/example_dags/example_setup_teardown_taskflow.py took 0.140 seconds
