[2024-12-03T14:19:08.318+0000] {processor.py:186} INFO - Started process (PID=83) to work on /home/airflow/.local/lib/python3.12/site-packages/airflow/example_dags/example_bash_operator.py
[2024-12-03T14:19:08.324+0000] {processor.py:914} INFO - Processing file /home/airflow/.local/lib/python3.12/site-packages/airflow/example_dags/example_bash_operator.py for tasks to queue
[2024-12-03T14:19:08.347+0000] {logging_mixin.py:190} INFO - [2024-12-03T14:19:08.339+0000] {dagbag.py:588} INFO - Filling up the DagBag from /home/airflow/.local/lib/python3.12/site-packages/airflow/example_dags/example_bash_operator.py
[2024-12-03T14:19:08.488+0000] {processor.py:925} INFO - DAG(s) 'example_bash_operator' retrieved from /home/airflow/.local/lib/python3.12/site-packages/airflow/example_dags/example_bash_operator.py
[2024-12-03T14:19:09.635+0000] {logging_mixin.py:190} INFO - [2024-12-03T14:19:09.604+0000] {override.py:1911} INFO - Created Permission View: can read on DAG:example_bash_operator
[2024-12-03T14:19:09.680+0000] {logging_mixin.py:190} INFO - [2024-12-03T14:19:09.678+0000] {override.py:1911} INFO - Created Permission View: can edit on DAG:example_bash_operator
[2024-12-03T14:19:09.709+0000] {logging_mixin.py:190} INFO - [2024-12-03T14:19:09.708+0000] {override.py:1911} INFO - Created Permission View: can delete on DAG:example_bash_operator
[2024-12-03T14:19:09.745+0000] {logging_mixin.py:190} INFO - [2024-12-03T14:19:09.744+0000] {override.py:1911} INFO - Created Permission View: can read on DAG Run:example_bash_operator
[2024-12-03T14:19:09.785+0000] {logging_mixin.py:190} INFO - [2024-12-03T14:19:09.783+0000] {override.py:1911} INFO - Created Permission View: menu access on DAG Run:example_bash_operator
[2024-12-03T14:19:09.828+0000] {logging_mixin.py:190} INFO - [2024-12-03T14:19:09.827+0000] {override.py:1911} INFO - Created Permission View: can delete on DAG Run:example_bash_operator
[2024-12-03T14:19:09.869+0000] {logging_mixin.py:190} INFO - [2024-12-03T14:19:09.867+0000] {override.py:1911} INFO - Created Permission View: can create on DAG Run:example_bash_operator
[2024-12-03T14:19:09.872+0000] {logging_mixin.py:190} INFO - [2024-12-03T14:19:09.871+0000] {dag.py:3239} INFO - Sync 1 DAGs
[2024-12-03T14:19:09.967+0000] {logging_mixin.py:190} INFO - [2024-12-03T14:19:09.964+0000] {dag.py:3262} INFO - Creating ORM DAG for example_bash_operator
[2024-12-03T14:19:10.053+0000] {logging_mixin.py:190} INFO - [2024-12-03T14:19:10.053+0000] {dag.py:4180} INFO - Setting next_dagrun for example_bash_operator to 2024-12-02 00:00:00+00:00, run_after=2024-12-03 00:00:00+00:00
[2024-12-03T14:19:10.176+0000] {processor.py:208} INFO - Processing /home/airflow/.local/lib/python3.12/site-packages/airflow/example_dags/example_bash_operator.py took 1.916 seconds
[2024-12-03T14:19:40.492+0000] {processor.py:186} INFO - Started process (PID=147) to work on /home/airflow/.local/lib/python3.12/site-packages/airflow/example_dags/example_bash_operator.py
[2024-12-03T14:19:40.495+0000] {processor.py:914} INFO - Processing file /home/airflow/.local/lib/python3.12/site-packages/airflow/example_dags/example_bash_operator.py for tasks to queue
[2024-12-03T14:19:40.503+0000] {logging_mixin.py:190} INFO - [2024-12-03T14:19:40.502+0000] {dagbag.py:588} INFO - Filling up the DagBag from /home/airflow/.local/lib/python3.12/site-packages/airflow/example_dags/example_bash_operator.py
[2024-12-03T14:19:40.535+0000] {processor.py:925} INFO - DAG(s) 'example_bash_operator' retrieved from /home/airflow/.local/lib/python3.12/site-packages/airflow/example_dags/example_bash_operator.py
[2024-12-03T14:19:40.608+0000] {logging_mixin.py:190} INFO - [2024-12-03T14:19:40.608+0000] {dag.py:3239} INFO - Sync 1 DAGs
[2024-12-03T14:19:40.670+0000] {logging_mixin.py:190} INFO - [2024-12-03T14:19:40.669+0000] {dag.py:4180} INFO - Setting next_dagrun for example_bash_operator to 2024-12-02 00:00:00+00:00, run_after=2024-12-03 00:00:00+00:00
[2024-12-03T14:19:40.708+0000] {processor.py:208} INFO - Processing /home/airflow/.local/lib/python3.12/site-packages/airflow/example_dags/example_bash_operator.py took 0.237 seconds
[2024-12-03T14:20:11.471+0000] {processor.py:186} INFO - Started process (PID=211) to work on /home/airflow/.local/lib/python3.12/site-packages/airflow/example_dags/example_bash_operator.py
[2024-12-03T14:20:11.473+0000] {processor.py:914} INFO - Processing file /home/airflow/.local/lib/python3.12/site-packages/airflow/example_dags/example_bash_operator.py for tasks to queue
[2024-12-03T14:20:11.475+0000] {logging_mixin.py:190} INFO - [2024-12-03T14:20:11.475+0000] {dagbag.py:588} INFO - Filling up the DagBag from /home/airflow/.local/lib/python3.12/site-packages/airflow/example_dags/example_bash_operator.py
[2024-12-03T14:20:11.490+0000] {processor.py:925} INFO - DAG(s) 'example_bash_operator' retrieved from /home/airflow/.local/lib/python3.12/site-packages/airflow/example_dags/example_bash_operator.py
[2024-12-03T14:20:11.526+0000] {logging_mixin.py:190} INFO - [2024-12-03T14:20:11.526+0000] {dag.py:3239} INFO - Sync 1 DAGs
[2024-12-03T14:20:11.562+0000] {logging_mixin.py:190} INFO - [2024-12-03T14:20:11.562+0000] {dag.py:4180} INFO - Setting next_dagrun for example_bash_operator to 2024-12-02 00:00:00+00:00, run_after=2024-12-03 00:00:00+00:00
[2024-12-03T14:20:11.594+0000] {processor.py:208} INFO - Processing /home/airflow/.local/lib/python3.12/site-packages/airflow/example_dags/example_bash_operator.py took 0.128 seconds
[2024-12-03T14:20:41.718+0000] {processor.py:186} INFO - Started process (PID=275) to work on /home/airflow/.local/lib/python3.12/site-packages/airflow/example_dags/example_bash_operator.py
[2024-12-03T14:20:41.719+0000] {processor.py:914} INFO - Processing file /home/airflow/.local/lib/python3.12/site-packages/airflow/example_dags/example_bash_operator.py for tasks to queue
[2024-12-03T14:20:41.721+0000] {logging_mixin.py:190} INFO - [2024-12-03T14:20:41.721+0000] {dagbag.py:588} INFO - Filling up the DagBag from /home/airflow/.local/lib/python3.12/site-packages/airflow/example_dags/example_bash_operator.py
[2024-12-03T14:20:41.736+0000] {processor.py:925} INFO - DAG(s) 'example_bash_operator' retrieved from /home/airflow/.local/lib/python3.12/site-packages/airflow/example_dags/example_bash_operator.py
[2024-12-03T14:20:41.770+0000] {logging_mixin.py:190} INFO - [2024-12-03T14:20:41.769+0000] {dag.py:3239} INFO - Sync 1 DAGs
[2024-12-03T14:20:41.797+0000] {logging_mixin.py:190} INFO - [2024-12-03T14:20:41.797+0000] {dag.py:4180} INFO - Setting next_dagrun for example_bash_operator to 2024-12-02 00:00:00+00:00, run_after=2024-12-03 00:00:00+00:00
[2024-12-03T14:20:41.822+0000] {processor.py:208} INFO - Processing /home/airflow/.local/lib/python3.12/site-packages/airflow/example_dags/example_bash_operator.py took 0.109 seconds
[2024-12-03T14:21:12.667+0000] {processor.py:186} INFO - Started process (PID=340) to work on /home/airflow/.local/lib/python3.12/site-packages/airflow/example_dags/example_bash_operator.py
[2024-12-03T14:21:12.669+0000] {processor.py:914} INFO - Processing file /home/airflow/.local/lib/python3.12/site-packages/airflow/example_dags/example_bash_operator.py for tasks to queue
[2024-12-03T14:21:12.671+0000] {logging_mixin.py:190} INFO - [2024-12-03T14:21:12.670+0000] {dagbag.py:588} INFO - Filling up the DagBag from /home/airflow/.local/lib/python3.12/site-packages/airflow/example_dags/example_bash_operator.py
[2024-12-03T14:21:12.687+0000] {processor.py:925} INFO - DAG(s) 'example_bash_operator' retrieved from /home/airflow/.local/lib/python3.12/site-packages/airflow/example_dags/example_bash_operator.py
[2024-12-03T14:21:12.728+0000] {logging_mixin.py:190} INFO - [2024-12-03T14:21:12.727+0000] {dag.py:3239} INFO - Sync 1 DAGs
[2024-12-03T14:21:12.763+0000] {logging_mixin.py:190} INFO - [2024-12-03T14:21:12.762+0000] {dag.py:4180} INFO - Setting next_dagrun for example_bash_operator to 2024-12-02 00:00:00+00:00, run_after=2024-12-03 00:00:00+00:00
[2024-12-03T14:21:12.793+0000] {processor.py:208} INFO - Processing /home/airflow/.local/lib/python3.12/site-packages/airflow/example_dags/example_bash_operator.py took 0.132 seconds
[2024-12-03T14:21:42.899+0000] {processor.py:186} INFO - Started process (PID=404) to work on /home/airflow/.local/lib/python3.12/site-packages/airflow/example_dags/example_bash_operator.py
[2024-12-03T14:21:42.902+0000] {processor.py:914} INFO - Processing file /home/airflow/.local/lib/python3.12/site-packages/airflow/example_dags/example_bash_operator.py for tasks to queue
[2024-12-03T14:21:42.907+0000] {logging_mixin.py:190} INFO - [2024-12-03T14:21:42.906+0000] {dagbag.py:588} INFO - Filling up the DagBag from /home/airflow/.local/lib/python3.12/site-packages/airflow/example_dags/example_bash_operator.py
[2024-12-03T14:21:42.941+0000] {processor.py:925} INFO - DAG(s) 'example_bash_operator' retrieved from /home/airflow/.local/lib/python3.12/site-packages/airflow/example_dags/example_bash_operator.py
[2024-12-03T14:21:43.002+0000] {logging_mixin.py:190} INFO - [2024-12-03T14:21:43.002+0000] {dag.py:3239} INFO - Sync 1 DAGs
[2024-12-03T14:21:43.048+0000] {logging_mixin.py:190} INFO - [2024-12-03T14:21:43.048+0000] {dag.py:4180} INFO - Setting next_dagrun for example_bash_operator to 2024-12-02 00:00:00+00:00, run_after=2024-12-03 00:00:00+00:00
[2024-12-03T14:21:43.088+0000] {processor.py:208} INFO - Processing /home/airflow/.local/lib/python3.12/site-packages/airflow/example_dags/example_bash_operator.py took 0.204 seconds
[2024-12-03T14:22:13.642+0000] {processor.py:186} INFO - Started process (PID=469) to work on /home/airflow/.local/lib/python3.12/site-packages/airflow/example_dags/example_bash_operator.py
[2024-12-03T14:22:13.644+0000] {processor.py:914} INFO - Processing file /home/airflow/.local/lib/python3.12/site-packages/airflow/example_dags/example_bash_operator.py for tasks to queue
[2024-12-03T14:22:13.645+0000] {logging_mixin.py:190} INFO - [2024-12-03T14:22:13.645+0000] {dagbag.py:588} INFO - Filling up the DagBag from /home/airflow/.local/lib/python3.12/site-packages/airflow/example_dags/example_bash_operator.py
[2024-12-03T14:22:13.659+0000] {processor.py:925} INFO - DAG(s) 'example_bash_operator' retrieved from /home/airflow/.local/lib/python3.12/site-packages/airflow/example_dags/example_bash_operator.py
[2024-12-03T14:22:13.692+0000] {logging_mixin.py:190} INFO - [2024-12-03T14:22:13.692+0000] {dag.py:3239} INFO - Sync 1 DAGs
[2024-12-03T14:22:13.733+0000] {logging_mixin.py:190} INFO - [2024-12-03T14:22:13.733+0000] {dag.py:4180} INFO - Setting next_dagrun for example_bash_operator to 2024-12-02 00:00:00+00:00, run_after=2024-12-03 00:00:00+00:00
[2024-12-03T14:22:13.762+0000] {processor.py:208} INFO - Processing /home/airflow/.local/lib/python3.12/site-packages/airflow/example_dags/example_bash_operator.py took 0.124 seconds
[2024-12-03T14:22:43.928+0000] {processor.py:186} INFO - Started process (PID=533) to work on /home/airflow/.local/lib/python3.12/site-packages/airflow/example_dags/example_bash_operator.py
[2024-12-03T14:22:43.929+0000] {processor.py:914} INFO - Processing file /home/airflow/.local/lib/python3.12/site-packages/airflow/example_dags/example_bash_operator.py for tasks to queue
[2024-12-03T14:22:43.932+0000] {logging_mixin.py:190} INFO - [2024-12-03T14:22:43.931+0000] {dagbag.py:588} INFO - Filling up the DagBag from /home/airflow/.local/lib/python3.12/site-packages/airflow/example_dags/example_bash_operator.py
[2024-12-03T14:22:43.957+0000] {processor.py:925} INFO - DAG(s) 'example_bash_operator' retrieved from /home/airflow/.local/lib/python3.12/site-packages/airflow/example_dags/example_bash_operator.py
[2024-12-03T14:22:44.008+0000] {logging_mixin.py:190} INFO - [2024-12-03T14:22:44.008+0000] {dag.py:3239} INFO - Sync 1 DAGs
[2024-12-03T14:22:44.063+0000] {logging_mixin.py:190} INFO - [2024-12-03T14:22:44.063+0000] {dag.py:4180} INFO - Setting next_dagrun for example_bash_operator to 2024-12-02 00:00:00+00:00, run_after=2024-12-03 00:00:00+00:00
[2024-12-03T14:22:44.097+0000] {processor.py:208} INFO - Processing /home/airflow/.local/lib/python3.12/site-packages/airflow/example_dags/example_bash_operator.py took 0.180 seconds
[2024-12-03T14:23:14.837+0000] {processor.py:186} INFO - Started process (PID=597) to work on /home/airflow/.local/lib/python3.12/site-packages/airflow/example_dags/example_bash_operator.py
[2024-12-03T14:23:14.838+0000] {processor.py:914} INFO - Processing file /home/airflow/.local/lib/python3.12/site-packages/airflow/example_dags/example_bash_operator.py for tasks to queue
[2024-12-03T14:23:14.840+0000] {logging_mixin.py:190} INFO - [2024-12-03T14:23:14.839+0000] {dagbag.py:588} INFO - Filling up the DagBag from /home/airflow/.local/lib/python3.12/site-packages/airflow/example_dags/example_bash_operator.py
[2024-12-03T14:23:14.854+0000] {processor.py:925} INFO - DAG(s) 'example_bash_operator' retrieved from /home/airflow/.local/lib/python3.12/site-packages/airflow/example_dags/example_bash_operator.py
[2024-12-03T14:23:14.892+0000] {logging_mixin.py:190} INFO - [2024-12-03T14:23:14.892+0000] {dag.py:3239} INFO - Sync 1 DAGs
[2024-12-03T14:23:14.921+0000] {logging_mixin.py:190} INFO - [2024-12-03T14:23:14.921+0000] {dag.py:4180} INFO - Setting next_dagrun for example_bash_operator to 2024-12-02 00:00:00+00:00, run_after=2024-12-03 00:00:00+00:00
[2024-12-03T14:23:14.947+0000] {processor.py:208} INFO - Processing /home/airflow/.local/lib/python3.12/site-packages/airflow/example_dags/example_bash_operator.py took 0.116 seconds
[2024-12-03T14:23:45.185+0000] {processor.py:186} INFO - Started process (PID=661) to work on /home/airflow/.local/lib/python3.12/site-packages/airflow/example_dags/example_bash_operator.py
[2024-12-03T14:23:45.187+0000] {processor.py:914} INFO - Processing file /home/airflow/.local/lib/python3.12/site-packages/airflow/example_dags/example_bash_operator.py for tasks to queue
[2024-12-03T14:23:45.189+0000] {logging_mixin.py:190} INFO - [2024-12-03T14:23:45.188+0000] {dagbag.py:588} INFO - Filling up the DagBag from /home/airflow/.local/lib/python3.12/site-packages/airflow/example_dags/example_bash_operator.py
[2024-12-03T14:23:45.202+0000] {processor.py:925} INFO - DAG(s) 'example_bash_operator' retrieved from /home/airflow/.local/lib/python3.12/site-packages/airflow/example_dags/example_bash_operator.py
[2024-12-03T14:23:45.237+0000] {logging_mixin.py:190} INFO - [2024-12-03T14:23:45.237+0000] {dag.py:3239} INFO - Sync 1 DAGs
[2024-12-03T14:23:45.266+0000] {logging_mixin.py:190} INFO - [2024-12-03T14:23:45.266+0000] {dag.py:4180} INFO - Setting next_dagrun for example_bash_operator to 2024-12-02 00:00:00+00:00, run_after=2024-12-03 00:00:00+00:00
[2024-12-03T14:23:45.296+0000] {processor.py:208} INFO - Processing /home/airflow/.local/lib/python3.12/site-packages/airflow/example_dags/example_bash_operator.py took 0.117 seconds
[2024-12-03T14:24:16.913+0000] {processor.py:186} INFO - Started process (PID=713) to work on /home/airflow/.local/lib/python3.12/site-packages/airflow/example_dags/example_bash_operator.py
[2024-12-03T14:24:16.914+0000] {processor.py:914} INFO - Processing file /home/airflow/.local/lib/python3.12/site-packages/airflow/example_dags/example_bash_operator.py for tasks to queue
[2024-12-03T14:24:16.917+0000] {logging_mixin.py:190} INFO - [2024-12-03T14:24:16.916+0000] {dagbag.py:588} INFO - Filling up the DagBag from /home/airflow/.local/lib/python3.12/site-packages/airflow/example_dags/example_bash_operator.py
[2024-12-03T14:24:16.936+0000] {processor.py:925} INFO - DAG(s) 'example_bash_operator' retrieved from /home/airflow/.local/lib/python3.12/site-packages/airflow/example_dags/example_bash_operator.py
[2024-12-03T14:24:16.978+0000] {logging_mixin.py:190} INFO - [2024-12-03T14:24:16.978+0000] {dag.py:3239} INFO - Sync 1 DAGs
[2024-12-03T14:24:17.009+0000] {logging_mixin.py:190} INFO - [2024-12-03T14:24:17.009+0000] {dag.py:4180} INFO - Setting next_dagrun for example_bash_operator to 2024-12-02 00:00:00+00:00, run_after=2024-12-03 00:00:00+00:00
[2024-12-03T14:24:17.039+0000] {processor.py:208} INFO - Processing /home/airflow/.local/lib/python3.12/site-packages/airflow/example_dags/example_bash_operator.py took 0.135 seconds
[2024-12-03T14:24:49.872+0000] {processor.py:186} INFO - Started process (PID=776) to work on /home/airflow/.local/lib/python3.12/site-packages/airflow/example_dags/example_bash_operator.py
[2024-12-03T14:24:49.875+0000] {processor.py:914} INFO - Processing file /home/airflow/.local/lib/python3.12/site-packages/airflow/example_dags/example_bash_operator.py for tasks to queue
[2024-12-03T14:24:49.878+0000] {logging_mixin.py:190} INFO - [2024-12-03T14:24:49.878+0000] {dagbag.py:588} INFO - Filling up the DagBag from /home/airflow/.local/lib/python3.12/site-packages/airflow/example_dags/example_bash_operator.py
[2024-12-03T14:24:49.909+0000] {processor.py:925} INFO - DAG(s) 'example_bash_operator' retrieved from /home/airflow/.local/lib/python3.12/site-packages/airflow/example_dags/example_bash_operator.py
[2024-12-03T14:24:49.970+0000] {logging_mixin.py:190} INFO - [2024-12-03T14:24:49.969+0000] {dag.py:3239} INFO - Sync 1 DAGs
[2024-12-03T14:24:50.035+0000] {logging_mixin.py:190} INFO - [2024-12-03T14:24:50.035+0000] {dag.py:4180} INFO - Setting next_dagrun for example_bash_operator to 2024-12-02 00:00:00+00:00, run_after=2024-12-03 00:00:00+00:00
[2024-12-03T14:24:50.077+0000] {processor.py:208} INFO - Processing /home/airflow/.local/lib/python3.12/site-packages/airflow/example_dags/example_bash_operator.py took 0.215 seconds
