[2024-12-03T13:57:15.999+0000] {processor.py:186} INFO - Started process (PID=100) to work on /home/airflow/.local/lib/python3.12/site-packages/airflow/example_dags/example_workday_timetable.py
[2024-12-03T13:57:16.001+0000] {processor.py:914} INFO - Processing file /home/airflow/.local/lib/python3.12/site-packages/airflow/example_dags/example_workday_timetable.py for tasks to queue
[2024-12-03T13:57:16.006+0000] {logging_mixin.py:190} INFO - [2024-12-03T13:57:16.006+0000] {dagbag.py:588} INFO - Filling up the DagBag from /home/airflow/.local/lib/python3.12/site-packages/airflow/example_dags/example_workday_timetable.py
[2024-12-03T13:57:16.018+0000] {processor.py:925} INFO - DAG(s) 'example_workday_timetable' retrieved from /home/airflow/.local/lib/python3.12/site-packages/airflow/example_dags/example_workday_timetable.py
[2024-12-03T13:57:16.147+0000] {logging_mixin.py:190} INFO - [2024-12-03T13:57:16.146+0000] {override.py:1911} INFO - Created Permission View: can delete on DAG:example_workday_timetable
[2024-12-03T13:57:16.164+0000] {logging_mixin.py:190} INFO - [2024-12-03T13:57:16.164+0000] {override.py:1911} INFO - Created Permission View: can read on DAG:example_workday_timetable
[2024-12-03T13:57:16.176+0000] {logging_mixin.py:190} INFO - [2024-12-03T13:57:16.176+0000] {override.py:1911} INFO - Created Permission View: can edit on DAG:example_workday_timetable
[2024-12-03T13:57:16.190+0000] {logging_mixin.py:190} INFO - [2024-12-03T13:57:16.190+0000] {override.py:1911} INFO - Created Permission View: can create on DAG Run:example_workday_timetable
[2024-12-03T13:57:16.204+0000] {logging_mixin.py:190} INFO - [2024-12-03T13:57:16.203+0000] {override.py:1911} INFO - Created Permission View: menu access on DAG Run:example_workday_timetable
[2024-12-03T13:57:16.215+0000] {logging_mixin.py:190} INFO - [2024-12-03T13:57:16.215+0000] {override.py:1911} INFO - Created Permission View: can delete on DAG Run:example_workday_timetable
[2024-12-03T13:57:16.229+0000] {logging_mixin.py:190} INFO - [2024-12-03T13:57:16.229+0000] {override.py:1911} INFO - Created Permission View: can read on DAG Run:example_workday_timetable
[2024-12-03T13:57:16.231+0000] {logging_mixin.py:190} INFO - [2024-12-03T13:57:16.231+0000] {dag.py:3239} INFO - Sync 1 DAGs
[2024-12-03T13:57:16.246+0000] {logging_mixin.py:190} INFO - [2024-12-03T13:57:16.246+0000] {dag.py:3262} INFO - Creating ORM DAG for example_workday_timetable
[2024-12-03T13:57:16.406+0000] {logging_mixin.py:190} INFO - [2024-12-03T13:57:16.406+0000] {dag.py:4180} INFO - Setting next_dagrun for example_workday_timetable to 2021-01-04 00:00:00+00:00, run_after=2021-01-05 00:00:00+00:00
[2024-12-03T13:57:16.438+0000] {processor.py:208} INFO - Processing /home/airflow/.local/lib/python3.12/site-packages/airflow/example_dags/example_workday_timetable.py took 0.445 seconds
[2024-12-03T14:19:12.165+0000] {processor.py:186} INFO - Started process (PID=87) to work on /home/airflow/.local/lib/python3.12/site-packages/airflow/example_dags/example_workday_timetable.py
[2024-12-03T14:19:12.168+0000] {processor.py:914} INFO - Processing file /home/airflow/.local/lib/python3.12/site-packages/airflow/example_dags/example_workday_timetable.py for tasks to queue
[2024-12-03T14:19:12.171+0000] {logging_mixin.py:190} INFO - [2024-12-03T14:19:12.170+0000] {dagbag.py:588} INFO - Filling up the DagBag from /home/airflow/.local/lib/python3.12/site-packages/airflow/example_dags/example_workday_timetable.py
[2024-12-03T14:19:12.194+0000] {processor.py:925} INFO - DAG(s) 'example_workday_timetable' retrieved from /home/airflow/.local/lib/python3.12/site-packages/airflow/example_dags/example_workday_timetable.py
[2024-12-03T14:19:12.982+0000] {logging_mixin.py:190} INFO - [2024-12-03T14:19:12.938+0000] {override.py:1911} INFO - Created Permission View: can read on DAG:example_workday_timetable
[2024-12-03T14:19:13.037+0000] {logging_mixin.py:190} INFO - [2024-12-03T14:19:13.036+0000] {override.py:1911} INFO - Created Permission View: can edit on DAG:example_workday_timetable
[2024-12-03T14:19:13.064+0000] {logging_mixin.py:190} INFO - [2024-12-03T14:19:13.063+0000] {override.py:1911} INFO - Created Permission View: can delete on DAG:example_workday_timetable
[2024-12-03T14:19:13.093+0000] {logging_mixin.py:190} INFO - [2024-12-03T14:19:13.092+0000] {override.py:1911} INFO - Created Permission View: can read on DAG Run:example_workday_timetable
[2024-12-03T14:19:13.123+0000] {logging_mixin.py:190} INFO - [2024-12-03T14:19:13.122+0000] {override.py:1911} INFO - Created Permission View: menu access on DAG Run:example_workday_timetable
[2024-12-03T14:19:13.153+0000] {logging_mixin.py:190} INFO - [2024-12-03T14:19:13.152+0000] {override.py:1911} INFO - Created Permission View: can delete on DAG Run:example_workday_timetable
[2024-12-03T14:19:13.181+0000] {logging_mixin.py:190} INFO - [2024-12-03T14:19:13.180+0000] {override.py:1911} INFO - Created Permission View: can create on DAG Run:example_workday_timetable
[2024-12-03T14:19:13.184+0000] {logging_mixin.py:190} INFO - [2024-12-03T14:19:13.183+0000] {dag.py:3239} INFO - Sync 1 DAGs
[2024-12-03T14:19:13.249+0000] {logging_mixin.py:190} INFO - [2024-12-03T14:19:13.248+0000] {dag.py:3262} INFO - Creating ORM DAG for example_workday_timetable
[2024-12-03T14:19:13.544+0000] {logging_mixin.py:190} INFO - [2024-12-03T14:19:13.543+0000] {dag.py:4180} INFO - Setting next_dagrun for example_workday_timetable to 2021-01-04 00:00:00+00:00, run_after=2021-01-05 00:00:00+00:00
[2024-12-03T14:19:13.665+0000] {processor.py:208} INFO - Processing /home/airflow/.local/lib/python3.12/site-packages/airflow/example_dags/example_workday_timetable.py took 1.514 seconds
[2024-12-03T14:19:43.954+0000] {processor.py:186} INFO - Started process (PID=151) to work on /home/airflow/.local/lib/python3.12/site-packages/airflow/example_dags/example_workday_timetable.py
[2024-12-03T14:19:43.956+0000] {processor.py:914} INFO - Processing file /home/airflow/.local/lib/python3.12/site-packages/airflow/example_dags/example_workday_timetable.py for tasks to queue
[2024-12-03T14:19:43.959+0000] {logging_mixin.py:190} INFO - [2024-12-03T14:19:43.958+0000] {dagbag.py:588} INFO - Filling up the DagBag from /home/airflow/.local/lib/python3.12/site-packages/airflow/example_dags/example_workday_timetable.py
[2024-12-03T14:19:43.973+0000] {processor.py:925} INFO - DAG(s) 'example_workday_timetable' retrieved from /home/airflow/.local/lib/python3.12/site-packages/airflow/example_dags/example_workday_timetable.py
[2024-12-03T14:19:44.071+0000] {logging_mixin.py:190} INFO - [2024-12-03T14:19:44.071+0000] {dag.py:3239} INFO - Sync 1 DAGs
[2024-12-03T14:19:44.366+0000] {logging_mixin.py:190} INFO - [2024-12-03T14:19:44.366+0000] {dag.py:4180} INFO - Setting next_dagrun for example_workday_timetable to 2021-01-04 00:00:00+00:00, run_after=2021-01-05 00:00:00+00:00
[2024-12-03T14:19:44.414+0000] {processor.py:208} INFO - Processing /home/airflow/.local/lib/python3.12/site-packages/airflow/example_dags/example_workday_timetable.py took 0.471 seconds
[2024-12-03T14:20:14.840+0000] {processor.py:186} INFO - Started process (PID=215) to work on /home/airflow/.local/lib/python3.12/site-packages/airflow/example_dags/example_workday_timetable.py
[2024-12-03T14:20:14.841+0000] {processor.py:914} INFO - Processing file /home/airflow/.local/lib/python3.12/site-packages/airflow/example_dags/example_workday_timetable.py for tasks to queue
[2024-12-03T14:20:14.843+0000] {logging_mixin.py:190} INFO - [2024-12-03T14:20:14.843+0000] {dagbag.py:588} INFO - Filling up the DagBag from /home/airflow/.local/lib/python3.12/site-packages/airflow/example_dags/example_workday_timetable.py
[2024-12-03T14:20:14.849+0000] {processor.py:925} INFO - DAG(s) 'example_workday_timetable' retrieved from /home/airflow/.local/lib/python3.12/site-packages/airflow/example_dags/example_workday_timetable.py
[2024-12-03T14:20:14.879+0000] {logging_mixin.py:190} INFO - [2024-12-03T14:20:14.879+0000] {dag.py:3239} INFO - Sync 1 DAGs
[2024-12-03T14:20:14.954+0000] {logging_mixin.py:190} INFO - [2024-12-03T14:20:14.954+0000] {dag.py:4180} INFO - Setting next_dagrun for example_workday_timetable to 2021-01-04 00:00:00+00:00, run_after=2021-01-05 00:00:00+00:00
[2024-12-03T14:20:14.982+0000] {processor.py:208} INFO - Processing /home/airflow/.local/lib/python3.12/site-packages/airflow/example_dags/example_workday_timetable.py took 0.147 seconds
[2024-12-03T14:20:45.067+0000] {processor.py:186} INFO - Started process (PID=279) to work on /home/airflow/.local/lib/python3.12/site-packages/airflow/example_dags/example_workday_timetable.py
[2024-12-03T14:20:45.069+0000] {processor.py:914} INFO - Processing file /home/airflow/.local/lib/python3.12/site-packages/airflow/example_dags/example_workday_timetable.py for tasks to queue
[2024-12-03T14:20:45.071+0000] {logging_mixin.py:190} INFO - [2024-12-03T14:20:45.071+0000] {dagbag.py:588} INFO - Filling up the DagBag from /home/airflow/.local/lib/python3.12/site-packages/airflow/example_dags/example_workday_timetable.py
[2024-12-03T14:20:45.079+0000] {processor.py:925} INFO - DAG(s) 'example_workday_timetable' retrieved from /home/airflow/.local/lib/python3.12/site-packages/airflow/example_dags/example_workday_timetable.py
[2024-12-03T14:20:45.112+0000] {logging_mixin.py:190} INFO - [2024-12-03T14:20:45.111+0000] {dag.py:3239} INFO - Sync 1 DAGs
[2024-12-03T14:20:45.241+0000] {logging_mixin.py:190} INFO - [2024-12-03T14:20:45.240+0000] {dag.py:4180} INFO - Setting next_dagrun for example_workday_timetable to 2021-01-04 00:00:00+00:00, run_after=2021-01-05 00:00:00+00:00
[2024-12-03T14:20:45.291+0000] {processor.py:208} INFO - Processing /home/airflow/.local/lib/python3.12/site-packages/airflow/example_dags/example_workday_timetable.py took 0.232 seconds
[2024-12-03T14:21:16.026+0000] {processor.py:186} INFO - Started process (PID=344) to work on /home/airflow/.local/lib/python3.12/site-packages/airflow/example_dags/example_workday_timetable.py
[2024-12-03T14:21:16.028+0000] {processor.py:914} INFO - Processing file /home/airflow/.local/lib/python3.12/site-packages/airflow/example_dags/example_workday_timetable.py for tasks to queue
[2024-12-03T14:21:16.030+0000] {logging_mixin.py:190} INFO - [2024-12-03T14:21:16.029+0000] {dagbag.py:588} INFO - Filling up the DagBag from /home/airflow/.local/lib/python3.12/site-packages/airflow/example_dags/example_workday_timetable.py
[2024-12-03T14:21:16.037+0000] {processor.py:925} INFO - DAG(s) 'example_workday_timetable' retrieved from /home/airflow/.local/lib/python3.12/site-packages/airflow/example_dags/example_workday_timetable.py
[2024-12-03T14:21:16.065+0000] {logging_mixin.py:190} INFO - [2024-12-03T14:21:16.064+0000] {dag.py:3239} INFO - Sync 1 DAGs
[2024-12-03T14:21:16.148+0000] {logging_mixin.py:190} INFO - [2024-12-03T14:21:16.148+0000] {dag.py:4180} INFO - Setting next_dagrun for example_workday_timetable to 2021-01-04 00:00:00+00:00, run_after=2021-01-05 00:00:00+00:00
[2024-12-03T14:21:16.177+0000] {processor.py:208} INFO - Processing /home/airflow/.local/lib/python3.12/site-packages/airflow/example_dags/example_workday_timetable.py took 0.156 seconds
[2024-12-03T14:21:46.341+0000] {processor.py:186} INFO - Started process (PID=408) to work on /home/airflow/.local/lib/python3.12/site-packages/airflow/example_dags/example_workday_timetable.py
[2024-12-03T14:21:46.343+0000] {processor.py:914} INFO - Processing file /home/airflow/.local/lib/python3.12/site-packages/airflow/example_dags/example_workday_timetable.py for tasks to queue
[2024-12-03T14:21:46.345+0000] {logging_mixin.py:190} INFO - [2024-12-03T14:21:46.344+0000] {dagbag.py:588} INFO - Filling up the DagBag from /home/airflow/.local/lib/python3.12/site-packages/airflow/example_dags/example_workday_timetable.py
[2024-12-03T14:21:46.353+0000] {processor.py:925} INFO - DAG(s) 'example_workday_timetable' retrieved from /home/airflow/.local/lib/python3.12/site-packages/airflow/example_dags/example_workday_timetable.py
[2024-12-03T14:21:46.381+0000] {logging_mixin.py:190} INFO - [2024-12-03T14:21:46.380+0000] {dag.py:3239} INFO - Sync 1 DAGs
[2024-12-03T14:21:46.471+0000] {logging_mixin.py:190} INFO - [2024-12-03T14:21:46.471+0000] {dag.py:4180} INFO - Setting next_dagrun for example_workday_timetable to 2021-01-04 00:00:00+00:00, run_after=2021-01-05 00:00:00+00:00
[2024-12-03T14:21:46.502+0000] {processor.py:208} INFO - Processing /home/airflow/.local/lib/python3.12/site-packages/airflow/example_dags/example_workday_timetable.py took 0.167 seconds
[2024-12-03T14:22:16.992+0000] {processor.py:186} INFO - Started process (PID=473) to work on /home/airflow/.local/lib/python3.12/site-packages/airflow/example_dags/example_workday_timetable.py
[2024-12-03T14:22:16.993+0000] {processor.py:914} INFO - Processing file /home/airflow/.local/lib/python3.12/site-packages/airflow/example_dags/example_workday_timetable.py for tasks to queue
[2024-12-03T14:22:16.995+0000] {logging_mixin.py:190} INFO - [2024-12-03T14:22:16.994+0000] {dagbag.py:588} INFO - Filling up the DagBag from /home/airflow/.local/lib/python3.12/site-packages/airflow/example_dags/example_workday_timetable.py
[2024-12-03T14:22:17.002+0000] {processor.py:925} INFO - DAG(s) 'example_workday_timetable' retrieved from /home/airflow/.local/lib/python3.12/site-packages/airflow/example_dags/example_workday_timetable.py
[2024-12-03T14:22:17.028+0000] {logging_mixin.py:190} INFO - [2024-12-03T14:22:17.027+0000] {dag.py:3239} INFO - Sync 1 DAGs
[2024-12-03T14:22:17.115+0000] {logging_mixin.py:190} INFO - [2024-12-03T14:22:17.115+0000] {dag.py:4180} INFO - Setting next_dagrun for example_workday_timetable to 2021-01-04 00:00:00+00:00, run_after=2021-01-05 00:00:00+00:00
[2024-12-03T14:22:17.146+0000] {processor.py:208} INFO - Processing /home/airflow/.local/lib/python3.12/site-packages/airflow/example_dags/example_workday_timetable.py took 0.160 seconds
[2024-12-03T14:22:47.327+0000] {processor.py:186} INFO - Started process (PID=537) to work on /home/airflow/.local/lib/python3.12/site-packages/airflow/example_dags/example_workday_timetable.py
[2024-12-03T14:22:47.328+0000] {processor.py:914} INFO - Processing file /home/airflow/.local/lib/python3.12/site-packages/airflow/example_dags/example_workday_timetable.py for tasks to queue
[2024-12-03T14:22:47.331+0000] {logging_mixin.py:190} INFO - [2024-12-03T14:22:47.330+0000] {dagbag.py:588} INFO - Filling up the DagBag from /home/airflow/.local/lib/python3.12/site-packages/airflow/example_dags/example_workday_timetable.py
[2024-12-03T14:22:47.339+0000] {processor.py:925} INFO - DAG(s) 'example_workday_timetable' retrieved from /home/airflow/.local/lib/python3.12/site-packages/airflow/example_dags/example_workday_timetable.py
[2024-12-03T14:22:47.371+0000] {logging_mixin.py:190} INFO - [2024-12-03T14:22:47.371+0000] {dag.py:3239} INFO - Sync 1 DAGs
[2024-12-03T14:22:47.460+0000] {logging_mixin.py:190} INFO - [2024-12-03T14:22:47.459+0000] {dag.py:4180} INFO - Setting next_dagrun for example_workday_timetable to 2021-01-04 00:00:00+00:00, run_after=2021-01-05 00:00:00+00:00
[2024-12-03T14:22:47.490+0000] {processor.py:208} INFO - Processing /home/airflow/.local/lib/python3.12/site-packages/airflow/example_dags/example_workday_timetable.py took 0.170 seconds
[2024-12-03T14:23:18.160+0000] {processor.py:186} INFO - Started process (PID=601) to work on /home/airflow/.local/lib/python3.12/site-packages/airflow/example_dags/example_workday_timetable.py
[2024-12-03T14:23:18.161+0000] {processor.py:914} INFO - Processing file /home/airflow/.local/lib/python3.12/site-packages/airflow/example_dags/example_workday_timetable.py for tasks to queue
[2024-12-03T14:23:18.162+0000] {logging_mixin.py:190} INFO - [2024-12-03T14:23:18.162+0000] {dagbag.py:588} INFO - Filling up the DagBag from /home/airflow/.local/lib/python3.12/site-packages/airflow/example_dags/example_workday_timetable.py
[2024-12-03T14:23:18.168+0000] {processor.py:925} INFO - DAG(s) 'example_workday_timetable' retrieved from /home/airflow/.local/lib/python3.12/site-packages/airflow/example_dags/example_workday_timetable.py
[2024-12-03T14:23:18.192+0000] {logging_mixin.py:190} INFO - [2024-12-03T14:23:18.191+0000] {dag.py:3239} INFO - Sync 1 DAGs
[2024-12-03T14:23:18.258+0000] {logging_mixin.py:190} INFO - [2024-12-03T14:23:18.258+0000] {dag.py:4180} INFO - Setting next_dagrun for example_workday_timetable to 2021-01-04 00:00:00+00:00, run_after=2021-01-05 00:00:00+00:00
[2024-12-03T14:23:18.283+0000] {processor.py:208} INFO - Processing /home/airflow/.local/lib/python3.12/site-packages/airflow/example_dags/example_workday_timetable.py took 0.129 seconds
[2024-12-03T14:23:48.420+0000] {processor.py:186} INFO - Started process (PID=665) to work on /home/airflow/.local/lib/python3.12/site-packages/airflow/example_dags/example_workday_timetable.py
[2024-12-03T14:23:48.422+0000] {processor.py:914} INFO - Processing file /home/airflow/.local/lib/python3.12/site-packages/airflow/example_dags/example_workday_timetable.py for tasks to queue
[2024-12-03T14:23:48.425+0000] {logging_mixin.py:190} INFO - [2024-12-03T14:23:48.424+0000] {dagbag.py:588} INFO - Filling up the DagBag from /home/airflow/.local/lib/python3.12/site-packages/airflow/example_dags/example_workday_timetable.py
[2024-12-03T14:23:48.434+0000] {processor.py:925} INFO - DAG(s) 'example_workday_timetable' retrieved from /home/airflow/.local/lib/python3.12/site-packages/airflow/example_dags/example_workday_timetable.py
[2024-12-03T14:23:48.464+0000] {logging_mixin.py:190} INFO - [2024-12-03T14:23:48.464+0000] {dag.py:3239} INFO - Sync 1 DAGs
[2024-12-03T14:23:48.553+0000] {logging_mixin.py:190} INFO - [2024-12-03T14:23:48.552+0000] {dag.py:4180} INFO - Setting next_dagrun for example_workday_timetable to 2021-01-04 00:00:00+00:00, run_after=2021-01-05 00:00:00+00:00
[2024-12-03T14:23:48.583+0000] {processor.py:208} INFO - Processing /home/airflow/.local/lib/python3.12/site-packages/airflow/example_dags/example_workday_timetable.py took 0.171 seconds
[2024-12-03T14:24:19.845+0000] {processor.py:186} INFO - Started process (PID=729) to work on /home/airflow/.local/lib/python3.12/site-packages/airflow/example_dags/example_workday_timetable.py
[2024-12-03T14:24:19.846+0000] {processor.py:914} INFO - Processing file /home/airflow/.local/lib/python3.12/site-packages/airflow/example_dags/example_workday_timetable.py for tasks to queue
[2024-12-03T14:24:19.848+0000] {logging_mixin.py:190} INFO - [2024-12-03T14:24:19.848+0000] {dagbag.py:588} INFO - Filling up the DagBag from /home/airflow/.local/lib/python3.12/site-packages/airflow/example_dags/example_workday_timetable.py
[2024-12-03T14:24:19.860+0000] {processor.py:925} INFO - DAG(s) 'example_workday_timetable' retrieved from /home/airflow/.local/lib/python3.12/site-packages/airflow/example_dags/example_workday_timetable.py
[2024-12-03T14:24:19.900+0000] {logging_mixin.py:190} INFO - [2024-12-03T14:24:19.900+0000] {dag.py:3239} INFO - Sync 1 DAGs
[2024-12-03T14:24:20.055+0000] {logging_mixin.py:190} INFO - [2024-12-03T14:24:20.055+0000] {dag.py:4180} INFO - Setting next_dagrun for example_workday_timetable to 2021-01-04 00:00:00+00:00, run_after=2021-01-05 00:00:00+00:00
[2024-12-03T14:24:20.091+0000] {processor.py:208} INFO - Processing /home/airflow/.local/lib/python3.12/site-packages/airflow/example_dags/example_workday_timetable.py took 0.253 seconds
