[2024-12-03T13:57:23.967+0000] {processor.py:186} INFO - Started process (PID=119) to work on /home/airflow/.local/lib/python3.12/site-packages/airflow/example_dags/example_dataset_alias_with_no_taskflow.py
[2024-12-03T13:57:23.970+0000] {processor.py:914} INFO - Processing file /home/airflow/.local/lib/python3.12/site-packages/airflow/example_dags/example_dataset_alias_with_no_taskflow.py for tasks to queue
[2024-12-03T13:57:23.976+0000] {logging_mixin.py:190} INFO - [2024-12-03T13:57:23.975+0000] {dagbag.py:588} INFO - Filling up the DagBag from /home/airflow/.local/lib/python3.12/site-packages/airflow/example_dags/example_dataset_alias_with_no_taskflow.py
[2024-12-03T13:57:30.948+0000] {processor.py:925} INFO - DAG(s) 'dataset_s3_bucket_producer_with_no_taskflow', 'dataset_alias_example_alias_consumer_with_no_taskflow', 'dataset_s3_bucket_consumer_with_no_taskflow', 'dataset_alias_example_alias_producer_with_no_taskflow' retrieved from /home/airflow/.local/lib/python3.12/site-packages/airflow/example_dags/example_dataset_alias_with_no_taskflow.py
[2024-12-03T13:57:35.484+0000] {logging_mixin.py:190} INFO - [2024-12-03T13:57:35.457+0000] {override.py:1911} INFO - Created Permission View: can delete on DAG:dataset_s3_bucket_producer_with_no_taskflow
[2024-12-03T13:57:37.594+0000] {logging_mixin.py:190} INFO - [2024-12-03T13:57:37.577+0000] {override.py:1911} INFO - Created Permission View: can read on DAG:dataset_s3_bucket_producer_with_no_taskflow
[2024-12-03T13:57:41.781+0000] {logging_mixin.py:190} INFO - [2024-12-03T13:57:41.212+0000] {override.py:1911} INFO - Created Permission View: can edit on DAG:dataset_s3_bucket_producer_with_no_taskflow
[2024-12-03T13:58:04.824+0000] {logging_mixin.py:190} INFO - [2024-12-03T13:58:04.552+0000] {override.py:1911} INFO - Created Permission View: can create on DAG Run:dataset_s3_bucket_producer_with_no_taskflow
[2024-12-03T14:19:26.160+0000] {processor.py:186} INFO - Started process (PID=121) to work on /home/airflow/.local/lib/python3.12/site-packages/airflow/example_dags/example_dataset_alias_with_no_taskflow.py
[2024-12-03T14:19:26.162+0000] {processor.py:914} INFO - Processing file /home/airflow/.local/lib/python3.12/site-packages/airflow/example_dags/example_dataset_alias_with_no_taskflow.py for tasks to queue
[2024-12-03T14:19:26.166+0000] {logging_mixin.py:190} INFO - [2024-12-03T14:19:26.165+0000] {dagbag.py:588} INFO - Filling up the DagBag from /home/airflow/.local/lib/python3.12/site-packages/airflow/example_dags/example_dataset_alias_with_no_taskflow.py
[2024-12-03T14:19:27.627+0000] {processor.py:925} INFO - DAG(s) 'dataset_alias_example_alias_consumer_with_no_taskflow', 'dataset_alias_example_alias_producer_with_no_taskflow', 'dataset_s3_bucket_consumer_with_no_taskflow', 'dataset_s3_bucket_producer_with_no_taskflow' retrieved from /home/airflow/.local/lib/python3.12/site-packages/airflow/example_dags/example_dataset_alias_with_no_taskflow.py
[2024-12-03T14:19:27.802+0000] {logging_mixin.py:190} INFO - [2024-12-03T14:19:27.800+0000] {override.py:1911} INFO - Created Permission View: can read on DAG:dataset_alias_example_alias_consumer_with_no_taskflow
[2024-12-03T14:19:27.824+0000] {logging_mixin.py:190} INFO - [2024-12-03T14:19:27.824+0000] {override.py:1911} INFO - Created Permission View: can edit on DAG:dataset_alias_example_alias_consumer_with_no_taskflow
[2024-12-03T14:19:27.847+0000] {logging_mixin.py:190} INFO - [2024-12-03T14:19:27.846+0000] {override.py:1911} INFO - Created Permission View: can delete on DAG:dataset_alias_example_alias_consumer_with_no_taskflow
[2024-12-03T14:19:27.878+0000] {logging_mixin.py:190} INFO - [2024-12-03T14:19:27.878+0000] {override.py:1911} INFO - Created Permission View: can read on DAG Run:dataset_alias_example_alias_consumer_with_no_taskflow
[2024-12-03T14:19:27.898+0000] {logging_mixin.py:190} INFO - [2024-12-03T14:19:27.897+0000] {override.py:1911} INFO - Created Permission View: menu access on DAG Run:dataset_alias_example_alias_consumer_with_no_taskflow
[2024-12-03T14:19:27.915+0000] {logging_mixin.py:190} INFO - [2024-12-03T14:19:27.914+0000] {override.py:1911} INFO - Created Permission View: can delete on DAG Run:dataset_alias_example_alias_consumer_with_no_taskflow
[2024-12-03T14:19:27.971+0000] {logging_mixin.py:190} INFO - [2024-12-03T14:19:27.970+0000] {override.py:1911} INFO - Created Permission View: can create on DAG Run:dataset_alias_example_alias_consumer_with_no_taskflow
[2024-12-03T14:19:28.003+0000] {logging_mixin.py:190} INFO - [2024-12-03T14:19:28.002+0000] {override.py:1911} INFO - Created Permission View: can read on DAG:dataset_alias_example_alias_producer_with_no_taskflow
[2024-12-03T14:19:28.027+0000] {logging_mixin.py:190} INFO - [2024-12-03T14:19:28.026+0000] {override.py:1911} INFO - Created Permission View: can edit on DAG:dataset_alias_example_alias_producer_with_no_taskflow
[2024-12-03T14:19:28.045+0000] {logging_mixin.py:190} INFO - [2024-12-03T14:19:28.044+0000] {override.py:1911} INFO - Created Permission View: can delete on DAG:dataset_alias_example_alias_producer_with_no_taskflow
[2024-12-03T14:19:28.068+0000] {logging_mixin.py:190} INFO - [2024-12-03T14:19:28.068+0000] {override.py:1911} INFO - Created Permission View: can read on DAG Run:dataset_alias_example_alias_producer_with_no_taskflow
[2024-12-03T14:19:28.089+0000] {logging_mixin.py:190} INFO - [2024-12-03T14:19:28.088+0000] {override.py:1911} INFO - Created Permission View: menu access on DAG Run:dataset_alias_example_alias_producer_with_no_taskflow
[2024-12-03T14:19:28.105+0000] {logging_mixin.py:190} INFO - [2024-12-03T14:19:28.104+0000] {override.py:1911} INFO - Created Permission View: can delete on DAG Run:dataset_alias_example_alias_producer_with_no_taskflow
[2024-12-03T14:19:28.121+0000] {logging_mixin.py:190} INFO - [2024-12-03T14:19:28.120+0000] {override.py:1911} INFO - Created Permission View: can create on DAG Run:dataset_alias_example_alias_producer_with_no_taskflow
[2024-12-03T14:19:28.149+0000] {logging_mixin.py:190} INFO - [2024-12-03T14:19:28.148+0000] {override.py:1911} INFO - Created Permission View: can read on DAG:dataset_s3_bucket_consumer_with_no_taskflow
[2024-12-03T14:19:28.163+0000] {logging_mixin.py:190} INFO - [2024-12-03T14:19:28.162+0000] {override.py:1911} INFO - Created Permission View: can edit on DAG:dataset_s3_bucket_consumer_with_no_taskflow
[2024-12-03T14:19:28.179+0000] {logging_mixin.py:190} INFO - [2024-12-03T14:19:28.178+0000] {override.py:1911} INFO - Created Permission View: can delete on DAG:dataset_s3_bucket_consumer_with_no_taskflow
[2024-12-03T14:19:28.197+0000] {logging_mixin.py:190} INFO - [2024-12-03T14:19:28.196+0000] {override.py:1911} INFO - Created Permission View: can read on DAG Run:dataset_s3_bucket_consumer_with_no_taskflow
[2024-12-03T14:19:28.216+0000] {logging_mixin.py:190} INFO - [2024-12-03T14:19:28.216+0000] {override.py:1911} INFO - Created Permission View: menu access on DAG Run:dataset_s3_bucket_consumer_with_no_taskflow
[2024-12-03T14:19:28.233+0000] {logging_mixin.py:190} INFO - [2024-12-03T14:19:28.232+0000] {override.py:1911} INFO - Created Permission View: can delete on DAG Run:dataset_s3_bucket_consumer_with_no_taskflow
[2024-12-03T14:19:28.250+0000] {logging_mixin.py:190} INFO - [2024-12-03T14:19:28.250+0000] {override.py:1911} INFO - Created Permission View: can create on DAG Run:dataset_s3_bucket_consumer_with_no_taskflow
[2024-12-03T14:19:28.277+0000] {logging_mixin.py:190} INFO - [2024-12-03T14:19:28.276+0000] {override.py:1911} INFO - Created Permission View: can read on DAG:dataset_s3_bucket_producer_with_no_taskflow
[2024-12-03T14:19:28.293+0000] {logging_mixin.py:190} INFO - [2024-12-03T14:19:28.292+0000] {override.py:1911} INFO - Created Permission View: can edit on DAG:dataset_s3_bucket_producer_with_no_taskflow
[2024-12-03T14:19:28.309+0000] {logging_mixin.py:190} INFO - [2024-12-03T14:19:28.308+0000] {override.py:1911} INFO - Created Permission View: can delete on DAG:dataset_s3_bucket_producer_with_no_taskflow
[2024-12-03T14:19:28.327+0000] {logging_mixin.py:190} INFO - [2024-12-03T14:19:28.326+0000] {override.py:1911} INFO - Created Permission View: can read on DAG Run:dataset_s3_bucket_producer_with_no_taskflow
[2024-12-03T14:19:28.343+0000] {logging_mixin.py:190} INFO - [2024-12-03T14:19:28.342+0000] {override.py:1911} INFO - Created Permission View: menu access on DAG Run:dataset_s3_bucket_producer_with_no_taskflow
[2024-12-03T14:19:28.357+0000] {logging_mixin.py:190} INFO - [2024-12-03T14:19:28.356+0000] {override.py:1911} INFO - Created Permission View: can delete on DAG Run:dataset_s3_bucket_producer_with_no_taskflow
[2024-12-03T14:19:28.370+0000] {logging_mixin.py:190} INFO - [2024-12-03T14:19:28.370+0000] {override.py:1911} INFO - Created Permission View: can create on DAG Run:dataset_s3_bucket_producer_with_no_taskflow
[2024-12-03T14:19:28.372+0000] {logging_mixin.py:190} INFO - [2024-12-03T14:19:28.371+0000] {dag.py:3239} INFO - Sync 4 DAGs
[2024-12-03T14:19:28.392+0000] {logging_mixin.py:190} INFO - [2024-12-03T14:19:28.392+0000] {dag.py:3262} INFO - Creating ORM DAG for dataset_s3_bucket_producer_with_no_taskflow
[2024-12-03T14:19:28.395+0000] {logging_mixin.py:190} INFO - [2024-12-03T14:19:28.394+0000] {dag.py:3262} INFO - Creating ORM DAG for dataset_s3_bucket_consumer_with_no_taskflow
[2024-12-03T14:19:28.397+0000] {logging_mixin.py:190} INFO - [2024-12-03T14:19:28.396+0000] {dag.py:3262} INFO - Creating ORM DAG for dataset_alias_example_alias_producer_with_no_taskflow
[2024-12-03T14:19:28.398+0000] {logging_mixin.py:190} INFO - [2024-12-03T14:19:28.398+0000] {dag.py:3262} INFO - Creating ORM DAG for dataset_alias_example_alias_consumer_with_no_taskflow
[2024-12-03T14:19:28.412+0000] {logging_mixin.py:190} INFO - [2024-12-03T14:19:28.412+0000] {dag.py:4180} INFO - Setting next_dagrun for dataset_alias_example_alias_consumer_with_no_taskflow to None, run_after=None
[2024-12-03T14:19:28.415+0000] {logging_mixin.py:190} INFO - [2024-12-03T14:19:28.414+0000] {dag.py:4180} INFO - Setting next_dagrun for dataset_alias_example_alias_producer_with_no_taskflow to None, run_after=None
[2024-12-03T14:19:28.416+0000] {logging_mixin.py:190} INFO - [2024-12-03T14:19:28.416+0000] {dag.py:4180} INFO - Setting next_dagrun for dataset_s3_bucket_consumer_with_no_taskflow to None, run_after=None
[2024-12-03T14:19:28.418+0000] {logging_mixin.py:190} INFO - [2024-12-03T14:19:28.417+0000] {dag.py:4180} INFO - Setting next_dagrun for dataset_s3_bucket_producer_with_no_taskflow to None, run_after=None
[2024-12-03T14:19:28.466+0000] {processor.py:208} INFO - Processing /home/airflow/.local/lib/python3.12/site-packages/airflow/example_dags/example_dataset_alias_with_no_taskflow.py took 2.315 seconds
[2024-12-03T14:19:58.765+0000] {processor.py:186} INFO - Started process (PID=187) to work on /home/airflow/.local/lib/python3.12/site-packages/airflow/example_dags/example_dataset_alias_with_no_taskflow.py
[2024-12-03T14:19:58.767+0000] {processor.py:914} INFO - Processing file /home/airflow/.local/lib/python3.12/site-packages/airflow/example_dags/example_dataset_alias_with_no_taskflow.py for tasks to queue
[2024-12-03T14:19:58.769+0000] {logging_mixin.py:190} INFO - [2024-12-03T14:19:58.769+0000] {dagbag.py:588} INFO - Filling up the DagBag from /home/airflow/.local/lib/python3.12/site-packages/airflow/example_dags/example_dataset_alias_with_no_taskflow.py
[2024-12-03T14:19:59.637+0000] {processor.py:925} INFO - DAG(s) 'dataset_s3_bucket_producer_with_no_taskflow', 'dataset_alias_example_alias_producer_with_no_taskflow', 'dataset_alias_example_alias_consumer_with_no_taskflow', 'dataset_s3_bucket_consumer_with_no_taskflow' retrieved from /home/airflow/.local/lib/python3.12/site-packages/airflow/example_dags/example_dataset_alias_with_no_taskflow.py
[2024-12-03T14:19:59.672+0000] {logging_mixin.py:190} INFO - [2024-12-03T14:19:59.671+0000] {dag.py:3239} INFO - Sync 4 DAGs
[2024-12-03T14:19:59.702+0000] {logging_mixin.py:190} INFO - [2024-12-03T14:19:59.701+0000] {dag.py:4180} INFO - Setting next_dagrun for dataset_alias_example_alias_consumer_with_no_taskflow to None, run_after=None
[2024-12-03T14:19:59.706+0000] {logging_mixin.py:190} INFO - [2024-12-03T14:19:59.706+0000] {dag.py:4180} INFO - Setting next_dagrun for dataset_alias_example_alias_producer_with_no_taskflow to None, run_after=None
[2024-12-03T14:19:59.710+0000] {logging_mixin.py:190} INFO - [2024-12-03T14:19:59.710+0000] {dag.py:4180} INFO - Setting next_dagrun for dataset_s3_bucket_consumer_with_no_taskflow to None, run_after=None
[2024-12-03T14:19:59.713+0000] {logging_mixin.py:190} INFO - [2024-12-03T14:19:59.713+0000] {dag.py:4180} INFO - Setting next_dagrun for dataset_s3_bucket_producer_with_no_taskflow to None, run_after=None
[2024-12-03T14:19:59.745+0000] {processor.py:208} INFO - Processing /home/airflow/.local/lib/python3.12/site-packages/airflow/example_dags/example_dataset_alias_with_no_taskflow.py took 0.987 seconds
[2024-12-03T14:20:30.650+0000] {processor.py:186} INFO - Started process (PID=252) to work on /home/airflow/.local/lib/python3.12/site-packages/airflow/example_dags/example_dataset_alias_with_no_taskflow.py
[2024-12-03T14:20:30.651+0000] {processor.py:914} INFO - Processing file /home/airflow/.local/lib/python3.12/site-packages/airflow/example_dags/example_dataset_alias_with_no_taskflow.py for tasks to queue
[2024-12-03T14:20:30.653+0000] {logging_mixin.py:190} INFO - [2024-12-03T14:20:30.653+0000] {dagbag.py:588} INFO - Filling up the DagBag from /home/airflow/.local/lib/python3.12/site-packages/airflow/example_dags/example_dataset_alias_with_no_taskflow.py
[2024-12-03T14:20:31.820+0000] {processor.py:925} INFO - DAG(s) 'dataset_alias_example_alias_producer_with_no_taskflow', 'dataset_s3_bucket_consumer_with_no_taskflow', 'dataset_alias_example_alias_consumer_with_no_taskflow', 'dataset_s3_bucket_producer_with_no_taskflow' retrieved from /home/airflow/.local/lib/python3.12/site-packages/airflow/example_dags/example_dataset_alias_with_no_taskflow.py
[2024-12-03T14:20:31.857+0000] {logging_mixin.py:190} INFO - [2024-12-03T14:20:31.856+0000] {dag.py:3239} INFO - Sync 4 DAGs
[2024-12-03T14:20:31.889+0000] {logging_mixin.py:190} INFO - [2024-12-03T14:20:31.888+0000] {dag.py:4180} INFO - Setting next_dagrun for dataset_alias_example_alias_consumer_with_no_taskflow to None, run_after=None
[2024-12-03T14:20:31.894+0000] {logging_mixin.py:190} INFO - [2024-12-03T14:20:31.893+0000] {dag.py:4180} INFO - Setting next_dagrun for dataset_alias_example_alias_producer_with_no_taskflow to None, run_after=None
[2024-12-03T14:20:31.897+0000] {logging_mixin.py:190} INFO - [2024-12-03T14:20:31.897+0000] {dag.py:4180} INFO - Setting next_dagrun for dataset_s3_bucket_consumer_with_no_taskflow to None, run_after=None
[2024-12-03T14:20:31.901+0000] {logging_mixin.py:190} INFO - [2024-12-03T14:20:31.901+0000] {dag.py:4180} INFO - Setting next_dagrun for dataset_s3_bucket_producer_with_no_taskflow to None, run_after=None
[2024-12-03T14:20:31.950+0000] {processor.py:208} INFO - Processing /home/airflow/.local/lib/python3.12/site-packages/airflow/example_dags/example_dataset_alias_with_no_taskflow.py took 1.307 seconds
[2024-12-03T14:21:02.481+0000] {processor.py:186} INFO - Started process (PID=318) to work on /home/airflow/.local/lib/python3.12/site-packages/airflow/example_dags/example_dataset_alias_with_no_taskflow.py
[2024-12-03T14:21:02.483+0000] {processor.py:914} INFO - Processing file /home/airflow/.local/lib/python3.12/site-packages/airflow/example_dags/example_dataset_alias_with_no_taskflow.py for tasks to queue
[2024-12-03T14:21:02.485+0000] {logging_mixin.py:190} INFO - [2024-12-03T14:21:02.485+0000] {dagbag.py:588} INFO - Filling up the DagBag from /home/airflow/.local/lib/python3.12/site-packages/airflow/example_dags/example_dataset_alias_with_no_taskflow.py
[2024-12-03T14:21:03.427+0000] {processor.py:925} INFO - DAG(s) 'dataset_alias_example_alias_producer_with_no_taskflow', 'dataset_s3_bucket_producer_with_no_taskflow', 'dataset_s3_bucket_consumer_with_no_taskflow', 'dataset_alias_example_alias_consumer_with_no_taskflow' retrieved from /home/airflow/.local/lib/python3.12/site-packages/airflow/example_dags/example_dataset_alias_with_no_taskflow.py
[2024-12-03T14:21:03.464+0000] {logging_mixin.py:190} INFO - [2024-12-03T14:21:03.464+0000] {dag.py:3239} INFO - Sync 4 DAGs
[2024-12-03T14:21:03.490+0000] {logging_mixin.py:190} INFO - [2024-12-03T14:21:03.490+0000] {dag.py:4180} INFO - Setting next_dagrun for dataset_alias_example_alias_consumer_with_no_taskflow to None, run_after=None
[2024-12-03T14:21:03.495+0000] {logging_mixin.py:190} INFO - [2024-12-03T14:21:03.494+0000] {dag.py:4180} INFO - Setting next_dagrun for dataset_alias_example_alias_producer_with_no_taskflow to None, run_after=None
[2024-12-03T14:21:03.497+0000] {logging_mixin.py:190} INFO - [2024-12-03T14:21:03.497+0000] {dag.py:4180} INFO - Setting next_dagrun for dataset_s3_bucket_consumer_with_no_taskflow to None, run_after=None
[2024-12-03T14:21:03.501+0000] {logging_mixin.py:190} INFO - [2024-12-03T14:21:03.500+0000] {dag.py:4180} INFO - Setting next_dagrun for dataset_s3_bucket_producer_with_no_taskflow to None, run_after=None
[2024-12-03T14:21:03.533+0000] {processor.py:208} INFO - Processing /home/airflow/.local/lib/python3.12/site-packages/airflow/example_dags/example_dataset_alias_with_no_taskflow.py took 1.059 seconds
[2024-12-03T14:21:33.623+0000] {processor.py:186} INFO - Started process (PID=379) to work on /home/airflow/.local/lib/python3.12/site-packages/airflow/example_dags/example_dataset_alias_with_no_taskflow.py
[2024-12-03T14:21:33.624+0000] {processor.py:914} INFO - Processing file /home/airflow/.local/lib/python3.12/site-packages/airflow/example_dags/example_dataset_alias_with_no_taskflow.py for tasks to queue
[2024-12-03T14:21:33.627+0000] {logging_mixin.py:190} INFO - [2024-12-03T14:21:33.627+0000] {dagbag.py:588} INFO - Filling up the DagBag from /home/airflow/.local/lib/python3.12/site-packages/airflow/example_dags/example_dataset_alias_with_no_taskflow.py
[2024-12-03T14:21:34.396+0000] {processor.py:925} INFO - DAG(s) 'dataset_alias_example_alias_producer_with_no_taskflow', 'dataset_s3_bucket_consumer_with_no_taskflow', 'dataset_s3_bucket_producer_with_no_taskflow', 'dataset_alias_example_alias_consumer_with_no_taskflow' retrieved from /home/airflow/.local/lib/python3.12/site-packages/airflow/example_dags/example_dataset_alias_with_no_taskflow.py
[2024-12-03T14:21:34.430+0000] {logging_mixin.py:190} INFO - [2024-12-03T14:21:34.430+0000] {dag.py:3239} INFO - Sync 4 DAGs
[2024-12-03T14:21:34.463+0000] {logging_mixin.py:190} INFO - [2024-12-03T14:21:34.462+0000] {dag.py:4180} INFO - Setting next_dagrun for dataset_alias_example_alias_consumer_with_no_taskflow to None, run_after=None
[2024-12-03T14:21:34.467+0000] {logging_mixin.py:190} INFO - [2024-12-03T14:21:34.466+0000] {dag.py:4180} INFO - Setting next_dagrun for dataset_alias_example_alias_producer_with_no_taskflow to None, run_after=None
[2024-12-03T14:21:34.471+0000] {logging_mixin.py:190} INFO - [2024-12-03T14:21:34.470+0000] {dag.py:4180} INFO - Setting next_dagrun for dataset_s3_bucket_consumer_with_no_taskflow to None, run_after=None
[2024-12-03T14:21:34.474+0000] {logging_mixin.py:190} INFO - [2024-12-03T14:21:34.473+0000] {dag.py:4180} INFO - Setting next_dagrun for dataset_s3_bucket_producer_with_no_taskflow to None, run_after=None
[2024-12-03T14:21:34.507+0000] {processor.py:208} INFO - Processing /home/airflow/.local/lib/python3.12/site-packages/airflow/example_dags/example_dataset_alias_with_no_taskflow.py took 0.890 seconds
[2024-12-03T14:22:04.682+0000] {processor.py:186} INFO - Started process (PID=444) to work on /home/airflow/.local/lib/python3.12/site-packages/airflow/example_dags/example_dataset_alias_with_no_taskflow.py
[2024-12-03T14:22:04.683+0000] {processor.py:914} INFO - Processing file /home/airflow/.local/lib/python3.12/site-packages/airflow/example_dags/example_dataset_alias_with_no_taskflow.py for tasks to queue
[2024-12-03T14:22:04.685+0000] {logging_mixin.py:190} INFO - [2024-12-03T14:22:04.685+0000] {dagbag.py:588} INFO - Filling up the DagBag from /home/airflow/.local/lib/python3.12/site-packages/airflow/example_dags/example_dataset_alias_with_no_taskflow.py
[2024-12-03T14:22:05.502+0000] {processor.py:925} INFO - DAG(s) 'dataset_alias_example_alias_consumer_with_no_taskflow', 'dataset_s3_bucket_producer_with_no_taskflow', 'dataset_s3_bucket_consumer_with_no_taskflow', 'dataset_alias_example_alias_producer_with_no_taskflow' retrieved from /home/airflow/.local/lib/python3.12/site-packages/airflow/example_dags/example_dataset_alias_with_no_taskflow.py
[2024-12-03T14:22:05.554+0000] {logging_mixin.py:190} INFO - [2024-12-03T14:22:05.553+0000] {dag.py:3239} INFO - Sync 4 DAGs
[2024-12-03T14:22:05.590+0000] {logging_mixin.py:190} INFO - [2024-12-03T14:22:05.590+0000] {dag.py:4180} INFO - Setting next_dagrun for dataset_alias_example_alias_consumer_with_no_taskflow to None, run_after=None
[2024-12-03T14:22:05.596+0000] {logging_mixin.py:190} INFO - [2024-12-03T14:22:05.595+0000] {dag.py:4180} INFO - Setting next_dagrun for dataset_alias_example_alias_producer_with_no_taskflow to None, run_after=None
[2024-12-03T14:22:05.599+0000] {logging_mixin.py:190} INFO - [2024-12-03T14:22:05.599+0000] {dag.py:4180} INFO - Setting next_dagrun for dataset_s3_bucket_consumer_with_no_taskflow to None, run_after=None
[2024-12-03T14:22:05.603+0000] {logging_mixin.py:190} INFO - [2024-12-03T14:22:05.602+0000] {dag.py:4180} INFO - Setting next_dagrun for dataset_s3_bucket_producer_with_no_taskflow to None, run_after=None
[2024-12-03T14:22:05.655+0000] {processor.py:208} INFO - Processing /home/airflow/.local/lib/python3.12/site-packages/airflow/example_dags/example_dataset_alias_with_no_taskflow.py took 0.982 seconds
[2024-12-03T14:22:36.447+0000] {processor.py:186} INFO - Started process (PID=510) to work on /home/airflow/.local/lib/python3.12/site-packages/airflow/example_dags/example_dataset_alias_with_no_taskflow.py
[2024-12-03T14:22:36.448+0000] {processor.py:914} INFO - Processing file /home/airflow/.local/lib/python3.12/site-packages/airflow/example_dags/example_dataset_alias_with_no_taskflow.py for tasks to queue
[2024-12-03T14:22:36.451+0000] {logging_mixin.py:190} INFO - [2024-12-03T14:22:36.450+0000] {dagbag.py:588} INFO - Filling up the DagBag from /home/airflow/.local/lib/python3.12/site-packages/airflow/example_dags/example_dataset_alias_with_no_taskflow.py
[2024-12-03T14:22:37.366+0000] {processor.py:925} INFO - DAG(s) 'dataset_alias_example_alias_consumer_with_no_taskflow', 'dataset_alias_example_alias_producer_with_no_taskflow', 'dataset_s3_bucket_consumer_with_no_taskflow', 'dataset_s3_bucket_producer_with_no_taskflow' retrieved from /home/airflow/.local/lib/python3.12/site-packages/airflow/example_dags/example_dataset_alias_with_no_taskflow.py
[2024-12-03T14:22:37.404+0000] {logging_mixin.py:190} INFO - [2024-12-03T14:22:37.403+0000] {dag.py:3239} INFO - Sync 4 DAGs
[2024-12-03T14:22:37.436+0000] {logging_mixin.py:190} INFO - [2024-12-03T14:22:37.436+0000] {dag.py:4180} INFO - Setting next_dagrun for dataset_alias_example_alias_consumer_with_no_taskflow to None, run_after=None
[2024-12-03T14:22:37.441+0000] {logging_mixin.py:190} INFO - [2024-12-03T14:22:37.441+0000] {dag.py:4180} INFO - Setting next_dagrun for dataset_alias_example_alias_producer_with_no_taskflow to None, run_after=None
[2024-12-03T14:22:37.445+0000] {logging_mixin.py:190} INFO - [2024-12-03T14:22:37.444+0000] {dag.py:4180} INFO - Setting next_dagrun for dataset_s3_bucket_consumer_with_no_taskflow to None, run_after=None
[2024-12-03T14:22:37.447+0000] {logging_mixin.py:190} INFO - [2024-12-03T14:22:37.447+0000] {dag.py:4180} INFO - Setting next_dagrun for dataset_s3_bucket_producer_with_no_taskflow to None, run_after=None
[2024-12-03T14:22:37.489+0000] {processor.py:208} INFO - Processing /home/airflow/.local/lib/python3.12/site-packages/airflow/example_dags/example_dataset_alias_with_no_taskflow.py took 1.051 seconds
[2024-12-03T14:23:07.701+0000] {processor.py:186} INFO - Started process (PID=573) to work on /home/airflow/.local/lib/python3.12/site-packages/airflow/example_dags/example_dataset_alias_with_no_taskflow.py
[2024-12-03T14:23:07.703+0000] {processor.py:914} INFO - Processing file /home/airflow/.local/lib/python3.12/site-packages/airflow/example_dags/example_dataset_alias_with_no_taskflow.py for tasks to queue
[2024-12-03T14:23:07.705+0000] {logging_mixin.py:190} INFO - [2024-12-03T14:23:07.704+0000] {dagbag.py:588} INFO - Filling up the DagBag from /home/airflow/.local/lib/python3.12/site-packages/airflow/example_dags/example_dataset_alias_with_no_taskflow.py
[2024-12-03T14:23:08.439+0000] {processor.py:925} INFO - DAG(s) 'dataset_alias_example_alias_producer_with_no_taskflow', 'dataset_alias_example_alias_consumer_with_no_taskflow', 'dataset_s3_bucket_producer_with_no_taskflow', 'dataset_s3_bucket_consumer_with_no_taskflow' retrieved from /home/airflow/.local/lib/python3.12/site-packages/airflow/example_dags/example_dataset_alias_with_no_taskflow.py
[2024-12-03T14:23:08.468+0000] {logging_mixin.py:190} INFO - [2024-12-03T14:23:08.467+0000] {dag.py:3239} INFO - Sync 4 DAGs
[2024-12-03T14:23:08.494+0000] {logging_mixin.py:190} INFO - [2024-12-03T14:23:08.494+0000] {dag.py:4180} INFO - Setting next_dagrun for dataset_alias_example_alias_consumer_with_no_taskflow to None, run_after=None
[2024-12-03T14:23:08.498+0000] {logging_mixin.py:190} INFO - [2024-12-03T14:23:08.498+0000] {dag.py:4180} INFO - Setting next_dagrun for dataset_alias_example_alias_producer_with_no_taskflow to None, run_after=None
[2024-12-03T14:23:08.501+0000] {logging_mixin.py:190} INFO - [2024-12-03T14:23:08.500+0000] {dag.py:4180} INFO - Setting next_dagrun for dataset_s3_bucket_consumer_with_no_taskflow to None, run_after=None
[2024-12-03T14:23:08.504+0000] {logging_mixin.py:190} INFO - [2024-12-03T14:23:08.503+0000] {dag.py:4180} INFO - Setting next_dagrun for dataset_s3_bucket_producer_with_no_taskflow to None, run_after=None
[2024-12-03T14:23:08.542+0000] {processor.py:208} INFO - Processing /home/airflow/.local/lib/python3.12/site-packages/airflow/example_dags/example_dataset_alias_with_no_taskflow.py took 0.847 seconds
[2024-12-03T14:23:41.698+0000] {processor.py:186} INFO - Started process (PID=641) to work on /home/airflow/.local/lib/python3.12/site-packages/airflow/example_dags/example_dataset_alias_with_no_taskflow.py
[2024-12-03T14:23:41.701+0000] {processor.py:914} INFO - Processing file /home/airflow/.local/lib/python3.12/site-packages/airflow/example_dags/example_dataset_alias_with_no_taskflow.py for tasks to queue
[2024-12-03T14:23:41.704+0000] {logging_mixin.py:190} INFO - [2024-12-03T14:23:41.704+0000] {dagbag.py:588} INFO - Filling up the DagBag from /home/airflow/.local/lib/python3.12/site-packages/airflow/example_dags/example_dataset_alias_with_no_taskflow.py
[2024-12-03T14:23:43.146+0000] {processor.py:925} INFO - DAG(s) 'dataset_alias_example_alias_producer_with_no_taskflow', 'dataset_s3_bucket_consumer_with_no_taskflow', 'dataset_s3_bucket_producer_with_no_taskflow', 'dataset_alias_example_alias_consumer_with_no_taskflow' retrieved from /home/airflow/.local/lib/python3.12/site-packages/airflow/example_dags/example_dataset_alias_with_no_taskflow.py
[2024-12-03T14:23:43.182+0000] {logging_mixin.py:190} INFO - [2024-12-03T14:23:43.181+0000] {dag.py:3239} INFO - Sync 4 DAGs
[2024-12-03T14:23:43.222+0000] {logging_mixin.py:190} INFO - [2024-12-03T14:23:43.221+0000] {dag.py:4180} INFO - Setting next_dagrun for dataset_alias_example_alias_consumer_with_no_taskflow to None, run_after=None
[2024-12-03T14:23:43.228+0000] {logging_mixin.py:190} INFO - [2024-12-03T14:23:43.228+0000] {dag.py:4180} INFO - Setting next_dagrun for dataset_alias_example_alias_producer_with_no_taskflow to None, run_after=None
[2024-12-03T14:23:43.231+0000] {logging_mixin.py:190} INFO - [2024-12-03T14:23:43.231+0000] {dag.py:4180} INFO - Setting next_dagrun for dataset_s3_bucket_consumer_with_no_taskflow to None, run_after=None
[2024-12-03T14:23:43.234+0000] {logging_mixin.py:190} INFO - [2024-12-03T14:23:43.234+0000] {dag.py:4180} INFO - Setting next_dagrun for dataset_s3_bucket_producer_with_no_taskflow to None, run_after=None
[2024-12-03T14:23:43.276+0000] {processor.py:208} INFO - Processing /home/airflow/.local/lib/python3.12/site-packages/airflow/example_dags/example_dataset_alias_with_no_taskflow.py took 1.585 seconds
[2024-12-03T14:24:13.952+0000] {processor.py:186} INFO - Started process (PID=705) to work on /home/airflow/.local/lib/python3.12/site-packages/airflow/example_dags/example_dataset_alias_with_no_taskflow.py
[2024-12-03T14:24:13.954+0000] {processor.py:914} INFO - Processing file /home/airflow/.local/lib/python3.12/site-packages/airflow/example_dags/example_dataset_alias_with_no_taskflow.py for tasks to queue
[2024-12-03T14:24:13.956+0000] {logging_mixin.py:190} INFO - [2024-12-03T14:24:13.956+0000] {dagbag.py:588} INFO - Filling up the DagBag from /home/airflow/.local/lib/python3.12/site-packages/airflow/example_dags/example_dataset_alias_with_no_taskflow.py
[2024-12-03T14:24:15.883+0000] {processor.py:925} INFO - DAG(s) 'dataset_s3_bucket_consumer_with_no_taskflow', 'dataset_s3_bucket_producer_with_no_taskflow', 'dataset_alias_example_alias_producer_with_no_taskflow', 'dataset_alias_example_alias_consumer_with_no_taskflow' retrieved from /home/airflow/.local/lib/python3.12/site-packages/airflow/example_dags/example_dataset_alias_with_no_taskflow.py
[2024-12-03T14:24:15.935+0000] {logging_mixin.py:190} INFO - [2024-12-03T14:24:15.934+0000] {dag.py:3239} INFO - Sync 4 DAGs
[2024-12-03T14:24:15.978+0000] {logging_mixin.py:190} INFO - [2024-12-03T14:24:15.977+0000] {dag.py:4180} INFO - Setting next_dagrun for dataset_alias_example_alias_consumer_with_no_taskflow to None, run_after=None
[2024-12-03T14:24:15.983+0000] {logging_mixin.py:190} INFO - [2024-12-03T14:24:15.983+0000] {dag.py:4180} INFO - Setting next_dagrun for dataset_alias_example_alias_producer_with_no_taskflow to None, run_after=None
[2024-12-03T14:24:15.988+0000] {logging_mixin.py:190} INFO - [2024-12-03T14:24:15.987+0000] {dag.py:4180} INFO - Setting next_dagrun for dataset_s3_bucket_consumer_with_no_taskflow to None, run_after=None
[2024-12-03T14:24:15.992+0000] {logging_mixin.py:190} INFO - [2024-12-03T14:24:15.991+0000] {dag.py:4180} INFO - Setting next_dagrun for dataset_s3_bucket_producer_with_no_taskflow to None, run_after=None
[2024-12-03T14:24:16.035+0000] {processor.py:208} INFO - Processing /home/airflow/.local/lib/python3.12/site-packages/airflow/example_dags/example_dataset_alias_with_no_taskflow.py took 2.092 seconds
[2024-12-03T14:24:46.633+0000] {processor.py:186} INFO - Started process (PID=769) to work on /home/airflow/.local/lib/python3.12/site-packages/airflow/example_dags/example_dataset_alias_with_no_taskflow.py
[2024-12-03T14:24:46.634+0000] {processor.py:914} INFO - Processing file /home/airflow/.local/lib/python3.12/site-packages/airflow/example_dags/example_dataset_alias_with_no_taskflow.py for tasks to queue
[2024-12-03T14:24:46.638+0000] {logging_mixin.py:190} INFO - [2024-12-03T14:24:46.637+0000] {dagbag.py:588} INFO - Filling up the DagBag from /home/airflow/.local/lib/python3.12/site-packages/airflow/example_dags/example_dataset_alias_with_no_taskflow.py
[2024-12-03T14:24:48.588+0000] {processor.py:925} INFO - DAG(s) 'dataset_alias_example_alias_producer_with_no_taskflow', 'dataset_alias_example_alias_consumer_with_no_taskflow', 'dataset_s3_bucket_producer_with_no_taskflow', 'dataset_s3_bucket_consumer_with_no_taskflow' retrieved from /home/airflow/.local/lib/python3.12/site-packages/airflow/example_dags/example_dataset_alias_with_no_taskflow.py
[2024-12-03T14:24:48.679+0000] {logging_mixin.py:190} INFO - [2024-12-03T14:24:48.678+0000] {dag.py:3239} INFO - Sync 4 DAGs
[2024-12-03T14:24:48.743+0000] {logging_mixin.py:190} INFO - [2024-12-03T14:24:48.742+0000] {dag.py:4180} INFO - Setting next_dagrun for dataset_alias_example_alias_consumer_with_no_taskflow to None, run_after=None
[2024-12-03T14:24:48.751+0000] {logging_mixin.py:190} INFO - [2024-12-03T14:24:48.751+0000] {dag.py:4180} INFO - Setting next_dagrun for dataset_alias_example_alias_producer_with_no_taskflow to None, run_after=None
[2024-12-03T14:24:48.757+0000] {logging_mixin.py:190} INFO - [2024-12-03T14:24:48.757+0000] {dag.py:4180} INFO - Setting next_dagrun for dataset_s3_bucket_consumer_with_no_taskflow to None, run_after=None
[2024-12-03T14:24:48.761+0000] {logging_mixin.py:190} INFO - [2024-12-03T14:24:48.760+0000] {dag.py:4180} INFO - Setting next_dagrun for dataset_s3_bucket_producer_with_no_taskflow to None, run_after=None
[2024-12-03T14:24:48.829+0000] {processor.py:208} INFO - Processing /home/airflow/.local/lib/python3.12/site-packages/airflow/example_dags/example_dataset_alias_with_no_taskflow.py took 2.210 seconds
