[2024-12-03T13:57:21.934+0000] {processor.py:186} INFO - Started process (PID=112) to work on /home/airflow/.local/lib/python3.12/site-packages/airflow/example_dags/example_latest_only.py
[2024-12-03T13:57:21.938+0000] {processor.py:914} INFO - Processing file /home/airflow/.local/lib/python3.12/site-packages/airflow/example_dags/example_latest_only.py for tasks to queue
[2024-12-03T13:57:21.947+0000] {logging_mixin.py:190} INFO - [2024-12-03T13:57:21.946+0000] {dagbag.py:588} INFO - Filling up the DagBag from /home/airflow/.local/lib/python3.12/site-packages/airflow/example_dags/example_latest_only.py
[2024-12-03T13:57:21.966+0000] {processor.py:925} INFO - DAG(s) 'latest_only' retrieved from /home/airflow/.local/lib/python3.12/site-packages/airflow/example_dags/example_latest_only.py
[2024-12-03T13:57:22.235+0000] {logging_mixin.py:190} INFO - [2024-12-03T13:57:22.234+0000] {override.py:1911} INFO - Created Permission View: can delete on DAG:latest_only
[2024-12-03T13:57:22.251+0000] {logging_mixin.py:190} INFO - [2024-12-03T13:57:22.251+0000] {override.py:1911} INFO - Created Permission View: can read on DAG:latest_only
[2024-12-03T13:57:22.266+0000] {logging_mixin.py:190} INFO - [2024-12-03T13:57:22.266+0000] {override.py:1911} INFO - Created Permission View: can edit on DAG:latest_only
[2024-12-03T13:57:22.281+0000] {logging_mixin.py:190} INFO - [2024-12-03T13:57:22.281+0000] {override.py:1911} INFO - Created Permission View: can create on DAG Run:latest_only
[2024-12-03T13:57:22.295+0000] {logging_mixin.py:190} INFO - [2024-12-03T13:57:22.295+0000] {override.py:1911} INFO - Created Permission View: menu access on DAG Run:latest_only
[2024-12-03T13:57:22.308+0000] {logging_mixin.py:190} INFO - [2024-12-03T13:57:22.308+0000] {override.py:1911} INFO - Created Permission View: can delete on DAG Run:latest_only
[2024-12-03T13:57:22.319+0000] {logging_mixin.py:190} INFO - [2024-12-03T13:57:22.319+0000] {override.py:1911} INFO - Created Permission View: can read on DAG Run:latest_only
[2024-12-03T13:57:22.321+0000] {logging_mixin.py:190} INFO - [2024-12-03T13:57:22.320+0000] {dag.py:3239} INFO - Sync 1 DAGs
[2024-12-03T13:57:22.338+0000] {logging_mixin.py:190} INFO - [2024-12-03T13:57:22.338+0000] {dag.py:3262} INFO - Creating ORM DAG for latest_only
[2024-12-03T13:57:22.363+0000] {logging_mixin.py:190} INFO - [2024-12-03T13:57:22.363+0000] {dag.py:4180} INFO - Setting next_dagrun for latest_only to 2024-12-03 08:00:00+00:00, run_after=2024-12-03 12:00:00+00:00
[2024-12-03T13:57:22.393+0000] {processor.py:208} INFO - Processing /home/airflow/.local/lib/python3.12/site-packages/airflow/example_dags/example_latest_only.py took 0.469 seconds
[2024-12-03T14:19:27.777+0000] {processor.py:186} INFO - Started process (PID=124) to work on /home/airflow/.local/lib/python3.12/site-packages/airflow/example_dags/example_latest_only.py
[2024-12-03T14:19:27.778+0000] {processor.py:914} INFO - Processing file /home/airflow/.local/lib/python3.12/site-packages/airflow/example_dags/example_latest_only.py for tasks to queue
[2024-12-03T14:19:27.781+0000] {logging_mixin.py:190} INFO - [2024-12-03T14:19:27.781+0000] {dagbag.py:588} INFO - Filling up the DagBag from /home/airflow/.local/lib/python3.12/site-packages/airflow/example_dags/example_latest_only.py
[2024-12-03T14:19:27.794+0000] {processor.py:925} INFO - DAG(s) 'latest_only' retrieved from /home/airflow/.local/lib/python3.12/site-packages/airflow/example_dags/example_latest_only.py
[2024-12-03T14:19:28.007+0000] {logging_mixin.py:190} INFO - [2024-12-03T14:19:28.005+0000] {override.py:1911} INFO - Created Permission View: can read on DAG:latest_only
[2024-12-03T14:19:28.034+0000] {logging_mixin.py:190} INFO - [2024-12-03T14:19:28.034+0000] {override.py:1911} INFO - Created Permission View: can edit on DAG:latest_only
[2024-12-03T14:19:28.054+0000] {logging_mixin.py:190} INFO - [2024-12-03T14:19:28.053+0000] {override.py:1911} INFO - Created Permission View: can delete on DAG:latest_only
[2024-12-03T14:19:28.077+0000] {logging_mixin.py:190} INFO - [2024-12-03T14:19:28.076+0000] {override.py:1911} INFO - Created Permission View: can read on DAG Run:latest_only
[2024-12-03T14:19:28.094+0000] {logging_mixin.py:190} INFO - [2024-12-03T14:19:28.094+0000] {override.py:1911} INFO - Created Permission View: menu access on DAG Run:latest_only
[2024-12-03T14:19:28.110+0000] {logging_mixin.py:190} INFO - [2024-12-03T14:19:28.109+0000] {override.py:1911} INFO - Created Permission View: can delete on DAG Run:latest_only
[2024-12-03T14:19:28.124+0000] {logging_mixin.py:190} INFO - [2024-12-03T14:19:28.124+0000] {override.py:1911} INFO - Created Permission View: can create on DAG Run:latest_only
[2024-12-03T14:19:28.126+0000] {logging_mixin.py:190} INFO - [2024-12-03T14:19:28.125+0000] {dag.py:3239} INFO - Sync 1 DAGs
[2024-12-03T14:19:28.151+0000] {logging_mixin.py:190} INFO - [2024-12-03T14:19:28.151+0000] {dag.py:3262} INFO - Creating ORM DAG for latest_only
[2024-12-03T14:19:28.165+0000] {logging_mixin.py:190} INFO - [2024-12-03T14:19:28.165+0000] {dag.py:4180} INFO - Setting next_dagrun for latest_only to 2024-12-03 08:00:00+00:00, run_after=2024-12-03 12:00:00+00:00
[2024-12-03T14:19:28.199+0000] {processor.py:208} INFO - Processing /home/airflow/.local/lib/python3.12/site-packages/airflow/example_dags/example_latest_only.py took 0.431 seconds
[2024-12-03T14:19:58.807+0000] {processor.py:186} INFO - Started process (PID=188) to work on /home/airflow/.local/lib/python3.12/site-packages/airflow/example_dags/example_latest_only.py
[2024-12-03T14:19:58.809+0000] {processor.py:914} INFO - Processing file /home/airflow/.local/lib/python3.12/site-packages/airflow/example_dags/example_latest_only.py for tasks to queue
[2024-12-03T14:19:58.811+0000] {logging_mixin.py:190} INFO - [2024-12-03T14:19:58.811+0000] {dagbag.py:588} INFO - Filling up the DagBag from /home/airflow/.local/lib/python3.12/site-packages/airflow/example_dags/example_latest_only.py
[2024-12-03T14:19:58.821+0000] {processor.py:925} INFO - DAG(s) 'latest_only' retrieved from /home/airflow/.local/lib/python3.12/site-packages/airflow/example_dags/example_latest_only.py
[2024-12-03T14:19:58.848+0000] {logging_mixin.py:190} INFO - [2024-12-03T14:19:58.847+0000] {dag.py:3239} INFO - Sync 1 DAGs
[2024-12-03T14:19:58.880+0000] {logging_mixin.py:190} INFO - [2024-12-03T14:19:58.880+0000] {dag.py:4180} INFO - Setting next_dagrun for latest_only to 2024-12-03 08:00:00+00:00, run_after=2024-12-03 12:00:00+00:00
[2024-12-03T14:19:58.912+0000] {processor.py:208} INFO - Processing /home/airflow/.local/lib/python3.12/site-packages/airflow/example_dags/example_latest_only.py took 0.112 seconds
[2024-12-03T14:20:30.614+0000] {processor.py:186} INFO - Started process (PID=251) to work on /home/airflow/.local/lib/python3.12/site-packages/airflow/example_dags/example_latest_only.py
[2024-12-03T14:20:30.615+0000] {processor.py:914} INFO - Processing file /home/airflow/.local/lib/python3.12/site-packages/airflow/example_dags/example_latest_only.py for tasks to queue
[2024-12-03T14:20:30.618+0000] {logging_mixin.py:190} INFO - [2024-12-03T14:20:30.617+0000] {dagbag.py:588} INFO - Filling up the DagBag from /home/airflow/.local/lib/python3.12/site-packages/airflow/example_dags/example_latest_only.py
[2024-12-03T14:20:30.628+0000] {processor.py:925} INFO - DAG(s) 'latest_only' retrieved from /home/airflow/.local/lib/python3.12/site-packages/airflow/example_dags/example_latest_only.py
[2024-12-03T14:20:30.658+0000] {logging_mixin.py:190} INFO - [2024-12-03T14:20:30.658+0000] {dag.py:3239} INFO - Sync 1 DAGs
[2024-12-03T14:20:30.694+0000] {logging_mixin.py:190} INFO - [2024-12-03T14:20:30.694+0000] {dag.py:4180} INFO - Setting next_dagrun for latest_only to 2024-12-03 08:00:00+00:00, run_after=2024-12-03 12:00:00+00:00
[2024-12-03T14:20:30.730+0000] {processor.py:208} INFO - Processing /home/airflow/.local/lib/python3.12/site-packages/airflow/example_dags/example_latest_only.py took 0.124 seconds
[2024-12-03T14:21:02.304+0000] {processor.py:186} INFO - Started process (PID=316) to work on /home/airflow/.local/lib/python3.12/site-packages/airflow/example_dags/example_latest_only.py
[2024-12-03T14:21:02.305+0000] {processor.py:914} INFO - Processing file /home/airflow/.local/lib/python3.12/site-packages/airflow/example_dags/example_latest_only.py for tasks to queue
[2024-12-03T14:21:02.307+0000] {logging_mixin.py:190} INFO - [2024-12-03T14:21:02.307+0000] {dagbag.py:588} INFO - Filling up the DagBag from /home/airflow/.local/lib/python3.12/site-packages/airflow/example_dags/example_latest_only.py
[2024-12-03T14:21:02.314+0000] {processor.py:925} INFO - DAG(s) 'latest_only' retrieved from /home/airflow/.local/lib/python3.12/site-packages/airflow/example_dags/example_latest_only.py
[2024-12-03T14:21:02.343+0000] {logging_mixin.py:190} INFO - [2024-12-03T14:21:02.342+0000] {dag.py:3239} INFO - Sync 1 DAGs
[2024-12-03T14:21:02.371+0000] {logging_mixin.py:190} INFO - [2024-12-03T14:21:02.371+0000] {dag.py:4180} INFO - Setting next_dagrun for latest_only to 2024-12-03 08:00:00+00:00, run_after=2024-12-03 12:00:00+00:00
[2024-12-03T14:21:02.406+0000] {processor.py:208} INFO - Processing /home/airflow/.local/lib/python3.12/site-packages/airflow/example_dags/example_latest_only.py took 0.107 seconds
[2024-12-03T14:21:33.849+0000] {processor.py:186} INFO - Started process (PID=381) to work on /home/airflow/.local/lib/python3.12/site-packages/airflow/example_dags/example_latest_only.py
[2024-12-03T14:21:33.850+0000] {processor.py:914} INFO - Processing file /home/airflow/.local/lib/python3.12/site-packages/airflow/example_dags/example_latest_only.py for tasks to queue
[2024-12-03T14:21:33.852+0000] {logging_mixin.py:190} INFO - [2024-12-03T14:21:33.852+0000] {dagbag.py:588} INFO - Filling up the DagBag from /home/airflow/.local/lib/python3.12/site-packages/airflow/example_dags/example_latest_only.py
[2024-12-03T14:21:33.861+0000] {processor.py:925} INFO - DAG(s) 'latest_only' retrieved from /home/airflow/.local/lib/python3.12/site-packages/airflow/example_dags/example_latest_only.py
[2024-12-03T14:21:33.884+0000] {logging_mixin.py:190} INFO - [2024-12-03T14:21:33.883+0000] {dag.py:3239} INFO - Sync 1 DAGs
[2024-12-03T14:21:33.916+0000] {logging_mixin.py:190} INFO - [2024-12-03T14:21:33.916+0000] {dag.py:4180} INFO - Setting next_dagrun for latest_only to 2024-12-03 08:00:00+00:00, run_after=2024-12-03 12:00:00+00:00
[2024-12-03T14:21:33.944+0000] {processor.py:208} INFO - Processing /home/airflow/.local/lib/python3.12/site-packages/airflow/example_dags/example_latest_only.py took 0.101 seconds
[2024-12-03T14:22:04.950+0000] {processor.py:186} INFO - Started process (PID=446) to work on /home/airflow/.local/lib/python3.12/site-packages/airflow/example_dags/example_latest_only.py
[2024-12-03T14:22:04.951+0000] {processor.py:914} INFO - Processing file /home/airflow/.local/lib/python3.12/site-packages/airflow/example_dags/example_latest_only.py for tasks to queue
[2024-12-03T14:22:04.953+0000] {logging_mixin.py:190} INFO - [2024-12-03T14:22:04.953+0000] {dagbag.py:588} INFO - Filling up the DagBag from /home/airflow/.local/lib/python3.12/site-packages/airflow/example_dags/example_latest_only.py
[2024-12-03T14:22:04.966+0000] {processor.py:925} INFO - DAG(s) 'latest_only' retrieved from /home/airflow/.local/lib/python3.12/site-packages/airflow/example_dags/example_latest_only.py
[2024-12-03T14:22:04.997+0000] {logging_mixin.py:190} INFO - [2024-12-03T14:22:04.996+0000] {dag.py:3239} INFO - Sync 1 DAGs
[2024-12-03T14:22:05.035+0000] {logging_mixin.py:190} INFO - [2024-12-03T14:22:05.034+0000] {dag.py:4180} INFO - Setting next_dagrun for latest_only to 2024-12-03 08:00:00+00:00, run_after=2024-12-03 12:00:00+00:00
[2024-12-03T14:22:05.067+0000] {processor.py:208} INFO - Processing /home/airflow/.local/lib/python3.12/site-packages/airflow/example_dags/example_latest_only.py took 0.124 seconds
[2024-12-03T14:22:36.406+0000] {processor.py:186} INFO - Started process (PID=509) to work on /home/airflow/.local/lib/python3.12/site-packages/airflow/example_dags/example_latest_only.py
[2024-12-03T14:22:36.407+0000] {processor.py:914} INFO - Processing file /home/airflow/.local/lib/python3.12/site-packages/airflow/example_dags/example_latest_only.py for tasks to queue
[2024-12-03T14:22:36.409+0000] {logging_mixin.py:190} INFO - [2024-12-03T14:22:36.409+0000] {dagbag.py:588} INFO - Filling up the DagBag from /home/airflow/.local/lib/python3.12/site-packages/airflow/example_dags/example_latest_only.py
[2024-12-03T14:22:36.421+0000] {processor.py:925} INFO - DAG(s) 'latest_only' retrieved from /home/airflow/.local/lib/python3.12/site-packages/airflow/example_dags/example_latest_only.py
[2024-12-03T14:22:36.453+0000] {logging_mixin.py:190} INFO - [2024-12-03T14:22:36.453+0000] {dag.py:3239} INFO - Sync 1 DAGs
[2024-12-03T14:22:36.489+0000] {logging_mixin.py:190} INFO - [2024-12-03T14:22:36.489+0000] {dag.py:4180} INFO - Setting next_dagrun for latest_only to 2024-12-03 08:00:00+00:00, run_after=2024-12-03 12:00:00+00:00
[2024-12-03T14:22:36.521+0000] {processor.py:208} INFO - Processing /home/airflow/.local/lib/python3.12/site-packages/airflow/example_dags/example_latest_only.py took 0.123 seconds
[2024-12-03T14:23:07.778+0000] {processor.py:186} INFO - Started process (PID=574) to work on /home/airflow/.local/lib/python3.12/site-packages/airflow/example_dags/example_latest_only.py
[2024-12-03T14:23:07.779+0000] {processor.py:914} INFO - Processing file /home/airflow/.local/lib/python3.12/site-packages/airflow/example_dags/example_latest_only.py for tasks to queue
[2024-12-03T14:23:07.781+0000] {logging_mixin.py:190} INFO - [2024-12-03T14:23:07.781+0000] {dagbag.py:588} INFO - Filling up the DagBag from /home/airflow/.local/lib/python3.12/site-packages/airflow/example_dags/example_latest_only.py
[2024-12-03T14:23:07.790+0000] {processor.py:925} INFO - DAG(s) 'latest_only' retrieved from /home/airflow/.local/lib/python3.12/site-packages/airflow/example_dags/example_latest_only.py
[2024-12-03T14:23:07.815+0000] {logging_mixin.py:190} INFO - [2024-12-03T14:23:07.815+0000] {dag.py:3239} INFO - Sync 1 DAGs
[2024-12-03T14:23:07.845+0000] {logging_mixin.py:190} INFO - [2024-12-03T14:23:07.845+0000] {dag.py:4180} INFO - Setting next_dagrun for latest_only to 2024-12-03 08:00:00+00:00, run_after=2024-12-03 12:00:00+00:00
[2024-12-03T14:23:07.869+0000] {processor.py:208} INFO - Processing /home/airflow/.local/lib/python3.12/site-packages/airflow/example_dags/example_latest_only.py took 0.096 seconds
[2024-12-03T14:23:40.462+0000] {processor.py:186} INFO - Started process (PID=637) to work on /home/airflow/.local/lib/python3.12/site-packages/airflow/example_dags/example_latest_only.py
[2024-12-03T14:23:40.464+0000] {processor.py:914} INFO - Processing file /home/airflow/.local/lib/python3.12/site-packages/airflow/example_dags/example_latest_only.py for tasks to queue
[2024-12-03T14:23:40.466+0000] {logging_mixin.py:190} INFO - [2024-12-03T14:23:40.466+0000] {dagbag.py:588} INFO - Filling up the DagBag from /home/airflow/.local/lib/python3.12/site-packages/airflow/example_dags/example_latest_only.py
[2024-12-03T14:23:40.480+0000] {processor.py:925} INFO - DAG(s) 'latest_only' retrieved from /home/airflow/.local/lib/python3.12/site-packages/airflow/example_dags/example_latest_only.py
[2024-12-03T14:23:40.518+0000] {logging_mixin.py:190} INFO - [2024-12-03T14:23:40.517+0000] {dag.py:3239} INFO - Sync 1 DAGs
[2024-12-03T14:23:40.610+0000] {logging_mixin.py:190} INFO - [2024-12-03T14:23:40.609+0000] {dag.py:4180} INFO - Setting next_dagrun for latest_only to 2024-12-03 08:00:00+00:00, run_after=2024-12-03 12:00:00+00:00
[2024-12-03T14:23:40.671+0000] {processor.py:208} INFO - Processing /home/airflow/.local/lib/python3.12/site-packages/airflow/example_dags/example_latest_only.py took 0.219 seconds
[2024-12-03T14:24:11.238+0000] {processor.py:186} INFO - Started process (PID=700) to work on /home/airflow/.local/lib/python3.12/site-packages/airflow/example_dags/example_latest_only.py
[2024-12-03T14:24:11.240+0000] {processor.py:914} INFO - Processing file /home/airflow/.local/lib/python3.12/site-packages/airflow/example_dags/example_latest_only.py for tasks to queue
[2024-12-03T14:24:11.241+0000] {logging_mixin.py:190} INFO - [2024-12-03T14:24:11.241+0000] {dagbag.py:588} INFO - Filling up the DagBag from /home/airflow/.local/lib/python3.12/site-packages/airflow/example_dags/example_latest_only.py
[2024-12-03T14:24:11.250+0000] {processor.py:925} INFO - DAG(s) 'latest_only' retrieved from /home/airflow/.local/lib/python3.12/site-packages/airflow/example_dags/example_latest_only.py
[2024-12-03T14:24:11.276+0000] {logging_mixin.py:190} INFO - [2024-12-03T14:24:11.275+0000] {dag.py:3239} INFO - Sync 1 DAGs
[2024-12-03T14:24:11.306+0000] {logging_mixin.py:190} INFO - [2024-12-03T14:24:11.305+0000] {dag.py:4180} INFO - Setting next_dagrun for latest_only to 2024-12-03 08:00:00+00:00, run_after=2024-12-03 12:00:00+00:00
[2024-12-03T14:24:11.340+0000] {processor.py:208} INFO - Processing /home/airflow/.local/lib/python3.12/site-packages/airflow/example_dags/example_latest_only.py took 0.106 seconds
[2024-12-03T14:24:41.823+0000] {processor.py:186} INFO - Started process (PID=764) to work on /home/airflow/.local/lib/python3.12/site-packages/airflow/example_dags/example_latest_only.py
[2024-12-03T14:24:41.825+0000] {processor.py:914} INFO - Processing file /home/airflow/.local/lib/python3.12/site-packages/airflow/example_dags/example_latest_only.py for tasks to queue
[2024-12-03T14:24:41.827+0000] {logging_mixin.py:190} INFO - [2024-12-03T14:24:41.826+0000] {dagbag.py:588} INFO - Filling up the DagBag from /home/airflow/.local/lib/python3.12/site-packages/airflow/example_dags/example_latest_only.py
[2024-12-03T14:24:41.835+0000] {processor.py:925} INFO - DAG(s) 'latest_only' retrieved from /home/airflow/.local/lib/python3.12/site-packages/airflow/example_dags/example_latest_only.py
[2024-12-03T14:24:41.865+0000] {logging_mixin.py:190} INFO - [2024-12-03T14:24:41.865+0000] {dag.py:3239} INFO - Sync 1 DAGs
[2024-12-03T14:24:41.897+0000] {logging_mixin.py:190} INFO - [2024-12-03T14:24:41.896+0000] {dag.py:4180} INFO - Setting next_dagrun for latest_only to 2024-12-03 08:00:00+00:00, run_after=2024-12-03 12:00:00+00:00
[2024-12-03T14:24:41.934+0000] {processor.py:208} INFO - Processing /home/airflow/.local/lib/python3.12/site-packages/airflow/example_dags/example_latest_only.py took 0.117 seconds
