[2024-12-03T13:57:11.950+0000] {processor.py:186} INFO - Started process (PID=86) to work on /home/airflow/.local/lib/python3.12/site-packages/airflow/example_dags/example_trigger_target_dag.py
[2024-12-03T13:57:11.953+0000] {processor.py:914} INFO - Processing file /home/airflow/.local/lib/python3.12/site-packages/airflow/example_dags/example_trigger_target_dag.py for tasks to queue
[2024-12-03T13:57:11.960+0000] {logging_mixin.py:190} INFO - [2024-12-03T13:57:11.959+0000] {dagbag.py:588} INFO - Filling up the DagBag from /home/airflow/.local/lib/python3.12/site-packages/airflow/example_dags/example_trigger_target_dag.py
[2024-12-03T13:57:11.978+0000] {processor.py:925} INFO - DAG(s) 'example_trigger_target_dag' retrieved from /home/airflow/.local/lib/python3.12/site-packages/airflow/example_dags/example_trigger_target_dag.py
[2024-12-03T13:57:12.315+0000] {logging_mixin.py:190} INFO - [2024-12-03T13:57:12.314+0000] {override.py:1911} INFO - Created Permission View: can delete on DAG:example_trigger_target_dag
[2024-12-03T13:57:12.339+0000] {logging_mixin.py:190} INFO - [2024-12-03T13:57:12.339+0000] {override.py:1911} INFO - Created Permission View: can read on DAG:example_trigger_target_dag
[2024-12-03T13:57:12.356+0000] {logging_mixin.py:190} INFO - [2024-12-03T13:57:12.356+0000] {override.py:1911} INFO - Created Permission View: can edit on DAG:example_trigger_target_dag
[2024-12-03T13:57:12.378+0000] {logging_mixin.py:190} INFO - [2024-12-03T13:57:12.377+0000] {override.py:1911} INFO - Created Permission View: can create on DAG Run:example_trigger_target_dag
[2024-12-03T13:57:12.398+0000] {logging_mixin.py:190} INFO - [2024-12-03T13:57:12.397+0000] {override.py:1911} INFO - Created Permission View: menu access on DAG Run:example_trigger_target_dag
[2024-12-03T13:57:12.415+0000] {logging_mixin.py:190} INFO - [2024-12-03T13:57:12.415+0000] {override.py:1911} INFO - Created Permission View: can delete on DAG Run:example_trigger_target_dag
[2024-12-03T13:57:12.434+0000] {logging_mixin.py:190} INFO - [2024-12-03T13:57:12.433+0000] {override.py:1911} INFO - Created Permission View: can read on DAG Run:example_trigger_target_dag
[2024-12-03T13:57:12.438+0000] {logging_mixin.py:190} INFO - [2024-12-03T13:57:12.437+0000] {dag.py:3239} INFO - Sync 1 DAGs
[2024-12-03T13:57:12.462+0000] {logging_mixin.py:190} INFO - [2024-12-03T13:57:12.461+0000] {dag.py:3262} INFO - Creating ORM DAG for example_trigger_target_dag
[2024-12-03T13:57:12.465+0000] {logging_mixin.py:190} INFO - [2024-12-03T13:57:12.464+0000] {dag.py:4180} INFO - Setting next_dagrun for example_trigger_target_dag to None, run_after=None
[2024-12-03T13:57:12.496+0000] {processor.py:208} INFO - Processing /home/airflow/.local/lib/python3.12/site-packages/airflow/example_dags/example_trigger_target_dag.py took 0.552 seconds
[2024-12-03T14:19:07.788+0000] {processor.py:186} INFO - Started process (PID=82) to work on /home/airflow/.local/lib/python3.12/site-packages/airflow/example_dags/example_trigger_target_dag.py
[2024-12-03T14:19:07.791+0000] {processor.py:914} INFO - Processing file /home/airflow/.local/lib/python3.12/site-packages/airflow/example_dags/example_trigger_target_dag.py for tasks to queue
[2024-12-03T14:19:07.796+0000] {logging_mixin.py:190} INFO - [2024-12-03T14:19:07.794+0000] {dagbag.py:588} INFO - Filling up the DagBag from /home/airflow/.local/lib/python3.12/site-packages/airflow/example_dags/example_trigger_target_dag.py
[2024-12-03T14:19:07.885+0000] {processor.py:925} INFO - DAG(s) 'example_trigger_target_dag' retrieved from /home/airflow/.local/lib/python3.12/site-packages/airflow/example_dags/example_trigger_target_dag.py
[2024-12-03T14:19:09.365+0000] {logging_mixin.py:190} INFO - [2024-12-03T14:19:09.362+0000] {override.py:1911} INFO - Created Permission View: can read on DAG:example_trigger_target_dag
[2024-12-03T14:19:09.405+0000] {logging_mixin.py:190} INFO - [2024-12-03T14:19:09.405+0000] {override.py:1911} INFO - Created Permission View: can edit on DAG:example_trigger_target_dag
[2024-12-03T14:19:09.434+0000] {logging_mixin.py:190} INFO - [2024-12-03T14:19:09.433+0000] {override.py:1911} INFO - Created Permission View: can delete on DAG:example_trigger_target_dag
[2024-12-03T14:19:09.467+0000] {logging_mixin.py:190} INFO - [2024-12-03T14:19:09.466+0000] {override.py:1911} INFO - Created Permission View: can read on DAG Run:example_trigger_target_dag
[2024-12-03T14:19:09.498+0000] {logging_mixin.py:190} INFO - [2024-12-03T14:19:09.496+0000] {override.py:1911} INFO - Created Permission View: menu access on DAG Run:example_trigger_target_dag
[2024-12-03T14:19:09.522+0000] {logging_mixin.py:190} INFO - [2024-12-03T14:19:09.521+0000] {override.py:1911} INFO - Created Permission View: can delete on DAG Run:example_trigger_target_dag
[2024-12-03T14:19:09.547+0000] {logging_mixin.py:190} INFO - [2024-12-03T14:19:09.546+0000] {override.py:1911} INFO - Created Permission View: can create on DAG Run:example_trigger_target_dag
[2024-12-03T14:19:09.550+0000] {logging_mixin.py:190} INFO - [2024-12-03T14:19:09.549+0000] {dag.py:3239} INFO - Sync 1 DAGs
[2024-12-03T14:19:09.685+0000] {logging_mixin.py:190} INFO - [2024-12-03T14:19:09.684+0000] {dag.py:3262} INFO - Creating ORM DAG for example_trigger_target_dag
[2024-12-03T14:19:09.689+0000] {logging_mixin.py:190} INFO - [2024-12-03T14:19:09.689+0000] {dag.py:4180} INFO - Setting next_dagrun for example_trigger_target_dag to None, run_after=None
[2024-12-03T14:19:09.824+0000] {processor.py:208} INFO - Processing /home/airflow/.local/lib/python3.12/site-packages/airflow/example_dags/example_trigger_target_dag.py took 2.116 seconds
[2024-12-03T14:19:40.490+0000] {processor.py:186} INFO - Started process (PID=146) to work on /home/airflow/.local/lib/python3.12/site-packages/airflow/example_dags/example_trigger_target_dag.py
[2024-12-03T14:19:40.492+0000] {processor.py:914} INFO - Processing file /home/airflow/.local/lib/python3.12/site-packages/airflow/example_dags/example_trigger_target_dag.py for tasks to queue
[2024-12-03T14:19:40.497+0000] {logging_mixin.py:190} INFO - [2024-12-03T14:19:40.496+0000] {dagbag.py:588} INFO - Filling up the DagBag from /home/airflow/.local/lib/python3.12/site-packages/airflow/example_dags/example_trigger_target_dag.py
[2024-12-03T14:19:40.519+0000] {processor.py:925} INFO - DAG(s) 'example_trigger_target_dag' retrieved from /home/airflow/.local/lib/python3.12/site-packages/airflow/example_dags/example_trigger_target_dag.py
[2024-12-03T14:19:40.587+0000] {logging_mixin.py:190} INFO - [2024-12-03T14:19:40.586+0000] {dag.py:3239} INFO - Sync 1 DAGs
[2024-12-03T14:19:40.627+0000] {logging_mixin.py:190} INFO - [2024-12-03T14:19:40.626+0000] {dag.py:4180} INFO - Setting next_dagrun for example_trigger_target_dag to None, run_after=None
[2024-12-03T14:19:40.685+0000] {processor.py:208} INFO - Processing /home/airflow/.local/lib/python3.12/site-packages/airflow/example_dags/example_trigger_target_dag.py took 0.213 seconds
[2024-12-03T14:20:11.471+0000] {processor.py:186} INFO - Started process (PID=210) to work on /home/airflow/.local/lib/python3.12/site-packages/airflow/example_dags/example_trigger_target_dag.py
[2024-12-03T14:20:11.473+0000] {processor.py:914} INFO - Processing file /home/airflow/.local/lib/python3.12/site-packages/airflow/example_dags/example_trigger_target_dag.py for tasks to queue
[2024-12-03T14:20:11.475+0000] {logging_mixin.py:190} INFO - [2024-12-03T14:20:11.475+0000] {dagbag.py:588} INFO - Filling up the DagBag from /home/airflow/.local/lib/python3.12/site-packages/airflow/example_dags/example_trigger_target_dag.py
[2024-12-03T14:20:11.484+0000] {processor.py:925} INFO - DAG(s) 'example_trigger_target_dag' retrieved from /home/airflow/.local/lib/python3.12/site-packages/airflow/example_dags/example_trigger_target_dag.py
[2024-12-03T14:20:11.511+0000] {logging_mixin.py:190} INFO - [2024-12-03T14:20:11.511+0000] {dag.py:3239} INFO - Sync 1 DAGs
[2024-12-03T14:20:11.529+0000] {logging_mixin.py:190} INFO - [2024-12-03T14:20:11.529+0000] {dag.py:4180} INFO - Setting next_dagrun for example_trigger_target_dag to None, run_after=None
[2024-12-03T14:20:11.565+0000] {processor.py:208} INFO - Processing /home/airflow/.local/lib/python3.12/site-packages/airflow/example_dags/example_trigger_target_dag.py took 0.098 seconds
[2024-12-03T14:20:41.641+0000] {processor.py:186} INFO - Started process (PID=274) to work on /home/airflow/.local/lib/python3.12/site-packages/airflow/example_dags/example_trigger_target_dag.py
[2024-12-03T14:20:41.642+0000] {processor.py:914} INFO - Processing file /home/airflow/.local/lib/python3.12/site-packages/airflow/example_dags/example_trigger_target_dag.py for tasks to queue
[2024-12-03T14:20:41.645+0000] {logging_mixin.py:190} INFO - [2024-12-03T14:20:41.644+0000] {dagbag.py:588} INFO - Filling up the DagBag from /home/airflow/.local/lib/python3.12/site-packages/airflow/example_dags/example_trigger_target_dag.py
[2024-12-03T14:20:41.652+0000] {processor.py:925} INFO - DAG(s) 'example_trigger_target_dag' retrieved from /home/airflow/.local/lib/python3.12/site-packages/airflow/example_dags/example_trigger_target_dag.py
[2024-12-03T14:20:41.675+0000] {logging_mixin.py:190} INFO - [2024-12-03T14:20:41.675+0000] {dag.py:3239} INFO - Sync 1 DAGs
[2024-12-03T14:20:41.690+0000] {logging_mixin.py:190} INFO - [2024-12-03T14:20:41.690+0000] {dag.py:4180} INFO - Setting next_dagrun for example_trigger_target_dag to None, run_after=None
[2024-12-03T14:20:41.718+0000] {processor.py:208} INFO - Processing /home/airflow/.local/lib/python3.12/site-packages/airflow/example_dags/example_trigger_target_dag.py took 0.082 seconds
[2024-12-03T14:21:12.667+0000] {processor.py:186} INFO - Started process (PID=339) to work on /home/airflow/.local/lib/python3.12/site-packages/airflow/example_dags/example_trigger_target_dag.py
[2024-12-03T14:21:12.669+0000] {processor.py:914} INFO - Processing file /home/airflow/.local/lib/python3.12/site-packages/airflow/example_dags/example_trigger_target_dag.py for tasks to queue
[2024-12-03T14:21:12.671+0000] {logging_mixin.py:190} INFO - [2024-12-03T14:21:12.671+0000] {dagbag.py:588} INFO - Filling up the DagBag from /home/airflow/.local/lib/python3.12/site-packages/airflow/example_dags/example_trigger_target_dag.py
[2024-12-03T14:21:12.682+0000] {processor.py:925} INFO - DAG(s) 'example_trigger_target_dag' retrieved from /home/airflow/.local/lib/python3.12/site-packages/airflow/example_dags/example_trigger_target_dag.py
[2024-12-03T14:21:12.712+0000] {logging_mixin.py:190} INFO - [2024-12-03T14:21:12.712+0000] {dag.py:3239} INFO - Sync 1 DAGs
[2024-12-03T14:21:12.735+0000] {logging_mixin.py:190} INFO - [2024-12-03T14:21:12.735+0000] {dag.py:4180} INFO - Setting next_dagrun for example_trigger_target_dag to None, run_after=None
[2024-12-03T14:21:12.769+0000] {processor.py:208} INFO - Processing /home/airflow/.local/lib/python3.12/site-packages/airflow/example_dags/example_trigger_target_dag.py took 0.109 seconds
[2024-12-03T14:21:42.892+0000] {processor.py:186} INFO - Started process (PID=403) to work on /home/airflow/.local/lib/python3.12/site-packages/airflow/example_dags/example_trigger_target_dag.py
[2024-12-03T14:21:42.894+0000] {processor.py:914} INFO - Processing file /home/airflow/.local/lib/python3.12/site-packages/airflow/example_dags/example_trigger_target_dag.py for tasks to queue
[2024-12-03T14:21:42.900+0000] {logging_mixin.py:190} INFO - [2024-12-03T14:21:42.899+0000] {dagbag.py:588} INFO - Filling up the DagBag from /home/airflow/.local/lib/python3.12/site-packages/airflow/example_dags/example_trigger_target_dag.py
[2024-12-03T14:21:42.931+0000] {processor.py:925} INFO - DAG(s) 'example_trigger_target_dag' retrieved from /home/airflow/.local/lib/python3.12/site-packages/airflow/example_dags/example_trigger_target_dag.py
[2024-12-03T14:21:42.983+0000] {logging_mixin.py:190} INFO - [2024-12-03T14:21:42.983+0000] {dag.py:3239} INFO - Sync 1 DAGs
[2024-12-03T14:21:43.009+0000] {logging_mixin.py:190} INFO - [2024-12-03T14:21:43.008+0000] {dag.py:4180} INFO - Setting next_dagrun for example_trigger_target_dag to None, run_after=None
[2024-12-03T14:21:43.051+0000] {processor.py:208} INFO - Processing /home/airflow/.local/lib/python3.12/site-packages/airflow/example_dags/example_trigger_target_dag.py took 0.171 seconds
[2024-12-03T14:22:13.642+0000] {processor.py:186} INFO - Started process (PID=468) to work on /home/airflow/.local/lib/python3.12/site-packages/airflow/example_dags/example_trigger_target_dag.py
[2024-12-03T14:22:13.644+0000] {processor.py:914} INFO - Processing file /home/airflow/.local/lib/python3.12/site-packages/airflow/example_dags/example_trigger_target_dag.py for tasks to queue
[2024-12-03T14:22:13.645+0000] {logging_mixin.py:190} INFO - [2024-12-03T14:22:13.645+0000] {dagbag.py:588} INFO - Filling up the DagBag from /home/airflow/.local/lib/python3.12/site-packages/airflow/example_dags/example_trigger_target_dag.py
[2024-12-03T14:22:13.654+0000] {processor.py:925} INFO - DAG(s) 'example_trigger_target_dag' retrieved from /home/airflow/.local/lib/python3.12/site-packages/airflow/example_dags/example_trigger_target_dag.py
[2024-12-03T14:22:13.679+0000] {logging_mixin.py:190} INFO - [2024-12-03T14:22:13.678+0000] {dag.py:3239} INFO - Sync 1 DAGs
[2024-12-03T14:22:13.699+0000] {logging_mixin.py:190} INFO - [2024-12-03T14:22:13.698+0000] {dag.py:4180} INFO - Setting next_dagrun for example_trigger_target_dag to None, run_after=None
[2024-12-03T14:22:13.735+0000] {processor.py:208} INFO - Processing /home/airflow/.local/lib/python3.12/site-packages/airflow/example_dags/example_trigger_target_dag.py took 0.097 seconds
[2024-12-03T14:22:43.925+0000] {processor.py:186} INFO - Started process (PID=532) to work on /home/airflow/.local/lib/python3.12/site-packages/airflow/example_dags/example_trigger_target_dag.py
[2024-12-03T14:22:43.927+0000] {processor.py:914} INFO - Processing file /home/airflow/.local/lib/python3.12/site-packages/airflow/example_dags/example_trigger_target_dag.py for tasks to queue
[2024-12-03T14:22:43.930+0000] {logging_mixin.py:190} INFO - [2024-12-03T14:22:43.930+0000] {dagbag.py:588} INFO - Filling up the DagBag from /home/airflow/.local/lib/python3.12/site-packages/airflow/example_dags/example_trigger_target_dag.py
[2024-12-03T14:22:43.943+0000] {processor.py:925} INFO - DAG(s) 'example_trigger_target_dag' retrieved from /home/airflow/.local/lib/python3.12/site-packages/airflow/example_dags/example_trigger_target_dag.py
[2024-12-03T14:22:43.983+0000] {logging_mixin.py:190} INFO - [2024-12-03T14:22:43.982+0000] {dag.py:3239} INFO - Sync 1 DAGs
[2024-12-03T14:22:44.013+0000] {logging_mixin.py:190} INFO - [2024-12-03T14:22:44.012+0000] {dag.py:4180} INFO - Setting next_dagrun for example_trigger_target_dag to None, run_after=None
[2024-12-03T14:22:44.057+0000] {processor.py:208} INFO - Processing /home/airflow/.local/lib/python3.12/site-packages/airflow/example_dags/example_trigger_target_dag.py took 0.142 seconds
[2024-12-03T14:23:14.836+0000] {processor.py:186} INFO - Started process (PID=596) to work on /home/airflow/.local/lib/python3.12/site-packages/airflow/example_dags/example_trigger_target_dag.py
[2024-12-03T14:23:14.837+0000] {processor.py:914} INFO - Processing file /home/airflow/.local/lib/python3.12/site-packages/airflow/example_dags/example_trigger_target_dag.py for tasks to queue
[2024-12-03T14:23:14.839+0000] {logging_mixin.py:190} INFO - [2024-12-03T14:23:14.839+0000] {dagbag.py:588} INFO - Filling up the DagBag from /home/airflow/.local/lib/python3.12/site-packages/airflow/example_dags/example_trigger_target_dag.py
[2024-12-03T14:23:14.847+0000] {processor.py:925} INFO - DAG(s) 'example_trigger_target_dag' retrieved from /home/airflow/.local/lib/python3.12/site-packages/airflow/example_dags/example_trigger_target_dag.py
[2024-12-03T14:23:14.872+0000] {logging_mixin.py:190} INFO - [2024-12-03T14:23:14.872+0000] {dag.py:3239} INFO - Sync 1 DAGs
[2024-12-03T14:23:14.892+0000] {logging_mixin.py:190} INFO - [2024-12-03T14:23:14.891+0000] {dag.py:4180} INFO - Setting next_dagrun for example_trigger_target_dag to None, run_after=None
[2024-12-03T14:23:14.920+0000] {processor.py:208} INFO - Processing /home/airflow/.local/lib/python3.12/site-packages/airflow/example_dags/example_trigger_target_dag.py took 0.090 seconds
[2024-12-03T14:23:45.043+0000] {processor.py:186} INFO - Started process (PID=660) to work on /home/airflow/.local/lib/python3.12/site-packages/airflow/example_dags/example_trigger_target_dag.py
[2024-12-03T14:23:45.045+0000] {processor.py:914} INFO - Processing file /home/airflow/.local/lib/python3.12/site-packages/airflow/example_dags/example_trigger_target_dag.py for tasks to queue
[2024-12-03T14:23:45.047+0000] {logging_mixin.py:190} INFO - [2024-12-03T14:23:45.047+0000] {dagbag.py:588} INFO - Filling up the DagBag from /home/airflow/.local/lib/python3.12/site-packages/airflow/example_dags/example_trigger_target_dag.py
[2024-12-03T14:23:45.057+0000] {processor.py:925} INFO - DAG(s) 'example_trigger_target_dag' retrieved from /home/airflow/.local/lib/python3.12/site-packages/airflow/example_dags/example_trigger_target_dag.py
[2024-12-03T14:23:45.084+0000] {logging_mixin.py:190} INFO - [2024-12-03T14:23:45.083+0000] {dag.py:3239} INFO - Sync 1 DAGs
[2024-12-03T14:23:45.105+0000] {logging_mixin.py:190} INFO - [2024-12-03T14:23:45.105+0000] {dag.py:4180} INFO - Setting next_dagrun for example_trigger_target_dag to None, run_after=None
[2024-12-03T14:23:45.133+0000] {processor.py:208} INFO - Processing /home/airflow/.local/lib/python3.12/site-packages/airflow/example_dags/example_trigger_target_dag.py took 0.098 seconds
[2024-12-03T14:24:16.764+0000] {processor.py:186} INFO - Started process (PID=712) to work on /home/airflow/.local/lib/python3.12/site-packages/airflow/example_dags/example_trigger_target_dag.py
[2024-12-03T14:24:16.765+0000] {processor.py:914} INFO - Processing file /home/airflow/.local/lib/python3.12/site-packages/airflow/example_dags/example_trigger_target_dag.py for tasks to queue
[2024-12-03T14:24:16.767+0000] {logging_mixin.py:190} INFO - [2024-12-03T14:24:16.766+0000] {dagbag.py:588} INFO - Filling up the DagBag from /home/airflow/.local/lib/python3.12/site-packages/airflow/example_dags/example_trigger_target_dag.py
[2024-12-03T14:24:16.776+0000] {processor.py:925} INFO - DAG(s) 'example_trigger_target_dag' retrieved from /home/airflow/.local/lib/python3.12/site-packages/airflow/example_dags/example_trigger_target_dag.py
[2024-12-03T14:24:16.804+0000] {logging_mixin.py:190} INFO - [2024-12-03T14:24:16.803+0000] {dag.py:3239} INFO - Sync 1 DAGs
[2024-12-03T14:24:16.821+0000] {logging_mixin.py:190} INFO - [2024-12-03T14:24:16.821+0000] {dag.py:4180} INFO - Setting next_dagrun for example_trigger_target_dag to None, run_after=None
[2024-12-03T14:24:16.849+0000] {processor.py:208} INFO - Processing /home/airflow/.local/lib/python3.12/site-packages/airflow/example_dags/example_trigger_target_dag.py took 0.093 seconds
[2024-12-03T14:24:49.674+0000] {processor.py:186} INFO - Started process (PID=775) to work on /home/airflow/.local/lib/python3.12/site-packages/airflow/example_dags/example_trigger_target_dag.py
[2024-12-03T14:24:49.676+0000] {processor.py:914} INFO - Processing file /home/airflow/.local/lib/python3.12/site-packages/airflow/example_dags/example_trigger_target_dag.py for tasks to queue
[2024-12-03T14:24:49.682+0000] {logging_mixin.py:190} INFO - [2024-12-03T14:24:49.681+0000] {dagbag.py:588} INFO - Filling up the DagBag from /home/airflow/.local/lib/python3.12/site-packages/airflow/example_dags/example_trigger_target_dag.py
[2024-12-03T14:24:49.712+0000] {processor.py:925} INFO - DAG(s) 'example_trigger_target_dag' retrieved from /home/airflow/.local/lib/python3.12/site-packages/airflow/example_dags/example_trigger_target_dag.py
[2024-12-03T14:24:49.762+0000] {logging_mixin.py:190} INFO - [2024-12-03T14:24:49.762+0000] {dag.py:3239} INFO - Sync 1 DAGs
[2024-12-03T14:24:49.799+0000] {logging_mixin.py:190} INFO - [2024-12-03T14:24:49.799+0000] {dag.py:4180} INFO - Setting next_dagrun for example_trigger_target_dag to None, run_after=None
[2024-12-03T14:24:49.850+0000] {processor.py:208} INFO - Processing /home/airflow/.local/lib/python3.12/site-packages/airflow/example_dags/example_trigger_target_dag.py took 0.197 seconds
