[2024-12-03T13:57:18.367+0000] {processor.py:186} INFO - Started process (PID=107) to work on /home/airflow/.local/lib/python3.12/site-packages/airflow/example_dags/example_time_delta_sensor_async.py
[2024-12-03T13:57:18.370+0000] {processor.py:914} INFO - Processing file /home/airflow/.local/lib/python3.12/site-packages/airflow/example_dags/example_time_delta_sensor_async.py for tasks to queue
[2024-12-03T13:57:18.374+0000] {logging_mixin.py:190} INFO - [2024-12-03T13:57:18.373+0000] {dagbag.py:588} INFO - Filling up the DagBag from /home/airflow/.local/lib/python3.12/site-packages/airflow/example_dags/example_time_delta_sensor_async.py
[2024-12-03T13:57:18.384+0000] {processor.py:925} INFO - DAG(s) 'example_time_delta_sensor_async' retrieved from /home/airflow/.local/lib/python3.12/site-packages/airflow/example_dags/example_time_delta_sensor_async.py
[2024-12-03T13:57:18.494+0000] {logging_mixin.py:190} INFO - [2024-12-03T13:57:18.493+0000] {override.py:1911} INFO - Created Permission View: can delete on DAG:example_time_delta_sensor_async
[2024-12-03T13:57:18.510+0000] {logging_mixin.py:190} INFO - [2024-12-03T13:57:18.510+0000] {override.py:1911} INFO - Created Permission View: can read on DAG:example_time_delta_sensor_async
[2024-12-03T13:57:18.524+0000] {logging_mixin.py:190} INFO - [2024-12-03T13:57:18.523+0000] {override.py:1911} INFO - Created Permission View: can edit on DAG:example_time_delta_sensor_async
[2024-12-03T13:57:18.539+0000] {logging_mixin.py:190} INFO - [2024-12-03T13:57:18.539+0000] {override.py:1911} INFO - Created Permission View: can create on DAG Run:example_time_delta_sensor_async
[2024-12-03T13:57:18.556+0000] {logging_mixin.py:190} INFO - [2024-12-03T13:57:18.556+0000] {override.py:1911} INFO - Created Permission View: menu access on DAG Run:example_time_delta_sensor_async
[2024-12-03T13:57:18.572+0000] {logging_mixin.py:190} INFO - [2024-12-03T13:57:18.571+0000] {override.py:1911} INFO - Created Permission View: can delete on DAG Run:example_time_delta_sensor_async
[2024-12-03T13:57:18.586+0000] {logging_mixin.py:190} INFO - [2024-12-03T13:57:18.586+0000] {override.py:1911} INFO - Created Permission View: can read on DAG Run:example_time_delta_sensor_async
[2024-12-03T13:57:18.589+0000] {logging_mixin.py:190} INFO - [2024-12-03T13:57:18.588+0000] {dag.py:3239} INFO - Sync 1 DAGs
[2024-12-03T13:57:18.610+0000] {logging_mixin.py:190} INFO - [2024-12-03T13:57:18.610+0000] {dag.py:3262} INFO - Creating ORM DAG for example_time_delta_sensor_async
[2024-12-03T13:57:18.614+0000] {logging_mixin.py:190} INFO - [2024-12-03T13:57:18.613+0000] {dag.py:4180} INFO - Setting next_dagrun for example_time_delta_sensor_async to None, run_after=None
[2024-12-03T13:57:18.647+0000] {processor.py:208} INFO - Processing /home/airflow/.local/lib/python3.12/site-packages/airflow/example_dags/example_time_delta_sensor_async.py took 0.286 seconds
[2024-12-03T14:19:27.394+0000] {processor.py:186} INFO - Started process (PID=123) to work on /home/airflow/.local/lib/python3.12/site-packages/airflow/example_dags/example_time_delta_sensor_async.py
[2024-12-03T14:19:27.395+0000] {processor.py:914} INFO - Processing file /home/airflow/.local/lib/python3.12/site-packages/airflow/example_dags/example_time_delta_sensor_async.py for tasks to queue
[2024-12-03T14:19:27.398+0000] {logging_mixin.py:190} INFO - [2024-12-03T14:19:27.397+0000] {dagbag.py:588} INFO - Filling up the DagBag from /home/airflow/.local/lib/python3.12/site-packages/airflow/example_dags/example_time_delta_sensor_async.py
[2024-12-03T14:19:27.408+0000] {processor.py:925} INFO - DAG(s) 'example_time_delta_sensor_async' retrieved from /home/airflow/.local/lib/python3.12/site-packages/airflow/example_dags/example_time_delta_sensor_async.py
[2024-12-03T14:19:27.552+0000] {logging_mixin.py:190} INFO - [2024-12-03T14:19:27.550+0000] {override.py:1911} INFO - Created Permission View: can read on DAG:example_time_delta_sensor_async
[2024-12-03T14:19:27.572+0000] {logging_mixin.py:190} INFO - [2024-12-03T14:19:27.572+0000] {override.py:1911} INFO - Created Permission View: can edit on DAG:example_time_delta_sensor_async
[2024-12-03T14:19:27.586+0000] {logging_mixin.py:190} INFO - [2024-12-03T14:19:27.586+0000] {override.py:1911} INFO - Created Permission View: can delete on DAG:example_time_delta_sensor_async
[2024-12-03T14:19:27.603+0000] {logging_mixin.py:190} INFO - [2024-12-03T14:19:27.603+0000] {override.py:1911} INFO - Created Permission View: can read on DAG Run:example_time_delta_sensor_async
[2024-12-03T14:19:27.617+0000] {logging_mixin.py:190} INFO - [2024-12-03T14:19:27.617+0000] {override.py:1911} INFO - Created Permission View: menu access on DAG Run:example_time_delta_sensor_async
[2024-12-03T14:19:27.632+0000] {logging_mixin.py:190} INFO - [2024-12-03T14:19:27.632+0000] {override.py:1911} INFO - Created Permission View: can delete on DAG Run:example_time_delta_sensor_async
[2024-12-03T14:19:27.647+0000] {logging_mixin.py:190} INFO - [2024-12-03T14:19:27.646+0000] {override.py:1911} INFO - Created Permission View: can create on DAG Run:example_time_delta_sensor_async
[2024-12-03T14:19:27.648+0000] {logging_mixin.py:190} INFO - [2024-12-03T14:19:27.648+0000] {dag.py:3239} INFO - Sync 1 DAGs
[2024-12-03T14:19:27.673+0000] {logging_mixin.py:190} INFO - [2024-12-03T14:19:27.672+0000] {dag.py:3262} INFO - Creating ORM DAG for example_time_delta_sensor_async
[2024-12-03T14:19:27.675+0000] {logging_mixin.py:190} INFO - [2024-12-03T14:19:27.674+0000] {dag.py:4180} INFO - Setting next_dagrun for example_time_delta_sensor_async to None, run_after=None
[2024-12-03T14:19:27.707+0000] {processor.py:208} INFO - Processing /home/airflow/.local/lib/python3.12/site-packages/airflow/example_dags/example_time_delta_sensor_async.py took 0.323 seconds
[2024-12-03T14:19:58.642+0000] {processor.py:186} INFO - Started process (PID=186) to work on /home/airflow/.local/lib/python3.12/site-packages/airflow/example_dags/example_time_delta_sensor_async.py
[2024-12-03T14:19:58.644+0000] {processor.py:914} INFO - Processing file /home/airflow/.local/lib/python3.12/site-packages/airflow/example_dags/example_time_delta_sensor_async.py for tasks to queue
[2024-12-03T14:19:58.646+0000] {logging_mixin.py:190} INFO - [2024-12-03T14:19:58.646+0000] {dagbag.py:588} INFO - Filling up the DagBag from /home/airflow/.local/lib/python3.12/site-packages/airflow/example_dags/example_time_delta_sensor_async.py
[2024-12-03T14:19:58.658+0000] {processor.py:925} INFO - DAG(s) 'example_time_delta_sensor_async' retrieved from /home/airflow/.local/lib/python3.12/site-packages/airflow/example_dags/example_time_delta_sensor_async.py
[2024-12-03T14:19:58.691+0000] {logging_mixin.py:190} INFO - [2024-12-03T14:19:58.690+0000] {dag.py:3239} INFO - Sync 1 DAGs
[2024-12-03T14:19:58.721+0000] {logging_mixin.py:190} INFO - [2024-12-03T14:19:58.721+0000] {dag.py:4180} INFO - Setting next_dagrun for example_time_delta_sensor_async to None, run_after=None
[2024-12-03T14:19:58.753+0000] {processor.py:208} INFO - Processing /home/airflow/.local/lib/python3.12/site-packages/airflow/example_dags/example_time_delta_sensor_async.py took 0.120 seconds
[2024-12-03T14:20:30.457+0000] {processor.py:186} INFO - Started process (PID=250) to work on /home/airflow/.local/lib/python3.12/site-packages/airflow/example_dags/example_time_delta_sensor_async.py
[2024-12-03T14:20:30.459+0000] {processor.py:914} INFO - Processing file /home/airflow/.local/lib/python3.12/site-packages/airflow/example_dags/example_time_delta_sensor_async.py for tasks to queue
[2024-12-03T14:20:30.462+0000] {logging_mixin.py:190} INFO - [2024-12-03T14:20:30.461+0000] {dagbag.py:588} INFO - Filling up the DagBag from /home/airflow/.local/lib/python3.12/site-packages/airflow/example_dags/example_time_delta_sensor_async.py
[2024-12-03T14:20:30.473+0000] {processor.py:925} INFO - DAG(s) 'example_time_delta_sensor_async' retrieved from /home/airflow/.local/lib/python3.12/site-packages/airflow/example_dags/example_time_delta_sensor_async.py
[2024-12-03T14:20:30.507+0000] {logging_mixin.py:190} INFO - [2024-12-03T14:20:30.507+0000] {dag.py:3239} INFO - Sync 1 DAGs
[2024-12-03T14:20:30.544+0000] {logging_mixin.py:190} INFO - [2024-12-03T14:20:30.544+0000] {dag.py:4180} INFO - Setting next_dagrun for example_time_delta_sensor_async to None, run_after=None
[2024-12-03T14:20:30.582+0000] {processor.py:208} INFO - Processing /home/airflow/.local/lib/python3.12/site-packages/airflow/example_dags/example_time_delta_sensor_async.py took 0.134 seconds
[2024-12-03T14:21:02.303+0000] {processor.py:186} INFO - Started process (PID=315) to work on /home/airflow/.local/lib/python3.12/site-packages/airflow/example_dags/example_time_delta_sensor_async.py
[2024-12-03T14:21:02.305+0000] {processor.py:914} INFO - Processing file /home/airflow/.local/lib/python3.12/site-packages/airflow/example_dags/example_time_delta_sensor_async.py for tasks to queue
[2024-12-03T14:21:02.306+0000] {logging_mixin.py:190} INFO - [2024-12-03T14:21:02.306+0000] {dagbag.py:588} INFO - Filling up the DagBag from /home/airflow/.local/lib/python3.12/site-packages/airflow/example_dags/example_time_delta_sensor_async.py
[2024-12-03T14:21:02.313+0000] {processor.py:925} INFO - DAG(s) 'example_time_delta_sensor_async' retrieved from /home/airflow/.local/lib/python3.12/site-packages/airflow/example_dags/example_time_delta_sensor_async.py
[2024-12-03T14:21:02.336+0000] {logging_mixin.py:190} INFO - [2024-12-03T14:21:02.336+0000] {dag.py:3239} INFO - Sync 1 DAGs
[2024-12-03T14:21:02.354+0000] {logging_mixin.py:190} INFO - [2024-12-03T14:21:02.353+0000] {dag.py:4180} INFO - Setting next_dagrun for example_time_delta_sensor_async to None, run_after=None
[2024-12-03T14:21:02.381+0000] {processor.py:208} INFO - Processing /home/airflow/.local/lib/python3.12/site-packages/airflow/example_dags/example_time_delta_sensor_async.py took 0.082 seconds
[2024-12-03T14:21:33.705+0000] {processor.py:186} INFO - Started process (PID=380) to work on /home/airflow/.local/lib/python3.12/site-packages/airflow/example_dags/example_time_delta_sensor_async.py
[2024-12-03T14:21:33.706+0000] {processor.py:914} INFO - Processing file /home/airflow/.local/lib/python3.12/site-packages/airflow/example_dags/example_time_delta_sensor_async.py for tasks to queue
[2024-12-03T14:21:33.708+0000] {logging_mixin.py:190} INFO - [2024-12-03T14:21:33.708+0000] {dagbag.py:588} INFO - Filling up the DagBag from /home/airflow/.local/lib/python3.12/site-packages/airflow/example_dags/example_time_delta_sensor_async.py
[2024-12-03T14:21:33.714+0000] {processor.py:925} INFO - DAG(s) 'example_time_delta_sensor_async' retrieved from /home/airflow/.local/lib/python3.12/site-packages/airflow/example_dags/example_time_delta_sensor_async.py
[2024-12-03T14:21:33.754+0000] {logging_mixin.py:190} INFO - [2024-12-03T14:21:33.754+0000] {dag.py:3239} INFO - Sync 1 DAGs
[2024-12-03T14:21:33.772+0000] {logging_mixin.py:190} INFO - [2024-12-03T14:21:33.772+0000] {dag.py:4180} INFO - Setting next_dagrun for example_time_delta_sensor_async to None, run_after=None
[2024-12-03T14:21:33.802+0000] {processor.py:208} INFO - Processing /home/airflow/.local/lib/python3.12/site-packages/airflow/example_dags/example_time_delta_sensor_async.py took 0.102 seconds
[2024-12-03T14:22:04.799+0000] {processor.py:186} INFO - Started process (PID=445) to work on /home/airflow/.local/lib/python3.12/site-packages/airflow/example_dags/example_time_delta_sensor_async.py
[2024-12-03T14:22:04.800+0000] {processor.py:914} INFO - Processing file /home/airflow/.local/lib/python3.12/site-packages/airflow/example_dags/example_time_delta_sensor_async.py for tasks to queue
[2024-12-03T14:22:04.802+0000] {logging_mixin.py:190} INFO - [2024-12-03T14:22:04.802+0000] {dagbag.py:588} INFO - Filling up the DagBag from /home/airflow/.local/lib/python3.12/site-packages/airflow/example_dags/example_time_delta_sensor_async.py
[2024-12-03T14:22:04.812+0000] {processor.py:925} INFO - DAG(s) 'example_time_delta_sensor_async' retrieved from /home/airflow/.local/lib/python3.12/site-packages/airflow/example_dags/example_time_delta_sensor_async.py
[2024-12-03T14:22:04.840+0000] {logging_mixin.py:190} INFO - [2024-12-03T14:22:04.840+0000] {dag.py:3239} INFO - Sync 1 DAGs
[2024-12-03T14:22:04.861+0000] {logging_mixin.py:190} INFO - [2024-12-03T14:22:04.861+0000] {dag.py:4180} INFO - Setting next_dagrun for example_time_delta_sensor_async to None, run_after=None
[2024-12-03T14:22:04.890+0000] {processor.py:208} INFO - Processing /home/airflow/.local/lib/python3.12/site-packages/airflow/example_dags/example_time_delta_sensor_async.py took 0.098 seconds
[2024-12-03T14:22:36.271+0000] {processor.py:186} INFO - Started process (PID=508) to work on /home/airflow/.local/lib/python3.12/site-packages/airflow/example_dags/example_time_delta_sensor_async.py
[2024-12-03T14:22:36.273+0000] {processor.py:914} INFO - Processing file /home/airflow/.local/lib/python3.12/site-packages/airflow/example_dags/example_time_delta_sensor_async.py for tasks to queue
[2024-12-03T14:22:36.275+0000] {logging_mixin.py:190} INFO - [2024-12-03T14:22:36.274+0000] {dagbag.py:588} INFO - Filling up the DagBag from /home/airflow/.local/lib/python3.12/site-packages/airflow/example_dags/example_time_delta_sensor_async.py
[2024-12-03T14:22:36.283+0000] {processor.py:925} INFO - DAG(s) 'example_time_delta_sensor_async' retrieved from /home/airflow/.local/lib/python3.12/site-packages/airflow/example_dags/example_time_delta_sensor_async.py
[2024-12-03T14:22:36.312+0000] {logging_mixin.py:190} INFO - [2024-12-03T14:22:36.311+0000] {dag.py:3239} INFO - Sync 1 DAGs
[2024-12-03T14:22:36.338+0000] {logging_mixin.py:190} INFO - [2024-12-03T14:22:36.337+0000] {dag.py:4180} INFO - Setting next_dagrun for example_time_delta_sensor_async to None, run_after=None
[2024-12-03T14:22:36.377+0000] {processor.py:208} INFO - Processing /home/airflow/.local/lib/python3.12/site-packages/airflow/example_dags/example_time_delta_sensor_async.py took 0.111 seconds
[2024-12-03T14:23:07.634+0000] {processor.py:186} INFO - Started process (PID=572) to work on /home/airflow/.local/lib/python3.12/site-packages/airflow/example_dags/example_time_delta_sensor_async.py
[2024-12-03T14:23:07.636+0000] {processor.py:914} INFO - Processing file /home/airflow/.local/lib/python3.12/site-packages/airflow/example_dags/example_time_delta_sensor_async.py for tasks to queue
[2024-12-03T14:23:07.638+0000] {logging_mixin.py:190} INFO - [2024-12-03T14:23:07.637+0000] {dagbag.py:588} INFO - Filling up the DagBag from /home/airflow/.local/lib/python3.12/site-packages/airflow/example_dags/example_time_delta_sensor_async.py
[2024-12-03T14:23:07.646+0000] {processor.py:925} INFO - DAG(s) 'example_time_delta_sensor_async' retrieved from /home/airflow/.local/lib/python3.12/site-packages/airflow/example_dags/example_time_delta_sensor_async.py
[2024-12-03T14:23:07.676+0000] {logging_mixin.py:190} INFO - [2024-12-03T14:23:07.675+0000] {dag.py:3239} INFO - Sync 1 DAGs
[2024-12-03T14:23:07.695+0000] {logging_mixin.py:190} INFO - [2024-12-03T14:23:07.694+0000] {dag.py:4180} INFO - Setting next_dagrun for example_time_delta_sensor_async to None, run_after=None
[2024-12-03T14:23:07.725+0000] {processor.py:208} INFO - Processing /home/airflow/.local/lib/python3.12/site-packages/airflow/example_dags/example_time_delta_sensor_async.py took 0.098 seconds
[2024-12-03T14:23:40.238+0000] {processor.py:186} INFO - Started process (PID=636) to work on /home/airflow/.local/lib/python3.12/site-packages/airflow/example_dags/example_time_delta_sensor_async.py
[2024-12-03T14:23:40.240+0000] {processor.py:914} INFO - Processing file /home/airflow/.local/lib/python3.12/site-packages/airflow/example_dags/example_time_delta_sensor_async.py for tasks to queue
[2024-12-03T14:23:40.243+0000] {logging_mixin.py:190} INFO - [2024-12-03T14:23:40.242+0000] {dagbag.py:588} INFO - Filling up the DagBag from /home/airflow/.local/lib/python3.12/site-packages/airflow/example_dags/example_time_delta_sensor_async.py
[2024-12-03T14:23:40.259+0000] {processor.py:925} INFO - DAG(s) 'example_time_delta_sensor_async' retrieved from /home/airflow/.local/lib/python3.12/site-packages/airflow/example_dags/example_time_delta_sensor_async.py
[2024-12-03T14:23:40.319+0000] {logging_mixin.py:190} INFO - [2024-12-03T14:23:40.319+0000] {dag.py:3239} INFO - Sync 1 DAGs
[2024-12-03T14:23:40.351+0000] {logging_mixin.py:190} INFO - [2024-12-03T14:23:40.350+0000] {dag.py:4180} INFO - Setting next_dagrun for example_time_delta_sensor_async to None, run_after=None
[2024-12-03T14:23:40.389+0000] {processor.py:208} INFO - Processing /home/airflow/.local/lib/python3.12/site-packages/airflow/example_dags/example_time_delta_sensor_async.py took 0.162 seconds
[2024-12-03T14:24:11.155+0000] {processor.py:186} INFO - Started process (PID=699) to work on /home/airflow/.local/lib/python3.12/site-packages/airflow/example_dags/example_time_delta_sensor_async.py
[2024-12-03T14:24:11.156+0000] {processor.py:914} INFO - Processing file /home/airflow/.local/lib/python3.12/site-packages/airflow/example_dags/example_time_delta_sensor_async.py for tasks to queue
[2024-12-03T14:24:11.158+0000] {logging_mixin.py:190} INFO - [2024-12-03T14:24:11.158+0000] {dagbag.py:588} INFO - Filling up the DagBag from /home/airflow/.local/lib/python3.12/site-packages/airflow/example_dags/example_time_delta_sensor_async.py
[2024-12-03T14:24:11.166+0000] {processor.py:925} INFO - DAG(s) 'example_time_delta_sensor_async' retrieved from /home/airflow/.local/lib/python3.12/site-packages/airflow/example_dags/example_time_delta_sensor_async.py
[2024-12-03T14:24:11.197+0000] {logging_mixin.py:190} INFO - [2024-12-03T14:24:11.196+0000] {dag.py:3239} INFO - Sync 1 DAGs
[2024-12-03T14:24:11.213+0000] {logging_mixin.py:190} INFO - [2024-12-03T14:24:11.213+0000] {dag.py:4180} INFO - Setting next_dagrun for example_time_delta_sensor_async to None, run_after=None
[2024-12-03T14:24:11.240+0000] {processor.py:208} INFO - Processing /home/airflow/.local/lib/python3.12/site-packages/airflow/example_dags/example_time_delta_sensor_async.py took 0.091 seconds
[2024-12-03T14:24:41.688+0000] {processor.py:186} INFO - Started process (PID=763) to work on /home/airflow/.local/lib/python3.12/site-packages/airflow/example_dags/example_time_delta_sensor_async.py
[2024-12-03T14:24:41.690+0000] {processor.py:914} INFO - Processing file /home/airflow/.local/lib/python3.12/site-packages/airflow/example_dags/example_time_delta_sensor_async.py for tasks to queue
[2024-12-03T14:24:41.692+0000] {logging_mixin.py:190} INFO - [2024-12-03T14:24:41.691+0000] {dagbag.py:588} INFO - Filling up the DagBag from /home/airflow/.local/lib/python3.12/site-packages/airflow/example_dags/example_time_delta_sensor_async.py
[2024-12-03T14:24:41.700+0000] {processor.py:925} INFO - DAG(s) 'example_time_delta_sensor_async' retrieved from /home/airflow/.local/lib/python3.12/site-packages/airflow/example_dags/example_time_delta_sensor_async.py
[2024-12-03T14:24:41.728+0000] {logging_mixin.py:190} INFO - [2024-12-03T14:24:41.727+0000] {dag.py:3239} INFO - Sync 1 DAGs
[2024-12-03T14:24:41.747+0000] {logging_mixin.py:190} INFO - [2024-12-03T14:24:41.747+0000] {dag.py:4180} INFO - Setting next_dagrun for example_time_delta_sensor_async to None, run_after=None
[2024-12-03T14:24:41.775+0000] {processor.py:208} INFO - Processing /home/airflow/.local/lib/python3.12/site-packages/airflow/example_dags/example_time_delta_sensor_async.py took 0.092 seconds
