[2024-12-03T13:57:13.638+0000] {processor.py:186} INFO - Started process (PID=92) to work on /home/airflow/.local/lib/python3.12/site-packages/airflow/example_dags/example_branch_python_dop_operator_3.py
[2024-12-03T13:57:13.642+0000] {processor.py:914} INFO - Processing file /home/airflow/.local/lib/python3.12/site-packages/airflow/example_dags/example_branch_python_dop_operator_3.py for tasks to queue
[2024-12-03T13:57:13.648+0000] {logging_mixin.py:190} INFO - [2024-12-03T13:57:13.647+0000] {dagbag.py:588} INFO - Filling up the DagBag from /home/airflow/.local/lib/python3.12/site-packages/airflow/example_dags/example_branch_python_dop_operator_3.py
[2024-12-03T13:57:13.675+0000] {processor.py:925} INFO - DAG(s) 'example_branch_dop_operator_v3' retrieved from /home/airflow/.local/lib/python3.12/site-packages/airflow/example_dags/example_branch_python_dop_operator_3.py
[2024-12-03T13:57:13.925+0000] {logging_mixin.py:190} INFO - [2024-12-03T13:57:13.923+0000] {override.py:1911} INFO - Created Permission View: can delete on DAG:example_branch_dop_operator_v3
[2024-12-03T13:57:13.946+0000] {logging_mixin.py:190} INFO - [2024-12-03T13:57:13.945+0000] {override.py:1911} INFO - Created Permission View: can read on DAG:example_branch_dop_operator_v3
[2024-12-03T13:57:13.961+0000] {logging_mixin.py:190} INFO - [2024-12-03T13:57:13.959+0000] {override.py:1911} INFO - Created Permission View: can edit on DAG:example_branch_dop_operator_v3
[2024-12-03T13:57:13.977+0000] {logging_mixin.py:190} INFO - [2024-12-03T13:57:13.976+0000] {override.py:1911} INFO - Created Permission View: can create on DAG Run:example_branch_dop_operator_v3
[2024-12-03T13:57:13.989+0000] {logging_mixin.py:190} INFO - [2024-12-03T13:57:13.989+0000] {override.py:1911} INFO - Created Permission View: menu access on DAG Run:example_branch_dop_operator_v3
[2024-12-03T13:57:14.003+0000] {logging_mixin.py:190} INFO - [2024-12-03T13:57:14.003+0000] {override.py:1911} INFO - Created Permission View: can delete on DAG Run:example_branch_dop_operator_v3
[2024-12-03T13:57:14.016+0000] {logging_mixin.py:190} INFO - [2024-12-03T13:57:14.015+0000] {override.py:1911} INFO - Created Permission View: can read on DAG Run:example_branch_dop_operator_v3
[2024-12-03T13:57:14.020+0000] {logging_mixin.py:190} INFO - [2024-12-03T13:57:14.020+0000] {dag.py:3239} INFO - Sync 1 DAGs
[2024-12-03T13:57:14.036+0000] {logging_mixin.py:190} INFO - [2024-12-03T13:57:14.036+0000] {dag.py:3262} INFO - Creating ORM DAG for example_branch_dop_operator_v3
[2024-12-03T13:57:14.063+0000] {logging_mixin.py:190} INFO - [2024-12-03T13:57:14.063+0000] {dag.py:4180} INFO - Setting next_dagrun for example_branch_dop_operator_v3 to 2024-12-03 13:56:00+00:00, run_after=2024-12-03 13:57:00+00:00
[2024-12-03T13:57:14.096+0000] {processor.py:208} INFO - Processing /home/airflow/.local/lib/python3.12/site-packages/airflow/example_dags/example_branch_python_dop_operator_3.py took 0.472 seconds
[2024-12-03T14:19:10.418+0000] {processor.py:186} INFO - Started process (PID=85) to work on /home/airflow/.local/lib/python3.12/site-packages/airflow/example_dags/example_branch_python_dop_operator_3.py
[2024-12-03T14:19:10.423+0000] {processor.py:914} INFO - Processing file /home/airflow/.local/lib/python3.12/site-packages/airflow/example_dags/example_branch_python_dop_operator_3.py for tasks to queue
[2024-12-03T14:19:10.427+0000] {logging_mixin.py:190} INFO - [2024-12-03T14:19:10.426+0000] {dagbag.py:588} INFO - Filling up the DagBag from /home/airflow/.local/lib/python3.12/site-packages/airflow/example_dags/example_branch_python_dop_operator_3.py
[2024-12-03T14:19:10.494+0000] {processor.py:925} INFO - DAG(s) 'example_branch_dop_operator_v3' retrieved from /home/airflow/.local/lib/python3.12/site-packages/airflow/example_dags/example_branch_python_dop_operator_3.py
[2024-12-03T14:19:11.589+0000] {logging_mixin.py:190} INFO - [2024-12-03T14:19:11.575+0000] {override.py:1911} INFO - Created Permission View: can read on DAG:example_branch_dop_operator_v3
[2024-12-03T14:19:11.624+0000] {logging_mixin.py:190} INFO - [2024-12-03T14:19:11.623+0000] {override.py:1911} INFO - Created Permission View: can edit on DAG:example_branch_dop_operator_v3
[2024-12-03T14:19:11.646+0000] {logging_mixin.py:190} INFO - [2024-12-03T14:19:11.645+0000] {override.py:1911} INFO - Created Permission View: can delete on DAG:example_branch_dop_operator_v3
[2024-12-03T14:19:11.672+0000] {logging_mixin.py:190} INFO - [2024-12-03T14:19:11.671+0000] {override.py:1911} INFO - Created Permission View: can read on DAG Run:example_branch_dop_operator_v3
[2024-12-03T14:19:11.700+0000] {logging_mixin.py:190} INFO - [2024-12-03T14:19:11.699+0000] {override.py:1911} INFO - Created Permission View: menu access on DAG Run:example_branch_dop_operator_v3
[2024-12-03T14:19:11.723+0000] {logging_mixin.py:190} INFO - [2024-12-03T14:19:11.722+0000] {override.py:1911} INFO - Created Permission View: can delete on DAG Run:example_branch_dop_operator_v3
[2024-12-03T14:19:11.743+0000] {logging_mixin.py:190} INFO - [2024-12-03T14:19:11.742+0000] {override.py:1911} INFO - Created Permission View: can create on DAG Run:example_branch_dop_operator_v3
[2024-12-03T14:19:11.746+0000] {logging_mixin.py:190} INFO - [2024-12-03T14:19:11.746+0000] {dag.py:3239} INFO - Sync 1 DAGs
[2024-12-03T14:19:11.833+0000] {logging_mixin.py:190} INFO - [2024-12-03T14:19:11.832+0000] {dag.py:3262} INFO - Creating ORM DAG for example_branch_dop_operator_v3
[2024-12-03T14:19:11.957+0000] {logging_mixin.py:190} INFO - [2024-12-03T14:19:11.957+0000] {dag.py:4180} INFO - Setting next_dagrun for example_branch_dop_operator_v3 to 2024-12-03 14:18:00+00:00, run_after=2024-12-03 14:19:00+00:00
[2024-12-03T14:19:12.019+0000] {processor.py:208} INFO - Processing /home/airflow/.local/lib/python3.12/site-packages/airflow/example_dags/example_branch_python_dop_operator_3.py took 1.648 seconds
[2024-12-03T14:19:42.798+0000] {processor.py:186} INFO - Started process (PID=149) to work on /home/airflow/.local/lib/python3.12/site-packages/airflow/example_dags/example_branch_python_dop_operator_3.py
[2024-12-03T14:19:42.800+0000] {processor.py:914} INFO - Processing file /home/airflow/.local/lib/python3.12/site-packages/airflow/example_dags/example_branch_python_dop_operator_3.py for tasks to queue
[2024-12-03T14:19:42.802+0000] {logging_mixin.py:190} INFO - [2024-12-03T14:19:42.801+0000] {dagbag.py:588} INFO - Filling up the DagBag from /home/airflow/.local/lib/python3.12/site-packages/airflow/example_dags/example_branch_python_dop_operator_3.py
[2024-12-03T14:19:42.814+0000] {processor.py:925} INFO - DAG(s) 'example_branch_dop_operator_v3' retrieved from /home/airflow/.local/lib/python3.12/site-packages/airflow/example_dags/example_branch_python_dop_operator_3.py
[2024-12-03T14:19:42.852+0000] {logging_mixin.py:190} INFO - [2024-12-03T14:19:42.852+0000] {dag.py:3239} INFO - Sync 1 DAGs
[2024-12-03T14:19:42.895+0000] {logging_mixin.py:190} INFO - [2024-12-03T14:19:42.895+0000] {dag.py:4180} INFO - Setting next_dagrun for example_branch_dop_operator_v3 to 2024-12-03 14:18:00+00:00, run_after=2024-12-03 14:19:00+00:00
[2024-12-03T14:19:42.945+0000] {processor.py:208} INFO - Processing /home/airflow/.local/lib/python3.12/site-packages/airflow/example_dags/example_branch_python_dop_operator_3.py took 0.155 seconds
[2024-12-03T14:20:13.687+0000] {processor.py:186} INFO - Started process (PID=213) to work on /home/airflow/.local/lib/python3.12/site-packages/airflow/example_dags/example_branch_python_dop_operator_3.py
[2024-12-03T14:20:13.689+0000] {processor.py:914} INFO - Processing file /home/airflow/.local/lib/python3.12/site-packages/airflow/example_dags/example_branch_python_dop_operator_3.py for tasks to queue
[2024-12-03T14:20:13.691+0000] {logging_mixin.py:190} INFO - [2024-12-03T14:20:13.690+0000] {dagbag.py:588} INFO - Filling up the DagBag from /home/airflow/.local/lib/python3.12/site-packages/airflow/example_dags/example_branch_python_dop_operator_3.py
[2024-12-03T14:20:13.701+0000] {processor.py:925} INFO - DAG(s) 'example_branch_dop_operator_v3' retrieved from /home/airflow/.local/lib/python3.12/site-packages/airflow/example_dags/example_branch_python_dop_operator_3.py
[2024-12-03T14:20:13.726+0000] {logging_mixin.py:190} INFO - [2024-12-03T14:20:13.726+0000] {dag.py:3239} INFO - Sync 1 DAGs
[2024-12-03T14:20:13.759+0000] {logging_mixin.py:190} INFO - [2024-12-03T14:20:13.759+0000] {dag.py:4180} INFO - Setting next_dagrun for example_branch_dop_operator_v3 to 2024-12-03 14:19:00+00:00, run_after=2024-12-03 14:20:00+00:00
[2024-12-03T14:20:13.787+0000] {processor.py:208} INFO - Processing /home/airflow/.local/lib/python3.12/site-packages/airflow/example_dags/example_branch_python_dop_operator_3.py took 0.106 seconds
[2024-12-03T14:20:43.912+0000] {processor.py:186} INFO - Started process (PID=277) to work on /home/airflow/.local/lib/python3.12/site-packages/airflow/example_dags/example_branch_python_dop_operator_3.py
[2024-12-03T14:20:43.913+0000] {processor.py:914} INFO - Processing file /home/airflow/.local/lib/python3.12/site-packages/airflow/example_dags/example_branch_python_dop_operator_3.py for tasks to queue
[2024-12-03T14:20:43.914+0000] {logging_mixin.py:190} INFO - [2024-12-03T14:20:43.914+0000] {dagbag.py:588} INFO - Filling up the DagBag from /home/airflow/.local/lib/python3.12/site-packages/airflow/example_dags/example_branch_python_dop_operator_3.py
[2024-12-03T14:20:43.924+0000] {processor.py:925} INFO - DAG(s) 'example_branch_dop_operator_v3' retrieved from /home/airflow/.local/lib/python3.12/site-packages/airflow/example_dags/example_branch_python_dop_operator_3.py
[2024-12-03T14:20:43.948+0000] {logging_mixin.py:190} INFO - [2024-12-03T14:20:43.948+0000] {dag.py:3239} INFO - Sync 1 DAGs
[2024-12-03T14:20:43.974+0000] {logging_mixin.py:190} INFO - [2024-12-03T14:20:43.974+0000] {dag.py:4180} INFO - Setting next_dagrun for example_branch_dop_operator_v3 to 2024-12-03 14:19:00+00:00, run_after=2024-12-03 14:20:00+00:00
[2024-12-03T14:20:43.999+0000] {processor.py:208} INFO - Processing /home/airflow/.local/lib/python3.12/site-packages/airflow/example_dags/example_branch_python_dop_operator_3.py took 0.093 seconds
[2024-12-03T14:21:14.873+0000] {processor.py:186} INFO - Started process (PID=342) to work on /home/airflow/.local/lib/python3.12/site-packages/airflow/example_dags/example_branch_python_dop_operator_3.py
[2024-12-03T14:21:14.875+0000] {processor.py:914} INFO - Processing file /home/airflow/.local/lib/python3.12/site-packages/airflow/example_dags/example_branch_python_dop_operator_3.py for tasks to queue
[2024-12-03T14:21:14.877+0000] {logging_mixin.py:190} INFO - [2024-12-03T14:21:14.877+0000] {dagbag.py:588} INFO - Filling up the DagBag from /home/airflow/.local/lib/python3.12/site-packages/airflow/example_dags/example_branch_python_dop_operator_3.py
[2024-12-03T14:21:14.888+0000] {processor.py:925} INFO - DAG(s) 'example_branch_dop_operator_v3' retrieved from /home/airflow/.local/lib/python3.12/site-packages/airflow/example_dags/example_branch_python_dop_operator_3.py
[2024-12-03T14:21:14.915+0000] {logging_mixin.py:190} INFO - [2024-12-03T14:21:14.915+0000] {dag.py:3239} INFO - Sync 1 DAGs
[2024-12-03T14:21:14.946+0000] {logging_mixin.py:190} INFO - [2024-12-03T14:21:14.945+0000] {dag.py:4180} INFO - Setting next_dagrun for example_branch_dop_operator_v3 to 2024-12-03 14:20:00+00:00, run_after=2024-12-03 14:21:00+00:00
[2024-12-03T14:21:14.973+0000] {processor.py:208} INFO - Processing /home/airflow/.local/lib/python3.12/site-packages/airflow/example_dags/example_branch_python_dop_operator_3.py took 0.105 seconds
[2024-12-03T14:21:45.182+0000] {processor.py:186} INFO - Started process (PID=406) to work on /home/airflow/.local/lib/python3.12/site-packages/airflow/example_dags/example_branch_python_dop_operator_3.py
[2024-12-03T14:21:45.183+0000] {processor.py:914} INFO - Processing file /home/airflow/.local/lib/python3.12/site-packages/airflow/example_dags/example_branch_python_dop_operator_3.py for tasks to queue
[2024-12-03T14:21:45.185+0000] {logging_mixin.py:190} INFO - [2024-12-03T14:21:45.185+0000] {dagbag.py:588} INFO - Filling up the DagBag from /home/airflow/.local/lib/python3.12/site-packages/airflow/example_dags/example_branch_python_dop_operator_3.py
[2024-12-03T14:21:45.198+0000] {processor.py:925} INFO - DAG(s) 'example_branch_dop_operator_v3' retrieved from /home/airflow/.local/lib/python3.12/site-packages/airflow/example_dags/example_branch_python_dop_operator_3.py
[2024-12-03T14:21:45.227+0000] {logging_mixin.py:190} INFO - [2024-12-03T14:21:45.227+0000] {dag.py:3239} INFO - Sync 1 DAGs
[2024-12-03T14:21:45.272+0000] {logging_mixin.py:190} INFO - [2024-12-03T14:21:45.272+0000] {dag.py:4180} INFO - Setting next_dagrun for example_branch_dop_operator_v3 to 2024-12-03 14:20:00+00:00, run_after=2024-12-03 14:21:00+00:00
[2024-12-03T14:21:45.307+0000] {processor.py:208} INFO - Processing /home/airflow/.local/lib/python3.12/site-packages/airflow/example_dags/example_branch_python_dop_operator_3.py took 0.131 seconds
[2024-12-03T14:22:15.850+0000] {processor.py:186} INFO - Started process (PID=471) to work on /home/airflow/.local/lib/python3.12/site-packages/airflow/example_dags/example_branch_python_dop_operator_3.py
[2024-12-03T14:22:15.852+0000] {processor.py:914} INFO - Processing file /home/airflow/.local/lib/python3.12/site-packages/airflow/example_dags/example_branch_python_dop_operator_3.py for tasks to queue
[2024-12-03T14:22:15.854+0000] {logging_mixin.py:190} INFO - [2024-12-03T14:22:15.853+0000] {dagbag.py:588} INFO - Filling up the DagBag from /home/airflow/.local/lib/python3.12/site-packages/airflow/example_dags/example_branch_python_dop_operator_3.py
[2024-12-03T14:22:15.864+0000] {processor.py:925} INFO - DAG(s) 'example_branch_dop_operator_v3' retrieved from /home/airflow/.local/lib/python3.12/site-packages/airflow/example_dags/example_branch_python_dop_operator_3.py
[2024-12-03T14:22:15.889+0000] {logging_mixin.py:190} INFO - [2024-12-03T14:22:15.888+0000] {dag.py:3239} INFO - Sync 1 DAGs
[2024-12-03T14:22:15.917+0000] {logging_mixin.py:190} INFO - [2024-12-03T14:22:15.916+0000] {dag.py:4180} INFO - Setting next_dagrun for example_branch_dop_operator_v3 to 2024-12-03 14:21:00+00:00, run_after=2024-12-03 14:22:00+00:00
[2024-12-03T14:22:15.942+0000] {processor.py:208} INFO - Processing /home/airflow/.local/lib/python3.12/site-packages/airflow/example_dags/example_branch_python_dop_operator_3.py took 0.097 seconds
[2024-12-03T14:22:46.197+0000] {processor.py:186} INFO - Started process (PID=535) to work on /home/airflow/.local/lib/python3.12/site-packages/airflow/example_dags/example_branch_python_dop_operator_3.py
[2024-12-03T14:22:46.199+0000] {processor.py:914} INFO - Processing file /home/airflow/.local/lib/python3.12/site-packages/airflow/example_dags/example_branch_python_dop_operator_3.py for tasks to queue
[2024-12-03T14:22:46.202+0000] {logging_mixin.py:190} INFO - [2024-12-03T14:22:46.201+0000] {dagbag.py:588} INFO - Filling up the DagBag from /home/airflow/.local/lib/python3.12/site-packages/airflow/example_dags/example_branch_python_dop_operator_3.py
[2024-12-03T14:22:46.221+0000] {processor.py:925} INFO - DAG(s) 'example_branch_dop_operator_v3' retrieved from /home/airflow/.local/lib/python3.12/site-packages/airflow/example_dags/example_branch_python_dop_operator_3.py
[2024-12-03T14:22:46.259+0000] {logging_mixin.py:190} INFO - [2024-12-03T14:22:46.259+0000] {dag.py:3239} INFO - Sync 1 DAGs
[2024-12-03T14:22:46.304+0000] {logging_mixin.py:190} INFO - [2024-12-03T14:22:46.303+0000] {dag.py:4180} INFO - Setting next_dagrun for example_branch_dop_operator_v3 to 2024-12-03 14:21:00+00:00, run_after=2024-12-03 14:22:00+00:00
[2024-12-03T14:22:46.338+0000] {processor.py:208} INFO - Processing /home/airflow/.local/lib/python3.12/site-packages/airflow/example_dags/example_branch_python_dop_operator_3.py took 0.149 seconds
[2024-12-03T14:23:17.028+0000] {processor.py:186} INFO - Started process (PID=599) to work on /home/airflow/.local/lib/python3.12/site-packages/airflow/example_dags/example_branch_python_dop_operator_3.py
[2024-12-03T14:23:17.030+0000] {processor.py:914} INFO - Processing file /home/airflow/.local/lib/python3.12/site-packages/airflow/example_dags/example_branch_python_dop_operator_3.py for tasks to queue
[2024-12-03T14:23:17.031+0000] {logging_mixin.py:190} INFO - [2024-12-03T14:23:17.031+0000] {dagbag.py:588} INFO - Filling up the DagBag from /home/airflow/.local/lib/python3.12/site-packages/airflow/example_dags/example_branch_python_dop_operator_3.py
[2024-12-03T14:23:17.043+0000] {processor.py:925} INFO - DAG(s) 'example_branch_dop_operator_v3' retrieved from /home/airflow/.local/lib/python3.12/site-packages/airflow/example_dags/example_branch_python_dop_operator_3.py
[2024-12-03T14:23:17.069+0000] {logging_mixin.py:190} INFO - [2024-12-03T14:23:17.069+0000] {dag.py:3239} INFO - Sync 1 DAGs
[2024-12-03T14:23:17.104+0000] {logging_mixin.py:190} INFO - [2024-12-03T14:23:17.104+0000] {dag.py:4180} INFO - Setting next_dagrun for example_branch_dop_operator_v3 to 2024-12-03 14:22:00+00:00, run_after=2024-12-03 14:23:00+00:00
[2024-12-03T14:23:17.130+0000] {processor.py:208} INFO - Processing /home/airflow/.local/lib/python3.12/site-packages/airflow/example_dags/example_branch_python_dop_operator_3.py took 0.107 seconds
[2024-12-03T14:23:47.382+0000] {processor.py:186} INFO - Started process (PID=663) to work on /home/airflow/.local/lib/python3.12/site-packages/airflow/example_dags/example_branch_python_dop_operator_3.py
[2024-12-03T14:23:47.384+0000] {processor.py:914} INFO - Processing file /home/airflow/.local/lib/python3.12/site-packages/airflow/example_dags/example_branch_python_dop_operator_3.py for tasks to queue
[2024-12-03T14:23:47.386+0000] {logging_mixin.py:190} INFO - [2024-12-03T14:23:47.386+0000] {dagbag.py:588} INFO - Filling up the DagBag from /home/airflow/.local/lib/python3.12/site-packages/airflow/example_dags/example_branch_python_dop_operator_3.py
[2024-12-03T14:23:47.397+0000] {processor.py:925} INFO - DAG(s) 'example_branch_dop_operator_v3' retrieved from /home/airflow/.local/lib/python3.12/site-packages/airflow/example_dags/example_branch_python_dop_operator_3.py
[2024-12-03T14:23:47.424+0000] {logging_mixin.py:190} INFO - [2024-12-03T14:23:47.424+0000] {dag.py:3239} INFO - Sync 1 DAGs
[2024-12-03T14:23:47.454+0000] {logging_mixin.py:190} INFO - [2024-12-03T14:23:47.454+0000] {dag.py:4180} INFO - Setting next_dagrun for example_branch_dop_operator_v3 to 2024-12-03 14:22:00+00:00, run_after=2024-12-03 14:23:00+00:00
[2024-12-03T14:23:47.480+0000] {processor.py:208} INFO - Processing /home/airflow/.local/lib/python3.12/site-packages/airflow/example_dags/example_branch_python_dop_operator_3.py took 0.104 seconds
[2024-12-03T14:24:19.678+0000] {processor.py:186} INFO - Started process (PID=727) to work on /home/airflow/.local/lib/python3.12/site-packages/airflow/example_dags/example_branch_python_dop_operator_3.py
[2024-12-03T14:24:19.679+0000] {processor.py:914} INFO - Processing file /home/airflow/.local/lib/python3.12/site-packages/airflow/example_dags/example_branch_python_dop_operator_3.py for tasks to queue
[2024-12-03T14:24:19.681+0000] {logging_mixin.py:190} INFO - [2024-12-03T14:24:19.681+0000] {dagbag.py:588} INFO - Filling up the DagBag from /home/airflow/.local/lib/python3.12/site-packages/airflow/example_dags/example_branch_python_dop_operator_3.py
[2024-12-03T14:24:19.694+0000] {processor.py:925} INFO - DAG(s) 'example_branch_dop_operator_v3' retrieved from /home/airflow/.local/lib/python3.12/site-packages/airflow/example_dags/example_branch_python_dop_operator_3.py
[2024-12-03T14:24:19.721+0000] {logging_mixin.py:190} INFO - [2024-12-03T14:24:19.720+0000] {dag.py:3239} INFO - Sync 1 DAGs
[2024-12-03T14:24:19.753+0000] {logging_mixin.py:190} INFO - [2024-12-03T14:24:19.752+0000] {dag.py:4180} INFO - Setting next_dagrun for example_branch_dop_operator_v3 to 2024-12-03 14:23:00+00:00, run_after=2024-12-03 14:24:00+00:00
[2024-12-03T14:24:19.785+0000] {processor.py:208} INFO - Processing /home/airflow/.local/lib/python3.12/site-packages/airflow/example_dags/example_branch_python_dop_operator_3.py took 0.115 seconds
