[2024-12-03T13:57:11.031+0000] {processor.py:186} INFO - Started process (PID=84) to work on /home/airflow/.local/lib/python3.12/site-packages/airflow/example_dags/example_setup_teardown.py
[2024-12-03T13:57:11.036+0000] {processor.py:914} INFO - Processing file /home/airflow/.local/lib/python3.12/site-packages/airflow/example_dags/example_setup_teardown.py for tasks to queue
[2024-12-03T13:57:11.040+0000] {logging_mixin.py:190} INFO - [2024-12-03T13:57:11.040+0000] {dagbag.py:588} INFO - Filling up the DagBag from /home/airflow/.local/lib/python3.12/site-packages/airflow/example_dags/example_setup_teardown.py
[2024-12-03T13:57:11.057+0000] {processor.py:925} INFO - DAG(s) 'example_setup_teardown' retrieved from /home/airflow/.local/lib/python3.12/site-packages/airflow/example_dags/example_setup_teardown.py
[2024-12-03T13:57:11.315+0000] {logging_mixin.py:190} INFO - [2024-12-03T13:57:11.314+0000] {override.py:1911} INFO - Created Permission View: can delete on DAG:example_setup_teardown
[2024-12-03T13:57:11.334+0000] {logging_mixin.py:190} INFO - [2024-12-03T13:57:11.333+0000] {override.py:1911} INFO - Created Permission View: can read on DAG:example_setup_teardown
[2024-12-03T13:57:11.348+0000] {logging_mixin.py:190} INFO - [2024-12-03T13:57:11.348+0000] {override.py:1911} INFO - Created Permission View: can edit on DAG:example_setup_teardown
[2024-12-03T13:57:11.364+0000] {logging_mixin.py:190} INFO - [2024-12-03T13:57:11.364+0000] {override.py:1911} INFO - Created Permission View: can create on DAG Run:example_setup_teardown
[2024-12-03T13:57:11.381+0000] {logging_mixin.py:190} INFO - [2024-12-03T13:57:11.380+0000] {override.py:1911} INFO - Created Permission View: menu access on DAG Run:example_setup_teardown
[2024-12-03T13:57:11.396+0000] {logging_mixin.py:190} INFO - [2024-12-03T13:57:11.396+0000] {override.py:1911} INFO - Created Permission View: can delete on DAG Run:example_setup_teardown
[2024-12-03T13:57:11.413+0000] {logging_mixin.py:190} INFO - [2024-12-03T13:57:11.412+0000] {override.py:1911} INFO - Created Permission View: can read on DAG Run:example_setup_teardown
[2024-12-03T13:57:11.414+0000] {logging_mixin.py:190} INFO - [2024-12-03T13:57:11.414+0000] {dag.py:3239} INFO - Sync 1 DAGs
[2024-12-03T13:57:11.432+0000] {logging_mixin.py:190} INFO - [2024-12-03T13:57:11.432+0000] {dag.py:3262} INFO - Creating ORM DAG for example_setup_teardown
[2024-12-03T13:57:11.436+0000] {logging_mixin.py:190} INFO - [2024-12-03T13:57:11.435+0000] {dag.py:4180} INFO - Setting next_dagrun for example_setup_teardown to None, run_after=None
[2024-12-03T13:57:11.464+0000] {processor.py:208} INFO - Processing /home/airflow/.local/lib/python3.12/site-packages/airflow/example_dags/example_setup_teardown.py took 0.440 seconds
[2024-12-03T14:19:19.437+0000] {processor.py:186} INFO - Started process (PID=104) to work on /home/airflow/.local/lib/python3.12/site-packages/airflow/example_dags/example_setup_teardown.py
[2024-12-03T14:19:19.438+0000] {processor.py:914} INFO - Processing file /home/airflow/.local/lib/python3.12/site-packages/airflow/example_dags/example_setup_teardown.py for tasks to queue
[2024-12-03T14:19:19.441+0000] {logging_mixin.py:190} INFO - [2024-12-03T14:19:19.440+0000] {dagbag.py:588} INFO - Filling up the DagBag from /home/airflow/.local/lib/python3.12/site-packages/airflow/example_dags/example_setup_teardown.py
[2024-12-03T14:19:19.457+0000] {processor.py:925} INFO - DAG(s) 'example_setup_teardown' retrieved from /home/airflow/.local/lib/python3.12/site-packages/airflow/example_dags/example_setup_teardown.py
[2024-12-03T14:19:19.601+0000] {logging_mixin.py:190} INFO - [2024-12-03T14:19:19.598+0000] {override.py:1911} INFO - Created Permission View: can read on DAG:example_setup_teardown
[2024-12-03T14:19:19.617+0000] {logging_mixin.py:190} INFO - [2024-12-03T14:19:19.617+0000] {override.py:1911} INFO - Created Permission View: can edit on DAG:example_setup_teardown
[2024-12-03T14:19:19.630+0000] {logging_mixin.py:190} INFO - [2024-12-03T14:19:19.629+0000] {override.py:1911} INFO - Created Permission View: can delete on DAG:example_setup_teardown
[2024-12-03T14:19:19.646+0000] {logging_mixin.py:190} INFO - [2024-12-03T14:19:19.645+0000] {override.py:1911} INFO - Created Permission View: can read on DAG Run:example_setup_teardown
[2024-12-03T14:19:19.657+0000] {logging_mixin.py:190} INFO - [2024-12-03T14:19:19.657+0000] {override.py:1911} INFO - Created Permission View: menu access on DAG Run:example_setup_teardown
[2024-12-03T14:19:19.670+0000] {logging_mixin.py:190} INFO - [2024-12-03T14:19:19.669+0000] {override.py:1911} INFO - Created Permission View: can delete on DAG Run:example_setup_teardown
[2024-12-03T14:19:19.682+0000] {logging_mixin.py:190} INFO - [2024-12-03T14:19:19.682+0000] {override.py:1911} INFO - Created Permission View: can create on DAG Run:example_setup_teardown
[2024-12-03T14:19:19.684+0000] {logging_mixin.py:190} INFO - [2024-12-03T14:19:19.683+0000] {dag.py:3239} INFO - Sync 1 DAGs
[2024-12-03T14:19:19.711+0000] {logging_mixin.py:190} INFO - [2024-12-03T14:19:19.711+0000] {dag.py:3262} INFO - Creating ORM DAG for example_setup_teardown
[2024-12-03T14:19:19.713+0000] {logging_mixin.py:190} INFO - [2024-12-03T14:19:19.712+0000] {dag.py:4180} INFO - Setting next_dagrun for example_setup_teardown to None, run_after=None
[2024-12-03T14:19:19.743+0000] {processor.py:208} INFO - Processing /home/airflow/.local/lib/python3.12/site-packages/airflow/example_dags/example_setup_teardown.py took 0.315 seconds
[2024-12-03T14:19:49.991+0000] {processor.py:186} INFO - Started process (PID=168) to work on /home/airflow/.local/lib/python3.12/site-packages/airflow/example_dags/example_setup_teardown.py
[2024-12-03T14:19:49.993+0000] {processor.py:914} INFO - Processing file /home/airflow/.local/lib/python3.12/site-packages/airflow/example_dags/example_setup_teardown.py for tasks to queue
[2024-12-03T14:19:49.996+0000] {logging_mixin.py:190} INFO - [2024-12-03T14:19:49.995+0000] {dagbag.py:588} INFO - Filling up the DagBag from /home/airflow/.local/lib/python3.12/site-packages/airflow/example_dags/example_setup_teardown.py
[2024-12-03T14:19:50.011+0000] {processor.py:925} INFO - DAG(s) 'example_setup_teardown' retrieved from /home/airflow/.local/lib/python3.12/site-packages/airflow/example_dags/example_setup_teardown.py
[2024-12-03T14:19:50.051+0000] {logging_mixin.py:190} INFO - [2024-12-03T14:19:50.051+0000] {dag.py:3239} INFO - Sync 1 DAGs
[2024-12-03T14:19:50.085+0000] {logging_mixin.py:190} INFO - [2024-12-03T14:19:50.085+0000] {dag.py:4180} INFO - Setting next_dagrun for example_setup_teardown to None, run_after=None
[2024-12-03T14:19:50.130+0000] {processor.py:208} INFO - Processing /home/airflow/.local/lib/python3.12/site-packages/airflow/example_dags/example_setup_teardown.py took 0.147 seconds
[2024-12-03T14:20:20.345+0000] {processor.py:186} INFO - Started process (PID=232) to work on /home/airflow/.local/lib/python3.12/site-packages/airflow/example_dags/example_setup_teardown.py
[2024-12-03T14:20:20.346+0000] {processor.py:914} INFO - Processing file /home/airflow/.local/lib/python3.12/site-packages/airflow/example_dags/example_setup_teardown.py for tasks to queue
[2024-12-03T14:20:20.349+0000] {logging_mixin.py:190} INFO - [2024-12-03T14:20:20.348+0000] {dagbag.py:588} INFO - Filling up the DagBag from /home/airflow/.local/lib/python3.12/site-packages/airflow/example_dags/example_setup_teardown.py
[2024-12-03T14:20:20.365+0000] {processor.py:925} INFO - DAG(s) 'example_setup_teardown' retrieved from /home/airflow/.local/lib/python3.12/site-packages/airflow/example_dags/example_setup_teardown.py
[2024-12-03T14:20:20.406+0000] {logging_mixin.py:190} INFO - [2024-12-03T14:20:20.405+0000] {dag.py:3239} INFO - Sync 1 DAGs
[2024-12-03T14:20:20.426+0000] {logging_mixin.py:190} INFO - [2024-12-03T14:20:20.426+0000] {dag.py:4180} INFO - Setting next_dagrun for example_setup_teardown to None, run_after=None
[2024-12-03T14:20:20.455+0000] {processor.py:208} INFO - Processing /home/airflow/.local/lib/python3.12/site-packages/airflow/example_dags/example_setup_teardown.py took 0.119 seconds
[2024-12-03T14:20:51.140+0000] {processor.py:186} INFO - Started process (PID=296) to work on /home/airflow/.local/lib/python3.12/site-packages/airflow/example_dags/example_setup_teardown.py
[2024-12-03T14:20:51.141+0000] {processor.py:914} INFO - Processing file /home/airflow/.local/lib/python3.12/site-packages/airflow/example_dags/example_setup_teardown.py for tasks to queue
[2024-12-03T14:20:51.144+0000] {logging_mixin.py:190} INFO - [2024-12-03T14:20:51.143+0000] {dagbag.py:588} INFO - Filling up the DagBag from /home/airflow/.local/lib/python3.12/site-packages/airflow/example_dags/example_setup_teardown.py
[2024-12-03T14:20:51.156+0000] {processor.py:925} INFO - DAG(s) 'example_setup_teardown' retrieved from /home/airflow/.local/lib/python3.12/site-packages/airflow/example_dags/example_setup_teardown.py
[2024-12-03T14:20:51.188+0000] {logging_mixin.py:190} INFO - [2024-12-03T14:20:51.188+0000] {dag.py:3239} INFO - Sync 1 DAGs
[2024-12-03T14:20:51.208+0000] {logging_mixin.py:190} INFO - [2024-12-03T14:20:51.208+0000] {dag.py:4180} INFO - Setting next_dagrun for example_setup_teardown to None, run_after=None
[2024-12-03T14:20:51.239+0000] {processor.py:208} INFO - Processing /home/airflow/.local/lib/python3.12/site-packages/airflow/example_dags/example_setup_teardown.py took 0.111 seconds
[2024-12-03T14:21:21.545+0000] {processor.py:186} INFO - Started process (PID=361) to work on /home/airflow/.local/lib/python3.12/site-packages/airflow/example_dags/example_setup_teardown.py
[2024-12-03T14:21:21.547+0000] {processor.py:914} INFO - Processing file /home/airflow/.local/lib/python3.12/site-packages/airflow/example_dags/example_setup_teardown.py for tasks to queue
[2024-12-03T14:21:21.549+0000] {logging_mixin.py:190} INFO - [2024-12-03T14:21:21.549+0000] {dagbag.py:588} INFO - Filling up the DagBag from /home/airflow/.local/lib/python3.12/site-packages/airflow/example_dags/example_setup_teardown.py
[2024-12-03T14:21:21.559+0000] {processor.py:925} INFO - DAG(s) 'example_setup_teardown' retrieved from /home/airflow/.local/lib/python3.12/site-packages/airflow/example_dags/example_setup_teardown.py
[2024-12-03T14:21:21.587+0000] {logging_mixin.py:190} INFO - [2024-12-03T14:21:21.586+0000] {dag.py:3239} INFO - Sync 1 DAGs
[2024-12-03T14:21:21.605+0000] {logging_mixin.py:190} INFO - [2024-12-03T14:21:21.605+0000] {dag.py:4180} INFO - Setting next_dagrun for example_setup_teardown to None, run_after=None
[2024-12-03T14:21:21.632+0000] {processor.py:208} INFO - Processing /home/airflow/.local/lib/python3.12/site-packages/airflow/example_dags/example_setup_teardown.py took 0.092 seconds
[2024-12-03T14:21:51.915+0000] {processor.py:186} INFO - Started process (PID=425) to work on /home/airflow/.local/lib/python3.12/site-packages/airflow/example_dags/example_setup_teardown.py
[2024-12-03T14:21:51.916+0000] {processor.py:914} INFO - Processing file /home/airflow/.local/lib/python3.12/site-packages/airflow/example_dags/example_setup_teardown.py for tasks to queue
[2024-12-03T14:21:51.918+0000] {logging_mixin.py:190} INFO - [2024-12-03T14:21:51.918+0000] {dagbag.py:588} INFO - Filling up the DagBag from /home/airflow/.local/lib/python3.12/site-packages/airflow/example_dags/example_setup_teardown.py
[2024-12-03T14:21:51.927+0000] {processor.py:925} INFO - DAG(s) 'example_setup_teardown' retrieved from /home/airflow/.local/lib/python3.12/site-packages/airflow/example_dags/example_setup_teardown.py
[2024-12-03T14:21:51.954+0000] {logging_mixin.py:190} INFO - [2024-12-03T14:21:51.953+0000] {dag.py:3239} INFO - Sync 1 DAGs
[2024-12-03T14:21:51.971+0000] {logging_mixin.py:190} INFO - [2024-12-03T14:21:51.971+0000] {dag.py:4180} INFO - Setting next_dagrun for example_setup_teardown to None, run_after=None
[2024-12-03T14:21:52.007+0000] {processor.py:208} INFO - Processing /home/airflow/.local/lib/python3.12/site-packages/airflow/example_dags/example_setup_teardown.py took 0.097 seconds
[2024-12-03T14:22:22.377+0000] {processor.py:186} INFO - Started process (PID=490) to work on /home/airflow/.local/lib/python3.12/site-packages/airflow/example_dags/example_setup_teardown.py
[2024-12-03T14:22:22.378+0000] {processor.py:914} INFO - Processing file /home/airflow/.local/lib/python3.12/site-packages/airflow/example_dags/example_setup_teardown.py for tasks to queue
[2024-12-03T14:22:22.381+0000] {logging_mixin.py:190} INFO - [2024-12-03T14:22:22.380+0000] {dagbag.py:588} INFO - Filling up the DagBag from /home/airflow/.local/lib/python3.12/site-packages/airflow/example_dags/example_setup_teardown.py
[2024-12-03T14:22:22.391+0000] {processor.py:925} INFO - DAG(s) 'example_setup_teardown' retrieved from /home/airflow/.local/lib/python3.12/site-packages/airflow/example_dags/example_setup_teardown.py
[2024-12-03T14:22:22.415+0000] {logging_mixin.py:190} INFO - [2024-12-03T14:22:22.414+0000] {dag.py:3239} INFO - Sync 1 DAGs
[2024-12-03T14:22:22.431+0000] {logging_mixin.py:190} INFO - [2024-12-03T14:22:22.430+0000] {dag.py:4180} INFO - Setting next_dagrun for example_setup_teardown to None, run_after=None
[2024-12-03T14:22:22.464+0000] {processor.py:208} INFO - Processing /home/airflow/.local/lib/python3.12/site-packages/airflow/example_dags/example_setup_teardown.py took 0.094 seconds
[2024-12-03T14:22:52.711+0000] {processor.py:186} INFO - Started process (PID=554) to work on /home/airflow/.local/lib/python3.12/site-packages/airflow/example_dags/example_setup_teardown.py
[2024-12-03T14:22:52.712+0000] {processor.py:914} INFO - Processing file /home/airflow/.local/lib/python3.12/site-packages/airflow/example_dags/example_setup_teardown.py for tasks to queue
[2024-12-03T14:22:52.714+0000] {logging_mixin.py:190} INFO - [2024-12-03T14:22:52.714+0000] {dagbag.py:588} INFO - Filling up the DagBag from /home/airflow/.local/lib/python3.12/site-packages/airflow/example_dags/example_setup_teardown.py
[2024-12-03T14:22:52.725+0000] {processor.py:925} INFO - DAG(s) 'example_setup_teardown' retrieved from /home/airflow/.local/lib/python3.12/site-packages/airflow/example_dags/example_setup_teardown.py
[2024-12-03T14:22:52.753+0000] {logging_mixin.py:190} INFO - [2024-12-03T14:22:52.753+0000] {dag.py:3239} INFO - Sync 1 DAGs
[2024-12-03T14:22:52.776+0000] {logging_mixin.py:190} INFO - [2024-12-03T14:22:52.776+0000] {dag.py:4180} INFO - Setting next_dagrun for example_setup_teardown to None, run_after=None
[2024-12-03T14:22:52.803+0000] {processor.py:208} INFO - Processing /home/airflow/.local/lib/python3.12/site-packages/airflow/example_dags/example_setup_teardown.py took 0.099 seconds
[2024-12-03T14:23:23.692+0000] {processor.py:186} INFO - Started process (PID=618) to work on /home/airflow/.local/lib/python3.12/site-packages/airflow/example_dags/example_setup_teardown.py
[2024-12-03T14:23:23.693+0000] {processor.py:914} INFO - Processing file /home/airflow/.local/lib/python3.12/site-packages/airflow/example_dags/example_setup_teardown.py for tasks to queue
[2024-12-03T14:23:23.696+0000] {logging_mixin.py:190} INFO - [2024-12-03T14:23:23.695+0000] {dagbag.py:588} INFO - Filling up the DagBag from /home/airflow/.local/lib/python3.12/site-packages/airflow/example_dags/example_setup_teardown.py
[2024-12-03T14:23:23.707+0000] {processor.py:925} INFO - DAG(s) 'example_setup_teardown' retrieved from /home/airflow/.local/lib/python3.12/site-packages/airflow/example_dags/example_setup_teardown.py
[2024-12-03T14:23:23.738+0000] {logging_mixin.py:190} INFO - [2024-12-03T14:23:23.737+0000] {dag.py:3239} INFO - Sync 1 DAGs
[2024-12-03T14:23:23.757+0000] {logging_mixin.py:190} INFO - [2024-12-03T14:23:23.756+0000] {dag.py:4180} INFO - Setting next_dagrun for example_setup_teardown to None, run_after=None
[2024-12-03T14:23:23.784+0000] {processor.py:208} INFO - Processing /home/airflow/.local/lib/python3.12/site-packages/airflow/example_dags/example_setup_teardown.py took 0.098 seconds
[2024-12-03T14:23:57.617+0000] {processor.py:186} INFO - Started process (PID=688) to work on /home/airflow/.local/lib/python3.12/site-packages/airflow/example_dags/example_setup_teardown.py
[2024-12-03T14:23:57.619+0000] {processor.py:914} INFO - Processing file /home/airflow/.local/lib/python3.12/site-packages/airflow/example_dags/example_setup_teardown.py for tasks to queue
[2024-12-03T14:23:57.624+0000] {logging_mixin.py:190} INFO - [2024-12-03T14:23:57.623+0000] {dagbag.py:588} INFO - Filling up the DagBag from /home/airflow/.local/lib/python3.12/site-packages/airflow/example_dags/example_setup_teardown.py
[2024-12-03T14:23:57.636+0000] {processor.py:925} INFO - DAG(s) 'example_setup_teardown' retrieved from /home/airflow/.local/lib/python3.12/site-packages/airflow/example_dags/example_setup_teardown.py
[2024-12-03T14:23:57.668+0000] {logging_mixin.py:190} INFO - [2024-12-03T14:23:57.668+0000] {dag.py:3239} INFO - Sync 1 DAGs
[2024-12-03T14:23:57.692+0000] {logging_mixin.py:190} INFO - [2024-12-03T14:23:57.691+0000] {dag.py:4180} INFO - Setting next_dagrun for example_setup_teardown to None, run_after=None
[2024-12-03T14:23:57.731+0000] {processor.py:208} INFO - Processing /home/airflow/.local/lib/python3.12/site-packages/airflow/example_dags/example_setup_teardown.py took 0.121 seconds
[2024-12-03T14:24:28.475+0000] {processor.py:186} INFO - Started process (PID=752) to work on /home/airflow/.local/lib/python3.12/site-packages/airflow/example_dags/example_setup_teardown.py
[2024-12-03T14:24:28.476+0000] {processor.py:914} INFO - Processing file /home/airflow/.local/lib/python3.12/site-packages/airflow/example_dags/example_setup_teardown.py for tasks to queue
[2024-12-03T14:24:28.478+0000] {logging_mixin.py:190} INFO - [2024-12-03T14:24:28.478+0000] {dagbag.py:588} INFO - Filling up the DagBag from /home/airflow/.local/lib/python3.12/site-packages/airflow/example_dags/example_setup_teardown.py
[2024-12-03T14:24:28.490+0000] {processor.py:925} INFO - DAG(s) 'example_setup_teardown' retrieved from /home/airflow/.local/lib/python3.12/site-packages/airflow/example_dags/example_setup_teardown.py
[2024-12-03T14:24:28.520+0000] {logging_mixin.py:190} INFO - [2024-12-03T14:24:28.520+0000] {dag.py:3239} INFO - Sync 1 DAGs
[2024-12-03T14:24:28.539+0000] {logging_mixin.py:190} INFO - [2024-12-03T14:24:28.539+0000] {dag.py:4180} INFO - Setting next_dagrun for example_setup_teardown to None, run_after=None
[2024-12-03T14:24:28.566+0000] {processor.py:208} INFO - Processing /home/airflow/.local/lib/python3.12/site-packages/airflow/example_dags/example_setup_teardown.py took 0.099 seconds
