[2024-12-03T13:57:15.193+0000] {processor.py:186} INFO - Started process (PID=96) to work on /home/airflow/.local/lib/python3.12/site-packages/airflow/example_dags/example_dynamic_task_mapping.py
[2024-12-03T13:57:15.195+0000] {processor.py:914} INFO - Processing file /home/airflow/.local/lib/python3.12/site-packages/airflow/example_dags/example_dynamic_task_mapping.py for tasks to queue
[2024-12-03T13:57:15.199+0000] {logging_mixin.py:190} INFO - [2024-12-03T13:57:15.199+0000] {dagbag.py:588} INFO - Filling up the DagBag from /home/airflow/.local/lib/python3.12/site-packages/airflow/example_dags/example_dynamic_task_mapping.py
[2024-12-03T13:57:15.213+0000] {processor.py:925} INFO - DAG(s) 'example_dynamic_task_mapping' retrieved from /home/airflow/.local/lib/python3.12/site-packages/airflow/example_dags/example_dynamic_task_mapping.py
[2024-12-03T13:57:15.354+0000] {logging_mixin.py:190} INFO - [2024-12-03T13:57:15.353+0000] {override.py:1911} INFO - Created Permission View: can delete on DAG:example_dynamic_task_mapping
[2024-12-03T13:57:15.372+0000] {logging_mixin.py:190} INFO - [2024-12-03T13:57:15.371+0000] {override.py:1911} INFO - Created Permission View: can read on DAG:example_dynamic_task_mapping
[2024-12-03T13:57:15.388+0000] {logging_mixin.py:190} INFO - [2024-12-03T13:57:15.387+0000] {override.py:1911} INFO - Created Permission View: can edit on DAG:example_dynamic_task_mapping
[2024-12-03T13:57:15.405+0000] {logging_mixin.py:190} INFO - [2024-12-03T13:57:15.404+0000] {override.py:1911} INFO - Created Permission View: can create on DAG Run:example_dynamic_task_mapping
[2024-12-03T13:57:15.421+0000] {logging_mixin.py:190} INFO - [2024-12-03T13:57:15.420+0000] {override.py:1911} INFO - Created Permission View: menu access on DAG Run:example_dynamic_task_mapping
[2024-12-03T13:57:15.435+0000] {logging_mixin.py:190} INFO - [2024-12-03T13:57:15.435+0000] {override.py:1911} INFO - Created Permission View: can delete on DAG Run:example_dynamic_task_mapping
[2024-12-03T13:57:15.451+0000] {logging_mixin.py:190} INFO - [2024-12-03T13:57:15.450+0000] {override.py:1911} INFO - Created Permission View: can read on DAG Run:example_dynamic_task_mapping
[2024-12-03T13:57:15.453+0000] {logging_mixin.py:190} INFO - [2024-12-03T13:57:15.452+0000] {dag.py:3239} INFO - Sync 1 DAGs
[2024-12-03T13:57:15.470+0000] {logging_mixin.py:190} INFO - [2024-12-03T13:57:15.470+0000] {dag.py:3262} INFO - Creating ORM DAG for example_dynamic_task_mapping
[2024-12-03T13:57:15.473+0000] {logging_mixin.py:190} INFO - [2024-12-03T13:57:15.472+0000] {dag.py:4180} INFO - Setting next_dagrun for example_dynamic_task_mapping to None, run_after=None
[2024-12-03T13:57:15.504+0000] {processor.py:208} INFO - Processing /home/airflow/.local/lib/python3.12/site-packages/airflow/example_dags/example_dynamic_task_mapping.py took 0.317 seconds
[2024-12-03T14:19:18.929+0000] {processor.py:186} INFO - Started process (PID=102) to work on /home/airflow/.local/lib/python3.12/site-packages/airflow/example_dags/example_dynamic_task_mapping.py
[2024-12-03T14:19:18.930+0000] {processor.py:914} INFO - Processing file /home/airflow/.local/lib/python3.12/site-packages/airflow/example_dags/example_dynamic_task_mapping.py for tasks to queue
[2024-12-03T14:19:18.933+0000] {logging_mixin.py:190} INFO - [2024-12-03T14:19:18.932+0000] {dagbag.py:588} INFO - Filling up the DagBag from /home/airflow/.local/lib/python3.12/site-packages/airflow/example_dags/example_dynamic_task_mapping.py
[2024-12-03T14:19:18.944+0000] {processor.py:925} INFO - DAG(s) 'example_dynamic_task_mapping' retrieved from /home/airflow/.local/lib/python3.12/site-packages/airflow/example_dags/example_dynamic_task_mapping.py
[2024-12-03T14:19:19.100+0000] {logging_mixin.py:190} INFO - [2024-12-03T14:19:19.099+0000] {override.py:1911} INFO - Created Permission View: can read on DAG:example_dynamic_task_mapping
[2024-12-03T14:19:19.117+0000] {logging_mixin.py:190} INFO - [2024-12-03T14:19:19.117+0000] {override.py:1911} INFO - Created Permission View: can edit on DAG:example_dynamic_task_mapping
[2024-12-03T14:19:19.132+0000] {logging_mixin.py:190} INFO - [2024-12-03T14:19:19.131+0000] {override.py:1911} INFO - Created Permission View: can delete on DAG:example_dynamic_task_mapping
[2024-12-03T14:19:19.146+0000] {logging_mixin.py:190} INFO - [2024-12-03T14:19:19.145+0000] {override.py:1911} INFO - Created Permission View: can read on DAG Run:example_dynamic_task_mapping
[2024-12-03T14:19:19.158+0000] {logging_mixin.py:190} INFO - [2024-12-03T14:19:19.157+0000] {override.py:1911} INFO - Created Permission View: menu access on DAG Run:example_dynamic_task_mapping
[2024-12-03T14:19:19.172+0000] {logging_mixin.py:190} INFO - [2024-12-03T14:19:19.171+0000] {override.py:1911} INFO - Created Permission View: can delete on DAG Run:example_dynamic_task_mapping
[2024-12-03T14:19:19.186+0000] {logging_mixin.py:190} INFO - [2024-12-03T14:19:19.186+0000] {override.py:1911} INFO - Created Permission View: can create on DAG Run:example_dynamic_task_mapping
[2024-12-03T14:19:19.188+0000] {logging_mixin.py:190} INFO - [2024-12-03T14:19:19.187+0000] {dag.py:3239} INFO - Sync 1 DAGs
[2024-12-03T14:19:19.212+0000] {logging_mixin.py:190} INFO - [2024-12-03T14:19:19.212+0000] {dag.py:3262} INFO - Creating ORM DAG for example_dynamic_task_mapping
[2024-12-03T14:19:19.217+0000] {logging_mixin.py:190} INFO - [2024-12-03T14:19:19.216+0000] {dag.py:4180} INFO - Setting next_dagrun for example_dynamic_task_mapping to None, run_after=None
[2024-12-03T14:19:19.265+0000] {processor.py:208} INFO - Processing /home/airflow/.local/lib/python3.12/site-packages/airflow/example_dags/example_dynamic_task_mapping.py took 0.342 seconds
[2024-12-03T14:19:49.815+0000] {processor.py:186} INFO - Started process (PID=166) to work on /home/airflow/.local/lib/python3.12/site-packages/airflow/example_dags/example_dynamic_task_mapping.py
[2024-12-03T14:19:49.817+0000] {processor.py:914} INFO - Processing file /home/airflow/.local/lib/python3.12/site-packages/airflow/example_dags/example_dynamic_task_mapping.py for tasks to queue
[2024-12-03T14:19:49.820+0000] {logging_mixin.py:190} INFO - [2024-12-03T14:19:49.819+0000] {dagbag.py:588} INFO - Filling up the DagBag from /home/airflow/.local/lib/python3.12/site-packages/airflow/example_dags/example_dynamic_task_mapping.py
[2024-12-03T14:19:49.835+0000] {processor.py:925} INFO - DAG(s) 'example_dynamic_task_mapping' retrieved from /home/airflow/.local/lib/python3.12/site-packages/airflow/example_dags/example_dynamic_task_mapping.py
[2024-12-03T14:19:49.868+0000] {logging_mixin.py:190} INFO - [2024-12-03T14:19:49.867+0000] {dag.py:3239} INFO - Sync 1 DAGs
[2024-12-03T14:19:49.889+0000] {logging_mixin.py:190} INFO - [2024-12-03T14:19:49.889+0000] {dag.py:4180} INFO - Setting next_dagrun for example_dynamic_task_mapping to None, run_after=None
[2024-12-03T14:19:49.920+0000] {processor.py:208} INFO - Processing /home/airflow/.local/lib/python3.12/site-packages/airflow/example_dags/example_dynamic_task_mapping.py took 0.113 seconds
[2024-12-03T14:20:20.131+0000] {processor.py:186} INFO - Started process (PID=230) to work on /home/airflow/.local/lib/python3.12/site-packages/airflow/example_dags/example_dynamic_task_mapping.py
[2024-12-03T14:20:20.132+0000] {processor.py:914} INFO - Processing file /home/airflow/.local/lib/python3.12/site-packages/airflow/example_dags/example_dynamic_task_mapping.py for tasks to queue
[2024-12-03T14:20:20.133+0000] {logging_mixin.py:190} INFO - [2024-12-03T14:20:20.133+0000] {dagbag.py:588} INFO - Filling up the DagBag from /home/airflow/.local/lib/python3.12/site-packages/airflow/example_dags/example_dynamic_task_mapping.py
[2024-12-03T14:20:20.143+0000] {processor.py:925} INFO - DAG(s) 'example_dynamic_task_mapping' retrieved from /home/airflow/.local/lib/python3.12/site-packages/airflow/example_dags/example_dynamic_task_mapping.py
[2024-12-03T14:20:20.172+0000] {logging_mixin.py:190} INFO - [2024-12-03T14:20:20.172+0000] {dag.py:3239} INFO - Sync 1 DAGs
[2024-12-03T14:20:20.199+0000] {logging_mixin.py:190} INFO - [2024-12-03T14:20:20.198+0000] {dag.py:4180} INFO - Setting next_dagrun for example_dynamic_task_mapping to None, run_after=None
[2024-12-03T14:20:20.233+0000] {processor.py:208} INFO - Processing /home/airflow/.local/lib/python3.12/site-packages/airflow/example_dags/example_dynamic_task_mapping.py took 0.107 seconds
[2024-12-03T14:20:50.873+0000] {processor.py:186} INFO - Started process (PID=294) to work on /home/airflow/.local/lib/python3.12/site-packages/airflow/example_dags/example_dynamic_task_mapping.py
[2024-12-03T14:20:50.874+0000] {processor.py:914} INFO - Processing file /home/airflow/.local/lib/python3.12/site-packages/airflow/example_dags/example_dynamic_task_mapping.py for tasks to queue
[2024-12-03T14:20:50.877+0000] {logging_mixin.py:190} INFO - [2024-12-03T14:20:50.876+0000] {dagbag.py:588} INFO - Filling up the DagBag from /home/airflow/.local/lib/python3.12/site-packages/airflow/example_dags/example_dynamic_task_mapping.py
[2024-12-03T14:20:50.903+0000] {processor.py:925} INFO - DAG(s) 'example_dynamic_task_mapping' retrieved from /home/airflow/.local/lib/python3.12/site-packages/airflow/example_dags/example_dynamic_task_mapping.py
[2024-12-03T14:20:50.966+0000] {logging_mixin.py:190} INFO - [2024-12-03T14:20:50.965+0000] {dag.py:3239} INFO - Sync 1 DAGs
[2024-12-03T14:20:50.999+0000] {logging_mixin.py:190} INFO - [2024-12-03T14:20:50.998+0000] {dag.py:4180} INFO - Setting next_dagrun for example_dynamic_task_mapping to None, run_after=None
[2024-12-03T14:20:51.043+0000] {processor.py:208} INFO - Processing /home/airflow/.local/lib/python3.12/site-packages/airflow/example_dags/example_dynamic_task_mapping.py took 0.181 seconds
[2024-12-03T14:21:21.183+0000] {processor.py:186} INFO - Started process (PID=359) to work on /home/airflow/.local/lib/python3.12/site-packages/airflow/example_dags/example_dynamic_task_mapping.py
[2024-12-03T14:21:21.184+0000] {processor.py:914} INFO - Processing file /home/airflow/.local/lib/python3.12/site-packages/airflow/example_dags/example_dynamic_task_mapping.py for tasks to queue
[2024-12-03T14:21:21.187+0000] {logging_mixin.py:190} INFO - [2024-12-03T14:21:21.186+0000] {dagbag.py:588} INFO - Filling up the DagBag from /home/airflow/.local/lib/python3.12/site-packages/airflow/example_dags/example_dynamic_task_mapping.py
[2024-12-03T14:21:21.200+0000] {processor.py:925} INFO - DAG(s) 'example_dynamic_task_mapping' retrieved from /home/airflow/.local/lib/python3.12/site-packages/airflow/example_dags/example_dynamic_task_mapping.py
[2024-12-03T14:21:21.233+0000] {logging_mixin.py:190} INFO - [2024-12-03T14:21:21.232+0000] {dag.py:3239} INFO - Sync 1 DAGs
[2024-12-03T14:21:21.253+0000] {logging_mixin.py:190} INFO - [2024-12-03T14:21:21.253+0000] {dag.py:4180} INFO - Setting next_dagrun for example_dynamic_task_mapping to None, run_after=None
[2024-12-03T14:21:21.281+0000] {processor.py:208} INFO - Processing /home/airflow/.local/lib/python3.12/site-packages/airflow/example_dags/example_dynamic_task_mapping.py took 0.106 seconds
[2024-12-03T14:21:51.775+0000] {processor.py:186} INFO - Started process (PID=423) to work on /home/airflow/.local/lib/python3.12/site-packages/airflow/example_dags/example_dynamic_task_mapping.py
[2024-12-03T14:21:51.776+0000] {processor.py:914} INFO - Processing file /home/airflow/.local/lib/python3.12/site-packages/airflow/example_dags/example_dynamic_task_mapping.py for tasks to queue
[2024-12-03T14:21:51.777+0000] {logging_mixin.py:190} INFO - [2024-12-03T14:21:51.777+0000] {dagbag.py:588} INFO - Filling up the DagBag from /home/airflow/.local/lib/python3.12/site-packages/airflow/example_dags/example_dynamic_task_mapping.py
[2024-12-03T14:21:51.787+0000] {processor.py:925} INFO - DAG(s) 'example_dynamic_task_mapping' retrieved from /home/airflow/.local/lib/python3.12/site-packages/airflow/example_dags/example_dynamic_task_mapping.py
[2024-12-03T14:21:51.811+0000] {logging_mixin.py:190} INFO - [2024-12-03T14:21:51.811+0000] {dag.py:3239} INFO - Sync 1 DAGs
[2024-12-03T14:21:51.828+0000] {logging_mixin.py:190} INFO - [2024-12-03T14:21:51.827+0000] {dag.py:4180} INFO - Setting next_dagrun for example_dynamic_task_mapping to None, run_after=None
[2024-12-03T14:21:51.853+0000] {processor.py:208} INFO - Processing /home/airflow/.local/lib/python3.12/site-packages/airflow/example_dags/example_dynamic_task_mapping.py took 0.083 seconds
[2024-12-03T14:22:22.234+0000] {processor.py:186} INFO - Started process (PID=488) to work on /home/airflow/.local/lib/python3.12/site-packages/airflow/example_dags/example_dynamic_task_mapping.py
[2024-12-03T14:22:22.235+0000] {processor.py:914} INFO - Processing file /home/airflow/.local/lib/python3.12/site-packages/airflow/example_dags/example_dynamic_task_mapping.py for tasks to queue
[2024-12-03T14:22:22.236+0000] {logging_mixin.py:190} INFO - [2024-12-03T14:22:22.236+0000] {dagbag.py:588} INFO - Filling up the DagBag from /home/airflow/.local/lib/python3.12/site-packages/airflow/example_dags/example_dynamic_task_mapping.py
[2024-12-03T14:22:22.245+0000] {processor.py:925} INFO - DAG(s) 'example_dynamic_task_mapping' retrieved from /home/airflow/.local/lib/python3.12/site-packages/airflow/example_dags/example_dynamic_task_mapping.py
[2024-12-03T14:22:22.270+0000] {logging_mixin.py:190} INFO - [2024-12-03T14:22:22.270+0000] {dag.py:3239} INFO - Sync 1 DAGs
[2024-12-03T14:22:22.285+0000] {logging_mixin.py:190} INFO - [2024-12-03T14:22:22.285+0000] {dag.py:4180} INFO - Setting next_dagrun for example_dynamic_task_mapping to None, run_after=None
[2024-12-03T14:22:22.312+0000] {processor.py:208} INFO - Processing /home/airflow/.local/lib/python3.12/site-packages/airflow/example_dags/example_dynamic_task_mapping.py took 0.084 seconds
[2024-12-03T14:22:52.535+0000] {processor.py:186} INFO - Started process (PID=552) to work on /home/airflow/.local/lib/python3.12/site-packages/airflow/example_dags/example_dynamic_task_mapping.py
[2024-12-03T14:22:52.536+0000] {processor.py:914} INFO - Processing file /home/airflow/.local/lib/python3.12/site-packages/airflow/example_dags/example_dynamic_task_mapping.py for tasks to queue
[2024-12-03T14:22:52.538+0000] {logging_mixin.py:190} INFO - [2024-12-03T14:22:52.538+0000] {dagbag.py:588} INFO - Filling up the DagBag from /home/airflow/.local/lib/python3.12/site-packages/airflow/example_dags/example_dynamic_task_mapping.py
[2024-12-03T14:22:52.550+0000] {processor.py:925} INFO - DAG(s) 'example_dynamic_task_mapping' retrieved from /home/airflow/.local/lib/python3.12/site-packages/airflow/example_dags/example_dynamic_task_mapping.py
[2024-12-03T14:22:52.579+0000] {logging_mixin.py:190} INFO - [2024-12-03T14:22:52.579+0000] {dag.py:3239} INFO - Sync 1 DAGs
[2024-12-03T14:22:52.599+0000] {logging_mixin.py:190} INFO - [2024-12-03T14:22:52.599+0000] {dag.py:4180} INFO - Setting next_dagrun for example_dynamic_task_mapping to None, run_after=None
[2024-12-03T14:22:52.630+0000] {processor.py:208} INFO - Processing /home/airflow/.local/lib/python3.12/site-packages/airflow/example_dags/example_dynamic_task_mapping.py took 0.103 seconds
[2024-12-03T14:23:23.352+0000] {processor.py:186} INFO - Started process (PID=616) to work on /home/airflow/.local/lib/python3.12/site-packages/airflow/example_dags/example_dynamic_task_mapping.py
[2024-12-03T14:23:23.353+0000] {processor.py:914} INFO - Processing file /home/airflow/.local/lib/python3.12/site-packages/airflow/example_dags/example_dynamic_task_mapping.py for tasks to queue
[2024-12-03T14:23:23.356+0000] {logging_mixin.py:190} INFO - [2024-12-03T14:23:23.355+0000] {dagbag.py:588} INFO - Filling up the DagBag from /home/airflow/.local/lib/python3.12/site-packages/airflow/example_dags/example_dynamic_task_mapping.py
[2024-12-03T14:23:23.368+0000] {processor.py:925} INFO - DAG(s) 'example_dynamic_task_mapping' retrieved from /home/airflow/.local/lib/python3.12/site-packages/airflow/example_dags/example_dynamic_task_mapping.py
[2024-12-03T14:23:23.404+0000] {logging_mixin.py:190} INFO - [2024-12-03T14:23:23.403+0000] {dag.py:3239} INFO - Sync 1 DAGs
[2024-12-03T14:23:23.424+0000] {logging_mixin.py:190} INFO - [2024-12-03T14:23:23.423+0000] {dag.py:4180} INFO - Setting next_dagrun for example_dynamic_task_mapping to None, run_after=None
[2024-12-03T14:23:23.453+0000] {processor.py:208} INFO - Processing /home/airflow/.local/lib/python3.12/site-packages/airflow/example_dags/example_dynamic_task_mapping.py took 0.108 seconds
[2024-12-03T14:23:57.077+0000] {processor.py:186} INFO - Started process (PID=686) to work on /home/airflow/.local/lib/python3.12/site-packages/airflow/example_dags/example_dynamic_task_mapping.py
[2024-12-03T14:23:57.081+0000] {processor.py:914} INFO - Processing file /home/airflow/.local/lib/python3.12/site-packages/airflow/example_dags/example_dynamic_task_mapping.py for tasks to queue
[2024-12-03T14:23:57.085+0000] {logging_mixin.py:190} INFO - [2024-12-03T14:23:57.084+0000] {dagbag.py:588} INFO - Filling up the DagBag from /home/airflow/.local/lib/python3.12/site-packages/airflow/example_dags/example_dynamic_task_mapping.py
[2024-12-03T14:23:57.113+0000] {processor.py:925} INFO - DAG(s) 'example_dynamic_task_mapping' retrieved from /home/airflow/.local/lib/python3.12/site-packages/airflow/example_dags/example_dynamic_task_mapping.py
[2024-12-03T14:23:57.186+0000] {logging_mixin.py:190} INFO - [2024-12-03T14:23:57.185+0000] {dag.py:3239} INFO - Sync 1 DAGs
[2024-12-03T14:23:57.230+0000] {logging_mixin.py:190} INFO - [2024-12-03T14:23:57.230+0000] {dag.py:4180} INFO - Setting next_dagrun for example_dynamic_task_mapping to None, run_after=None
[2024-12-03T14:23:57.291+0000] {processor.py:208} INFO - Processing /home/airflow/.local/lib/python3.12/site-packages/airflow/example_dags/example_dynamic_task_mapping.py took 0.232 seconds
[2024-12-03T14:24:28.300+0000] {processor.py:186} INFO - Started process (PID=750) to work on /home/airflow/.local/lib/python3.12/site-packages/airflow/example_dags/example_dynamic_task_mapping.py
[2024-12-03T14:24:28.302+0000] {processor.py:914} INFO - Processing file /home/airflow/.local/lib/python3.12/site-packages/airflow/example_dags/example_dynamic_task_mapping.py for tasks to queue
[2024-12-03T14:24:28.305+0000] {logging_mixin.py:190} INFO - [2024-12-03T14:24:28.304+0000] {dagbag.py:588} INFO - Filling up the DagBag from /home/airflow/.local/lib/python3.12/site-packages/airflow/example_dags/example_dynamic_task_mapping.py
[2024-12-03T14:24:28.314+0000] {processor.py:925} INFO - DAG(s) 'example_dynamic_task_mapping' retrieved from /home/airflow/.local/lib/python3.12/site-packages/airflow/example_dags/example_dynamic_task_mapping.py
[2024-12-03T14:24:28.343+0000] {logging_mixin.py:190} INFO - [2024-12-03T14:24:28.342+0000] {dag.py:3239} INFO - Sync 1 DAGs
[2024-12-03T14:24:28.359+0000] {logging_mixin.py:190} INFO - [2024-12-03T14:24:28.359+0000] {dag.py:4180} INFO - Setting next_dagrun for example_dynamic_task_mapping to None, run_after=None
[2024-12-03T14:24:28.387+0000] {processor.py:208} INFO - Processing /home/airflow/.local/lib/python3.12/site-packages/airflow/example_dags/example_dynamic_task_mapping.py took 0.093 seconds
