[2024-12-03T13:57:15.580+0000] {processor.py:186} INFO - Started process (PID=98) to work on /home/airflow/.local/lib/python3.12/site-packages/airflow/example_dags/example_complex.py
[2024-12-03T13:57:15.582+0000] {processor.py:914} INFO - Processing file /home/airflow/.local/lib/python3.12/site-packages/airflow/example_dags/example_complex.py for tasks to queue
[2024-12-03T13:57:15.589+0000] {logging_mixin.py:190} INFO - [2024-12-03T13:57:15.588+0000] {dagbag.py:588} INFO - Filling up the DagBag from /home/airflow/.local/lib/python3.12/site-packages/airflow/example_dags/example_complex.py
[2024-12-03T13:57:15.610+0000] {processor.py:925} INFO - DAG(s) 'example_complex' retrieved from /home/airflow/.local/lib/python3.12/site-packages/airflow/example_dags/example_complex.py
[2024-12-03T13:57:15.790+0000] {logging_mixin.py:190} INFO - [2024-12-03T13:57:15.789+0000] {override.py:1911} INFO - Created Permission View: can delete on DAG:example_complex
[2024-12-03T13:57:15.811+0000] {logging_mixin.py:190} INFO - [2024-12-03T13:57:15.811+0000] {override.py:1911} INFO - Created Permission View: can read on DAG:example_complex
[2024-12-03T13:57:15.825+0000] {logging_mixin.py:190} INFO - [2024-12-03T13:57:15.825+0000] {override.py:1911} INFO - Created Permission View: can edit on DAG:example_complex
[2024-12-03T13:57:15.845+0000] {logging_mixin.py:190} INFO - [2024-12-03T13:57:15.844+0000] {override.py:1911} INFO - Created Permission View: can create on DAG Run:example_complex
[2024-12-03T13:57:15.856+0000] {logging_mixin.py:190} INFO - [2024-12-03T13:57:15.855+0000] {override.py:1911} INFO - Created Permission View: menu access on DAG Run:example_complex
[2024-12-03T13:57:15.870+0000] {logging_mixin.py:190} INFO - [2024-12-03T13:57:15.869+0000] {override.py:1911} INFO - Created Permission View: can delete on DAG Run:example_complex
[2024-12-03T13:57:15.883+0000] {logging_mixin.py:190} INFO - [2024-12-03T13:57:15.883+0000] {override.py:1911} INFO - Created Permission View: can read on DAG Run:example_complex
[2024-12-03T13:57:15.885+0000] {logging_mixin.py:190} INFO - [2024-12-03T13:57:15.885+0000] {dag.py:3239} INFO - Sync 1 DAGs
[2024-12-03T13:57:15.901+0000] {logging_mixin.py:190} INFO - [2024-12-03T13:57:15.901+0000] {dag.py:3262} INFO - Creating ORM DAG for example_complex
[2024-12-03T13:57:15.904+0000] {logging_mixin.py:190} INFO - [2024-12-03T13:57:15.903+0000] {dag.py:4180} INFO - Setting next_dagrun for example_complex to None, run_after=None
[2024-12-03T13:57:15.933+0000] {processor.py:208} INFO - Processing /home/airflow/.local/lib/python3.12/site-packages/airflow/example_dags/example_complex.py took 0.364 seconds
[2024-12-03T14:19:20.241+0000] {processor.py:186} INFO - Started process (PID=106) to work on /home/airflow/.local/lib/python3.12/site-packages/airflow/example_dags/example_complex.py
[2024-12-03T14:19:20.242+0000] {processor.py:914} INFO - Processing file /home/airflow/.local/lib/python3.12/site-packages/airflow/example_dags/example_complex.py for tasks to queue
[2024-12-03T14:19:20.245+0000] {logging_mixin.py:190} INFO - [2024-12-03T14:19:20.244+0000] {dagbag.py:588} INFO - Filling up the DagBag from /home/airflow/.local/lib/python3.12/site-packages/airflow/example_dags/example_complex.py
[2024-12-03T14:19:20.264+0000] {processor.py:925} INFO - DAG(s) 'example_complex' retrieved from /home/airflow/.local/lib/python3.12/site-packages/airflow/example_dags/example_complex.py
[2024-12-03T14:19:20.498+0000] {logging_mixin.py:190} INFO - [2024-12-03T14:19:20.487+0000] {override.py:1911} INFO - Created Permission View: can read on DAG:example_complex
[2024-12-03T14:19:20.521+0000] {logging_mixin.py:190} INFO - [2024-12-03T14:19:20.521+0000] {override.py:1911} INFO - Created Permission View: can edit on DAG:example_complex
[2024-12-03T14:19:20.537+0000] {logging_mixin.py:190} INFO - [2024-12-03T14:19:20.536+0000] {override.py:1911} INFO - Created Permission View: can delete on DAG:example_complex
[2024-12-03T14:19:20.557+0000] {logging_mixin.py:190} INFO - [2024-12-03T14:19:20.556+0000] {override.py:1911} INFO - Created Permission View: can read on DAG Run:example_complex
[2024-12-03T14:19:20.573+0000] {logging_mixin.py:190} INFO - [2024-12-03T14:19:20.573+0000] {override.py:1911} INFO - Created Permission View: menu access on DAG Run:example_complex
[2024-12-03T14:19:20.589+0000] {logging_mixin.py:190} INFO - [2024-12-03T14:19:20.589+0000] {override.py:1911} INFO - Created Permission View: can delete on DAG Run:example_complex
[2024-12-03T14:19:20.603+0000] {logging_mixin.py:190} INFO - [2024-12-03T14:19:20.603+0000] {override.py:1911} INFO - Created Permission View: can create on DAG Run:example_complex
[2024-12-03T14:19:20.604+0000] {logging_mixin.py:190} INFO - [2024-12-03T14:19:20.604+0000] {dag.py:3239} INFO - Sync 1 DAGs
[2024-12-03T14:19:20.630+0000] {logging_mixin.py:190} INFO - [2024-12-03T14:19:20.630+0000] {dag.py:3262} INFO - Creating ORM DAG for example_complex
[2024-12-03T14:19:20.633+0000] {logging_mixin.py:190} INFO - [2024-12-03T14:19:20.633+0000] {dag.py:4180} INFO - Setting next_dagrun for example_complex to None, run_after=None
[2024-12-03T14:19:20.670+0000] {processor.py:208} INFO - Processing /home/airflow/.local/lib/python3.12/site-packages/airflow/example_dags/example_complex.py took 0.437 seconds
[2024-12-03T14:19:51.268+0000] {processor.py:186} INFO - Started process (PID=170) to work on /home/airflow/.local/lib/python3.12/site-packages/airflow/example_dags/example_complex.py
[2024-12-03T14:19:51.270+0000] {processor.py:914} INFO - Processing file /home/airflow/.local/lib/python3.12/site-packages/airflow/example_dags/example_complex.py for tasks to queue
[2024-12-03T14:19:51.272+0000] {logging_mixin.py:190} INFO - [2024-12-03T14:19:51.271+0000] {dagbag.py:588} INFO - Filling up the DagBag from /home/airflow/.local/lib/python3.12/site-packages/airflow/example_dags/example_complex.py
[2024-12-03T14:19:51.287+0000] {processor.py:925} INFO - DAG(s) 'example_complex' retrieved from /home/airflow/.local/lib/python3.12/site-packages/airflow/example_dags/example_complex.py
[2024-12-03T14:19:51.326+0000] {logging_mixin.py:190} INFO - [2024-12-03T14:19:51.325+0000] {dag.py:3239} INFO - Sync 1 DAGs
[2024-12-03T14:19:51.344+0000] {logging_mixin.py:190} INFO - [2024-12-03T14:19:51.344+0000] {dag.py:4180} INFO - Setting next_dagrun for example_complex to None, run_after=None
[2024-12-03T14:19:51.379+0000] {processor.py:208} INFO - Processing /home/airflow/.local/lib/python3.12/site-packages/airflow/example_dags/example_complex.py took 0.117 seconds
[2024-12-03T14:20:21.540+0000] {processor.py:186} INFO - Started process (PID=234) to work on /home/airflow/.local/lib/python3.12/site-packages/airflow/example_dags/example_complex.py
[2024-12-03T14:20:21.542+0000] {processor.py:914} INFO - Processing file /home/airflow/.local/lib/python3.12/site-packages/airflow/example_dags/example_complex.py for tasks to queue
[2024-12-03T14:20:21.543+0000] {logging_mixin.py:190} INFO - [2024-12-03T14:20:21.543+0000] {dagbag.py:588} INFO - Filling up the DagBag from /home/airflow/.local/lib/python3.12/site-packages/airflow/example_dags/example_complex.py
[2024-12-03T14:20:21.556+0000] {processor.py:925} INFO - DAG(s) 'example_complex' retrieved from /home/airflow/.local/lib/python3.12/site-packages/airflow/example_dags/example_complex.py
[2024-12-03T14:20:21.590+0000] {logging_mixin.py:190} INFO - [2024-12-03T14:20:21.589+0000] {dag.py:3239} INFO - Sync 1 DAGs
[2024-12-03T14:20:21.606+0000] {logging_mixin.py:190} INFO - [2024-12-03T14:20:21.606+0000] {dag.py:4180} INFO - Setting next_dagrun for example_complex to None, run_after=None
[2024-12-03T14:20:21.636+0000] {processor.py:208} INFO - Processing /home/airflow/.local/lib/python3.12/site-packages/airflow/example_dags/example_complex.py took 0.102 seconds
[2024-12-03T14:20:52.361+0000] {processor.py:186} INFO - Started process (PID=298) to work on /home/airflow/.local/lib/python3.12/site-packages/airflow/example_dags/example_complex.py
[2024-12-03T14:20:52.362+0000] {processor.py:914} INFO - Processing file /home/airflow/.local/lib/python3.12/site-packages/airflow/example_dags/example_complex.py for tasks to queue
[2024-12-03T14:20:52.365+0000] {logging_mixin.py:190} INFO - [2024-12-03T14:20:52.365+0000] {dagbag.py:588} INFO - Filling up the DagBag from /home/airflow/.local/lib/python3.12/site-packages/airflow/example_dags/example_complex.py
[2024-12-03T14:20:52.383+0000] {processor.py:925} INFO - DAG(s) 'example_complex' retrieved from /home/airflow/.local/lib/python3.12/site-packages/airflow/example_dags/example_complex.py
[2024-12-03T14:20:52.449+0000] {logging_mixin.py:190} INFO - [2024-12-03T14:20:52.447+0000] {dag.py:3239} INFO - Sync 1 DAGs
[2024-12-03T14:20:52.488+0000] {logging_mixin.py:190} INFO - [2024-12-03T14:20:52.487+0000] {dag.py:4180} INFO - Setting next_dagrun for example_complex to None, run_after=None
[2024-12-03T14:20:52.525+0000] {processor.py:208} INFO - Processing /home/airflow/.local/lib/python3.12/site-packages/airflow/example_dags/example_complex.py took 0.171 seconds
[2024-12-03T14:21:22.713+0000] {processor.py:186} INFO - Started process (PID=363) to work on /home/airflow/.local/lib/python3.12/site-packages/airflow/example_dags/example_complex.py
[2024-12-03T14:21:22.715+0000] {processor.py:914} INFO - Processing file /home/airflow/.local/lib/python3.12/site-packages/airflow/example_dags/example_complex.py for tasks to queue
[2024-12-03T14:21:22.717+0000] {logging_mixin.py:190} INFO - [2024-12-03T14:21:22.717+0000] {dagbag.py:588} INFO - Filling up the DagBag from /home/airflow/.local/lib/python3.12/site-packages/airflow/example_dags/example_complex.py
[2024-12-03T14:21:22.731+0000] {processor.py:925} INFO - DAG(s) 'example_complex' retrieved from /home/airflow/.local/lib/python3.12/site-packages/airflow/example_dags/example_complex.py
[2024-12-03T14:21:22.769+0000] {logging_mixin.py:190} INFO - [2024-12-03T14:21:22.769+0000] {dag.py:3239} INFO - Sync 1 DAGs
[2024-12-03T14:21:22.788+0000] {logging_mixin.py:190} INFO - [2024-12-03T14:21:22.787+0000] {dag.py:4180} INFO - Setting next_dagrun for example_complex to None, run_after=None
[2024-12-03T14:21:22.822+0000] {processor.py:208} INFO - Processing /home/airflow/.local/lib/python3.12/site-packages/airflow/example_dags/example_complex.py took 0.115 seconds
[2024-12-03T14:21:53.119+0000] {processor.py:186} INFO - Started process (PID=427) to work on /home/airflow/.local/lib/python3.12/site-packages/airflow/example_dags/example_complex.py
[2024-12-03T14:21:53.120+0000] {processor.py:914} INFO - Processing file /home/airflow/.local/lib/python3.12/site-packages/airflow/example_dags/example_complex.py for tasks to queue
[2024-12-03T14:21:53.123+0000] {logging_mixin.py:190} INFO - [2024-12-03T14:21:53.123+0000] {dagbag.py:588} INFO - Filling up the DagBag from /home/airflow/.local/lib/python3.12/site-packages/airflow/example_dags/example_complex.py
[2024-12-03T14:21:53.137+0000] {processor.py:925} INFO - DAG(s) 'example_complex' retrieved from /home/airflow/.local/lib/python3.12/site-packages/airflow/example_dags/example_complex.py
[2024-12-03T14:21:53.178+0000] {logging_mixin.py:190} INFO - [2024-12-03T14:21:53.178+0000] {dag.py:3239} INFO - Sync 1 DAGs
[2024-12-03T14:21:53.201+0000] {logging_mixin.py:190} INFO - [2024-12-03T14:21:53.201+0000] {dag.py:4180} INFO - Setting next_dagrun for example_complex to None, run_after=None
[2024-12-03T14:21:53.237+0000] {processor.py:208} INFO - Processing /home/airflow/.local/lib/python3.12/site-packages/airflow/example_dags/example_complex.py took 0.126 seconds
[2024-12-03T14:22:23.577+0000] {processor.py:186} INFO - Started process (PID=492) to work on /home/airflow/.local/lib/python3.12/site-packages/airflow/example_dags/example_complex.py
[2024-12-03T14:22:23.579+0000] {processor.py:914} INFO - Processing file /home/airflow/.local/lib/python3.12/site-packages/airflow/example_dags/example_complex.py for tasks to queue
[2024-12-03T14:22:23.581+0000] {logging_mixin.py:190} INFO - [2024-12-03T14:22:23.580+0000] {dagbag.py:588} INFO - Filling up the DagBag from /home/airflow/.local/lib/python3.12/site-packages/airflow/example_dags/example_complex.py
[2024-12-03T14:22:23.593+0000] {processor.py:925} INFO - DAG(s) 'example_complex' retrieved from /home/airflow/.local/lib/python3.12/site-packages/airflow/example_dags/example_complex.py
[2024-12-03T14:22:23.631+0000] {logging_mixin.py:190} INFO - [2024-12-03T14:22:23.631+0000] {dag.py:3239} INFO - Sync 1 DAGs
[2024-12-03T14:22:23.652+0000] {logging_mixin.py:190} INFO - [2024-12-03T14:22:23.652+0000] {dag.py:4180} INFO - Setting next_dagrun for example_complex to None, run_after=None
[2024-12-03T14:22:23.684+0000] {processor.py:208} INFO - Processing /home/airflow/.local/lib/python3.12/site-packages/airflow/example_dags/example_complex.py took 0.112 seconds
[2024-12-03T14:22:53.894+0000] {processor.py:186} INFO - Started process (PID=556) to work on /home/airflow/.local/lib/python3.12/site-packages/airflow/example_dags/example_complex.py
[2024-12-03T14:22:53.895+0000] {processor.py:914} INFO - Processing file /home/airflow/.local/lib/python3.12/site-packages/airflow/example_dags/example_complex.py for tasks to queue
[2024-12-03T14:22:53.897+0000] {logging_mixin.py:190} INFO - [2024-12-03T14:22:53.897+0000] {dagbag.py:588} INFO - Filling up the DagBag from /home/airflow/.local/lib/python3.12/site-packages/airflow/example_dags/example_complex.py
[2024-12-03T14:22:53.914+0000] {processor.py:925} INFO - DAG(s) 'example_complex' retrieved from /home/airflow/.local/lib/python3.12/site-packages/airflow/example_dags/example_complex.py
[2024-12-03T14:22:53.959+0000] {logging_mixin.py:190} INFO - [2024-12-03T14:22:53.959+0000] {dag.py:3239} INFO - Sync 1 DAGs
[2024-12-03T14:22:53.980+0000] {logging_mixin.py:190} INFO - [2024-12-03T14:22:53.980+0000] {dag.py:4180} INFO - Setting next_dagrun for example_complex to None, run_after=None
[2024-12-03T14:22:54.011+0000] {processor.py:208} INFO - Processing /home/airflow/.local/lib/python3.12/site-packages/airflow/example_dags/example_complex.py took 0.124 seconds
[2024-12-03T14:23:24.725+0000] {processor.py:186} INFO - Started process (PID=620) to work on /home/airflow/.local/lib/python3.12/site-packages/airflow/example_dags/example_complex.py
[2024-12-03T14:23:24.726+0000] {processor.py:914} INFO - Processing file /home/airflow/.local/lib/python3.12/site-packages/airflow/example_dags/example_complex.py for tasks to queue
[2024-12-03T14:23:24.729+0000] {logging_mixin.py:190} INFO - [2024-12-03T14:23:24.728+0000] {dagbag.py:588} INFO - Filling up the DagBag from /home/airflow/.local/lib/python3.12/site-packages/airflow/example_dags/example_complex.py
[2024-12-03T14:23:24.743+0000] {processor.py:925} INFO - DAG(s) 'example_complex' retrieved from /home/airflow/.local/lib/python3.12/site-packages/airflow/example_dags/example_complex.py
[2024-12-03T14:23:24.788+0000] {logging_mixin.py:190} INFO - [2024-12-03T14:23:24.788+0000] {dag.py:3239} INFO - Sync 1 DAGs
[2024-12-03T14:23:24.807+0000] {logging_mixin.py:190} INFO - [2024-12-03T14:23:24.807+0000] {dag.py:4180} INFO - Setting next_dagrun for example_complex to None, run_after=None
[2024-12-03T14:23:24.840+0000] {processor.py:208} INFO - Processing /home/airflow/.local/lib/python3.12/site-packages/airflow/example_dags/example_complex.py took 0.122 seconds
[2024-12-03T14:23:57.824+0000] {processor.py:186} INFO - Started process (PID=690) to work on /home/airflow/.local/lib/python3.12/site-packages/airflow/example_dags/example_complex.py
[2024-12-03T14:23:57.826+0000] {processor.py:914} INFO - Processing file /home/airflow/.local/lib/python3.12/site-packages/airflow/example_dags/example_complex.py for tasks to queue
[2024-12-03T14:23:57.829+0000] {logging_mixin.py:190} INFO - [2024-12-03T14:23:57.828+0000] {dagbag.py:588} INFO - Filling up the DagBag from /home/airflow/.local/lib/python3.12/site-packages/airflow/example_dags/example_complex.py
[2024-12-03T14:23:57.853+0000] {processor.py:925} INFO - DAG(s) 'example_complex' retrieved from /home/airflow/.local/lib/python3.12/site-packages/airflow/example_dags/example_complex.py
[2024-12-03T14:23:57.916+0000] {logging_mixin.py:190} INFO - [2024-12-03T14:23:57.915+0000] {dag.py:3239} INFO - Sync 1 DAGs
[2024-12-03T14:23:57.955+0000] {logging_mixin.py:190} INFO - [2024-12-03T14:23:57.954+0000] {dag.py:4180} INFO - Setting next_dagrun for example_complex to None, run_after=None
[2024-12-03T14:23:58.012+0000] {processor.py:208} INFO - Processing /home/airflow/.local/lib/python3.12/site-packages/airflow/example_dags/example_complex.py took 0.199 seconds
[2024-12-03T14:24:28.772+0000] {processor.py:186} INFO - Started process (PID=754) to work on /home/airflow/.local/lib/python3.12/site-packages/airflow/example_dags/example_complex.py
[2024-12-03T14:24:28.773+0000] {processor.py:914} INFO - Processing file /home/airflow/.local/lib/python3.12/site-packages/airflow/example_dags/example_complex.py for tasks to queue
[2024-12-03T14:24:28.774+0000] {logging_mixin.py:190} INFO - [2024-12-03T14:24:28.774+0000] {dagbag.py:588} INFO - Filling up the DagBag from /home/airflow/.local/lib/python3.12/site-packages/airflow/example_dags/example_complex.py
[2024-12-03T14:24:28.786+0000] {processor.py:925} INFO - DAG(s) 'example_complex' retrieved from /home/airflow/.local/lib/python3.12/site-packages/airflow/example_dags/example_complex.py
[2024-12-03T14:24:28.821+0000] {logging_mixin.py:190} INFO - [2024-12-03T14:24:28.821+0000] {dag.py:3239} INFO - Sync 1 DAGs
[2024-12-03T14:24:28.838+0000] {logging_mixin.py:190} INFO - [2024-12-03T14:24:28.838+0000] {dag.py:4180} INFO - Setting next_dagrun for example_complex to None, run_after=None
[2024-12-03T14:24:28.865+0000] {processor.py:208} INFO - Processing /home/airflow/.local/lib/python3.12/site-packages/airflow/example_dags/example_complex.py took 0.099 seconds
