[2024-12-03T13:57:16.079+0000] {processor.py:186} INFO - Started process (PID=101) to work on /home/airflow/.local/lib/python3.12/site-packages/airflow/example_dags/example_datasets.py
[2024-12-03T13:57:16.082+0000] {processor.py:914} INFO - Processing file /home/airflow/.local/lib/python3.12/site-packages/airflow/example_dags/example_datasets.py for tasks to queue
[2024-12-03T13:57:16.087+0000] {logging_mixin.py:190} INFO - [2024-12-03T13:57:16.087+0000] {dagbag.py:588} INFO - Filling up the DagBag from /home/airflow/.local/lib/python3.12/site-packages/airflow/example_dags/example_datasets.py
[2024-12-03T13:57:19.634+0000] {processor.py:925} INFO - DAG(s) 'consume_1_and_2_with_dataset_expressions', 'consume_1_or_2_with_dataset_expressions', 'dataset_consumes_1', 'conditional_dataset_and_time_based_timetable', 'consume_1_or_both_2_and_3_with_dataset_expressions', 'dataset_produces_1', 'dataset_consumes_1_never_scheduled', 'dataset_consumes_1_and_2', 'dataset_produces_2', 'dataset_consumes_unknown_never_scheduled' retrieved from /home/airflow/.local/lib/python3.12/site-packages/airflow/example_dags/example_datasets.py
[2024-12-03T13:57:19.807+0000] {logging_mixin.py:190} INFO - [2024-12-03T13:57:19.806+0000] {override.py:1911} INFO - Created Permission View: can delete on DAG:consume_1_and_2_with_dataset_expressions
[2024-12-03T13:57:19.826+0000] {logging_mixin.py:190} INFO - [2024-12-03T13:57:19.825+0000] {override.py:1911} INFO - Created Permission View: can read on DAG:consume_1_and_2_with_dataset_expressions
[2024-12-03T13:57:19.838+0000] {logging_mixin.py:190} INFO - [2024-12-03T13:57:19.838+0000] {override.py:1911} INFO - Created Permission View: can edit on DAG:consume_1_and_2_with_dataset_expressions
[2024-12-03T13:57:19.854+0000] {logging_mixin.py:190} INFO - [2024-12-03T13:57:19.853+0000] {override.py:1911} INFO - Created Permission View: can create on DAG Run:consume_1_and_2_with_dataset_expressions
[2024-12-03T13:57:19.869+0000] {logging_mixin.py:190} INFO - [2024-12-03T13:57:19.868+0000] {override.py:1911} INFO - Created Permission View: menu access on DAG Run:consume_1_and_2_with_dataset_expressions
[2024-12-03T13:57:19.885+0000] {logging_mixin.py:190} INFO - [2024-12-03T13:57:19.884+0000] {override.py:1911} INFO - Created Permission View: can delete on DAG Run:consume_1_and_2_with_dataset_expressions
[2024-12-03T13:57:19.898+0000] {logging_mixin.py:190} INFO - [2024-12-03T13:57:19.898+0000] {override.py:1911} INFO - Created Permission View: can read on DAG Run:consume_1_and_2_with_dataset_expressions
[2024-12-03T13:57:19.923+0000] {logging_mixin.py:190} INFO - [2024-12-03T13:57:19.923+0000] {override.py:1911} INFO - Created Permission View: can delete on DAG:consume_1_or_2_with_dataset_expressions
[2024-12-03T13:57:19.938+0000] {logging_mixin.py:190} INFO - [2024-12-03T13:57:19.937+0000] {override.py:1911} INFO - Created Permission View: can read on DAG:consume_1_or_2_with_dataset_expressions
[2024-12-03T13:57:19.955+0000] {logging_mixin.py:190} INFO - [2024-12-03T13:57:19.954+0000] {override.py:1911} INFO - Created Permission View: can edit on DAG:consume_1_or_2_with_dataset_expressions
[2024-12-03T13:57:19.972+0000] {logging_mixin.py:190} INFO - [2024-12-03T13:57:19.971+0000] {override.py:1911} INFO - Created Permission View: can create on DAG Run:consume_1_or_2_with_dataset_expressions
[2024-12-03T13:57:19.988+0000] {logging_mixin.py:190} INFO - [2024-12-03T13:57:19.987+0000] {override.py:1911} INFO - Created Permission View: menu access on DAG Run:consume_1_or_2_with_dataset_expressions
[2024-12-03T13:57:20.003+0000] {logging_mixin.py:190} INFO - [2024-12-03T13:57:20.002+0000] {override.py:1911} INFO - Created Permission View: can delete on DAG Run:consume_1_or_2_with_dataset_expressions
[2024-12-03T13:57:20.016+0000] {logging_mixin.py:190} INFO - [2024-12-03T13:57:20.016+0000] {override.py:1911} INFO - Created Permission View: can read on DAG Run:consume_1_or_2_with_dataset_expressions
[2024-12-03T13:57:20.041+0000] {logging_mixin.py:190} INFO - [2024-12-03T13:57:20.040+0000] {override.py:1911} INFO - Created Permission View: can delete on DAG:dataset_consumes_1
[2024-12-03T13:57:20.060+0000] {logging_mixin.py:190} INFO - [2024-12-03T13:57:20.059+0000] {override.py:1911} INFO - Created Permission View: can read on DAG:dataset_consumes_1
[2024-12-03T13:57:20.075+0000] {logging_mixin.py:190} INFO - [2024-12-03T13:57:20.074+0000] {override.py:1911} INFO - Created Permission View: can edit on DAG:dataset_consumes_1
[2024-12-03T13:57:20.091+0000] {logging_mixin.py:190} INFO - [2024-12-03T13:57:20.091+0000] {override.py:1911} INFO - Created Permission View: can create on DAG Run:dataset_consumes_1
[2024-12-03T13:57:20.104+0000] {logging_mixin.py:190} INFO - [2024-12-03T13:57:20.103+0000] {override.py:1911} INFO - Created Permission View: menu access on DAG Run:dataset_consumes_1
[2024-12-03T13:57:20.118+0000] {logging_mixin.py:190} INFO - [2024-12-03T13:57:20.118+0000] {override.py:1911} INFO - Created Permission View: can delete on DAG Run:dataset_consumes_1
[2024-12-03T13:57:20.131+0000] {logging_mixin.py:190} INFO - [2024-12-03T13:57:20.131+0000] {override.py:1911} INFO - Created Permission View: can read on DAG Run:dataset_consumes_1
[2024-12-03T13:57:20.155+0000] {logging_mixin.py:190} INFO - [2024-12-03T13:57:20.155+0000] {override.py:1911} INFO - Created Permission View: can delete on DAG:conditional_dataset_and_time_based_timetable
[2024-12-03T13:57:20.172+0000] {logging_mixin.py:190} INFO - [2024-12-03T13:57:20.172+0000] {override.py:1911} INFO - Created Permission View: can read on DAG:conditional_dataset_and_time_based_timetable
[2024-12-03T13:57:20.185+0000] {logging_mixin.py:190} INFO - [2024-12-03T13:57:20.185+0000] {override.py:1911} INFO - Created Permission View: can edit on DAG:conditional_dataset_and_time_based_timetable
[2024-12-03T13:57:20.200+0000] {logging_mixin.py:190} INFO - [2024-12-03T13:57:20.200+0000] {override.py:1911} INFO - Created Permission View: can create on DAG Run:conditional_dataset_and_time_based_timetable
[2024-12-03T13:57:20.213+0000] {logging_mixin.py:190} INFO - [2024-12-03T13:57:20.213+0000] {override.py:1911} INFO - Created Permission View: menu access on DAG Run:conditional_dataset_and_time_based_timetable
[2024-12-03T13:57:20.228+0000] {logging_mixin.py:190} INFO - [2024-12-03T13:57:20.228+0000] {override.py:1911} INFO - Created Permission View: can delete on DAG Run:conditional_dataset_and_time_based_timetable
[2024-12-03T13:57:20.241+0000] {logging_mixin.py:190} INFO - [2024-12-03T13:57:20.241+0000] {override.py:1911} INFO - Created Permission View: can read on DAG Run:conditional_dataset_and_time_based_timetable
[2024-12-03T13:57:20.274+0000] {logging_mixin.py:190} INFO - [2024-12-03T13:57:20.274+0000] {override.py:1911} INFO - Created Permission View: can delete on DAG:consume_1_or_both_2_and_3_with_dataset_expressions
[2024-12-03T13:57:20.287+0000] {logging_mixin.py:190} INFO - [2024-12-03T13:57:20.287+0000] {override.py:1911} INFO - Created Permission View: can read on DAG:consume_1_or_both_2_and_3_with_dataset_expressions
[2024-12-03T13:57:20.300+0000] {logging_mixin.py:190} INFO - [2024-12-03T13:57:20.299+0000] {override.py:1911} INFO - Created Permission View: can edit on DAG:consume_1_or_both_2_and_3_with_dataset_expressions
[2024-12-03T13:57:20.314+0000] {logging_mixin.py:190} INFO - [2024-12-03T13:57:20.314+0000] {override.py:1911} INFO - Created Permission View: can create on DAG Run:consume_1_or_both_2_and_3_with_dataset_expressions
[2024-12-03T13:57:20.327+0000] {logging_mixin.py:190} INFO - [2024-12-03T13:57:20.327+0000] {override.py:1911} INFO - Created Permission View: menu access on DAG Run:consume_1_or_both_2_and_3_with_dataset_expressions
[2024-12-03T13:57:20.339+0000] {logging_mixin.py:190} INFO - [2024-12-03T13:57:20.339+0000] {override.py:1911} INFO - Created Permission View: can delete on DAG Run:consume_1_or_both_2_and_3_with_dataset_expressions
[2024-12-03T13:57:20.352+0000] {logging_mixin.py:190} INFO - [2024-12-03T13:57:20.352+0000] {override.py:1911} INFO - Created Permission View: can read on DAG Run:consume_1_or_both_2_and_3_with_dataset_expressions
[2024-12-03T13:57:20.376+0000] {logging_mixin.py:190} INFO - [2024-12-03T13:57:20.376+0000] {override.py:1911} INFO - Created Permission View: can delete on DAG:dataset_produces_1
[2024-12-03T13:57:20.391+0000] {logging_mixin.py:190} INFO - [2024-12-03T13:57:20.390+0000] {override.py:1911} INFO - Created Permission View: can read on DAG:dataset_produces_1
[2024-12-03T13:57:20.403+0000] {logging_mixin.py:190} INFO - [2024-12-03T13:57:20.403+0000] {override.py:1911} INFO - Created Permission View: can edit on DAG:dataset_produces_1
[2024-12-03T13:57:20.419+0000] {logging_mixin.py:190} INFO - [2024-12-03T13:57:20.418+0000] {override.py:1911} INFO - Created Permission View: can create on DAG Run:dataset_produces_1
[2024-12-03T13:57:20.433+0000] {logging_mixin.py:190} INFO - [2024-12-03T13:57:20.433+0000] {override.py:1911} INFO - Created Permission View: menu access on DAG Run:dataset_produces_1
[2024-12-03T13:57:20.447+0000] {logging_mixin.py:190} INFO - [2024-12-03T13:57:20.446+0000] {override.py:1911} INFO - Created Permission View: can delete on DAG Run:dataset_produces_1
[2024-12-03T13:57:20.461+0000] {logging_mixin.py:190} INFO - [2024-12-03T13:57:20.461+0000] {override.py:1911} INFO - Created Permission View: can read on DAG Run:dataset_produces_1
[2024-12-03T13:57:20.489+0000] {logging_mixin.py:190} INFO - [2024-12-03T13:57:20.489+0000] {override.py:1911} INFO - Created Permission View: can delete on DAG:dataset_consumes_1_never_scheduled
[2024-12-03T13:57:20.502+0000] {logging_mixin.py:190} INFO - [2024-12-03T13:57:20.502+0000] {override.py:1911} INFO - Created Permission View: can read on DAG:dataset_consumes_1_never_scheduled
[2024-12-03T13:57:20.516+0000] {logging_mixin.py:190} INFO - [2024-12-03T13:57:20.516+0000] {override.py:1911} INFO - Created Permission View: can edit on DAG:dataset_consumes_1_never_scheduled
[2024-12-03T13:57:20.532+0000] {logging_mixin.py:190} INFO - [2024-12-03T13:57:20.531+0000] {override.py:1911} INFO - Created Permission View: can create on DAG Run:dataset_consumes_1_never_scheduled
[2024-12-03T13:57:20.546+0000] {logging_mixin.py:190} INFO - [2024-12-03T13:57:20.545+0000] {override.py:1911} INFO - Created Permission View: menu access on DAG Run:dataset_consumes_1_never_scheduled
[2024-12-03T13:57:20.561+0000] {logging_mixin.py:190} INFO - [2024-12-03T13:57:20.561+0000] {override.py:1911} INFO - Created Permission View: can delete on DAG Run:dataset_consumes_1_never_scheduled
[2024-12-03T13:57:20.574+0000] {logging_mixin.py:190} INFO - [2024-12-03T13:57:20.573+0000] {override.py:1911} INFO - Created Permission View: can read on DAG Run:dataset_consumes_1_never_scheduled
[2024-12-03T13:57:20.594+0000] {logging_mixin.py:190} INFO - [2024-12-03T13:57:20.594+0000] {override.py:1911} INFO - Created Permission View: can delete on DAG:dataset_consumes_1_and_2
[2024-12-03T13:57:20.607+0000] {logging_mixin.py:190} INFO - [2024-12-03T13:57:20.607+0000] {override.py:1911} INFO - Created Permission View: can read on DAG:dataset_consumes_1_and_2
[2024-12-03T13:57:20.621+0000] {logging_mixin.py:190} INFO - [2024-12-03T13:57:20.620+0000] {override.py:1911} INFO - Created Permission View: can edit on DAG:dataset_consumes_1_and_2
[2024-12-03T13:57:20.637+0000] {logging_mixin.py:190} INFO - [2024-12-03T13:57:20.636+0000] {override.py:1911} INFO - Created Permission View: can create on DAG Run:dataset_consumes_1_and_2
[2024-12-03T13:57:20.654+0000] {logging_mixin.py:190} INFO - [2024-12-03T13:57:20.654+0000] {override.py:1911} INFO - Created Permission View: menu access on DAG Run:dataset_consumes_1_and_2
[2024-12-03T13:57:20.669+0000] {logging_mixin.py:190} INFO - [2024-12-03T13:57:20.668+0000] {override.py:1911} INFO - Created Permission View: can delete on DAG Run:dataset_consumes_1_and_2
[2024-12-03T13:57:20.683+0000] {logging_mixin.py:190} INFO - [2024-12-03T13:57:20.682+0000] {override.py:1911} INFO - Created Permission View: can read on DAG Run:dataset_consumes_1_and_2
[2024-12-03T13:57:20.704+0000] {logging_mixin.py:190} INFO - [2024-12-03T13:57:20.703+0000] {override.py:1911} INFO - Created Permission View: can delete on DAG:dataset_produces_2
[2024-12-03T13:57:20.718+0000] {logging_mixin.py:190} INFO - [2024-12-03T13:57:20.718+0000] {override.py:1911} INFO - Created Permission View: can read on DAG:dataset_produces_2
[2024-12-03T13:57:20.731+0000] {logging_mixin.py:190} INFO - [2024-12-03T13:57:20.730+0000] {override.py:1911} INFO - Created Permission View: can edit on DAG:dataset_produces_2
[2024-12-03T13:57:20.748+0000] {logging_mixin.py:190} INFO - [2024-12-03T13:57:20.747+0000] {override.py:1911} INFO - Created Permission View: can create on DAG Run:dataset_produces_2
[2024-12-03T13:57:20.761+0000] {logging_mixin.py:190} INFO - [2024-12-03T13:57:20.761+0000] {override.py:1911} INFO - Created Permission View: menu access on DAG Run:dataset_produces_2
[2024-12-03T13:57:20.777+0000] {logging_mixin.py:190} INFO - [2024-12-03T13:57:20.776+0000] {override.py:1911} INFO - Created Permission View: can delete on DAG Run:dataset_produces_2
[2024-12-03T13:57:20.790+0000] {logging_mixin.py:190} INFO - [2024-12-03T13:57:20.790+0000] {override.py:1911} INFO - Created Permission View: can read on DAG Run:dataset_produces_2
[2024-12-03T13:57:20.815+0000] {logging_mixin.py:190} INFO - [2024-12-03T13:57:20.815+0000] {override.py:1911} INFO - Created Permission View: can delete on DAG:dataset_consumes_unknown_never_scheduled
[2024-12-03T13:57:20.831+0000] {logging_mixin.py:190} INFO - [2024-12-03T13:57:20.830+0000] {override.py:1911} INFO - Created Permission View: can read on DAG:dataset_consumes_unknown_never_scheduled
[2024-12-03T13:57:20.845+0000] {logging_mixin.py:190} INFO - [2024-12-03T13:57:20.845+0000] {override.py:1911} INFO - Created Permission View: can edit on DAG:dataset_consumes_unknown_never_scheduled
[2024-12-03T13:57:20.863+0000] {logging_mixin.py:190} INFO - [2024-12-03T13:57:20.863+0000] {override.py:1911} INFO - Created Permission View: can create on DAG Run:dataset_consumes_unknown_never_scheduled
[2024-12-03T13:57:20.879+0000] {logging_mixin.py:190} INFO - [2024-12-03T13:57:20.878+0000] {override.py:1911} INFO - Created Permission View: menu access on DAG Run:dataset_consumes_unknown_never_scheduled
[2024-12-03T13:57:20.894+0000] {logging_mixin.py:190} INFO - [2024-12-03T13:57:20.893+0000] {override.py:1911} INFO - Created Permission View: can delete on DAG Run:dataset_consumes_unknown_never_scheduled
[2024-12-03T13:57:20.908+0000] {logging_mixin.py:190} INFO - [2024-12-03T13:57:20.908+0000] {override.py:1911} INFO - Created Permission View: can read on DAG Run:dataset_consumes_unknown_never_scheduled
[2024-12-03T13:57:20.911+0000] {logging_mixin.py:190} INFO - [2024-12-03T13:57:20.911+0000] {dag.py:3239} INFO - Sync 10 DAGs
[2024-12-03T13:57:20.935+0000] {logging_mixin.py:190} INFO - [2024-12-03T13:57:20.934+0000] {dag.py:3262} INFO - Creating ORM DAG for consume_1_or_both_2_and_3_with_dataset_expressions
[2024-12-03T13:57:20.938+0000] {logging_mixin.py:190} INFO - [2024-12-03T13:57:20.937+0000] {dag.py:3262} INFO - Creating ORM DAG for consume_1_or_2_with_dataset_expressions
[2024-12-03T13:57:20.940+0000] {logging_mixin.py:190} INFO - [2024-12-03T13:57:20.939+0000] {dag.py:3262} INFO - Creating ORM DAG for dataset_consumes_unknown_never_scheduled
[2024-12-03T13:57:20.942+0000] {logging_mixin.py:190} INFO - [2024-12-03T13:57:20.941+0000] {dag.py:3262} INFO - Creating ORM DAG for dataset_consumes_1_and_2
[2024-12-03T13:57:20.944+0000] {logging_mixin.py:190} INFO - [2024-12-03T13:57:20.944+0000] {dag.py:3262} INFO - Creating ORM DAG for dataset_produces_1
[2024-12-03T13:57:20.946+0000] {logging_mixin.py:190} INFO - [2024-12-03T13:57:20.946+0000] {dag.py:3262} INFO - Creating ORM DAG for conditional_dataset_and_time_based_timetable
[2024-12-03T13:57:20.948+0000] {logging_mixin.py:190} INFO - [2024-12-03T13:57:20.948+0000] {dag.py:3262} INFO - Creating ORM DAG for dataset_produces_2
[2024-12-03T13:57:20.951+0000] {logging_mixin.py:190} INFO - [2024-12-03T13:57:20.950+0000] {dag.py:3262} INFO - Creating ORM DAG for dataset_consumes_1
[2024-12-03T13:57:20.954+0000] {logging_mixin.py:190} INFO - [2024-12-03T13:57:20.953+0000] {dag.py:3262} INFO - Creating ORM DAG for consume_1_and_2_with_dataset_expressions
[2024-12-03T13:57:20.957+0000] {logging_mixin.py:190} INFO - [2024-12-03T13:57:20.957+0000] {dag.py:3262} INFO - Creating ORM DAG for dataset_consumes_1_never_scheduled
[2024-12-03T13:57:20.979+0000] {logging_mixin.py:190} INFO - [2024-12-03T13:57:20.979+0000] {dag.py:4180} INFO - Setting next_dagrun for conditional_dataset_and_time_based_timetable to 2024-11-27 01:00:00+00:00, run_after=2024-11-27 01:00:00+00:00
[2024-12-03T13:57:20.982+0000] {logging_mixin.py:190} INFO - [2024-12-03T13:57:20.982+0000] {dag.py:4180} INFO - Setting next_dagrun for consume_1_and_2_with_dataset_expressions to None, run_after=None
[2024-12-03T13:57:20.984+0000] {logging_mixin.py:190} INFO - [2024-12-03T13:57:20.984+0000] {dag.py:4180} INFO - Setting next_dagrun for consume_1_or_2_with_dataset_expressions to None, run_after=None
[2024-12-03T13:57:20.986+0000] {logging_mixin.py:190} INFO - [2024-12-03T13:57:20.986+0000] {dag.py:4180} INFO - Setting next_dagrun for consume_1_or_both_2_and_3_with_dataset_expressions to None, run_after=None
[2024-12-03T13:57:20.988+0000] {logging_mixin.py:190} INFO - [2024-12-03T13:57:20.988+0000] {dag.py:4180} INFO - Setting next_dagrun for dataset_consumes_1 to None, run_after=None
[2024-12-03T13:57:20.990+0000] {logging_mixin.py:190} INFO - [2024-12-03T13:57:20.990+0000] {dag.py:4180} INFO - Setting next_dagrun for dataset_consumes_1_and_2 to None, run_after=None
[2024-12-03T13:57:20.992+0000] {logging_mixin.py:190} INFO - [2024-12-03T13:57:20.992+0000] {dag.py:4180} INFO - Setting next_dagrun for dataset_consumes_1_never_scheduled to None, run_after=None
[2024-12-03T13:57:20.995+0000] {logging_mixin.py:190} INFO - [2024-12-03T13:57:20.995+0000] {dag.py:4180} INFO - Setting next_dagrun for dataset_consumes_unknown_never_scheduled to None, run_after=None
[2024-12-03T13:57:20.998+0000] {logging_mixin.py:190} INFO - [2024-12-03T13:57:20.998+0000] {dag.py:4180} INFO - Setting next_dagrun for dataset_produces_1 to 2024-12-02 00:00:00+00:00, run_after=2024-12-03 00:00:00+00:00
[2024-12-03T13:57:21.001+0000] {logging_mixin.py:190} INFO - [2024-12-03T13:57:21.000+0000] {dag.py:4180} INFO - Setting next_dagrun for dataset_produces_2 to None, run_after=None
[2024-12-03T13:57:21.109+0000] {processor.py:208} INFO - Processing /home/airflow/.local/lib/python3.12/site-packages/airflow/example_dags/example_datasets.py took 5.036 seconds
[2024-12-03T14:19:28.962+0000] {processor.py:186} INFO - Started process (PID=128) to work on /home/airflow/.local/lib/python3.12/site-packages/airflow/example_dags/example_datasets.py
[2024-12-03T14:19:28.964+0000] {processor.py:914} INFO - Processing file /home/airflow/.local/lib/python3.12/site-packages/airflow/example_dags/example_datasets.py for tasks to queue
[2024-12-03T14:19:28.966+0000] {logging_mixin.py:190} INFO - [2024-12-03T14:19:28.966+0000] {dagbag.py:588} INFO - Filling up the DagBag from /home/airflow/.local/lib/python3.12/site-packages/airflow/example_dags/example_datasets.py
[2024-12-03T14:19:30.066+0000] {processor.py:925} INFO - DAG(s) 'dataset_produces_1', 'consume_1_and_2_with_dataset_expressions', 'consume_1_or_2_with_dataset_expressions', 'dataset_consumes_1_never_scheduled', 'consume_1_or_both_2_and_3_with_dataset_expressions', 'dataset_consumes_unknown_never_scheduled', 'dataset_consumes_1', 'dataset_produces_2', 'conditional_dataset_and_time_based_timetable', 'dataset_consumes_1_and_2' retrieved from /home/airflow/.local/lib/python3.12/site-packages/airflow/example_dags/example_datasets.py
[2024-12-03T14:19:30.340+0000] {logging_mixin.py:190} INFO - [2024-12-03T14:19:30.337+0000] {override.py:1911} INFO - Created Permission View: can read on DAG:dataset_produces_1
[2024-12-03T14:19:30.372+0000] {logging_mixin.py:190} INFO - [2024-12-03T14:19:30.371+0000] {override.py:1911} INFO - Created Permission View: can edit on DAG:dataset_produces_1
[2024-12-03T14:19:30.390+0000] {logging_mixin.py:190} INFO - [2024-12-03T14:19:30.390+0000] {override.py:1911} INFO - Created Permission View: can delete on DAG:dataset_produces_1
[2024-12-03T14:19:30.418+0000] {logging_mixin.py:190} INFO - [2024-12-03T14:19:30.417+0000] {override.py:1911} INFO - Created Permission View: can read on DAG Run:dataset_produces_1
[2024-12-03T14:19:30.434+0000] {logging_mixin.py:190} INFO - [2024-12-03T14:19:30.433+0000] {override.py:1911} INFO - Created Permission View: menu access on DAG Run:dataset_produces_1
[2024-12-03T14:19:30.449+0000] {logging_mixin.py:190} INFO - [2024-12-03T14:19:30.449+0000] {override.py:1911} INFO - Created Permission View: can delete on DAG Run:dataset_produces_1
[2024-12-03T14:19:30.464+0000] {logging_mixin.py:190} INFO - [2024-12-03T14:19:30.463+0000] {override.py:1911} INFO - Created Permission View: can create on DAG Run:dataset_produces_1
[2024-12-03T14:19:30.493+0000] {logging_mixin.py:190} INFO - [2024-12-03T14:19:30.493+0000] {override.py:1911} INFO - Created Permission View: can read on DAG:consume_1_and_2_with_dataset_expressions
[2024-12-03T14:19:30.511+0000] {logging_mixin.py:190} INFO - [2024-12-03T14:19:30.511+0000] {override.py:1911} INFO - Created Permission View: can edit on DAG:consume_1_and_2_with_dataset_expressions
[2024-12-03T14:19:30.526+0000] {logging_mixin.py:190} INFO - [2024-12-03T14:19:30.525+0000] {override.py:1911} INFO - Created Permission View: can delete on DAG:consume_1_and_2_with_dataset_expressions
[2024-12-03T14:19:30.541+0000] {logging_mixin.py:190} INFO - [2024-12-03T14:19:30.541+0000] {override.py:1911} INFO - Created Permission View: can read on DAG Run:consume_1_and_2_with_dataset_expressions
[2024-12-03T14:19:30.555+0000] {logging_mixin.py:190} INFO - [2024-12-03T14:19:30.555+0000] {override.py:1911} INFO - Created Permission View: menu access on DAG Run:consume_1_and_2_with_dataset_expressions
[2024-12-03T14:19:30.568+0000] {logging_mixin.py:190} INFO - [2024-12-03T14:19:30.568+0000] {override.py:1911} INFO - Created Permission View: can delete on DAG Run:consume_1_and_2_with_dataset_expressions
[2024-12-03T14:19:30.582+0000] {logging_mixin.py:190} INFO - [2024-12-03T14:19:30.581+0000] {override.py:1911} INFO - Created Permission View: can create on DAG Run:consume_1_and_2_with_dataset_expressions
[2024-12-03T14:19:30.608+0000] {logging_mixin.py:190} INFO - [2024-12-03T14:19:30.607+0000] {override.py:1911} INFO - Created Permission View: can read on DAG:consume_1_or_2_with_dataset_expressions
[2024-12-03T14:19:30.622+0000] {logging_mixin.py:190} INFO - [2024-12-03T14:19:30.622+0000] {override.py:1911} INFO - Created Permission View: can edit on DAG:consume_1_or_2_with_dataset_expressions
[2024-12-03T14:19:30.636+0000] {logging_mixin.py:190} INFO - [2024-12-03T14:19:30.635+0000] {override.py:1911} INFO - Created Permission View: can delete on DAG:consume_1_or_2_with_dataset_expressions
[2024-12-03T14:19:30.650+0000] {logging_mixin.py:190} INFO - [2024-12-03T14:19:30.650+0000] {override.py:1911} INFO - Created Permission View: can read on DAG Run:consume_1_or_2_with_dataset_expressions
[2024-12-03T14:19:30.666+0000] {logging_mixin.py:190} INFO - [2024-12-03T14:19:30.665+0000] {override.py:1911} INFO - Created Permission View: menu access on DAG Run:consume_1_or_2_with_dataset_expressions
[2024-12-03T14:19:30.680+0000] {logging_mixin.py:190} INFO - [2024-12-03T14:19:30.679+0000] {override.py:1911} INFO - Created Permission View: can delete on DAG Run:consume_1_or_2_with_dataset_expressions
[2024-12-03T14:19:30.697+0000] {logging_mixin.py:190} INFO - [2024-12-03T14:19:30.697+0000] {override.py:1911} INFO - Created Permission View: can create on DAG Run:consume_1_or_2_with_dataset_expressions
[2024-12-03T14:19:30.723+0000] {logging_mixin.py:190} INFO - [2024-12-03T14:19:30.722+0000] {override.py:1911} INFO - Created Permission View: can read on DAG:dataset_consumes_1_never_scheduled
[2024-12-03T14:19:30.739+0000] {logging_mixin.py:190} INFO - [2024-12-03T14:19:30.738+0000] {override.py:1911} INFO - Created Permission View: can edit on DAG:dataset_consumes_1_never_scheduled
[2024-12-03T14:19:30.754+0000] {logging_mixin.py:190} INFO - [2024-12-03T14:19:30.754+0000] {override.py:1911} INFO - Created Permission View: can delete on DAG:dataset_consumes_1_never_scheduled
[2024-12-03T14:19:30.843+0000] {logging_mixin.py:190} INFO - [2024-12-03T14:19:30.842+0000] {override.py:1911} INFO - Created Permission View: can read on DAG Run:dataset_consumes_1_never_scheduled
[2024-12-03T14:19:30.861+0000] {logging_mixin.py:190} INFO - [2024-12-03T14:19:30.861+0000] {override.py:1911} INFO - Created Permission View: menu access on DAG Run:dataset_consumes_1_never_scheduled
[2024-12-03T14:19:30.881+0000] {logging_mixin.py:190} INFO - [2024-12-03T14:19:30.881+0000] {override.py:1911} INFO - Created Permission View: can delete on DAG Run:dataset_consumes_1_never_scheduled
[2024-12-03T14:19:30.910+0000] {logging_mixin.py:190} INFO - [2024-12-03T14:19:30.908+0000] {override.py:1911} INFO - Created Permission View: can create on DAG Run:dataset_consumes_1_never_scheduled
[2024-12-03T14:19:30.942+0000] {logging_mixin.py:190} INFO - [2024-12-03T14:19:30.941+0000] {override.py:1911} INFO - Created Permission View: can read on DAG:consume_1_or_both_2_and_3_with_dataset_expressions
[2024-12-03T14:19:30.959+0000] {logging_mixin.py:190} INFO - [2024-12-03T14:19:30.959+0000] {override.py:1911} INFO - Created Permission View: can edit on DAG:consume_1_or_both_2_and_3_with_dataset_expressions
[2024-12-03T14:19:30.975+0000] {logging_mixin.py:190} INFO - [2024-12-03T14:19:30.975+0000] {override.py:1911} INFO - Created Permission View: can delete on DAG:consume_1_or_both_2_and_3_with_dataset_expressions
[2024-12-03T14:19:30.994+0000] {logging_mixin.py:190} INFO - [2024-12-03T14:19:30.994+0000] {override.py:1911} INFO - Created Permission View: can read on DAG Run:consume_1_or_both_2_and_3_with_dataset_expressions
[2024-12-03T14:19:31.010+0000] {logging_mixin.py:190} INFO - [2024-12-03T14:19:31.009+0000] {override.py:1911} INFO - Created Permission View: menu access on DAG Run:consume_1_or_both_2_and_3_with_dataset_expressions
[2024-12-03T14:19:31.023+0000] {logging_mixin.py:190} INFO - [2024-12-03T14:19:31.023+0000] {override.py:1911} INFO - Created Permission View: can delete on DAG Run:consume_1_or_both_2_and_3_with_dataset_expressions
[2024-12-03T14:19:31.041+0000] {logging_mixin.py:190} INFO - [2024-12-03T14:19:31.040+0000] {override.py:1911} INFO - Created Permission View: can create on DAG Run:consume_1_or_both_2_and_3_with_dataset_expressions
[2024-12-03T14:19:31.073+0000] {logging_mixin.py:190} INFO - [2024-12-03T14:19:31.073+0000] {override.py:1911} INFO - Created Permission View: can read on DAG:dataset_consumes_unknown_never_scheduled
[2024-12-03T14:19:31.091+0000] {logging_mixin.py:190} INFO - [2024-12-03T14:19:31.090+0000] {override.py:1911} INFO - Created Permission View: can edit on DAG:dataset_consumes_unknown_never_scheduled
[2024-12-03T14:19:31.106+0000] {logging_mixin.py:190} INFO - [2024-12-03T14:19:31.105+0000] {override.py:1911} INFO - Created Permission View: can delete on DAG:dataset_consumes_unknown_never_scheduled
[2024-12-03T14:19:31.121+0000] {logging_mixin.py:190} INFO - [2024-12-03T14:19:31.120+0000] {override.py:1911} INFO - Created Permission View: can read on DAG Run:dataset_consumes_unknown_never_scheduled
[2024-12-03T14:19:31.135+0000] {logging_mixin.py:190} INFO - [2024-12-03T14:19:31.134+0000] {override.py:1911} INFO - Created Permission View: menu access on DAG Run:dataset_consumes_unknown_never_scheduled
[2024-12-03T14:19:31.148+0000] {logging_mixin.py:190} INFO - [2024-12-03T14:19:31.148+0000] {override.py:1911} INFO - Created Permission View: can delete on DAG Run:dataset_consumes_unknown_never_scheduled
[2024-12-03T14:19:31.165+0000] {logging_mixin.py:190} INFO - [2024-12-03T14:19:31.165+0000] {override.py:1911} INFO - Created Permission View: can create on DAG Run:dataset_consumes_unknown_never_scheduled
[2024-12-03T14:19:31.193+0000] {logging_mixin.py:190} INFO - [2024-12-03T14:19:31.192+0000] {override.py:1911} INFO - Created Permission View: can read on DAG:dataset_consumes_1
[2024-12-03T14:19:31.206+0000] {logging_mixin.py:190} INFO - [2024-12-03T14:19:31.206+0000] {override.py:1911} INFO - Created Permission View: can edit on DAG:dataset_consumes_1
[2024-12-03T14:19:31.220+0000] {logging_mixin.py:190} INFO - [2024-12-03T14:19:31.220+0000] {override.py:1911} INFO - Created Permission View: can delete on DAG:dataset_consumes_1
[2024-12-03T14:19:31.235+0000] {logging_mixin.py:190} INFO - [2024-12-03T14:19:31.235+0000] {override.py:1911} INFO - Created Permission View: can read on DAG Run:dataset_consumes_1
[2024-12-03T14:19:31.249+0000] {logging_mixin.py:190} INFO - [2024-12-03T14:19:31.249+0000] {override.py:1911} INFO - Created Permission View: menu access on DAG Run:dataset_consumes_1
[2024-12-03T14:19:31.263+0000] {logging_mixin.py:190} INFO - [2024-12-03T14:19:31.262+0000] {override.py:1911} INFO - Created Permission View: can delete on DAG Run:dataset_consumes_1
[2024-12-03T14:19:31.276+0000] {logging_mixin.py:190} INFO - [2024-12-03T14:19:31.275+0000] {override.py:1911} INFO - Created Permission View: can create on DAG Run:dataset_consumes_1
[2024-12-03T14:19:31.300+0000] {logging_mixin.py:190} INFO - [2024-12-03T14:19:31.299+0000] {override.py:1911} INFO - Created Permission View: can read on DAG:dataset_produces_2
[2024-12-03T14:19:31.314+0000] {logging_mixin.py:190} INFO - [2024-12-03T14:19:31.313+0000] {override.py:1911} INFO - Created Permission View: can edit on DAG:dataset_produces_2
[2024-12-03T14:19:31.327+0000] {logging_mixin.py:190} INFO - [2024-12-03T14:19:31.327+0000] {override.py:1911} INFO - Created Permission View: can delete on DAG:dataset_produces_2
[2024-12-03T14:19:31.346+0000] {logging_mixin.py:190} INFO - [2024-12-03T14:19:31.345+0000] {override.py:1911} INFO - Created Permission View: can read on DAG Run:dataset_produces_2
[2024-12-03T14:19:31.364+0000] {logging_mixin.py:190} INFO - [2024-12-03T14:19:31.363+0000] {override.py:1911} INFO - Created Permission View: menu access on DAG Run:dataset_produces_2
[2024-12-03T14:19:31.380+0000] {logging_mixin.py:190} INFO - [2024-12-03T14:19:31.379+0000] {override.py:1911} INFO - Created Permission View: can delete on DAG Run:dataset_produces_2
[2024-12-03T14:19:31.395+0000] {logging_mixin.py:190} INFO - [2024-12-03T14:19:31.394+0000] {override.py:1911} INFO - Created Permission View: can create on DAG Run:dataset_produces_2
[2024-12-03T14:19:31.422+0000] {logging_mixin.py:190} INFO - [2024-12-03T14:19:31.422+0000] {override.py:1911} INFO - Created Permission View: can read on DAG:conditional_dataset_and_time_based_timetable
[2024-12-03T14:19:31.480+0000] {logging_mixin.py:190} INFO - [2024-12-03T14:19:31.479+0000] {override.py:1911} INFO - Created Permission View: can edit on DAG:conditional_dataset_and_time_based_timetable
[2024-12-03T14:19:31.498+0000] {logging_mixin.py:190} INFO - [2024-12-03T14:19:31.497+0000] {override.py:1911} INFO - Created Permission View: can delete on DAG:conditional_dataset_and_time_based_timetable
[2024-12-03T14:19:31.512+0000] {logging_mixin.py:190} INFO - [2024-12-03T14:19:31.512+0000] {override.py:1911} INFO - Created Permission View: can read on DAG Run:conditional_dataset_and_time_based_timetable
[2024-12-03T14:19:31.526+0000] {logging_mixin.py:190} INFO - [2024-12-03T14:19:31.526+0000] {override.py:1911} INFO - Created Permission View: menu access on DAG Run:conditional_dataset_and_time_based_timetable
[2024-12-03T14:19:31.542+0000] {logging_mixin.py:190} INFO - [2024-12-03T14:19:31.542+0000] {override.py:1911} INFO - Created Permission View: can delete on DAG Run:conditional_dataset_and_time_based_timetable
[2024-12-03T14:19:31.556+0000] {logging_mixin.py:190} INFO - [2024-12-03T14:19:31.556+0000] {override.py:1911} INFO - Created Permission View: can create on DAG Run:conditional_dataset_and_time_based_timetable
[2024-12-03T14:19:31.581+0000] {logging_mixin.py:190} INFO - [2024-12-03T14:19:31.581+0000] {override.py:1911} INFO - Created Permission View: can read on DAG:dataset_consumes_1_and_2
[2024-12-03T14:19:31.596+0000] {logging_mixin.py:190} INFO - [2024-12-03T14:19:31.596+0000] {override.py:1911} INFO - Created Permission View: can edit on DAG:dataset_consumes_1_and_2
[2024-12-03T14:19:31.610+0000] {logging_mixin.py:190} INFO - [2024-12-03T14:19:31.610+0000] {override.py:1911} INFO - Created Permission View: can delete on DAG:dataset_consumes_1_and_2
[2024-12-03T14:19:31.626+0000] {logging_mixin.py:190} INFO - [2024-12-03T14:19:31.625+0000] {override.py:1911} INFO - Created Permission View: can read on DAG Run:dataset_consumes_1_and_2
[2024-12-03T14:19:31.640+0000] {logging_mixin.py:190} INFO - [2024-12-03T14:19:31.639+0000] {override.py:1911} INFO - Created Permission View: menu access on DAG Run:dataset_consumes_1_and_2
[2024-12-03T14:19:31.654+0000] {logging_mixin.py:190} INFO - [2024-12-03T14:19:31.654+0000] {override.py:1911} INFO - Created Permission View: can delete on DAG Run:dataset_consumes_1_and_2
[2024-12-03T14:19:31.669+0000] {logging_mixin.py:190} INFO - [2024-12-03T14:19:31.668+0000] {override.py:1911} INFO - Created Permission View: can create on DAG Run:dataset_consumes_1_and_2
[2024-12-03T14:19:31.670+0000] {logging_mixin.py:190} INFO - [2024-12-03T14:19:31.670+0000] {dag.py:3239} INFO - Sync 10 DAGs
[2024-12-03T14:19:31.689+0000] {logging_mixin.py:190} INFO - [2024-12-03T14:19:31.688+0000] {dag.py:3262} INFO - Creating ORM DAG for consume_1_and_2_with_dataset_expressions
[2024-12-03T14:19:31.691+0000] {logging_mixin.py:190} INFO - [2024-12-03T14:19:31.691+0000] {dag.py:3262} INFO - Creating ORM DAG for dataset_consumes_1_never_scheduled
[2024-12-03T14:19:31.693+0000] {logging_mixin.py:190} INFO - [2024-12-03T14:19:31.693+0000] {dag.py:3262} INFO - Creating ORM DAG for consume_1_or_both_2_and_3_with_dataset_expressions
[2024-12-03T14:19:31.695+0000] {logging_mixin.py:190} INFO - [2024-12-03T14:19:31.694+0000] {dag.py:3262} INFO - Creating ORM DAG for dataset_consumes_1
[2024-12-03T14:19:31.696+0000] {logging_mixin.py:190} INFO - [2024-12-03T14:19:31.696+0000] {dag.py:3262} INFO - Creating ORM DAG for consume_1_or_2_with_dataset_expressions
[2024-12-03T14:19:31.698+0000] {logging_mixin.py:190} INFO - [2024-12-03T14:19:31.697+0000] {dag.py:3262} INFO - Creating ORM DAG for dataset_produces_2
[2024-12-03T14:19:31.699+0000] {logging_mixin.py:190} INFO - [2024-12-03T14:19:31.699+0000] {dag.py:3262} INFO - Creating ORM DAG for dataset_consumes_unknown_never_scheduled
[2024-12-03T14:19:31.701+0000] {logging_mixin.py:190} INFO - [2024-12-03T14:19:31.701+0000] {dag.py:3262} INFO - Creating ORM DAG for conditional_dataset_and_time_based_timetable
[2024-12-03T14:19:31.703+0000] {logging_mixin.py:190} INFO - [2024-12-03T14:19:31.702+0000] {dag.py:3262} INFO - Creating ORM DAG for dataset_produces_1
[2024-12-03T14:19:31.705+0000] {logging_mixin.py:190} INFO - [2024-12-03T14:19:31.704+0000] {dag.py:3262} INFO - Creating ORM DAG for dataset_consumes_1_and_2
[2024-12-03T14:19:31.725+0000] {logging_mixin.py:190} INFO - [2024-12-03T14:19:31.725+0000] {dag.py:4180} INFO - Setting next_dagrun for conditional_dataset_and_time_based_timetable to 2024-11-27 01:00:00+00:00, run_after=2024-11-27 01:00:00+00:00
[2024-12-03T14:19:31.727+0000] {logging_mixin.py:190} INFO - [2024-12-03T14:19:31.727+0000] {dag.py:4180} INFO - Setting next_dagrun for consume_1_and_2_with_dataset_expressions to None, run_after=None
[2024-12-03T14:19:31.728+0000] {logging_mixin.py:190} INFO - [2024-12-03T14:19:31.728+0000] {dag.py:4180} INFO - Setting next_dagrun for consume_1_or_2_with_dataset_expressions to None, run_after=None
[2024-12-03T14:19:31.730+0000] {logging_mixin.py:190} INFO - [2024-12-03T14:19:31.729+0000] {dag.py:4180} INFO - Setting next_dagrun for consume_1_or_both_2_and_3_with_dataset_expressions to None, run_after=None
[2024-12-03T14:19:31.731+0000] {logging_mixin.py:190} INFO - [2024-12-03T14:19:31.731+0000] {dag.py:4180} INFO - Setting next_dagrun for dataset_consumes_1 to None, run_after=None
[2024-12-03T14:19:31.733+0000] {logging_mixin.py:190} INFO - [2024-12-03T14:19:31.733+0000] {dag.py:4180} INFO - Setting next_dagrun for dataset_consumes_1_and_2 to None, run_after=None
[2024-12-03T14:19:31.736+0000] {logging_mixin.py:190} INFO - [2024-12-03T14:19:31.736+0000] {dag.py:4180} INFO - Setting next_dagrun for dataset_consumes_1_never_scheduled to None, run_after=None
[2024-12-03T14:19:31.738+0000] {logging_mixin.py:190} INFO - [2024-12-03T14:19:31.738+0000] {dag.py:4180} INFO - Setting next_dagrun for dataset_consumes_unknown_never_scheduled to None, run_after=None
[2024-12-03T14:19:31.742+0000] {logging_mixin.py:190} INFO - [2024-12-03T14:19:31.742+0000] {dag.py:4180} INFO - Setting next_dagrun for dataset_produces_1 to 2024-12-02 00:00:00+00:00, run_after=2024-12-03 00:00:00+00:00
[2024-12-03T14:19:31.744+0000] {logging_mixin.py:190} INFO - [2024-12-03T14:19:31.744+0000] {dag.py:4180} INFO - Setting next_dagrun for dataset_produces_2 to None, run_after=None
[2024-12-03T14:19:31.855+0000] {processor.py:208} INFO - Processing /home/airflow/.local/lib/python3.12/site-packages/airflow/example_dags/example_datasets.py took 2.900 seconds
[2024-12-03T14:20:02.507+0000] {processor.py:186} INFO - Started process (PID=193) to work on /home/airflow/.local/lib/python3.12/site-packages/airflow/example_dags/example_datasets.py
[2024-12-03T14:20:02.509+0000] {processor.py:914} INFO - Processing file /home/airflow/.local/lib/python3.12/site-packages/airflow/example_dags/example_datasets.py for tasks to queue
[2024-12-03T14:20:02.511+0000] {logging_mixin.py:190} INFO - [2024-12-03T14:20:02.511+0000] {dagbag.py:588} INFO - Filling up the DagBag from /home/airflow/.local/lib/python3.12/site-packages/airflow/example_dags/example_datasets.py
[2024-12-03T14:20:03.339+0000] {processor.py:925} INFO - DAG(s) 'dataset_consumes_1_and_2', 'dataset_produces_1', 'dataset_consumes_1', 'consume_1_or_2_with_dataset_expressions', 'consume_1_and_2_with_dataset_expressions', 'dataset_consumes_1_never_scheduled', 'dataset_consumes_unknown_never_scheduled', 'consume_1_or_both_2_and_3_with_dataset_expressions', 'dataset_produces_2', 'conditional_dataset_and_time_based_timetable' retrieved from /home/airflow/.local/lib/python3.12/site-packages/airflow/example_dags/example_datasets.py
[2024-12-03T14:20:03.423+0000] {logging_mixin.py:190} INFO - [2024-12-03T14:20:03.422+0000] {dag.py:3239} INFO - Sync 10 DAGs
[2024-12-03T14:20:03.481+0000] {logging_mixin.py:190} INFO - [2024-12-03T14:20:03.480+0000] {dag.py:4180} INFO - Setting next_dagrun for conditional_dataset_and_time_based_timetable to 2024-11-27 01:00:00+00:00, run_after=2024-11-27 01:00:00+00:00
[2024-12-03T14:20:03.491+0000] {logging_mixin.py:190} INFO - [2024-12-03T14:20:03.490+0000] {dag.py:4180} INFO - Setting next_dagrun for consume_1_and_2_with_dataset_expressions to None, run_after=None
[2024-12-03T14:20:03.496+0000] {logging_mixin.py:190} INFO - [2024-12-03T14:20:03.495+0000] {dag.py:4180} INFO - Setting next_dagrun for consume_1_or_2_with_dataset_expressions to None, run_after=None
[2024-12-03T14:20:03.500+0000] {logging_mixin.py:190} INFO - [2024-12-03T14:20:03.499+0000] {dag.py:4180} INFO - Setting next_dagrun for consume_1_or_both_2_and_3_with_dataset_expressions to None, run_after=None
[2024-12-03T14:20:03.504+0000] {logging_mixin.py:190} INFO - [2024-12-03T14:20:03.503+0000] {dag.py:4180} INFO - Setting next_dagrun for dataset_consumes_1 to None, run_after=None
[2024-12-03T14:20:03.507+0000] {logging_mixin.py:190} INFO - [2024-12-03T14:20:03.507+0000] {dag.py:4180} INFO - Setting next_dagrun for dataset_consumes_1_and_2 to None, run_after=None
[2024-12-03T14:20:03.511+0000] {logging_mixin.py:190} INFO - [2024-12-03T14:20:03.511+0000] {dag.py:4180} INFO - Setting next_dagrun for dataset_consumes_1_never_scheduled to None, run_after=None
[2024-12-03T14:20:03.515+0000] {logging_mixin.py:190} INFO - [2024-12-03T14:20:03.514+0000] {dag.py:4180} INFO - Setting next_dagrun for dataset_consumes_unknown_never_scheduled to None, run_after=None
[2024-12-03T14:20:03.520+0000] {logging_mixin.py:190} INFO - [2024-12-03T14:20:03.519+0000] {dag.py:4180} INFO - Setting next_dagrun for dataset_produces_1 to 2024-12-02 00:00:00+00:00, run_after=2024-12-03 00:00:00+00:00
[2024-12-03T14:20:03.523+0000] {logging_mixin.py:190} INFO - [2024-12-03T14:20:03.523+0000] {dag.py:4180} INFO - Setting next_dagrun for dataset_produces_2 to None, run_after=None
[2024-12-03T14:20:03.579+0000] {processor.py:208} INFO - Processing /home/airflow/.local/lib/python3.12/site-packages/airflow/example_dags/example_datasets.py took 1.077 seconds
[2024-12-03T14:20:33.985+0000] {processor.py:186} INFO - Started process (PID=261) to work on /home/airflow/.local/lib/python3.12/site-packages/airflow/example_dags/example_datasets.py
[2024-12-03T14:20:33.986+0000] {processor.py:914} INFO - Processing file /home/airflow/.local/lib/python3.12/site-packages/airflow/example_dags/example_datasets.py for tasks to queue
[2024-12-03T14:20:33.988+0000] {logging_mixin.py:190} INFO - [2024-12-03T14:20:33.988+0000] {dagbag.py:588} INFO - Filling up the DagBag from /home/airflow/.local/lib/python3.12/site-packages/airflow/example_dags/example_datasets.py
[2024-12-03T14:20:34.713+0000] {processor.py:925} INFO - DAG(s) 'dataset_consumes_1', 'dataset_consumes_1_never_scheduled', 'dataset_produces_2', 'dataset_produces_1', 'dataset_consumes_1_and_2', 'conditional_dataset_and_time_based_timetable', 'consume_1_or_2_with_dataset_expressions', 'dataset_consumes_unknown_never_scheduled', 'consume_1_and_2_with_dataset_expressions', 'consume_1_or_both_2_and_3_with_dataset_expressions' retrieved from /home/airflow/.local/lib/python3.12/site-packages/airflow/example_dags/example_datasets.py
[2024-12-03T14:20:34.781+0000] {logging_mixin.py:190} INFO - [2024-12-03T14:20:34.780+0000] {dag.py:3239} INFO - Sync 10 DAGs
[2024-12-03T14:20:34.811+0000] {logging_mixin.py:190} INFO - [2024-12-03T14:20:34.811+0000] {dag.py:4180} INFO - Setting next_dagrun for conditional_dataset_and_time_based_timetable to 2024-11-27 01:00:00+00:00, run_after=2024-11-27 01:00:00+00:00
[2024-12-03T14:20:34.817+0000] {logging_mixin.py:190} INFO - [2024-12-03T14:20:34.817+0000] {dag.py:4180} INFO - Setting next_dagrun for consume_1_and_2_with_dataset_expressions to None, run_after=None
[2024-12-03T14:20:34.820+0000] {logging_mixin.py:190} INFO - [2024-12-03T14:20:34.820+0000] {dag.py:4180} INFO - Setting next_dagrun for consume_1_or_2_with_dataset_expressions to None, run_after=None
[2024-12-03T14:20:34.823+0000] {logging_mixin.py:190} INFO - [2024-12-03T14:20:34.823+0000] {dag.py:4180} INFO - Setting next_dagrun for consume_1_or_both_2_and_3_with_dataset_expressions to None, run_after=None
[2024-12-03T14:20:34.826+0000] {logging_mixin.py:190} INFO - [2024-12-03T14:20:34.826+0000] {dag.py:4180} INFO - Setting next_dagrun for dataset_consumes_1 to None, run_after=None
[2024-12-03T14:20:34.829+0000] {logging_mixin.py:190} INFO - [2024-12-03T14:20:34.828+0000] {dag.py:4180} INFO - Setting next_dagrun for dataset_consumes_1_and_2 to None, run_after=None
[2024-12-03T14:20:34.832+0000] {logging_mixin.py:190} INFO - [2024-12-03T14:20:34.831+0000] {dag.py:4180} INFO - Setting next_dagrun for dataset_consumes_1_never_scheduled to None, run_after=None
[2024-12-03T14:20:34.835+0000] {logging_mixin.py:190} INFO - [2024-12-03T14:20:34.834+0000] {dag.py:4180} INFO - Setting next_dagrun for dataset_consumes_unknown_never_scheduled to None, run_after=None
[2024-12-03T14:20:34.838+0000] {logging_mixin.py:190} INFO - [2024-12-03T14:20:34.838+0000] {dag.py:4180} INFO - Setting next_dagrun for dataset_produces_1 to 2024-12-02 00:00:00+00:00, run_after=2024-12-03 00:00:00+00:00
[2024-12-03T14:20:34.841+0000] {logging_mixin.py:190} INFO - [2024-12-03T14:20:34.841+0000] {dag.py:4180} INFO - Setting next_dagrun for dataset_produces_2 to None, run_after=None
[2024-12-03T14:20:34.901+0000] {processor.py:208} INFO - Processing /home/airflow/.local/lib/python3.12/site-packages/airflow/example_dags/example_datasets.py took 0.923 seconds
[2024-12-03T14:21:05.169+0000] {processor.py:186} INFO - Started process (PID=326) to work on /home/airflow/.local/lib/python3.12/site-packages/airflow/example_dags/example_datasets.py
[2024-12-03T14:21:05.170+0000] {processor.py:914} INFO - Processing file /home/airflow/.local/lib/python3.12/site-packages/airflow/example_dags/example_datasets.py for tasks to queue
[2024-12-03T14:21:05.173+0000] {logging_mixin.py:190} INFO - [2024-12-03T14:21:05.172+0000] {dagbag.py:588} INFO - Filling up the DagBag from /home/airflow/.local/lib/python3.12/site-packages/airflow/example_dags/example_datasets.py
[2024-12-03T14:21:05.972+0000] {processor.py:925} INFO - DAG(s) 'dataset_consumes_1_never_scheduled', 'consume_1_or_2_with_dataset_expressions', 'conditional_dataset_and_time_based_timetable', 'dataset_consumes_unknown_never_scheduled', 'dataset_produces_1', 'consume_1_and_2_with_dataset_expressions', 'consume_1_or_both_2_and_3_with_dataset_expressions', 'dataset_consumes_1', 'dataset_produces_2', 'dataset_consumes_1_and_2' retrieved from /home/airflow/.local/lib/python3.12/site-packages/airflow/example_dags/example_datasets.py
[2024-12-03T14:21:06.047+0000] {logging_mixin.py:190} INFO - [2024-12-03T14:21:06.046+0000] {dag.py:3239} INFO - Sync 10 DAGs
[2024-12-03T14:21:06.084+0000] {logging_mixin.py:190} INFO - [2024-12-03T14:21:06.084+0000] {dag.py:4180} INFO - Setting next_dagrun for conditional_dataset_and_time_based_timetable to 2024-11-27 01:00:00+00:00, run_after=2024-11-27 01:00:00+00:00
[2024-12-03T14:21:06.090+0000] {logging_mixin.py:190} INFO - [2024-12-03T14:21:06.090+0000] {dag.py:4180} INFO - Setting next_dagrun for consume_1_and_2_with_dataset_expressions to None, run_after=None
[2024-12-03T14:21:06.093+0000] {logging_mixin.py:190} INFO - [2024-12-03T14:21:06.093+0000] {dag.py:4180} INFO - Setting next_dagrun for consume_1_or_2_with_dataset_expressions to None, run_after=None
[2024-12-03T14:21:06.096+0000] {logging_mixin.py:190} INFO - [2024-12-03T14:21:06.095+0000] {dag.py:4180} INFO - Setting next_dagrun for consume_1_or_both_2_and_3_with_dataset_expressions to None, run_after=None
[2024-12-03T14:21:06.098+0000] {logging_mixin.py:190} INFO - [2024-12-03T14:21:06.098+0000] {dag.py:4180} INFO - Setting next_dagrun for dataset_consumes_1 to None, run_after=None
[2024-12-03T14:21:06.100+0000] {logging_mixin.py:190} INFO - [2024-12-03T14:21:06.100+0000] {dag.py:4180} INFO - Setting next_dagrun for dataset_consumes_1_and_2 to None, run_after=None
[2024-12-03T14:21:06.103+0000] {logging_mixin.py:190} INFO - [2024-12-03T14:21:06.103+0000] {dag.py:4180} INFO - Setting next_dagrun for dataset_consumes_1_never_scheduled to None, run_after=None
[2024-12-03T14:21:06.105+0000] {logging_mixin.py:190} INFO - [2024-12-03T14:21:06.105+0000] {dag.py:4180} INFO - Setting next_dagrun for dataset_consumes_unknown_never_scheduled to None, run_after=None
[2024-12-03T14:21:06.109+0000] {logging_mixin.py:190} INFO - [2024-12-03T14:21:06.109+0000] {dag.py:4180} INFO - Setting next_dagrun for dataset_produces_1 to 2024-12-02 00:00:00+00:00, run_after=2024-12-03 00:00:00+00:00
[2024-12-03T14:21:06.112+0000] {logging_mixin.py:190} INFO - [2024-12-03T14:21:06.112+0000] {dag.py:4180} INFO - Setting next_dagrun for dataset_produces_2 to None, run_after=None
[2024-12-03T14:21:06.163+0000] {processor.py:208} INFO - Processing /home/airflow/.local/lib/python3.12/site-packages/airflow/example_dags/example_datasets.py took 1.002 seconds
[2024-12-03T14:21:36.441+0000] {processor.py:186} INFO - Started process (PID=394) to work on /home/airflow/.local/lib/python3.12/site-packages/airflow/example_dags/example_datasets.py
[2024-12-03T14:21:36.442+0000] {processor.py:914} INFO - Processing file /home/airflow/.local/lib/python3.12/site-packages/airflow/example_dags/example_datasets.py for tasks to queue
[2024-12-03T14:21:36.445+0000] {logging_mixin.py:190} INFO - [2024-12-03T14:21:36.444+0000] {dagbag.py:588} INFO - Filling up the DagBag from /home/airflow/.local/lib/python3.12/site-packages/airflow/example_dags/example_datasets.py
[2024-12-03T14:21:37.189+0000] {processor.py:925} INFO - DAG(s) 'dataset_consumes_1_never_scheduled', 'consume_1_or_both_2_and_3_with_dataset_expressions', 'dataset_produces_2', 'conditional_dataset_and_time_based_timetable', 'dataset_consumes_1', 'dataset_consumes_unknown_never_scheduled', 'consume_1_and_2_with_dataset_expressions', 'dataset_consumes_1_and_2', 'dataset_produces_1', 'consume_1_or_2_with_dataset_expressions' retrieved from /home/airflow/.local/lib/python3.12/site-packages/airflow/example_dags/example_datasets.py
[2024-12-03T14:21:37.242+0000] {logging_mixin.py:190} INFO - [2024-12-03T14:21:37.241+0000] {dag.py:3239} INFO - Sync 10 DAGs
[2024-12-03T14:21:37.269+0000] {logging_mixin.py:190} INFO - [2024-12-03T14:21:37.269+0000] {dag.py:4180} INFO - Setting next_dagrun for conditional_dataset_and_time_based_timetable to 2024-11-27 01:00:00+00:00, run_after=2024-11-27 01:00:00+00:00
[2024-12-03T14:21:37.275+0000] {logging_mixin.py:190} INFO - [2024-12-03T14:21:37.275+0000] {dag.py:4180} INFO - Setting next_dagrun for consume_1_and_2_with_dataset_expressions to None, run_after=None
[2024-12-03T14:21:37.277+0000] {logging_mixin.py:190} INFO - [2024-12-03T14:21:37.277+0000] {dag.py:4180} INFO - Setting next_dagrun for consume_1_or_2_with_dataset_expressions to None, run_after=None
[2024-12-03T14:21:37.280+0000] {logging_mixin.py:190} INFO - [2024-12-03T14:21:37.280+0000] {dag.py:4180} INFO - Setting next_dagrun for consume_1_or_both_2_and_3_with_dataset_expressions to None, run_after=None
[2024-12-03T14:21:37.282+0000] {logging_mixin.py:190} INFO - [2024-12-03T14:21:37.281+0000] {dag.py:4180} INFO - Setting next_dagrun for dataset_consumes_1 to None, run_after=None
[2024-12-03T14:21:37.284+0000] {logging_mixin.py:190} INFO - [2024-12-03T14:21:37.284+0000] {dag.py:4180} INFO - Setting next_dagrun for dataset_consumes_1_and_2 to None, run_after=None
[2024-12-03T14:21:37.287+0000] {logging_mixin.py:190} INFO - [2024-12-03T14:21:37.287+0000] {dag.py:4180} INFO - Setting next_dagrun for dataset_consumes_1_never_scheduled to None, run_after=None
[2024-12-03T14:21:37.290+0000] {logging_mixin.py:190} INFO - [2024-12-03T14:21:37.290+0000] {dag.py:4180} INFO - Setting next_dagrun for dataset_consumes_unknown_never_scheduled to None, run_after=None
[2024-12-03T14:21:37.294+0000] {logging_mixin.py:190} INFO - [2024-12-03T14:21:37.294+0000] {dag.py:4180} INFO - Setting next_dagrun for dataset_produces_1 to 2024-12-02 00:00:00+00:00, run_after=2024-12-03 00:00:00+00:00
[2024-12-03T14:21:37.297+0000] {logging_mixin.py:190} INFO - [2024-12-03T14:21:37.296+0000] {dag.py:4180} INFO - Setting next_dagrun for dataset_produces_2 to None, run_after=None
[2024-12-03T14:21:37.343+0000] {processor.py:208} INFO - Processing /home/airflow/.local/lib/python3.12/site-packages/airflow/example_dags/example_datasets.py took 0.910 seconds
[2024-12-03T14:22:07.617+0000] {processor.py:186} INFO - Started process (PID=459) to work on /home/airflow/.local/lib/python3.12/site-packages/airflow/example_dags/example_datasets.py
[2024-12-03T14:22:07.618+0000] {processor.py:914} INFO - Processing file /home/airflow/.local/lib/python3.12/site-packages/airflow/example_dags/example_datasets.py for tasks to queue
[2024-12-03T14:22:07.621+0000] {logging_mixin.py:190} INFO - [2024-12-03T14:22:07.620+0000] {dagbag.py:588} INFO - Filling up the DagBag from /home/airflow/.local/lib/python3.12/site-packages/airflow/example_dags/example_datasets.py
[2024-12-03T14:22:08.341+0000] {processor.py:925} INFO - DAG(s) 'dataset_produces_1', 'dataset_consumes_1_and_2', 'consume_1_and_2_with_dataset_expressions', 'dataset_produces_2', 'dataset_consumes_1_never_scheduled', 'consume_1_or_2_with_dataset_expressions', 'dataset_consumes_unknown_never_scheduled', 'conditional_dataset_and_time_based_timetable', 'consume_1_or_both_2_and_3_with_dataset_expressions', 'dataset_consumes_1' retrieved from /home/airflow/.local/lib/python3.12/site-packages/airflow/example_dags/example_datasets.py
[2024-12-03T14:22:08.406+0000] {logging_mixin.py:190} INFO - [2024-12-03T14:22:08.406+0000] {dag.py:3239} INFO - Sync 10 DAGs
[2024-12-03T14:22:08.435+0000] {logging_mixin.py:190} INFO - [2024-12-03T14:22:08.434+0000] {dag.py:4180} INFO - Setting next_dagrun for conditional_dataset_and_time_based_timetable to 2024-11-27 01:00:00+00:00, run_after=2024-11-27 01:00:00+00:00
[2024-12-03T14:22:08.440+0000] {logging_mixin.py:190} INFO - [2024-12-03T14:22:08.439+0000] {dag.py:4180} INFO - Setting next_dagrun for consume_1_and_2_with_dataset_expressions to None, run_after=None
[2024-12-03T14:22:08.443+0000] {logging_mixin.py:190} INFO - [2024-12-03T14:22:08.442+0000] {dag.py:4180} INFO - Setting next_dagrun for consume_1_or_2_with_dataset_expressions to None, run_after=None
[2024-12-03T14:22:08.445+0000] {logging_mixin.py:190} INFO - [2024-12-03T14:22:08.445+0000] {dag.py:4180} INFO - Setting next_dagrun for consume_1_or_both_2_and_3_with_dataset_expressions to None, run_after=None
[2024-12-03T14:22:08.449+0000] {logging_mixin.py:190} INFO - [2024-12-03T14:22:08.448+0000] {dag.py:4180} INFO - Setting next_dagrun for dataset_consumes_1 to None, run_after=None
[2024-12-03T14:22:08.451+0000] {logging_mixin.py:190} INFO - [2024-12-03T14:22:08.451+0000] {dag.py:4180} INFO - Setting next_dagrun for dataset_consumes_1_and_2 to None, run_after=None
[2024-12-03T14:22:08.454+0000] {logging_mixin.py:190} INFO - [2024-12-03T14:22:08.454+0000] {dag.py:4180} INFO - Setting next_dagrun for dataset_consumes_1_never_scheduled to None, run_after=None
[2024-12-03T14:22:08.457+0000] {logging_mixin.py:190} INFO - [2024-12-03T14:22:08.457+0000] {dag.py:4180} INFO - Setting next_dagrun for dataset_consumes_unknown_never_scheduled to None, run_after=None
[2024-12-03T14:22:08.461+0000] {logging_mixin.py:190} INFO - [2024-12-03T14:22:08.461+0000] {dag.py:4180} INFO - Setting next_dagrun for dataset_produces_1 to 2024-12-02 00:00:00+00:00, run_after=2024-12-03 00:00:00+00:00
[2024-12-03T14:22:08.465+0000] {logging_mixin.py:190} INFO - [2024-12-03T14:22:08.464+0000] {dag.py:4180} INFO - Setting next_dagrun for dataset_produces_2 to None, run_after=None
[2024-12-03T14:22:08.515+0000] {processor.py:208} INFO - Processing /home/airflow/.local/lib/python3.12/site-packages/airflow/example_dags/example_datasets.py took 0.905 seconds
[2024-12-03T14:22:38.800+0000] {processor.py:186} INFO - Started process (PID=526) to work on /home/airflow/.local/lib/python3.12/site-packages/airflow/example_dags/example_datasets.py
[2024-12-03T14:22:38.802+0000] {processor.py:914} INFO - Processing file /home/airflow/.local/lib/python3.12/site-packages/airflow/example_dags/example_datasets.py for tasks to queue
[2024-12-03T14:22:38.804+0000] {logging_mixin.py:190} INFO - [2024-12-03T14:22:38.803+0000] {dagbag.py:588} INFO - Filling up the DagBag from /home/airflow/.local/lib/python3.12/site-packages/airflow/example_dags/example_datasets.py
[2024-12-03T14:22:39.586+0000] {processor.py:925} INFO - DAG(s) 'dataset_produces_1', 'dataset_consumes_1_never_scheduled', 'consume_1_and_2_with_dataset_expressions', 'conditional_dataset_and_time_based_timetable', 'dataset_consumes_unknown_never_scheduled', 'consume_1_or_both_2_and_3_with_dataset_expressions', 'dataset_consumes_1', 'dataset_consumes_1_and_2', 'dataset_produces_2', 'consume_1_or_2_with_dataset_expressions' retrieved from /home/airflow/.local/lib/python3.12/site-packages/airflow/example_dags/example_datasets.py
[2024-12-03T14:22:39.658+0000] {logging_mixin.py:190} INFO - [2024-12-03T14:22:39.658+0000] {dag.py:3239} INFO - Sync 10 DAGs
[2024-12-03T14:22:39.696+0000] {logging_mixin.py:190} INFO - [2024-12-03T14:22:39.696+0000] {dag.py:4180} INFO - Setting next_dagrun for conditional_dataset_and_time_based_timetable to 2024-11-27 01:00:00+00:00, run_after=2024-11-27 01:00:00+00:00
[2024-12-03T14:22:39.704+0000] {logging_mixin.py:190} INFO - [2024-12-03T14:22:39.703+0000] {dag.py:4180} INFO - Setting next_dagrun for consume_1_and_2_with_dataset_expressions to None, run_after=None
[2024-12-03T14:22:39.707+0000] {logging_mixin.py:190} INFO - [2024-12-03T14:22:39.707+0000] {dag.py:4180} INFO - Setting next_dagrun for consume_1_or_2_with_dataset_expressions to None, run_after=None
[2024-12-03T14:22:39.710+0000] {logging_mixin.py:190} INFO - [2024-12-03T14:22:39.710+0000] {dag.py:4180} INFO - Setting next_dagrun for consume_1_or_both_2_and_3_with_dataset_expressions to None, run_after=None
[2024-12-03T14:22:39.713+0000] {logging_mixin.py:190} INFO - [2024-12-03T14:22:39.712+0000] {dag.py:4180} INFO - Setting next_dagrun for dataset_consumes_1 to None, run_after=None
[2024-12-03T14:22:39.715+0000] {logging_mixin.py:190} INFO - [2024-12-03T14:22:39.715+0000] {dag.py:4180} INFO - Setting next_dagrun for dataset_consumes_1_and_2 to None, run_after=None
[2024-12-03T14:22:39.719+0000] {logging_mixin.py:190} INFO - [2024-12-03T14:22:39.718+0000] {dag.py:4180} INFO - Setting next_dagrun for dataset_consumes_1_never_scheduled to None, run_after=None
[2024-12-03T14:22:39.721+0000] {logging_mixin.py:190} INFO - [2024-12-03T14:22:39.721+0000] {dag.py:4180} INFO - Setting next_dagrun for dataset_consumes_unknown_never_scheduled to None, run_after=None
[2024-12-03T14:22:39.725+0000] {logging_mixin.py:190} INFO - [2024-12-03T14:22:39.725+0000] {dag.py:4180} INFO - Setting next_dagrun for dataset_produces_1 to 2024-12-02 00:00:00+00:00, run_after=2024-12-03 00:00:00+00:00
[2024-12-03T14:22:39.729+0000] {logging_mixin.py:190} INFO - [2024-12-03T14:22:39.728+0000] {dag.py:4180} INFO - Setting next_dagrun for dataset_produces_2 to None, run_after=None
[2024-12-03T14:22:39.788+0000] {processor.py:208} INFO - Processing /home/airflow/.local/lib/python3.12/site-packages/airflow/example_dags/example_datasets.py took 0.994 seconds
[2024-12-03T14:23:10.802+0000] {processor.py:186} INFO - Started process (PID=593) to work on /home/airflow/.local/lib/python3.12/site-packages/airflow/example_dags/example_datasets.py
[2024-12-03T14:23:10.803+0000] {processor.py:914} INFO - Processing file /home/airflow/.local/lib/python3.12/site-packages/airflow/example_dags/example_datasets.py for tasks to queue
[2024-12-03T14:23:10.806+0000] {logging_mixin.py:190} INFO - [2024-12-03T14:23:10.805+0000] {dagbag.py:588} INFO - Filling up the DagBag from /home/airflow/.local/lib/python3.12/site-packages/airflow/example_dags/example_datasets.py
[2024-12-03T14:23:11.502+0000] {processor.py:925} INFO - DAG(s) 'dataset_consumes_1', 'consume_1_or_both_2_and_3_with_dataset_expressions', 'dataset_produces_2', 'conditional_dataset_and_time_based_timetable', 'dataset_consumes_unknown_never_scheduled', 'dataset_consumes_1_and_2', 'consume_1_or_2_with_dataset_expressions', 'dataset_produces_1', 'consume_1_and_2_with_dataset_expressions', 'dataset_consumes_1_never_scheduled' retrieved from /home/airflow/.local/lib/python3.12/site-packages/airflow/example_dags/example_datasets.py
[2024-12-03T14:23:11.576+0000] {logging_mixin.py:190} INFO - [2024-12-03T14:23:11.575+0000] {dag.py:3239} INFO - Sync 10 DAGs
[2024-12-03T14:23:11.611+0000] {logging_mixin.py:190} INFO - [2024-12-03T14:23:11.611+0000] {dag.py:4180} INFO - Setting next_dagrun for conditional_dataset_and_time_based_timetable to 2024-11-27 01:00:00+00:00, run_after=2024-11-27 01:00:00+00:00
[2024-12-03T14:23:11.620+0000] {logging_mixin.py:190} INFO - [2024-12-03T14:23:11.620+0000] {dag.py:4180} INFO - Setting next_dagrun for consume_1_and_2_with_dataset_expressions to None, run_after=None
[2024-12-03T14:23:11.624+0000] {logging_mixin.py:190} INFO - [2024-12-03T14:23:11.623+0000] {dag.py:4180} INFO - Setting next_dagrun for consume_1_or_2_with_dataset_expressions to None, run_after=None
[2024-12-03T14:23:11.627+0000] {logging_mixin.py:190} INFO - [2024-12-03T14:23:11.626+0000] {dag.py:4180} INFO - Setting next_dagrun for consume_1_or_both_2_and_3_with_dataset_expressions to None, run_after=None
[2024-12-03T14:23:11.630+0000] {logging_mixin.py:190} INFO - [2024-12-03T14:23:11.629+0000] {dag.py:4180} INFO - Setting next_dagrun for dataset_consumes_1 to None, run_after=None
[2024-12-03T14:23:11.633+0000] {logging_mixin.py:190} INFO - [2024-12-03T14:23:11.633+0000] {dag.py:4180} INFO - Setting next_dagrun for dataset_consumes_1_and_2 to None, run_after=None
[2024-12-03T14:23:11.636+0000] {logging_mixin.py:190} INFO - [2024-12-03T14:23:11.636+0000] {dag.py:4180} INFO - Setting next_dagrun for dataset_consumes_1_never_scheduled to None, run_after=None
[2024-12-03T14:23:11.639+0000] {logging_mixin.py:190} INFO - [2024-12-03T14:23:11.639+0000] {dag.py:4180} INFO - Setting next_dagrun for dataset_consumes_unknown_never_scheduled to None, run_after=None
[2024-12-03T14:23:11.644+0000] {logging_mixin.py:190} INFO - [2024-12-03T14:23:11.644+0000] {dag.py:4180} INFO - Setting next_dagrun for dataset_produces_1 to 2024-12-02 00:00:00+00:00, run_after=2024-12-03 00:00:00+00:00
[2024-12-03T14:23:11.647+0000] {logging_mixin.py:190} INFO - [2024-12-03T14:23:11.647+0000] {dag.py:4180} INFO - Setting next_dagrun for dataset_produces_2 to None, run_after=None
[2024-12-03T14:23:11.711+0000] {processor.py:208} INFO - Processing /home/airflow/.local/lib/python3.12/site-packages/airflow/example_dags/example_datasets.py took 0.917 seconds
[2024-12-03T14:23:44.915+0000] {processor.py:186} INFO - Started process (PID=659) to work on /home/airflow/.local/lib/python3.12/site-packages/airflow/example_dags/example_datasets.py
[2024-12-03T14:23:44.916+0000] {processor.py:914} INFO - Processing file /home/airflow/.local/lib/python3.12/site-packages/airflow/example_dags/example_datasets.py for tasks to queue
[2024-12-03T14:23:44.919+0000] {logging_mixin.py:190} INFO - [2024-12-03T14:23:44.918+0000] {dagbag.py:588} INFO - Filling up the DagBag from /home/airflow/.local/lib/python3.12/site-packages/airflow/example_dags/example_datasets.py
[2024-12-03T14:23:45.702+0000] {processor.py:925} INFO - DAG(s) 'consume_1_or_2_with_dataset_expressions', 'conditional_dataset_and_time_based_timetable', 'consume_1_or_both_2_and_3_with_dataset_expressions', 'dataset_produces_1', 'dataset_consumes_unknown_never_scheduled', 'dataset_consumes_1_never_scheduled', 'dataset_consumes_1_and_2', 'consume_1_and_2_with_dataset_expressions', 'dataset_consumes_1', 'dataset_produces_2' retrieved from /home/airflow/.local/lib/python3.12/site-packages/airflow/example_dags/example_datasets.py
[2024-12-03T14:23:45.769+0000] {logging_mixin.py:190} INFO - [2024-12-03T14:23:45.768+0000] {dag.py:3239} INFO - Sync 10 DAGs
[2024-12-03T14:23:45.802+0000] {logging_mixin.py:190} INFO - [2024-12-03T14:23:45.802+0000] {dag.py:4180} INFO - Setting next_dagrun for conditional_dataset_and_time_based_timetable to 2024-11-27 01:00:00+00:00, run_after=2024-11-27 01:00:00+00:00
[2024-12-03T14:23:45.808+0000] {logging_mixin.py:190} INFO - [2024-12-03T14:23:45.807+0000] {dag.py:4180} INFO - Setting next_dagrun for consume_1_and_2_with_dataset_expressions to None, run_after=None
[2024-12-03T14:23:45.810+0000] {logging_mixin.py:190} INFO - [2024-12-03T14:23:45.810+0000] {dag.py:4180} INFO - Setting next_dagrun for consume_1_or_2_with_dataset_expressions to None, run_after=None
[2024-12-03T14:23:45.812+0000] {logging_mixin.py:190} INFO - [2024-12-03T14:23:45.812+0000] {dag.py:4180} INFO - Setting next_dagrun for consume_1_or_both_2_and_3_with_dataset_expressions to None, run_after=None
[2024-12-03T14:23:45.815+0000] {logging_mixin.py:190} INFO - [2024-12-03T14:23:45.815+0000] {dag.py:4180} INFO - Setting next_dagrun for dataset_consumes_1 to None, run_after=None
[2024-12-03T14:23:45.818+0000] {logging_mixin.py:190} INFO - [2024-12-03T14:23:45.818+0000] {dag.py:4180} INFO - Setting next_dagrun for dataset_consumes_1_and_2 to None, run_after=None
[2024-12-03T14:23:45.821+0000] {logging_mixin.py:190} INFO - [2024-12-03T14:23:45.821+0000] {dag.py:4180} INFO - Setting next_dagrun for dataset_consumes_1_never_scheduled to None, run_after=None
[2024-12-03T14:23:45.824+0000] {logging_mixin.py:190} INFO - [2024-12-03T14:23:45.823+0000] {dag.py:4180} INFO - Setting next_dagrun for dataset_consumes_unknown_never_scheduled to None, run_after=None
[2024-12-03T14:23:45.828+0000] {logging_mixin.py:190} INFO - [2024-12-03T14:23:45.828+0000] {dag.py:4180} INFO - Setting next_dagrun for dataset_produces_1 to 2024-12-02 00:00:00+00:00, run_after=2024-12-03 00:00:00+00:00
[2024-12-03T14:23:45.832+0000] {logging_mixin.py:190} INFO - [2024-12-03T14:23:45.832+0000] {dag.py:4180} INFO - Setting next_dagrun for dataset_produces_2 to None, run_after=None
[2024-12-03T14:23:45.888+0000] {processor.py:208} INFO - Processing /home/airflow/.local/lib/python3.12/site-packages/airflow/example_dags/example_datasets.py took 0.980 seconds
[2024-12-03T14:24:17.086+0000] {processor.py:186} INFO - Started process (PID=715) to work on /home/airflow/.local/lib/python3.12/site-packages/airflow/example_dags/example_datasets.py
[2024-12-03T14:24:17.087+0000] {processor.py:914} INFO - Processing file /home/airflow/.local/lib/python3.12/site-packages/airflow/example_dags/example_datasets.py for tasks to queue
[2024-12-03T14:24:17.090+0000] {logging_mixin.py:190} INFO - [2024-12-03T14:24:17.089+0000] {dagbag.py:588} INFO - Filling up the DagBag from /home/airflow/.local/lib/python3.12/site-packages/airflow/example_dags/example_datasets.py
[2024-12-03T14:24:18.880+0000] {processor.py:925} INFO - DAG(s) 'dataset_produces_1', 'dataset_consumes_unknown_never_scheduled', 'dataset_consumes_1', 'dataset_produces_2', 'consume_1_and_2_with_dataset_expressions', 'conditional_dataset_and_time_based_timetable', 'consume_1_or_2_with_dataset_expressions', 'consume_1_or_both_2_and_3_with_dataset_expressions', 'dataset_consumes_1_never_scheduled', 'dataset_consumes_1_and_2' retrieved from /home/airflow/.local/lib/python3.12/site-packages/airflow/example_dags/example_datasets.py
[2024-12-03T14:24:18.992+0000] {logging_mixin.py:190} INFO - [2024-12-03T14:24:18.992+0000] {dag.py:3239} INFO - Sync 10 DAGs
[2024-12-03T14:24:19.064+0000] {logging_mixin.py:190} INFO - [2024-12-03T14:24:19.064+0000] {dag.py:4180} INFO - Setting next_dagrun for conditional_dataset_and_time_based_timetable to 2024-11-27 01:00:00+00:00, run_after=2024-11-27 01:00:00+00:00
[2024-12-03T14:24:19.075+0000] {logging_mixin.py:190} INFO - [2024-12-03T14:24:19.074+0000] {dag.py:4180} INFO - Setting next_dagrun for consume_1_and_2_with_dataset_expressions to None, run_after=None
[2024-12-03T14:24:19.079+0000] {logging_mixin.py:190} INFO - [2024-12-03T14:24:19.078+0000] {dag.py:4180} INFO - Setting next_dagrun for consume_1_or_2_with_dataset_expressions to None, run_after=None
[2024-12-03T14:24:19.082+0000] {logging_mixin.py:190} INFO - [2024-12-03T14:24:19.082+0000] {dag.py:4180} INFO - Setting next_dagrun for consume_1_or_both_2_and_3_with_dataset_expressions to None, run_after=None
[2024-12-03T14:24:19.088+0000] {logging_mixin.py:190} INFO - [2024-12-03T14:24:19.087+0000] {dag.py:4180} INFO - Setting next_dagrun for dataset_consumes_1 to None, run_after=None
[2024-12-03T14:24:19.095+0000] {logging_mixin.py:190} INFO - [2024-12-03T14:24:19.094+0000] {dag.py:4180} INFO - Setting next_dagrun for dataset_consumes_1_and_2 to None, run_after=None
[2024-12-03T14:24:19.099+0000] {logging_mixin.py:190} INFO - [2024-12-03T14:24:19.099+0000] {dag.py:4180} INFO - Setting next_dagrun for dataset_consumes_1_never_scheduled to None, run_after=None
[2024-12-03T14:24:19.104+0000] {logging_mixin.py:190} INFO - [2024-12-03T14:24:19.103+0000] {dag.py:4180} INFO - Setting next_dagrun for dataset_consumes_unknown_never_scheduled to None, run_after=None
[2024-12-03T14:24:19.114+0000] {logging_mixin.py:190} INFO - [2024-12-03T14:24:19.114+0000] {dag.py:4180} INFO - Setting next_dagrun for dataset_produces_1 to 2024-12-02 00:00:00+00:00, run_after=2024-12-03 00:00:00+00:00
[2024-12-03T14:24:19.120+0000] {logging_mixin.py:190} INFO - [2024-12-03T14:24:19.119+0000] {dag.py:4180} INFO - Setting next_dagrun for dataset_produces_2 to None, run_after=None
[2024-12-03T14:24:19.225+0000] {processor.py:208} INFO - Processing /home/airflow/.local/lib/python3.12/site-packages/airflow/example_dags/example_datasets.py took 2.145 seconds
[2024-12-03T14:24:50.180+0000] {processor.py:186} INFO - Started process (PID=778) to work on /home/airflow/.local/lib/python3.12/site-packages/airflow/example_dags/example_datasets.py
[2024-12-03T14:24:50.182+0000] {processor.py:914} INFO - Processing file /home/airflow/.local/lib/python3.12/site-packages/airflow/example_dags/example_datasets.py for tasks to queue
[2024-12-03T14:24:50.184+0000] {logging_mixin.py:190} INFO - [2024-12-03T14:24:50.184+0000] {dagbag.py:588} INFO - Filling up the DagBag from /home/airflow/.local/lib/python3.12/site-packages/airflow/example_dags/example_datasets.py
[2024-12-03T14:24:54.594+0000] {logging_mixin.py:190} INFO - [2024-12-03T14:24:54.593+0000] {process_utils.py:266} INFO - Waiting up to 5 seconds for processes to exit...
