[2024-12-03T13:57:18.736+0000] {processor.py:186} INFO - Started process (PID=108) to work on /home/airflow/.local/lib/python3.12/site-packages/airflow/example_dags/example_skip_dag.py
[2024-12-03T13:57:18.739+0000] {processor.py:914} INFO - Processing file /home/airflow/.local/lib/python3.12/site-packages/airflow/example_dags/example_skip_dag.py for tasks to queue
[2024-12-03T13:57:18.746+0000] {logging_mixin.py:190} INFO - [2024-12-03T13:57:18.744+0000] {dagbag.py:588} INFO - Filling up the DagBag from /home/airflow/.local/lib/python3.12/site-packages/airflow/example_dags/example_skip_dag.py
[2024-12-03T13:57:18.765+0000] {processor.py:925} INFO - DAG(s) 'example_skip_dag' retrieved from /home/airflow/.local/lib/python3.12/site-packages/airflow/example_dags/example_skip_dag.py
[2024-12-03T13:57:19.068+0000] {logging_mixin.py:190} INFO - [2024-12-03T13:57:19.067+0000] {override.py:1911} INFO - Created Permission View: can delete on DAG:example_skip_dag
[2024-12-03T13:57:19.090+0000] {logging_mixin.py:190} INFO - [2024-12-03T13:57:19.089+0000] {override.py:1911} INFO - Created Permission View: can read on DAG:example_skip_dag
[2024-12-03T13:57:19.107+0000] {logging_mixin.py:190} INFO - [2024-12-03T13:57:19.107+0000] {override.py:1911} INFO - Created Permission View: can edit on DAG:example_skip_dag
[2024-12-03T13:57:19.126+0000] {logging_mixin.py:190} INFO - [2024-12-03T13:57:19.126+0000] {override.py:1911} INFO - Created Permission View: can create on DAG Run:example_skip_dag
[2024-12-03T13:57:19.145+0000] {logging_mixin.py:190} INFO - [2024-12-03T13:57:19.144+0000] {override.py:1911} INFO - Created Permission View: menu access on DAG Run:example_skip_dag
[2024-12-03T13:57:19.161+0000] {logging_mixin.py:190} INFO - [2024-12-03T13:57:19.161+0000] {override.py:1911} INFO - Created Permission View: can delete on DAG Run:example_skip_dag
[2024-12-03T13:57:19.181+0000] {logging_mixin.py:190} INFO - [2024-12-03T13:57:19.181+0000] {override.py:1911} INFO - Created Permission View: can read on DAG Run:example_skip_dag
[2024-12-03T13:57:19.184+0000] {logging_mixin.py:190} INFO - [2024-12-03T13:57:19.184+0000] {dag.py:3239} INFO - Sync 1 DAGs
[2024-12-03T13:57:19.213+0000] {logging_mixin.py:190} INFO - [2024-12-03T13:57:19.212+0000] {dag.py:3262} INFO - Creating ORM DAG for example_skip_dag
[2024-12-03T13:57:19.243+0000] {logging_mixin.py:190} INFO - [2024-12-03T13:57:19.243+0000] {dag.py:4180} INFO - Setting next_dagrun for example_skip_dag to 2024-12-02 00:00:00+00:00, run_after=2024-12-03 00:00:00+00:00
[2024-12-03T13:57:19.277+0000] {processor.py:208} INFO - Processing /home/airflow/.local/lib/python3.12/site-packages/airflow/example_dags/example_skip_dag.py took 0.552 seconds
[2024-12-03T14:19:28.649+0000] {processor.py:186} INFO - Started process (PID=127) to work on /home/airflow/.local/lib/python3.12/site-packages/airflow/example_dags/example_skip_dag.py
[2024-12-03T14:19:28.650+0000] {processor.py:914} INFO - Processing file /home/airflow/.local/lib/python3.12/site-packages/airflow/example_dags/example_skip_dag.py for tasks to queue
[2024-12-03T14:19:28.652+0000] {logging_mixin.py:190} INFO - [2024-12-03T14:19:28.652+0000] {dagbag.py:588} INFO - Filling up the DagBag from /home/airflow/.local/lib/python3.12/site-packages/airflow/example_dags/example_skip_dag.py
[2024-12-03T14:19:28.665+0000] {processor.py:925} INFO - DAG(s) 'example_skip_dag' retrieved from /home/airflow/.local/lib/python3.12/site-packages/airflow/example_dags/example_skip_dag.py
[2024-12-03T14:19:28.847+0000] {logging_mixin.py:190} INFO - [2024-12-03T14:19:28.845+0000] {override.py:1911} INFO - Created Permission View: can read on DAG:example_skip_dag
[2024-12-03T14:19:28.864+0000] {logging_mixin.py:190} INFO - [2024-12-03T14:19:28.864+0000] {override.py:1911} INFO - Created Permission View: can edit on DAG:example_skip_dag
[2024-12-03T14:19:28.877+0000] {logging_mixin.py:190} INFO - [2024-12-03T14:19:28.876+0000] {override.py:1911} INFO - Created Permission View: can delete on DAG:example_skip_dag
[2024-12-03T14:19:28.891+0000] {logging_mixin.py:190} INFO - [2024-12-03T14:19:28.891+0000] {override.py:1911} INFO - Created Permission View: can read on DAG Run:example_skip_dag
[2024-12-03T14:19:28.905+0000] {logging_mixin.py:190} INFO - [2024-12-03T14:19:28.904+0000] {override.py:1911} INFO - Created Permission View: menu access on DAG Run:example_skip_dag
[2024-12-03T14:19:28.918+0000] {logging_mixin.py:190} INFO - [2024-12-03T14:19:28.918+0000] {override.py:1911} INFO - Created Permission View: can delete on DAG Run:example_skip_dag
[2024-12-03T14:19:28.930+0000] {logging_mixin.py:190} INFO - [2024-12-03T14:19:28.930+0000] {override.py:1911} INFO - Created Permission View: can create on DAG Run:example_skip_dag
[2024-12-03T14:19:28.932+0000] {logging_mixin.py:190} INFO - [2024-12-03T14:19:28.931+0000] {dag.py:3239} INFO - Sync 1 DAGs
[2024-12-03T14:19:28.950+0000] {logging_mixin.py:190} INFO - [2024-12-03T14:19:28.949+0000] {dag.py:3262} INFO - Creating ORM DAG for example_skip_dag
[2024-12-03T14:19:28.966+0000] {logging_mixin.py:190} INFO - [2024-12-03T14:19:28.966+0000] {dag.py:4180} INFO - Setting next_dagrun for example_skip_dag to 2024-12-02 00:00:00+00:00, run_after=2024-12-03 00:00:00+00:00
[2024-12-03T14:19:28.993+0000] {processor.py:208} INFO - Processing /home/airflow/.local/lib/python3.12/site-packages/airflow/example_dags/example_skip_dag.py took 0.350 seconds
[2024-12-03T14:19:59.320+0000] {processor.py:186} INFO - Started process (PID=191) to work on /home/airflow/.local/lib/python3.12/site-packages/airflow/example_dags/example_skip_dag.py
[2024-12-03T14:19:59.322+0000] {processor.py:914} INFO - Processing file /home/airflow/.local/lib/python3.12/site-packages/airflow/example_dags/example_skip_dag.py for tasks to queue
[2024-12-03T14:19:59.325+0000] {logging_mixin.py:190} INFO - [2024-12-03T14:19:59.324+0000] {dagbag.py:588} INFO - Filling up the DagBag from /home/airflow/.local/lib/python3.12/site-packages/airflow/example_dags/example_skip_dag.py
[2024-12-03T14:19:59.370+0000] {processor.py:925} INFO - DAG(s) 'example_skip_dag' retrieved from /home/airflow/.local/lib/python3.12/site-packages/airflow/example_dags/example_skip_dag.py
[2024-12-03T14:19:59.403+0000] {logging_mixin.py:190} INFO - [2024-12-03T14:19:59.402+0000] {dag.py:3239} INFO - Sync 1 DAGs
[2024-12-03T14:19:59.437+0000] {logging_mixin.py:190} INFO - [2024-12-03T14:19:59.437+0000] {dag.py:4180} INFO - Setting next_dagrun for example_skip_dag to 2024-12-02 00:00:00+00:00, run_after=2024-12-03 00:00:00+00:00
[2024-12-03T14:19:59.472+0000] {processor.py:208} INFO - Processing /home/airflow/.local/lib/python3.12/site-packages/airflow/example_dags/example_skip_dag.py took 0.162 seconds
[2024-12-03T14:20:31.249+0000] {processor.py:186} INFO - Started process (PID=255) to work on /home/airflow/.local/lib/python3.12/site-packages/airflow/example_dags/example_skip_dag.py
[2024-12-03T14:20:31.251+0000] {processor.py:914} INFO - Processing file /home/airflow/.local/lib/python3.12/site-packages/airflow/example_dags/example_skip_dag.py for tasks to queue
[2024-12-03T14:20:31.253+0000] {logging_mixin.py:190} INFO - [2024-12-03T14:20:31.253+0000] {dagbag.py:588} INFO - Filling up the DagBag from /home/airflow/.local/lib/python3.12/site-packages/airflow/example_dags/example_skip_dag.py
[2024-12-03T14:20:31.268+0000] {processor.py:925} INFO - DAG(s) 'example_skip_dag' retrieved from /home/airflow/.local/lib/python3.12/site-packages/airflow/example_dags/example_skip_dag.py
[2024-12-03T14:20:31.316+0000] {logging_mixin.py:190} INFO - [2024-12-03T14:20:31.315+0000] {dag.py:3239} INFO - Sync 1 DAGs
[2024-12-03T14:20:31.365+0000] {logging_mixin.py:190} INFO - [2024-12-03T14:20:31.364+0000] {dag.py:4180} INFO - Setting next_dagrun for example_skip_dag to 2024-12-02 00:00:00+00:00, run_after=2024-12-03 00:00:00+00:00
[2024-12-03T14:20:31.405+0000] {processor.py:208} INFO - Processing /home/airflow/.local/lib/python3.12/site-packages/airflow/example_dags/example_skip_dag.py took 0.161 seconds
[2024-12-03T14:21:02.762+0000] {processor.py:186} INFO - Started process (PID=320) to work on /home/airflow/.local/lib/python3.12/site-packages/airflow/example_dags/example_skip_dag.py
[2024-12-03T14:21:02.763+0000] {processor.py:914} INFO - Processing file /home/airflow/.local/lib/python3.12/site-packages/airflow/example_dags/example_skip_dag.py for tasks to queue
[2024-12-03T14:21:02.765+0000] {logging_mixin.py:190} INFO - [2024-12-03T14:21:02.765+0000] {dagbag.py:588} INFO - Filling up the DagBag from /home/airflow/.local/lib/python3.12/site-packages/airflow/example_dags/example_skip_dag.py
[2024-12-03T14:21:02.778+0000] {processor.py:925} INFO - DAG(s) 'example_skip_dag' retrieved from /home/airflow/.local/lib/python3.12/site-packages/airflow/example_dags/example_skip_dag.py
[2024-12-03T14:21:02.807+0000] {logging_mixin.py:190} INFO - [2024-12-03T14:21:02.807+0000] {dag.py:3239} INFO - Sync 1 DAGs
[2024-12-03T14:21:02.838+0000] {logging_mixin.py:190} INFO - [2024-12-03T14:21:02.837+0000] {dag.py:4180} INFO - Setting next_dagrun for example_skip_dag to 2024-12-02 00:00:00+00:00, run_after=2024-12-03 00:00:00+00:00
[2024-12-03T14:21:02.870+0000] {processor.py:208} INFO - Processing /home/airflow/.local/lib/python3.12/site-packages/airflow/example_dags/example_skip_dag.py took 0.114 seconds
[2024-12-03T14:21:34.332+0000] {processor.py:186} INFO - Started process (PID=384) to work on /home/airflow/.local/lib/python3.12/site-packages/airflow/example_dags/example_skip_dag.py
[2024-12-03T14:21:34.333+0000] {processor.py:914} INFO - Processing file /home/airflow/.local/lib/python3.12/site-packages/airflow/example_dags/example_skip_dag.py for tasks to queue
[2024-12-03T14:21:34.335+0000] {logging_mixin.py:190} INFO - [2024-12-03T14:21:34.335+0000] {dagbag.py:588} INFO - Filling up the DagBag from /home/airflow/.local/lib/python3.12/site-packages/airflow/example_dags/example_skip_dag.py
[2024-12-03T14:21:34.346+0000] {processor.py:925} INFO - DAG(s) 'example_skip_dag' retrieved from /home/airflow/.local/lib/python3.12/site-packages/airflow/example_dags/example_skip_dag.py
[2024-12-03T14:21:34.378+0000] {logging_mixin.py:190} INFO - [2024-12-03T14:21:34.377+0000] {dag.py:3239} INFO - Sync 1 DAGs
[2024-12-03T14:21:34.412+0000] {logging_mixin.py:190} INFO - [2024-12-03T14:21:34.411+0000] {dag.py:4180} INFO - Setting next_dagrun for example_skip_dag to 2024-12-02 00:00:00+00:00, run_after=2024-12-03 00:00:00+00:00
[2024-12-03T14:21:34.443+0000] {processor.py:208} INFO - Processing /home/airflow/.local/lib/python3.12/site-packages/airflow/example_dags/example_skip_dag.py took 0.119 seconds
[2024-12-03T14:22:05.426+0000] {processor.py:186} INFO - Started process (PID=449) to work on /home/airflow/.local/lib/python3.12/site-packages/airflow/example_dags/example_skip_dag.py
[2024-12-03T14:22:05.428+0000] {processor.py:914} INFO - Processing file /home/airflow/.local/lib/python3.12/site-packages/airflow/example_dags/example_skip_dag.py for tasks to queue
[2024-12-03T14:22:05.430+0000] {logging_mixin.py:190} INFO - [2024-12-03T14:22:05.429+0000] {dagbag.py:588} INFO - Filling up the DagBag from /home/airflow/.local/lib/python3.12/site-packages/airflow/example_dags/example_skip_dag.py
[2024-12-03T14:22:05.442+0000] {processor.py:925} INFO - DAG(s) 'example_skip_dag' retrieved from /home/airflow/.local/lib/python3.12/site-packages/airflow/example_dags/example_skip_dag.py
[2024-12-03T14:22:05.480+0000] {logging_mixin.py:190} INFO - [2024-12-03T14:22:05.480+0000] {dag.py:3239} INFO - Sync 1 DAGs
[2024-12-03T14:22:05.532+0000] {logging_mixin.py:190} INFO - [2024-12-03T14:22:05.532+0000] {dag.py:4180} INFO - Setting next_dagrun for example_skip_dag to 2024-12-02 00:00:00+00:00, run_after=2024-12-03 00:00:00+00:00
[2024-12-03T14:22:05.564+0000] {processor.py:208} INFO - Processing /home/airflow/.local/lib/python3.12/site-packages/airflow/example_dags/example_skip_dag.py took 0.146 seconds
[2024-12-03T14:22:36.959+0000] {processor.py:186} INFO - Started process (PID=513) to work on /home/airflow/.local/lib/python3.12/site-packages/airflow/example_dags/example_skip_dag.py
[2024-12-03T14:22:36.960+0000] {processor.py:914} INFO - Processing file /home/airflow/.local/lib/python3.12/site-packages/airflow/example_dags/example_skip_dag.py for tasks to queue
[2024-12-03T14:22:36.963+0000] {logging_mixin.py:190} INFO - [2024-12-03T14:22:36.962+0000] {dagbag.py:588} INFO - Filling up the DagBag from /home/airflow/.local/lib/python3.12/site-packages/airflow/example_dags/example_skip_dag.py
[2024-12-03T14:22:36.975+0000] {processor.py:925} INFO - DAG(s) 'example_skip_dag' retrieved from /home/airflow/.local/lib/python3.12/site-packages/airflow/example_dags/example_skip_dag.py
[2024-12-03T14:22:37.010+0000] {logging_mixin.py:190} INFO - [2024-12-03T14:22:37.009+0000] {dag.py:3239} INFO - Sync 1 DAGs
[2024-12-03T14:22:37.050+0000] {logging_mixin.py:190} INFO - [2024-12-03T14:22:37.050+0000] {dag.py:4180} INFO - Setting next_dagrun for example_skip_dag to 2024-12-02 00:00:00+00:00, run_after=2024-12-03 00:00:00+00:00
[2024-12-03T14:22:37.088+0000] {processor.py:208} INFO - Processing /home/airflow/.local/lib/python3.12/site-packages/airflow/example_dags/example_skip_dag.py took 0.137 seconds
[2024-12-03T14:23:08.248+0000] {processor.py:186} INFO - Started process (PID=577) to work on /home/airflow/.local/lib/python3.12/site-packages/airflow/example_dags/example_skip_dag.py
[2024-12-03T14:23:08.249+0000] {processor.py:914} INFO - Processing file /home/airflow/.local/lib/python3.12/site-packages/airflow/example_dags/example_skip_dag.py for tasks to queue
[2024-12-03T14:23:08.252+0000] {logging_mixin.py:190} INFO - [2024-12-03T14:23:08.251+0000] {dagbag.py:588} INFO - Filling up the DagBag from /home/airflow/.local/lib/python3.12/site-packages/airflow/example_dags/example_skip_dag.py
[2024-12-03T14:23:08.263+0000] {processor.py:925} INFO - DAG(s) 'example_skip_dag' retrieved from /home/airflow/.local/lib/python3.12/site-packages/airflow/example_dags/example_skip_dag.py
[2024-12-03T14:23:08.290+0000] {logging_mixin.py:190} INFO - [2024-12-03T14:23:08.290+0000] {dag.py:3239} INFO - Sync 1 DAGs
[2024-12-03T14:23:08.316+0000] {logging_mixin.py:190} INFO - [2024-12-03T14:23:08.316+0000] {dag.py:4180} INFO - Setting next_dagrun for example_skip_dag to 2024-12-02 00:00:00+00:00, run_after=2024-12-03 00:00:00+00:00
[2024-12-03T14:23:08.344+0000] {processor.py:208} INFO - Processing /home/airflow/.local/lib/python3.12/site-packages/airflow/example_dags/example_skip_dag.py took 0.105 seconds
[2024-12-03T14:23:41.449+0000] {processor.py:186} INFO - Started process (PID=640) to work on /home/airflow/.local/lib/python3.12/site-packages/airflow/example_dags/example_skip_dag.py
[2024-12-03T14:23:41.451+0000] {processor.py:914} INFO - Processing file /home/airflow/.local/lib/python3.12/site-packages/airflow/example_dags/example_skip_dag.py for tasks to queue
[2024-12-03T14:23:41.454+0000] {logging_mixin.py:190} INFO - [2024-12-03T14:23:41.454+0000] {dagbag.py:588} INFO - Filling up the DagBag from /home/airflow/.local/lib/python3.12/site-packages/airflow/example_dags/example_skip_dag.py
[2024-12-03T14:23:41.473+0000] {processor.py:925} INFO - DAG(s) 'example_skip_dag' retrieved from /home/airflow/.local/lib/python3.12/site-packages/airflow/example_dags/example_skip_dag.py
[2024-12-03T14:23:41.514+0000] {logging_mixin.py:190} INFO - [2024-12-03T14:23:41.514+0000] {dag.py:3239} INFO - Sync 1 DAGs
[2024-12-03T14:23:41.559+0000] {logging_mixin.py:190} INFO - [2024-12-03T14:23:41.558+0000] {dag.py:4180} INFO - Setting next_dagrun for example_skip_dag to 2024-12-02 00:00:00+00:00, run_after=2024-12-03 00:00:00+00:00
[2024-12-03T14:23:41.606+0000] {processor.py:208} INFO - Processing /home/airflow/.local/lib/python3.12/site-packages/airflow/example_dags/example_skip_dag.py took 0.167 seconds
[2024-12-03T14:24:11.748+0000] {processor.py:186} INFO - Started process (PID=704) to work on /home/airflow/.local/lib/python3.12/site-packages/airflow/example_dags/example_skip_dag.py
[2024-12-03T14:24:11.749+0000] {processor.py:914} INFO - Processing file /home/airflow/.local/lib/python3.12/site-packages/airflow/example_dags/example_skip_dag.py for tasks to queue
[2024-12-03T14:24:11.750+0000] {logging_mixin.py:190} INFO - [2024-12-03T14:24:11.750+0000] {dagbag.py:588} INFO - Filling up the DagBag from /home/airflow/.local/lib/python3.12/site-packages/airflow/example_dags/example_skip_dag.py
[2024-12-03T14:24:11.767+0000] {processor.py:925} INFO - DAG(s) 'example_skip_dag' retrieved from /home/airflow/.local/lib/python3.12/site-packages/airflow/example_dags/example_skip_dag.py
[2024-12-03T14:24:11.797+0000] {logging_mixin.py:190} INFO - [2024-12-03T14:24:11.797+0000] {dag.py:3239} INFO - Sync 1 DAGs
[2024-12-03T14:24:11.826+0000] {logging_mixin.py:190} INFO - [2024-12-03T14:24:11.826+0000] {dag.py:4180} INFO - Setting next_dagrun for example_skip_dag to 2024-12-02 00:00:00+00:00, run_after=2024-12-03 00:00:00+00:00
[2024-12-03T14:24:11.859+0000] {processor.py:208} INFO - Processing /home/airflow/.local/lib/python3.12/site-packages/airflow/example_dags/example_skip_dag.py took 0.118 seconds
[2024-12-03T14:24:42.362+0000] {processor.py:186} INFO - Started process (PID=767) to work on /home/airflow/.local/lib/python3.12/site-packages/airflow/example_dags/example_skip_dag.py
[2024-12-03T14:24:42.364+0000] {processor.py:914} INFO - Processing file /home/airflow/.local/lib/python3.12/site-packages/airflow/example_dags/example_skip_dag.py for tasks to queue
[2024-12-03T14:24:42.366+0000] {logging_mixin.py:190} INFO - [2024-12-03T14:24:42.365+0000] {dagbag.py:588} INFO - Filling up the DagBag from /home/airflow/.local/lib/python3.12/site-packages/airflow/example_dags/example_skip_dag.py
[2024-12-03T14:24:42.376+0000] {processor.py:925} INFO - DAG(s) 'example_skip_dag' retrieved from /home/airflow/.local/lib/python3.12/site-packages/airflow/example_dags/example_skip_dag.py
[2024-12-03T14:24:42.404+0000] {logging_mixin.py:190} INFO - [2024-12-03T14:24:42.403+0000] {dag.py:3239} INFO - Sync 1 DAGs
[2024-12-03T14:24:42.430+0000] {logging_mixin.py:190} INFO - [2024-12-03T14:24:42.429+0000] {dag.py:4180} INFO - Setting next_dagrun for example_skip_dag to 2024-12-02 00:00:00+00:00, run_after=2024-12-03 00:00:00+00:00
[2024-12-03T14:24:42.463+0000] {processor.py:208} INFO - Processing /home/airflow/.local/lib/python3.12/site-packages/airflow/example_dags/example_skip_dag.py took 0.107 seconds
