[2024-12-03T13:57:11.955+0000] {processor.py:186} INFO - Started process (PID=87) to work on /home/airflow/.local/lib/python3.12/site-packages/airflow/example_dags/example_subdag_operator.py
[2024-12-03T13:57:11.958+0000] {processor.py:914} INFO - Processing file /home/airflow/.local/lib/python3.12/site-packages/airflow/example_dags/example_subdag_operator.py for tasks to queue
[2024-12-03T13:57:11.964+0000] {logging_mixin.py:190} INFO - [2024-12-03T13:57:11.963+0000] {dagbag.py:588} INFO - Filling up the DagBag from /home/airflow/.local/lib/python3.12/site-packages/airflow/example_dags/example_subdag_operator.py
[2024-12-03T13:57:12.128+0000] {processor.py:925} INFO - DAG(s) 'example_subdag_operator.section-1', 'example_subdag_operator.section-2', 'example_subdag_operator' retrieved from /home/airflow/.local/lib/python3.12/site-packages/airflow/example_dags/example_subdag_operator.py
[2024-12-03T13:57:12.316+0000] {logging_mixin.py:190} INFO - [2024-12-03T13:57:12.315+0000] {override.py:1911} INFO - Created Permission View: can delete on DAG:example_subdag_operator
[2024-12-03T13:57:12.338+0000] {logging_mixin.py:190} INFO - [2024-12-03T13:57:12.337+0000] {override.py:1911} INFO - Created Permission View: can read on DAG:example_subdag_operator
[2024-12-03T13:57:12.352+0000] {logging_mixin.py:190} INFO - [2024-12-03T13:57:12.352+0000] {override.py:1911} INFO - Created Permission View: can edit on DAG:example_subdag_operator
[2024-12-03T13:57:12.376+0000] {logging_mixin.py:190} INFO - [2024-12-03T13:57:12.376+0000] {override.py:1911} INFO - Created Permission View: can create on DAG Run:example_subdag_operator
[2024-12-03T13:57:12.396+0000] {logging_mixin.py:190} INFO - [2024-12-03T13:57:12.395+0000] {override.py:1911} INFO - Created Permission View: menu access on DAG Run:example_subdag_operator
[2024-12-03T13:57:12.414+0000] {logging_mixin.py:190} INFO - [2024-12-03T13:57:12.413+0000] {override.py:1911} INFO - Created Permission View: can delete on DAG Run:example_subdag_operator
[2024-12-03T13:57:12.432+0000] {logging_mixin.py:190} INFO - [2024-12-03T13:57:12.431+0000] {override.py:1911} INFO - Created Permission View: can read on DAG Run:example_subdag_operator
[2024-12-03T13:57:12.434+0000] {logging_mixin.py:190} INFO - [2024-12-03T13:57:12.434+0000] {dag.py:3239} INFO - Sync 3 DAGs
[2024-12-03T13:57:12.462+0000] {logging_mixin.py:190} INFO - [2024-12-03T13:57:12.461+0000] {dag.py:3262} INFO - Creating ORM DAG for example_subdag_operator.section-2
[2024-12-03T13:57:12.465+0000] {logging_mixin.py:190} INFO - [2024-12-03T13:57:12.464+0000] {dag.py:3262} INFO - Creating ORM DAG for example_subdag_operator.section-1
[2024-12-03T13:57:12.468+0000] {logging_mixin.py:190} INFO - [2024-12-03T13:57:12.468+0000] {dag.py:3262} INFO - Creating ORM DAG for example_subdag_operator
[2024-12-03T13:57:12.484+0000] {logging_mixin.py:190} INFO - [2024-12-03T13:57:12.483+0000] {dag.py:4180} INFO - Setting next_dagrun for example_subdag_operator to 2022-01-01 00:00:00+00:00, run_after=2022-01-01 00:00:00+00:00
[2024-12-03T13:57:12.486+0000] {logging_mixin.py:190} INFO - [2024-12-03T13:57:12.486+0000] {dag.py:4180} INFO - Setting next_dagrun for example_subdag_operator.section-1 to None, run_after=None
[2024-12-03T13:57:12.488+0000] {logging_mixin.py:190} INFO - [2024-12-03T13:57:12.488+0000] {dag.py:4180} INFO - Setting next_dagrun for example_subdag_operator.section-2 to None, run_after=None
[2024-12-03T13:57:12.509+0000] {logging_mixin.py:190} INFO - [2024-12-03T13:57:12.508+0000] {dag.py:3239} INFO - Sync 2 DAGs
[2024-12-03T13:57:12.522+0000] {logging_mixin.py:190} INFO - [2024-12-03T13:57:12.522+0000] {dag.py:4180} INFO - Setting next_dagrun for example_subdag_operator.section-1 to None, run_after=None
[2024-12-03T13:57:12.531+0000] {logging_mixin.py:190} INFO - [2024-12-03T13:57:12.531+0000] {dag.py:4180} INFO - Setting next_dagrun for example_subdag_operator.section-2 to None, run_after=None
[2024-12-03T13:57:12.560+0000] {processor.py:208} INFO - Processing /home/airflow/.local/lib/python3.12/site-packages/airflow/example_dags/example_subdag_operator.py took 0.613 seconds
[2024-12-03T14:19:31.436+0000] {processor.py:186} INFO - Started process (PID=130) to work on /home/airflow/.local/lib/python3.12/site-packages/airflow/example_dags/example_subdag_operator.py
[2024-12-03T14:19:31.439+0000] {processor.py:914} INFO - Processing file /home/airflow/.local/lib/python3.12/site-packages/airflow/example_dags/example_subdag_operator.py for tasks to queue
[2024-12-03T14:19:31.442+0000] {logging_mixin.py:190} INFO - [2024-12-03T14:19:31.441+0000] {dagbag.py:588} INFO - Filling up the DagBag from /home/airflow/.local/lib/python3.12/site-packages/airflow/example_dags/example_subdag_operator.py
[2024-12-03T14:19:31.494+0000] {processor.py:925} INFO - DAG(s) 'example_subdag_operator.section-1', 'example_subdag_operator.section-2', 'example_subdag_operator' retrieved from /home/airflow/.local/lib/python3.12/site-packages/airflow/example_dags/example_subdag_operator.py
[2024-12-03T14:19:31.641+0000] {logging_mixin.py:190} INFO - [2024-12-03T14:19:31.635+0000] {override.py:1911} INFO - Created Permission View: can read on DAG:example_subdag_operator
[2024-12-03T14:19:31.664+0000] {logging_mixin.py:190} INFO - [2024-12-03T14:19:31.663+0000] {override.py:1911} INFO - Created Permission View: can edit on DAG:example_subdag_operator
[2024-12-03T14:19:31.678+0000] {logging_mixin.py:190} INFO - [2024-12-03T14:19:31.678+0000] {override.py:1911} INFO - Created Permission View: can delete on DAG:example_subdag_operator
[2024-12-03T14:19:31.694+0000] {logging_mixin.py:190} INFO - [2024-12-03T14:19:31.693+0000] {override.py:1911} INFO - Created Permission View: can read on DAG Run:example_subdag_operator
[2024-12-03T14:19:31.710+0000] {logging_mixin.py:190} INFO - [2024-12-03T14:19:31.710+0000] {override.py:1911} INFO - Created Permission View: menu access on DAG Run:example_subdag_operator
[2024-12-03T14:19:31.727+0000] {logging_mixin.py:190} INFO - [2024-12-03T14:19:31.726+0000] {override.py:1911} INFO - Created Permission View: can delete on DAG Run:example_subdag_operator
[2024-12-03T14:19:31.744+0000] {logging_mixin.py:190} INFO - [2024-12-03T14:19:31.744+0000] {override.py:1911} INFO - Created Permission View: can create on DAG Run:example_subdag_operator
[2024-12-03T14:19:31.746+0000] {logging_mixin.py:190} INFO - [2024-12-03T14:19:31.745+0000] {dag.py:3239} INFO - Sync 3 DAGs
[2024-12-03T14:19:31.771+0000] {logging_mixin.py:190} INFO - [2024-12-03T14:19:31.771+0000] {dag.py:3262} INFO - Creating ORM DAG for example_subdag_operator.section-1
[2024-12-03T14:19:31.773+0000] {logging_mixin.py:190} INFO - [2024-12-03T14:19:31.773+0000] {dag.py:3262} INFO - Creating ORM DAG for example_subdag_operator.section-2
[2024-12-03T14:19:31.775+0000] {logging_mixin.py:190} INFO - [2024-12-03T14:19:31.775+0000] {dag.py:3262} INFO - Creating ORM DAG for example_subdag_operator
[2024-12-03T14:19:31.795+0000] {logging_mixin.py:190} INFO - [2024-12-03T14:19:31.795+0000] {dag.py:4180} INFO - Setting next_dagrun for example_subdag_operator to 2022-01-01 00:00:00+00:00, run_after=2022-01-01 00:00:00+00:00
[2024-12-03T14:19:31.798+0000] {logging_mixin.py:190} INFO - [2024-12-03T14:19:31.797+0000] {dag.py:4180} INFO - Setting next_dagrun for example_subdag_operator.section-1 to None, run_after=None
[2024-12-03T14:19:31.799+0000] {logging_mixin.py:190} INFO - [2024-12-03T14:19:31.799+0000] {dag.py:4180} INFO - Setting next_dagrun for example_subdag_operator.section-2 to None, run_after=None
[2024-12-03T14:19:31.820+0000] {logging_mixin.py:190} INFO - [2024-12-03T14:19:31.820+0000] {dag.py:3239} INFO - Sync 2 DAGs
[2024-12-03T14:19:31.836+0000] {logging_mixin.py:190} INFO - [2024-12-03T14:19:31.836+0000] {dag.py:4180} INFO - Setting next_dagrun for example_subdag_operator.section-1 to None, run_after=None
[2024-12-03T14:19:31.843+0000] {logging_mixin.py:190} INFO - [2024-12-03T14:19:31.843+0000] {dag.py:4180} INFO - Setting next_dagrun for example_subdag_operator.section-2 to None, run_after=None
[2024-12-03T14:19:31.871+0000] {processor.py:208} INFO - Processing /home/airflow/.local/lib/python3.12/site-packages/airflow/example_dags/example_subdag_operator.py took 0.449 seconds
[2024-12-03T14:20:02.507+0000] {processor.py:186} INFO - Started process (PID=194) to work on /home/airflow/.local/lib/python3.12/site-packages/airflow/example_dags/example_subdag_operator.py
[2024-12-03T14:20:02.509+0000] {processor.py:914} INFO - Processing file /home/airflow/.local/lib/python3.12/site-packages/airflow/example_dags/example_subdag_operator.py for tasks to queue
[2024-12-03T14:20:02.511+0000] {logging_mixin.py:190} INFO - [2024-12-03T14:20:02.510+0000] {dagbag.py:588} INFO - Filling up the DagBag from /home/airflow/.local/lib/python3.12/site-packages/airflow/example_dags/example_subdag_operator.py
[2024-12-03T14:20:02.540+0000] {processor.py:925} INFO - DAG(s) 'example_subdag_operator.section-1', 'example_subdag_operator.section-2', 'example_subdag_operator' retrieved from /home/airflow/.local/lib/python3.12/site-packages/airflow/example_dags/example_subdag_operator.py
[2024-12-03T14:20:02.559+0000] {logging_mixin.py:190} INFO - [2024-12-03T14:20:02.559+0000] {dag.py:3239} INFO - Sync 3 DAGs
[2024-12-03T14:20:02.591+0000] {logging_mixin.py:190} INFO - [2024-12-03T14:20:02.591+0000] {dag.py:4180} INFO - Setting next_dagrun for example_subdag_operator to 2022-01-01 00:00:00+00:00, run_after=2022-01-01 00:00:00+00:00
[2024-12-03T14:20:02.598+0000] {logging_mixin.py:190} INFO - [2024-12-03T14:20:02.597+0000] {dag.py:4180} INFO - Setting next_dagrun for example_subdag_operator.section-1 to None, run_after=None
[2024-12-03T14:20:02.601+0000] {logging_mixin.py:190} INFO - [2024-12-03T14:20:02.601+0000] {dag.py:4180} INFO - Setting next_dagrun for example_subdag_operator.section-2 to None, run_after=None
[2024-12-03T14:20:02.612+0000] {logging_mixin.py:190} INFO - [2024-12-03T14:20:02.611+0000] {dag.py:3239} INFO - Sync 2 DAGs
[2024-12-03T14:20:02.627+0000] {logging_mixin.py:190} INFO - [2024-12-03T14:20:02.627+0000] {dag.py:4180} INFO - Setting next_dagrun for example_subdag_operator.section-1 to None, run_after=None
[2024-12-03T14:20:02.628+0000] {logging_mixin.py:190} INFO - [2024-12-03T14:20:02.628+0000] {dag.py:4180} INFO - Setting next_dagrun for example_subdag_operator.section-2 to None, run_after=None
[2024-12-03T14:20:02.645+0000] {processor.py:208} INFO - Processing /home/airflow/.local/lib/python3.12/site-packages/airflow/example_dags/example_subdag_operator.py took 0.143 seconds
[2024-12-03T14:20:33.067+0000] {processor.py:186} INFO - Started process (PID=257) to work on /home/airflow/.local/lib/python3.12/site-packages/airflow/example_dags/example_subdag_operator.py
[2024-12-03T14:20:33.068+0000] {processor.py:914} INFO - Processing file /home/airflow/.local/lib/python3.12/site-packages/airflow/example_dags/example_subdag_operator.py for tasks to queue
[2024-12-03T14:20:33.071+0000] {logging_mixin.py:190} INFO - [2024-12-03T14:20:33.071+0000] {dagbag.py:588} INFO - Filling up the DagBag from /home/airflow/.local/lib/python3.12/site-packages/airflow/example_dags/example_subdag_operator.py
[2024-12-03T14:20:33.114+0000] {processor.py:925} INFO - DAG(s) 'example_subdag_operator.section-1', 'example_subdag_operator.section-2', 'example_subdag_operator' retrieved from /home/airflow/.local/lib/python3.12/site-packages/airflow/example_dags/example_subdag_operator.py
[2024-12-03T14:20:33.141+0000] {logging_mixin.py:190} INFO - [2024-12-03T14:20:33.140+0000] {dag.py:3239} INFO - Sync 3 DAGs
[2024-12-03T14:20:33.189+0000] {logging_mixin.py:190} INFO - [2024-12-03T14:20:33.189+0000] {dag.py:4180} INFO - Setting next_dagrun for example_subdag_operator to 2022-01-01 00:00:00+00:00, run_after=2022-01-01 00:00:00+00:00
[2024-12-03T14:20:33.199+0000] {logging_mixin.py:190} INFO - [2024-12-03T14:20:33.198+0000] {dag.py:4180} INFO - Setting next_dagrun for example_subdag_operator.section-1 to None, run_after=None
[2024-12-03T14:20:33.203+0000] {logging_mixin.py:190} INFO - [2024-12-03T14:20:33.202+0000] {dag.py:4180} INFO - Setting next_dagrun for example_subdag_operator.section-2 to None, run_after=None
[2024-12-03T14:20:33.221+0000] {logging_mixin.py:190} INFO - [2024-12-03T14:20:33.220+0000] {dag.py:3239} INFO - Sync 2 DAGs
[2024-12-03T14:20:33.235+0000] {logging_mixin.py:190} INFO - [2024-12-03T14:20:33.235+0000] {dag.py:4180} INFO - Setting next_dagrun for example_subdag_operator.section-1 to None, run_after=None
[2024-12-03T14:20:33.237+0000] {logging_mixin.py:190} INFO - [2024-12-03T14:20:33.237+0000] {dag.py:4180} INFO - Setting next_dagrun for example_subdag_operator.section-2 to None, run_after=None
[2024-12-03T14:20:33.271+0000] {processor.py:208} INFO - Processing /home/airflow/.local/lib/python3.12/site-packages/airflow/example_dags/example_subdag_operator.py took 0.212 seconds
[2024-12-03T14:21:03.605+0000] {processor.py:186} INFO - Started process (PID=321) to work on /home/airflow/.local/lib/python3.12/site-packages/airflow/example_dags/example_subdag_operator.py
[2024-12-03T14:21:03.606+0000] {processor.py:914} INFO - Processing file /home/airflow/.local/lib/python3.12/site-packages/airflow/example_dags/example_subdag_operator.py for tasks to queue
[2024-12-03T14:21:03.608+0000] {logging_mixin.py:190} INFO - [2024-12-03T14:21:03.608+0000] {dagbag.py:588} INFO - Filling up the DagBag from /home/airflow/.local/lib/python3.12/site-packages/airflow/example_dags/example_subdag_operator.py
[2024-12-03T14:21:03.637+0000] {processor.py:925} INFO - DAG(s) 'example_subdag_operator.section-1', 'example_subdag_operator.section-2', 'example_subdag_operator' retrieved from /home/airflow/.local/lib/python3.12/site-packages/airflow/example_dags/example_subdag_operator.py
[2024-12-03T14:21:03.655+0000] {logging_mixin.py:190} INFO - [2024-12-03T14:21:03.655+0000] {dag.py:3239} INFO - Sync 3 DAGs
[2024-12-03T14:21:03.684+0000] {logging_mixin.py:190} INFO - [2024-12-03T14:21:03.683+0000] {dag.py:4180} INFO - Setting next_dagrun for example_subdag_operator to 2022-01-01 00:00:00+00:00, run_after=2022-01-01 00:00:00+00:00
[2024-12-03T14:21:03.689+0000] {logging_mixin.py:190} INFO - [2024-12-03T14:21:03.689+0000] {dag.py:4180} INFO - Setting next_dagrun for example_subdag_operator.section-1 to None, run_after=None
[2024-12-03T14:21:03.691+0000] {logging_mixin.py:190} INFO - [2024-12-03T14:21:03.691+0000] {dag.py:4180} INFO - Setting next_dagrun for example_subdag_operator.section-2 to None, run_after=None
[2024-12-03T14:21:03.702+0000] {logging_mixin.py:190} INFO - [2024-12-03T14:21:03.702+0000] {dag.py:3239} INFO - Sync 2 DAGs
[2024-12-03T14:21:03.711+0000] {logging_mixin.py:190} INFO - [2024-12-03T14:21:03.711+0000] {dag.py:4180} INFO - Setting next_dagrun for example_subdag_operator.section-1 to None, run_after=None
[2024-12-03T14:21:03.712+0000] {logging_mixin.py:190} INFO - [2024-12-03T14:21:03.712+0000] {dag.py:4180} INFO - Setting next_dagrun for example_subdag_operator.section-2 to None, run_after=None
[2024-12-03T14:21:03.733+0000] {processor.py:208} INFO - Processing /home/airflow/.local/lib/python3.12/site-packages/airflow/example_dags/example_subdag_operator.py took 0.132 seconds
[2024-12-03T14:21:34.496+0000] {processor.py:186} INFO - Started process (PID=385) to work on /home/airflow/.local/lib/python3.12/site-packages/airflow/example_dags/example_subdag_operator.py
[2024-12-03T14:21:34.497+0000] {processor.py:914} INFO - Processing file /home/airflow/.local/lib/python3.12/site-packages/airflow/example_dags/example_subdag_operator.py for tasks to queue
[2024-12-03T14:21:34.499+0000] {logging_mixin.py:190} INFO - [2024-12-03T14:21:34.498+0000] {dagbag.py:588} INFO - Filling up the DagBag from /home/airflow/.local/lib/python3.12/site-packages/airflow/example_dags/example_subdag_operator.py
[2024-12-03T14:21:34.535+0000] {processor.py:925} INFO - DAG(s) 'example_subdag_operator.section-1', 'example_subdag_operator.section-2', 'example_subdag_operator' retrieved from /home/airflow/.local/lib/python3.12/site-packages/airflow/example_dags/example_subdag_operator.py
[2024-12-03T14:21:34.553+0000] {logging_mixin.py:190} INFO - [2024-12-03T14:21:34.553+0000] {dag.py:3239} INFO - Sync 3 DAGs
[2024-12-03T14:21:34.584+0000] {logging_mixin.py:190} INFO - [2024-12-03T14:21:34.583+0000] {dag.py:4180} INFO - Setting next_dagrun for example_subdag_operator to 2022-01-01 00:00:00+00:00, run_after=2022-01-01 00:00:00+00:00
[2024-12-03T14:21:34.590+0000] {logging_mixin.py:190} INFO - [2024-12-03T14:21:34.590+0000] {dag.py:4180} INFO - Setting next_dagrun for example_subdag_operator.section-1 to None, run_after=None
[2024-12-03T14:21:34.594+0000] {logging_mixin.py:190} INFO - [2024-12-03T14:21:34.593+0000] {dag.py:4180} INFO - Setting next_dagrun for example_subdag_operator.section-2 to None, run_after=None
[2024-12-03T14:21:34.605+0000] {logging_mixin.py:190} INFO - [2024-12-03T14:21:34.604+0000] {dag.py:3239} INFO - Sync 2 DAGs
[2024-12-03T14:21:34.614+0000] {logging_mixin.py:190} INFO - [2024-12-03T14:21:34.613+0000] {dag.py:4180} INFO - Setting next_dagrun for example_subdag_operator.section-1 to None, run_after=None
[2024-12-03T14:21:34.615+0000] {logging_mixin.py:190} INFO - [2024-12-03T14:21:34.614+0000] {dag.py:4180} INFO - Setting next_dagrun for example_subdag_operator.section-2 to None, run_after=None
[2024-12-03T14:21:34.634+0000] {processor.py:208} INFO - Processing /home/airflow/.local/lib/python3.12/site-packages/airflow/example_dags/example_subdag_operator.py took 0.144 seconds
[2024-12-03T14:22:05.623+0000] {processor.py:186} INFO - Started process (PID=450) to work on /home/airflow/.local/lib/python3.12/site-packages/airflow/example_dags/example_subdag_operator.py
[2024-12-03T14:22:05.624+0000] {processor.py:914} INFO - Processing file /home/airflow/.local/lib/python3.12/site-packages/airflow/example_dags/example_subdag_operator.py for tasks to queue
[2024-12-03T14:22:05.626+0000] {logging_mixin.py:190} INFO - [2024-12-03T14:22:05.626+0000] {dagbag.py:588} INFO - Filling up the DagBag from /home/airflow/.local/lib/python3.12/site-packages/airflow/example_dags/example_subdag_operator.py
[2024-12-03T14:22:05.670+0000] {processor.py:925} INFO - DAG(s) 'example_subdag_operator.section-1', 'example_subdag_operator.section-2', 'example_subdag_operator' retrieved from /home/airflow/.local/lib/python3.12/site-packages/airflow/example_dags/example_subdag_operator.py
[2024-12-03T14:22:05.691+0000] {logging_mixin.py:190} INFO - [2024-12-03T14:22:05.690+0000] {dag.py:3239} INFO - Sync 3 DAGs
[2024-12-03T14:22:05.726+0000] {logging_mixin.py:190} INFO - [2024-12-03T14:22:05.725+0000] {dag.py:4180} INFO - Setting next_dagrun for example_subdag_operator to 2022-01-01 00:00:00+00:00, run_after=2022-01-01 00:00:00+00:00
[2024-12-03T14:22:05.733+0000] {logging_mixin.py:190} INFO - [2024-12-03T14:22:05.732+0000] {dag.py:4180} INFO - Setting next_dagrun for example_subdag_operator.section-1 to None, run_after=None
[2024-12-03T14:22:05.736+0000] {logging_mixin.py:190} INFO - [2024-12-03T14:22:05.736+0000] {dag.py:4180} INFO - Setting next_dagrun for example_subdag_operator.section-2 to None, run_after=None
[2024-12-03T14:22:05.750+0000] {logging_mixin.py:190} INFO - [2024-12-03T14:22:05.749+0000] {dag.py:3239} INFO - Sync 2 DAGs
[2024-12-03T14:22:05.761+0000] {logging_mixin.py:190} INFO - [2024-12-03T14:22:05.761+0000] {dag.py:4180} INFO - Setting next_dagrun for example_subdag_operator.section-1 to None, run_after=None
[2024-12-03T14:22:05.762+0000] {logging_mixin.py:190} INFO - [2024-12-03T14:22:05.762+0000] {dag.py:4180} INFO - Setting next_dagrun for example_subdag_operator.section-2 to None, run_after=None
[2024-12-03T14:22:05.783+0000] {processor.py:208} INFO - Processing /home/airflow/.local/lib/python3.12/site-packages/airflow/example_dags/example_subdag_operator.py took 0.167 seconds
[2024-12-03T14:22:37.159+0000] {processor.py:186} INFO - Started process (PID=514) to work on /home/airflow/.local/lib/python3.12/site-packages/airflow/example_dags/example_subdag_operator.py
[2024-12-03T14:22:37.160+0000] {processor.py:914} INFO - Processing file /home/airflow/.local/lib/python3.12/site-packages/airflow/example_dags/example_subdag_operator.py for tasks to queue
[2024-12-03T14:22:37.162+0000] {logging_mixin.py:190} INFO - [2024-12-03T14:22:37.161+0000] {dagbag.py:588} INFO - Filling up the DagBag from /home/airflow/.local/lib/python3.12/site-packages/airflow/example_dags/example_subdag_operator.py
[2024-12-03T14:22:37.204+0000] {processor.py:925} INFO - DAG(s) 'example_subdag_operator.section-1', 'example_subdag_operator.section-2', 'example_subdag_operator' retrieved from /home/airflow/.local/lib/python3.12/site-packages/airflow/example_dags/example_subdag_operator.py
[2024-12-03T14:22:37.226+0000] {logging_mixin.py:190} INFO - [2024-12-03T14:22:37.226+0000] {dag.py:3239} INFO - Sync 3 DAGs
[2024-12-03T14:22:37.263+0000] {logging_mixin.py:190} INFO - [2024-12-03T14:22:37.262+0000] {dag.py:4180} INFO - Setting next_dagrun for example_subdag_operator to 2022-01-01 00:00:00+00:00, run_after=2022-01-01 00:00:00+00:00
[2024-12-03T14:22:37.269+0000] {logging_mixin.py:190} INFO - [2024-12-03T14:22:37.269+0000] {dag.py:4180} INFO - Setting next_dagrun for example_subdag_operator.section-1 to None, run_after=None
[2024-12-03T14:22:37.273+0000] {logging_mixin.py:190} INFO - [2024-12-03T14:22:37.273+0000] {dag.py:4180} INFO - Setting next_dagrun for example_subdag_operator.section-2 to None, run_after=None
[2024-12-03T14:22:37.287+0000] {logging_mixin.py:190} INFO - [2024-12-03T14:22:37.286+0000] {dag.py:3239} INFO - Sync 2 DAGs
[2024-12-03T14:22:37.297+0000] {logging_mixin.py:190} INFO - [2024-12-03T14:22:37.296+0000] {dag.py:4180} INFO - Setting next_dagrun for example_subdag_operator.section-1 to None, run_after=None
[2024-12-03T14:22:37.298+0000] {logging_mixin.py:190} INFO - [2024-12-03T14:22:37.298+0000] {dag.py:4180} INFO - Setting next_dagrun for example_subdag_operator.section-2 to None, run_after=None
[2024-12-03T14:22:37.322+0000] {processor.py:208} INFO - Processing /home/airflow/.local/lib/python3.12/site-packages/airflow/example_dags/example_subdag_operator.py took 0.171 seconds
[2024-12-03T14:23:08.394+0000] {processor.py:186} INFO - Started process (PID=578) to work on /home/airflow/.local/lib/python3.12/site-packages/airflow/example_dags/example_subdag_operator.py
[2024-12-03T14:23:08.395+0000] {processor.py:914} INFO - Processing file /home/airflow/.local/lib/python3.12/site-packages/airflow/example_dags/example_subdag_operator.py for tasks to queue
[2024-12-03T14:23:08.397+0000] {logging_mixin.py:190} INFO - [2024-12-03T14:23:08.397+0000] {dagbag.py:588} INFO - Filling up the DagBag from /home/airflow/.local/lib/python3.12/site-packages/airflow/example_dags/example_subdag_operator.py
[2024-12-03T14:23:08.429+0000] {processor.py:925} INFO - DAG(s) 'example_subdag_operator.section-1', 'example_subdag_operator.section-2', 'example_subdag_operator' retrieved from /home/airflow/.local/lib/python3.12/site-packages/airflow/example_dags/example_subdag_operator.py
[2024-12-03T14:23:08.446+0000] {logging_mixin.py:190} INFO - [2024-12-03T14:23:08.446+0000] {dag.py:3239} INFO - Sync 3 DAGs
[2024-12-03T14:23:08.475+0000] {logging_mixin.py:190} INFO - [2024-12-03T14:23:08.474+0000] {dag.py:4180} INFO - Setting next_dagrun for example_subdag_operator to 2022-01-01 00:00:00+00:00, run_after=2022-01-01 00:00:00+00:00
[2024-12-03T14:23:08.480+0000] {logging_mixin.py:190} INFO - [2024-12-03T14:23:08.480+0000] {dag.py:4180} INFO - Setting next_dagrun for example_subdag_operator.section-1 to None, run_after=None
[2024-12-03T14:23:08.482+0000] {logging_mixin.py:190} INFO - [2024-12-03T14:23:08.482+0000] {dag.py:4180} INFO - Setting next_dagrun for example_subdag_operator.section-2 to None, run_after=None
[2024-12-03T14:23:08.493+0000] {logging_mixin.py:190} INFO - [2024-12-03T14:23:08.493+0000] {dag.py:3239} INFO - Sync 2 DAGs
[2024-12-03T14:23:08.502+0000] {logging_mixin.py:190} INFO - [2024-12-03T14:23:08.501+0000] {dag.py:4180} INFO - Setting next_dagrun for example_subdag_operator.section-1 to None, run_after=None
[2024-12-03T14:23:08.503+0000] {logging_mixin.py:190} INFO - [2024-12-03T14:23:08.503+0000] {dag.py:4180} INFO - Setting next_dagrun for example_subdag_operator.section-2 to None, run_after=None
[2024-12-03T14:23:08.525+0000] {processor.py:208} INFO - Processing /home/airflow/.local/lib/python3.12/site-packages/airflow/example_dags/example_subdag_operator.py took 0.136 seconds
[2024-12-03T14:23:43.382+0000] {processor.py:186} INFO - Started process (PID=643) to work on /home/airflow/.local/lib/python3.12/site-packages/airflow/example_dags/example_subdag_operator.py
[2024-12-03T14:23:43.384+0000] {processor.py:914} INFO - Processing file /home/airflow/.local/lib/python3.12/site-packages/airflow/example_dags/example_subdag_operator.py for tasks to queue
[2024-12-03T14:23:43.387+0000] {logging_mixin.py:190} INFO - [2024-12-03T14:23:43.386+0000] {dagbag.py:588} INFO - Filling up the DagBag from /home/airflow/.local/lib/python3.12/site-packages/airflow/example_dags/example_subdag_operator.py
[2024-12-03T14:23:43.427+0000] {processor.py:925} INFO - DAG(s) 'example_subdag_operator.section-1', 'example_subdag_operator.section-2', 'example_subdag_operator' retrieved from /home/airflow/.local/lib/python3.12/site-packages/airflow/example_dags/example_subdag_operator.py
[2024-12-03T14:23:43.451+0000] {logging_mixin.py:190} INFO - [2024-12-03T14:23:43.451+0000] {dag.py:3239} INFO - Sync 3 DAGs
[2024-12-03T14:23:43.484+0000] {logging_mixin.py:190} INFO - [2024-12-03T14:23:43.483+0000] {dag.py:4180} INFO - Setting next_dagrun for example_subdag_operator to 2022-01-01 00:00:00+00:00, run_after=2022-01-01 00:00:00+00:00
[2024-12-03T14:23:43.490+0000] {logging_mixin.py:190} INFO - [2024-12-03T14:23:43.490+0000] {dag.py:4180} INFO - Setting next_dagrun for example_subdag_operator.section-1 to None, run_after=None
[2024-12-03T14:23:43.493+0000] {logging_mixin.py:190} INFO - [2024-12-03T14:23:43.493+0000] {dag.py:4180} INFO - Setting next_dagrun for example_subdag_operator.section-2 to None, run_after=None
[2024-12-03T14:23:43.504+0000] {logging_mixin.py:190} INFO - [2024-12-03T14:23:43.504+0000] {dag.py:3239} INFO - Sync 2 DAGs
[2024-12-03T14:23:43.513+0000] {logging_mixin.py:190} INFO - [2024-12-03T14:23:43.513+0000] {dag.py:4180} INFO - Setting next_dagrun for example_subdag_operator.section-1 to None, run_after=None
[2024-12-03T14:23:43.514+0000] {logging_mixin.py:190} INFO - [2024-12-03T14:23:43.514+0000] {dag.py:4180} INFO - Setting next_dagrun for example_subdag_operator.section-2 to None, run_after=None
[2024-12-03T14:23:43.532+0000] {processor.py:208} INFO - Processing /home/airflow/.local/lib/python3.12/site-packages/airflow/example_dags/example_subdag_operator.py took 0.156 seconds
[2024-12-03T14:24:16.121+0000] {processor.py:186} INFO - Started process (PID=707) to work on /home/airflow/.local/lib/python3.12/site-packages/airflow/example_dags/example_subdag_operator.py
[2024-12-03T14:24:16.122+0000] {processor.py:914} INFO - Processing file /home/airflow/.local/lib/python3.12/site-packages/airflow/example_dags/example_subdag_operator.py for tasks to queue
[2024-12-03T14:24:16.124+0000] {logging_mixin.py:190} INFO - [2024-12-03T14:24:16.124+0000] {dagbag.py:588} INFO - Filling up the DagBag from /home/airflow/.local/lib/python3.12/site-packages/airflow/example_dags/example_subdag_operator.py
[2024-12-03T14:24:16.164+0000] {processor.py:925} INFO - DAG(s) 'example_subdag_operator.section-1', 'example_subdag_operator.section-2', 'example_subdag_operator' retrieved from /home/airflow/.local/lib/python3.12/site-packages/airflow/example_dags/example_subdag_operator.py
[2024-12-03T14:24:16.193+0000] {logging_mixin.py:190} INFO - [2024-12-03T14:24:16.192+0000] {dag.py:3239} INFO - Sync 3 DAGs
[2024-12-03T14:24:16.227+0000] {logging_mixin.py:190} INFO - [2024-12-03T14:24:16.226+0000] {dag.py:4180} INFO - Setting next_dagrun for example_subdag_operator to 2022-01-01 00:00:00+00:00, run_after=2022-01-01 00:00:00+00:00
[2024-12-03T14:24:16.233+0000] {logging_mixin.py:190} INFO - [2024-12-03T14:24:16.232+0000] {dag.py:4180} INFO - Setting next_dagrun for example_subdag_operator.section-1 to None, run_after=None
[2024-12-03T14:24:16.236+0000] {logging_mixin.py:190} INFO - [2024-12-03T14:24:16.236+0000] {dag.py:4180} INFO - Setting next_dagrun for example_subdag_operator.section-2 to None, run_after=None
[2024-12-03T14:24:16.248+0000] {logging_mixin.py:190} INFO - [2024-12-03T14:24:16.247+0000] {dag.py:3239} INFO - Sync 2 DAGs
[2024-12-03T14:24:16.258+0000] {logging_mixin.py:190} INFO - [2024-12-03T14:24:16.258+0000] {dag.py:4180} INFO - Setting next_dagrun for example_subdag_operator.section-1 to None, run_after=None
[2024-12-03T14:24:16.259+0000] {logging_mixin.py:190} INFO - [2024-12-03T14:24:16.259+0000] {dag.py:4180} INFO - Setting next_dagrun for example_subdag_operator.section-2 to None, run_after=None
[2024-12-03T14:24:16.279+0000] {processor.py:208} INFO - Processing /home/airflow/.local/lib/python3.12/site-packages/airflow/example_dags/example_subdag_operator.py took 0.165 seconds
[2024-12-03T14:24:48.946+0000] {processor.py:186} INFO - Started process (PID=771) to work on /home/airflow/.local/lib/python3.12/site-packages/airflow/example_dags/example_subdag_operator.py
[2024-12-03T14:24:48.948+0000] {processor.py:914} INFO - Processing file /home/airflow/.local/lib/python3.12/site-packages/airflow/example_dags/example_subdag_operator.py for tasks to queue
[2024-12-03T14:24:48.952+0000] {logging_mixin.py:190} INFO - [2024-12-03T14:24:48.951+0000] {dagbag.py:588} INFO - Filling up the DagBag from /home/airflow/.local/lib/python3.12/site-packages/airflow/example_dags/example_subdag_operator.py
[2024-12-03T14:24:49.021+0000] {processor.py:925} INFO - DAG(s) 'example_subdag_operator.section-1', 'example_subdag_operator.section-2', 'example_subdag_operator' retrieved from /home/airflow/.local/lib/python3.12/site-packages/airflow/example_dags/example_subdag_operator.py
[2024-12-03T14:24:49.057+0000] {logging_mixin.py:190} INFO - [2024-12-03T14:24:49.057+0000] {dag.py:3239} INFO - Sync 3 DAGs
[2024-12-03T14:24:49.113+0000] {logging_mixin.py:190} INFO - [2024-12-03T14:24:49.112+0000] {dag.py:4180} INFO - Setting next_dagrun for example_subdag_operator to 2022-01-01 00:00:00+00:00, run_after=2022-01-01 00:00:00+00:00
[2024-12-03T14:24:49.126+0000] {logging_mixin.py:190} INFO - [2024-12-03T14:24:49.124+0000] {dag.py:4180} INFO - Setting next_dagrun for example_subdag_operator.section-1 to None, run_after=None
[2024-12-03T14:24:49.132+0000] {logging_mixin.py:190} INFO - [2024-12-03T14:24:49.130+0000] {dag.py:4180} INFO - Setting next_dagrun for example_subdag_operator.section-2 to None, run_after=None
[2024-12-03T14:24:49.154+0000] {logging_mixin.py:190} INFO - [2024-12-03T14:24:49.153+0000] {dag.py:3239} INFO - Sync 2 DAGs
[2024-12-03T14:24:49.170+0000] {logging_mixin.py:190} INFO - [2024-12-03T14:24:49.169+0000] {dag.py:4180} INFO - Setting next_dagrun for example_subdag_operator.section-1 to None, run_after=None
[2024-12-03T14:24:49.172+0000] {logging_mixin.py:190} INFO - [2024-12-03T14:24:49.171+0000] {dag.py:4180} INFO - Setting next_dagrun for example_subdag_operator.section-2 to None, run_after=None
[2024-12-03T14:24:49.207+0000] {processor.py:208} INFO - Processing /home/airflow/.local/lib/python3.12/site-packages/airflow/example_dags/example_subdag_operator.py took 0.278 seconds
