[2024-12-03T13:57:17.662+0000] {processor.py:186} INFO - Started process (PID=105) to work on /home/airflow/.local/lib/python3.12/site-packages/airflow/example_dags/example_python_decorator.py
[2024-12-03T13:57:17.664+0000] {processor.py:914} INFO - Processing file /home/airflow/.local/lib/python3.12/site-packages/airflow/example_dags/example_python_decorator.py for tasks to queue
[2024-12-03T13:57:17.669+0000] {logging_mixin.py:190} INFO - [2024-12-03T13:57:17.669+0000] {dagbag.py:588} INFO - Filling up the DagBag from /home/airflow/.local/lib/python3.12/site-packages/airflow/example_dags/example_python_decorator.py
[2024-12-03T13:57:17.699+0000] {processor.py:925} INFO - DAG(s) 'example_python_decorator' retrieved from /home/airflow/.local/lib/python3.12/site-packages/airflow/example_dags/example_python_decorator.py
[2024-12-03T13:57:17.817+0000] {logging_mixin.py:190} INFO - [2024-12-03T13:57:17.816+0000] {override.py:1911} INFO - Created Permission View: can delete on DAG:example_python_decorator
[2024-12-03T13:57:17.833+0000] {logging_mixin.py:190} INFO - [2024-12-03T13:57:17.833+0000] {override.py:1911} INFO - Created Permission View: can read on DAG:example_python_decorator
[2024-12-03T13:57:17.846+0000] {logging_mixin.py:190} INFO - [2024-12-03T13:57:17.845+0000] {override.py:1911} INFO - Created Permission View: can edit on DAG:example_python_decorator
[2024-12-03T13:57:17.862+0000] {logging_mixin.py:190} INFO - [2024-12-03T13:57:17.861+0000] {override.py:1911} INFO - Created Permission View: can create on DAG Run:example_python_decorator
[2024-12-03T13:57:17.875+0000] {logging_mixin.py:190} INFO - [2024-12-03T13:57:17.874+0000] {override.py:1911} INFO - Created Permission View: menu access on DAG Run:example_python_decorator
[2024-12-03T13:57:17.886+0000] {logging_mixin.py:190} INFO - [2024-12-03T13:57:17.886+0000] {override.py:1911} INFO - Created Permission View: can delete on DAG Run:example_python_decorator
[2024-12-03T13:57:17.898+0000] {logging_mixin.py:190} INFO - [2024-12-03T13:57:17.898+0000] {override.py:1911} INFO - Created Permission View: can read on DAG Run:example_python_decorator
[2024-12-03T13:57:17.900+0000] {logging_mixin.py:190} INFO - [2024-12-03T13:57:17.900+0000] {dag.py:3239} INFO - Sync 1 DAGs
[2024-12-03T13:57:17.916+0000] {logging_mixin.py:190} INFO - [2024-12-03T13:57:17.916+0000] {dag.py:3262} INFO - Creating ORM DAG for example_python_decorator
[2024-12-03T13:57:17.918+0000] {logging_mixin.py:190} INFO - [2024-12-03T13:57:17.918+0000] {dag.py:4180} INFO - Setting next_dagrun for example_python_decorator to None, run_after=None
[2024-12-03T13:57:17.942+0000] {processor.py:208} INFO - Processing /home/airflow/.local/lib/python3.12/site-packages/airflow/example_dags/example_python_decorator.py took 0.286 seconds
[2024-12-03T14:19:15.069+0000] {processor.py:186} INFO - Started process (PID=90) to work on /home/airflow/.local/lib/python3.12/site-packages/airflow/example_dags/example_python_decorator.py
[2024-12-03T14:19:15.071+0000] {processor.py:914} INFO - Processing file /home/airflow/.local/lib/python3.12/site-packages/airflow/example_dags/example_python_decorator.py for tasks to queue
[2024-12-03T14:19:15.073+0000] {logging_mixin.py:190} INFO - [2024-12-03T14:19:15.072+0000] {dagbag.py:588} INFO - Filling up the DagBag from /home/airflow/.local/lib/python3.12/site-packages/airflow/example_dags/example_python_decorator.py
[2024-12-03T14:19:15.093+0000] {processor.py:925} INFO - DAG(s) 'example_python_decorator' retrieved from /home/airflow/.local/lib/python3.12/site-packages/airflow/example_dags/example_python_decorator.py
[2024-12-03T14:19:15.535+0000] {logging_mixin.py:190} INFO - [2024-12-03T14:19:15.526+0000] {override.py:1911} INFO - Created Permission View: can read on DAG:example_python_decorator
[2024-12-03T14:19:15.560+0000] {logging_mixin.py:190} INFO - [2024-12-03T14:19:15.559+0000] {override.py:1911} INFO - Created Permission View: can edit on DAG:example_python_decorator
[2024-12-03T14:19:15.577+0000] {logging_mixin.py:190} INFO - [2024-12-03T14:19:15.576+0000] {override.py:1911} INFO - Created Permission View: can delete on DAG:example_python_decorator
[2024-12-03T14:19:15.595+0000] {logging_mixin.py:190} INFO - [2024-12-03T14:19:15.595+0000] {override.py:1911} INFO - Created Permission View: can read on DAG Run:example_python_decorator
[2024-12-03T14:19:15.609+0000] {logging_mixin.py:190} INFO - [2024-12-03T14:19:15.609+0000] {override.py:1911} INFO - Created Permission View: menu access on DAG Run:example_python_decorator
[2024-12-03T14:19:15.623+0000] {logging_mixin.py:190} INFO - [2024-12-03T14:19:15.623+0000] {override.py:1911} INFO - Created Permission View: can delete on DAG Run:example_python_decorator
[2024-12-03T14:19:15.637+0000] {logging_mixin.py:190} INFO - [2024-12-03T14:19:15.637+0000] {override.py:1911} INFO - Created Permission View: can create on DAG Run:example_python_decorator
[2024-12-03T14:19:15.639+0000] {logging_mixin.py:190} INFO - [2024-12-03T14:19:15.639+0000] {dag.py:3239} INFO - Sync 1 DAGs
[2024-12-03T14:19:15.674+0000] {logging_mixin.py:190} INFO - [2024-12-03T14:19:15.673+0000] {dag.py:3262} INFO - Creating ORM DAG for example_python_decorator
[2024-12-03T14:19:15.676+0000] {logging_mixin.py:190} INFO - [2024-12-03T14:19:15.676+0000] {dag.py:4180} INFO - Setting next_dagrun for example_python_decorator to None, run_after=None
[2024-12-03T14:19:15.720+0000] {processor.py:208} INFO - Processing /home/airflow/.local/lib/python3.12/site-packages/airflow/example_dags/example_python_decorator.py took 0.659 seconds
[2024-12-03T14:19:46.562+0000] {processor.py:186} INFO - Started process (PID=154) to work on /home/airflow/.local/lib/python3.12/site-packages/airflow/example_dags/example_python_decorator.py
[2024-12-03T14:19:46.565+0000] {processor.py:914} INFO - Processing file /home/airflow/.local/lib/python3.12/site-packages/airflow/example_dags/example_python_decorator.py for tasks to queue
[2024-12-03T14:19:46.568+0000] {logging_mixin.py:190} INFO - [2024-12-03T14:19:46.568+0000] {dagbag.py:588} INFO - Filling up the DagBag from /home/airflow/.local/lib/python3.12/site-packages/airflow/example_dags/example_python_decorator.py
[2024-12-03T14:19:46.606+0000] {processor.py:925} INFO - DAG(s) 'example_python_decorator' retrieved from /home/airflow/.local/lib/python3.12/site-packages/airflow/example_dags/example_python_decorator.py
[2024-12-03T14:19:46.670+0000] {logging_mixin.py:190} INFO - [2024-12-03T14:19:46.669+0000] {dag.py:3239} INFO - Sync 1 DAGs
[2024-12-03T14:19:46.698+0000] {logging_mixin.py:190} INFO - [2024-12-03T14:19:46.697+0000] {dag.py:4180} INFO - Setting next_dagrun for example_python_decorator to None, run_after=None
[2024-12-03T14:19:46.744+0000] {processor.py:208} INFO - Processing /home/airflow/.local/lib/python3.12/site-packages/airflow/example_dags/example_python_decorator.py took 0.196 seconds
[2024-12-03T14:20:17.079+0000] {processor.py:186} INFO - Started process (PID=218) to work on /home/airflow/.local/lib/python3.12/site-packages/airflow/example_dags/example_python_decorator.py
[2024-12-03T14:20:17.080+0000] {processor.py:914} INFO - Processing file /home/airflow/.local/lib/python3.12/site-packages/airflow/example_dags/example_python_decorator.py for tasks to queue
[2024-12-03T14:20:17.082+0000] {logging_mixin.py:190} INFO - [2024-12-03T14:20:17.082+0000] {dagbag.py:588} INFO - Filling up the DagBag from /home/airflow/.local/lib/python3.12/site-packages/airflow/example_dags/example_python_decorator.py
[2024-12-03T14:20:17.096+0000] {processor.py:925} INFO - DAG(s) 'example_python_decorator' retrieved from /home/airflow/.local/lib/python3.12/site-packages/airflow/example_dags/example_python_decorator.py
[2024-12-03T14:20:17.121+0000] {logging_mixin.py:190} INFO - [2024-12-03T14:20:17.120+0000] {dag.py:3239} INFO - Sync 1 DAGs
[2024-12-03T14:20:17.137+0000] {logging_mixin.py:190} INFO - [2024-12-03T14:20:17.137+0000] {dag.py:4180} INFO - Setting next_dagrun for example_python_decorator to None, run_after=None
[2024-12-03T14:20:17.162+0000] {processor.py:208} INFO - Processing /home/airflow/.local/lib/python3.12/site-packages/airflow/example_dags/example_python_decorator.py took 0.089 seconds
[2024-12-03T14:20:47.438+0000] {processor.py:186} INFO - Started process (PID=282) to work on /home/airflow/.local/lib/python3.12/site-packages/airflow/example_dags/example_python_decorator.py
[2024-12-03T14:20:47.440+0000] {processor.py:914} INFO - Processing file /home/airflow/.local/lib/python3.12/site-packages/airflow/example_dags/example_python_decorator.py for tasks to queue
[2024-12-03T14:20:47.442+0000] {logging_mixin.py:190} INFO - [2024-12-03T14:20:47.442+0000] {dagbag.py:588} INFO - Filling up the DagBag from /home/airflow/.local/lib/python3.12/site-packages/airflow/example_dags/example_python_decorator.py
[2024-12-03T14:20:47.464+0000] {processor.py:925} INFO - DAG(s) 'example_python_decorator' retrieved from /home/airflow/.local/lib/python3.12/site-packages/airflow/example_dags/example_python_decorator.py
[2024-12-03T14:20:47.501+0000] {logging_mixin.py:190} INFO - [2024-12-03T14:20:47.500+0000] {dag.py:3239} INFO - Sync 1 DAGs
[2024-12-03T14:20:47.531+0000] {logging_mixin.py:190} INFO - [2024-12-03T14:20:47.530+0000] {dag.py:4180} INFO - Setting next_dagrun for example_python_decorator to None, run_after=None
[2024-12-03T14:20:47.587+0000] {processor.py:208} INFO - Processing /home/airflow/.local/lib/python3.12/site-packages/airflow/example_dags/example_python_decorator.py took 0.158 seconds
[2024-12-03T14:21:18.273+0000] {processor.py:186} INFO - Started process (PID=347) to work on /home/airflow/.local/lib/python3.12/site-packages/airflow/example_dags/example_python_decorator.py
[2024-12-03T14:21:18.274+0000] {processor.py:914} INFO - Processing file /home/airflow/.local/lib/python3.12/site-packages/airflow/example_dags/example_python_decorator.py for tasks to queue
[2024-12-03T14:21:18.276+0000] {logging_mixin.py:190} INFO - [2024-12-03T14:21:18.276+0000] {dagbag.py:588} INFO - Filling up the DagBag from /home/airflow/.local/lib/python3.12/site-packages/airflow/example_dags/example_python_decorator.py
[2024-12-03T14:21:18.292+0000] {processor.py:925} INFO - DAG(s) 'example_python_decorator' retrieved from /home/airflow/.local/lib/python3.12/site-packages/airflow/example_dags/example_python_decorator.py
[2024-12-03T14:21:18.320+0000] {logging_mixin.py:190} INFO - [2024-12-03T14:21:18.319+0000] {dag.py:3239} INFO - Sync 1 DAGs
[2024-12-03T14:21:18.345+0000] {logging_mixin.py:190} INFO - [2024-12-03T14:21:18.345+0000] {dag.py:4180} INFO - Setting next_dagrun for example_python_decorator to None, run_after=None
[2024-12-03T14:21:18.375+0000] {processor.py:208} INFO - Processing /home/airflow/.local/lib/python3.12/site-packages/airflow/example_dags/example_python_decorator.py took 0.109 seconds
[2024-12-03T14:21:48.595+0000] {processor.py:186} INFO - Started process (PID=411) to work on /home/airflow/.local/lib/python3.12/site-packages/airflow/example_dags/example_python_decorator.py
[2024-12-03T14:21:48.596+0000] {processor.py:914} INFO - Processing file /home/airflow/.local/lib/python3.12/site-packages/airflow/example_dags/example_python_decorator.py for tasks to queue
[2024-12-03T14:21:48.599+0000] {logging_mixin.py:190} INFO - [2024-12-03T14:21:48.598+0000] {dagbag.py:588} INFO - Filling up the DagBag from /home/airflow/.local/lib/python3.12/site-packages/airflow/example_dags/example_python_decorator.py
[2024-12-03T14:21:48.614+0000] {processor.py:925} INFO - DAG(s) 'example_python_decorator' retrieved from /home/airflow/.local/lib/python3.12/site-packages/airflow/example_dags/example_python_decorator.py
[2024-12-03T14:21:48.640+0000] {logging_mixin.py:190} INFO - [2024-12-03T14:21:48.640+0000] {dag.py:3239} INFO - Sync 1 DAGs
[2024-12-03T14:21:48.656+0000] {logging_mixin.py:190} INFO - [2024-12-03T14:21:48.656+0000] {dag.py:4180} INFO - Setting next_dagrun for example_python_decorator to None, run_after=None
[2024-12-03T14:21:48.682+0000] {processor.py:208} INFO - Processing /home/airflow/.local/lib/python3.12/site-packages/airflow/example_dags/example_python_decorator.py took 0.093 seconds
[2024-12-03T14:22:19.240+0000] {processor.py:186} INFO - Started process (PID=476) to work on /home/airflow/.local/lib/python3.12/site-packages/airflow/example_dags/example_python_decorator.py
[2024-12-03T14:22:19.241+0000] {processor.py:914} INFO - Processing file /home/airflow/.local/lib/python3.12/site-packages/airflow/example_dags/example_python_decorator.py for tasks to queue
[2024-12-03T14:22:19.243+0000] {logging_mixin.py:190} INFO - [2024-12-03T14:22:19.243+0000] {dagbag.py:588} INFO - Filling up the DagBag from /home/airflow/.local/lib/python3.12/site-packages/airflow/example_dags/example_python_decorator.py
[2024-12-03T14:22:19.264+0000] {processor.py:925} INFO - DAG(s) 'example_python_decorator' retrieved from /home/airflow/.local/lib/python3.12/site-packages/airflow/example_dags/example_python_decorator.py
[2024-12-03T14:22:19.296+0000] {logging_mixin.py:190} INFO - [2024-12-03T14:22:19.296+0000] {dag.py:3239} INFO - Sync 1 DAGs
[2024-12-03T14:22:19.318+0000] {logging_mixin.py:190} INFO - [2024-12-03T14:22:19.318+0000] {dag.py:4180} INFO - Setting next_dagrun for example_python_decorator to None, run_after=None
[2024-12-03T14:22:19.359+0000] {processor.py:208} INFO - Processing /home/airflow/.local/lib/python3.12/site-packages/airflow/example_dags/example_python_decorator.py took 0.126 seconds
[2024-12-03T14:22:49.578+0000] {processor.py:186} INFO - Started process (PID=540) to work on /home/airflow/.local/lib/python3.12/site-packages/airflow/example_dags/example_python_decorator.py
[2024-12-03T14:22:49.579+0000] {processor.py:914} INFO - Processing file /home/airflow/.local/lib/python3.12/site-packages/airflow/example_dags/example_python_decorator.py for tasks to queue
[2024-12-03T14:22:49.581+0000] {logging_mixin.py:190} INFO - [2024-12-03T14:22:49.580+0000] {dagbag.py:588} INFO - Filling up the DagBag from /home/airflow/.local/lib/python3.12/site-packages/airflow/example_dags/example_python_decorator.py
[2024-12-03T14:22:49.594+0000] {processor.py:925} INFO - DAG(s) 'example_python_decorator' retrieved from /home/airflow/.local/lib/python3.12/site-packages/airflow/example_dags/example_python_decorator.py
[2024-12-03T14:22:49.620+0000] {logging_mixin.py:190} INFO - [2024-12-03T14:22:49.620+0000] {dag.py:3239} INFO - Sync 1 DAGs
[2024-12-03T14:22:49.635+0000] {logging_mixin.py:190} INFO - [2024-12-03T14:22:49.635+0000] {dag.py:4180} INFO - Setting next_dagrun for example_python_decorator to None, run_after=None
[2024-12-03T14:22:49.665+0000] {processor.py:208} INFO - Processing /home/airflow/.local/lib/python3.12/site-packages/airflow/example_dags/example_python_decorator.py took 0.092 seconds
[2024-12-03T14:23:20.366+0000] {processor.py:186} INFO - Started process (PID=604) to work on /home/airflow/.local/lib/python3.12/site-packages/airflow/example_dags/example_python_decorator.py
[2024-12-03T14:23:20.367+0000] {processor.py:914} INFO - Processing file /home/airflow/.local/lib/python3.12/site-packages/airflow/example_dags/example_python_decorator.py for tasks to queue
[2024-12-03T14:23:20.369+0000] {logging_mixin.py:190} INFO - [2024-12-03T14:23:20.369+0000] {dagbag.py:588} INFO - Filling up the DagBag from /home/airflow/.local/lib/python3.12/site-packages/airflow/example_dags/example_python_decorator.py
[2024-12-03T14:23:20.384+0000] {processor.py:925} INFO - DAG(s) 'example_python_decorator' retrieved from /home/airflow/.local/lib/python3.12/site-packages/airflow/example_dags/example_python_decorator.py
[2024-12-03T14:23:20.413+0000] {logging_mixin.py:190} INFO - [2024-12-03T14:23:20.413+0000] {dag.py:3239} INFO - Sync 1 DAGs
[2024-12-03T14:23:20.431+0000] {logging_mixin.py:190} INFO - [2024-12-03T14:23:20.430+0000] {dag.py:4180} INFO - Setting next_dagrun for example_python_decorator to None, run_after=None
[2024-12-03T14:23:20.462+0000] {processor.py:208} INFO - Processing /home/airflow/.local/lib/python3.12/site-packages/airflow/example_dags/example_python_decorator.py took 0.102 seconds
[2024-12-03T14:23:53.914+0000] {processor.py:186} INFO - Started process (PID=668) to work on /home/airflow/.local/lib/python3.12/site-packages/airflow/example_dags/example_python_decorator.py
[2024-12-03T14:23:53.917+0000] {processor.py:914} INFO - Processing file /home/airflow/.local/lib/python3.12/site-packages/airflow/example_dags/example_python_decorator.py for tasks to queue
[2024-12-03T14:23:53.923+0000] {logging_mixin.py:190} INFO - [2024-12-03T14:23:53.921+0000] {dagbag.py:588} INFO - Filling up the DagBag from /home/airflow/.local/lib/python3.12/site-packages/airflow/example_dags/example_python_decorator.py
[2024-12-03T14:23:54.014+0000] {processor.py:925} INFO - DAG(s) 'example_python_decorator' retrieved from /home/airflow/.local/lib/python3.12/site-packages/airflow/example_dags/example_python_decorator.py
[2024-12-03T14:23:54.121+0000] {logging_mixin.py:190} INFO - [2024-12-03T14:23:54.120+0000] {dag.py:3239} INFO - Sync 1 DAGs
[2024-12-03T14:23:54.174+0000] {logging_mixin.py:190} INFO - [2024-12-03T14:23:54.174+0000] {dag.py:4180} INFO - Setting next_dagrun for example_python_decorator to None, run_after=None
[2024-12-03T14:23:54.948+0000] {processor.py:208} INFO - Processing /home/airflow/.local/lib/python3.12/site-packages/airflow/example_dags/example_python_decorator.py took 1.050 seconds
[2024-12-03T14:24:25.147+0000] {processor.py:186} INFO - Started process (PID=732) to work on /home/airflow/.local/lib/python3.12/site-packages/airflow/example_dags/example_python_decorator.py
[2024-12-03T14:24:25.148+0000] {processor.py:914} INFO - Processing file /home/airflow/.local/lib/python3.12/site-packages/airflow/example_dags/example_python_decorator.py for tasks to queue
[2024-12-03T14:24:25.150+0000] {logging_mixin.py:190} INFO - [2024-12-03T14:24:25.150+0000] {dagbag.py:588} INFO - Filling up the DagBag from /home/airflow/.local/lib/python3.12/site-packages/airflow/example_dags/example_python_decorator.py
[2024-12-03T14:24:25.176+0000] {processor.py:925} INFO - DAG(s) 'example_python_decorator' retrieved from /home/airflow/.local/lib/python3.12/site-packages/airflow/example_dags/example_python_decorator.py
[2024-12-03T14:24:25.219+0000] {logging_mixin.py:190} INFO - [2024-12-03T14:24:25.219+0000] {dag.py:3239} INFO - Sync 1 DAGs
[2024-12-03T14:24:25.252+0000] {logging_mixin.py:190} INFO - [2024-12-03T14:24:25.252+0000] {dag.py:4180} INFO - Setting next_dagrun for example_python_decorator to None, run_after=None
[2024-12-03T14:24:25.282+0000] {processor.py:208} INFO - Processing /home/airflow/.local/lib/python3.12/site-packages/airflow/example_dags/example_python_decorator.py took 0.144 seconds
