[2024-12-03T13:57:23.981+0000] {processor.py:186} INFO - Started process (PID=120) to work on /home/airflow/.local/lib/python3.12/site-packages/airflow/example_dags/example_latest_only_with_trigger.py
[2024-12-03T13:57:23.983+0000] {processor.py:914} INFO - Processing file /home/airflow/.local/lib/python3.12/site-packages/airflow/example_dags/example_latest_only_with_trigger.py for tasks to queue
[2024-12-03T13:57:23.989+0000] {logging_mixin.py:190} INFO - [2024-12-03T13:57:23.988+0000] {dagbag.py:588} INFO - Filling up the DagBag from /home/airflow/.local/lib/python3.12/site-packages/airflow/example_dags/example_latest_only_with_trigger.py
[2024-12-03T13:57:24.008+0000] {processor.py:925} INFO - DAG(s) 'latest_only_with_trigger' retrieved from /home/airflow/.local/lib/python3.12/site-packages/airflow/example_dags/example_latest_only_with_trigger.py
[2024-12-03T13:57:24.160+0000] {logging_mixin.py:190} INFO - [2024-12-03T13:57:24.159+0000] {override.py:1911} INFO - Created Permission View: can delete on DAG:latest_only_with_trigger
[2024-12-03T13:57:24.176+0000] {logging_mixin.py:190} INFO - [2024-12-03T13:57:24.176+0000] {override.py:1911} INFO - Created Permission View: can read on DAG:latest_only_with_trigger
[2024-12-03T13:57:24.190+0000] {logging_mixin.py:190} INFO - [2024-12-03T13:57:24.189+0000] {override.py:1911} INFO - Created Permission View: can edit on DAG:latest_only_with_trigger
[2024-12-03T13:57:24.204+0000] {logging_mixin.py:190} INFO - [2024-12-03T13:57:24.204+0000] {override.py:1911} INFO - Created Permission View: can create on DAG Run:latest_only_with_trigger
[2024-12-03T13:57:24.217+0000] {logging_mixin.py:190} INFO - [2024-12-03T13:57:24.216+0000] {override.py:1911} INFO - Created Permission View: menu access on DAG Run:latest_only_with_trigger
[2024-12-03T13:57:24.230+0000] {logging_mixin.py:190} INFO - [2024-12-03T13:57:24.230+0000] {override.py:1911} INFO - Created Permission View: can delete on DAG Run:latest_only_with_trigger
[2024-12-03T13:57:24.243+0000] {logging_mixin.py:190} INFO - [2024-12-03T13:57:24.242+0000] {override.py:1911} INFO - Created Permission View: can read on DAG Run:latest_only_with_trigger
[2024-12-03T13:57:24.245+0000] {logging_mixin.py:190} INFO - [2024-12-03T13:57:24.244+0000] {dag.py:3239} INFO - Sync 1 DAGs
[2024-12-03T13:57:24.260+0000] {logging_mixin.py:190} INFO - [2024-12-03T13:57:24.260+0000] {dag.py:3262} INFO - Creating ORM DAG for latest_only_with_trigger
[2024-12-03T13:57:24.271+0000] {logging_mixin.py:190} INFO - [2024-12-03T13:57:24.271+0000] {dag.py:4180} INFO - Setting next_dagrun for latest_only_with_trigger to 2024-12-03 08:00:00+00:00, run_after=2024-12-03 12:00:00+00:00
[2024-12-03T13:57:24.296+0000] {processor.py:208} INFO - Processing /home/airflow/.local/lib/python3.12/site-packages/airflow/example_dags/example_latest_only_with_trigger.py took 0.323 seconds
[2024-12-03T14:19:13.559+0000] {processor.py:186} INFO - Started process (PID=88) to work on /home/airflow/.local/lib/python3.12/site-packages/airflow/example_dags/example_latest_only_with_trigger.py
[2024-12-03T14:19:13.573+0000] {processor.py:914} INFO - Processing file /home/airflow/.local/lib/python3.12/site-packages/airflow/example_dags/example_latest_only_with_trigger.py for tasks to queue
[2024-12-03T14:19:13.582+0000] {logging_mixin.py:190} INFO - [2024-12-03T14:19:13.582+0000] {dagbag.py:588} INFO - Filling up the DagBag from /home/airflow/.local/lib/python3.12/site-packages/airflow/example_dags/example_latest_only_with_trigger.py
[2024-12-03T14:19:13.717+0000] {processor.py:925} INFO - DAG(s) 'latest_only_with_trigger' retrieved from /home/airflow/.local/lib/python3.12/site-packages/airflow/example_dags/example_latest_only_with_trigger.py
[2024-12-03T14:19:14.731+0000] {logging_mixin.py:190} INFO - [2024-12-03T14:19:14.728+0000] {override.py:1911} INFO - Created Permission View: can read on DAG:latest_only_with_trigger
[2024-12-03T14:19:14.778+0000] {logging_mixin.py:190} INFO - [2024-12-03T14:19:14.777+0000] {override.py:1911} INFO - Created Permission View: can edit on DAG:latest_only_with_trigger
[2024-12-03T14:19:14.802+0000] {logging_mixin.py:190} INFO - [2024-12-03T14:19:14.801+0000] {override.py:1911} INFO - Created Permission View: can delete on DAG:latest_only_with_trigger
[2024-12-03T14:19:14.826+0000] {logging_mixin.py:190} INFO - [2024-12-03T14:19:14.825+0000] {override.py:1911} INFO - Created Permission View: can read on DAG Run:latest_only_with_trigger
[2024-12-03T14:19:14.849+0000] {logging_mixin.py:190} INFO - [2024-12-03T14:19:14.848+0000] {override.py:1911} INFO - Created Permission View: menu access on DAG Run:latest_only_with_trigger
[2024-12-03T14:19:14.868+0000] {logging_mixin.py:190} INFO - [2024-12-03T14:19:14.867+0000] {override.py:1911} INFO - Created Permission View: can delete on DAG Run:latest_only_with_trigger
[2024-12-03T14:19:14.887+0000] {logging_mixin.py:190} INFO - [2024-12-03T14:19:14.886+0000] {override.py:1911} INFO - Created Permission View: can create on DAG Run:latest_only_with_trigger
[2024-12-03T14:19:14.889+0000] {logging_mixin.py:190} INFO - [2024-12-03T14:19:14.889+0000] {dag.py:3239} INFO - Sync 1 DAGs
[2024-12-03T14:19:14.926+0000] {logging_mixin.py:190} INFO - [2024-12-03T14:19:14.925+0000] {dag.py:3262} INFO - Creating ORM DAG for latest_only_with_trigger
[2024-12-03T14:19:14.959+0000] {logging_mixin.py:190} INFO - [2024-12-03T14:19:14.958+0000] {dag.py:4180} INFO - Setting next_dagrun for latest_only_with_trigger to 2024-12-03 08:00:00+00:00, run_after=2024-12-03 12:00:00+00:00
[2024-12-03T14:19:14.996+0000] {processor.py:208} INFO - Processing /home/airflow/.local/lib/python3.12/site-packages/airflow/example_dags/example_latest_only_with_trigger.py took 1.568 seconds
[2024-12-03T14:19:45.428+0000] {processor.py:186} INFO - Started process (PID=152) to work on /home/airflow/.local/lib/python3.12/site-packages/airflow/example_dags/example_latest_only_with_trigger.py
[2024-12-03T14:19:45.430+0000] {processor.py:914} INFO - Processing file /home/airflow/.local/lib/python3.12/site-packages/airflow/example_dags/example_latest_only_with_trigger.py for tasks to queue
[2024-12-03T14:19:45.433+0000] {logging_mixin.py:190} INFO - [2024-12-03T14:19:45.432+0000] {dagbag.py:588} INFO - Filling up the DagBag from /home/airflow/.local/lib/python3.12/site-packages/airflow/example_dags/example_latest_only_with_trigger.py
[2024-12-03T14:19:45.447+0000] {processor.py:925} INFO - DAG(s) 'latest_only_with_trigger' retrieved from /home/airflow/.local/lib/python3.12/site-packages/airflow/example_dags/example_latest_only_with_trigger.py
[2024-12-03T14:19:45.492+0000] {logging_mixin.py:190} INFO - [2024-12-03T14:19:45.492+0000] {dag.py:3239} INFO - Sync 1 DAGs
[2024-12-03T14:19:45.561+0000] {logging_mixin.py:190} INFO - [2024-12-03T14:19:45.560+0000] {dag.py:4180} INFO - Setting next_dagrun for latest_only_with_trigger to 2024-12-03 08:00:00+00:00, run_after=2024-12-03 12:00:00+00:00
[2024-12-03T14:19:45.622+0000] {processor.py:208} INFO - Processing /home/airflow/.local/lib/python3.12/site-packages/airflow/example_dags/example_latest_only_with_trigger.py took 0.204 seconds
[2024-12-03T14:20:16.038+0000] {processor.py:186} INFO - Started process (PID=216) to work on /home/airflow/.local/lib/python3.12/site-packages/airflow/example_dags/example_latest_only_with_trigger.py
[2024-12-03T14:20:16.040+0000] {processor.py:914} INFO - Processing file /home/airflow/.local/lib/python3.12/site-packages/airflow/example_dags/example_latest_only_with_trigger.py for tasks to queue
[2024-12-03T14:20:16.042+0000] {logging_mixin.py:190} INFO - [2024-12-03T14:20:16.042+0000] {dagbag.py:588} INFO - Filling up the DagBag from /home/airflow/.local/lib/python3.12/site-packages/airflow/example_dags/example_latest_only_with_trigger.py
[2024-12-03T14:20:16.051+0000] {processor.py:925} INFO - DAG(s) 'latest_only_with_trigger' retrieved from /home/airflow/.local/lib/python3.12/site-packages/airflow/example_dags/example_latest_only_with_trigger.py
[2024-12-03T14:20:16.076+0000] {logging_mixin.py:190} INFO - [2024-12-03T14:20:16.076+0000] {dag.py:3239} INFO - Sync 1 DAGs
[2024-12-03T14:20:16.102+0000] {logging_mixin.py:190} INFO - [2024-12-03T14:20:16.102+0000] {dag.py:4180} INFO - Setting next_dagrun for latest_only_with_trigger to 2024-12-03 08:00:00+00:00, run_after=2024-12-03 12:00:00+00:00
[2024-12-03T14:20:16.129+0000] {processor.py:208} INFO - Processing /home/airflow/.local/lib/python3.12/site-packages/airflow/example_dags/example_latest_only_with_trigger.py took 0.096 seconds
[2024-12-03T14:20:46.357+0000] {processor.py:186} INFO - Started process (PID=280) to work on /home/airflow/.local/lib/python3.12/site-packages/airflow/example_dags/example_latest_only_with_trigger.py
[2024-12-03T14:20:46.359+0000] {processor.py:914} INFO - Processing file /home/airflow/.local/lib/python3.12/site-packages/airflow/example_dags/example_latest_only_with_trigger.py for tasks to queue
[2024-12-03T14:20:46.364+0000] {logging_mixin.py:190} INFO - [2024-12-03T14:20:46.362+0000] {dagbag.py:588} INFO - Filling up the DagBag from /home/airflow/.local/lib/python3.12/site-packages/airflow/example_dags/example_latest_only_with_trigger.py
[2024-12-03T14:20:46.390+0000] {processor.py:925} INFO - DAG(s) 'latest_only_with_trigger' retrieved from /home/airflow/.local/lib/python3.12/site-packages/airflow/example_dags/example_latest_only_with_trigger.py
[2024-12-03T14:20:46.434+0000] {logging_mixin.py:190} INFO - [2024-12-03T14:20:46.433+0000] {dag.py:3239} INFO - Sync 1 DAGs
[2024-12-03T14:20:46.479+0000] {logging_mixin.py:190} INFO - [2024-12-03T14:20:46.479+0000] {dag.py:4180} INFO - Setting next_dagrun for latest_only_with_trigger to 2024-12-03 08:00:00+00:00, run_after=2024-12-03 12:00:00+00:00
[2024-12-03T14:20:46.525+0000] {processor.py:208} INFO - Processing /home/airflow/.local/lib/python3.12/site-packages/airflow/example_dags/example_latest_only_with_trigger.py took 0.181 seconds
[2024-12-03T14:21:17.217+0000] {processor.py:186} INFO - Started process (PID=345) to work on /home/airflow/.local/lib/python3.12/site-packages/airflow/example_dags/example_latest_only_with_trigger.py
[2024-12-03T14:21:17.218+0000] {processor.py:914} INFO - Processing file /home/airflow/.local/lib/python3.12/site-packages/airflow/example_dags/example_latest_only_with_trigger.py for tasks to queue
[2024-12-03T14:21:17.220+0000] {logging_mixin.py:190} INFO - [2024-12-03T14:21:17.220+0000] {dagbag.py:588} INFO - Filling up the DagBag from /home/airflow/.local/lib/python3.12/site-packages/airflow/example_dags/example_latest_only_with_trigger.py
[2024-12-03T14:21:17.227+0000] {processor.py:925} INFO - DAG(s) 'latest_only_with_trigger' retrieved from /home/airflow/.local/lib/python3.12/site-packages/airflow/example_dags/example_latest_only_with_trigger.py
[2024-12-03T14:21:17.251+0000] {logging_mixin.py:190} INFO - [2024-12-03T14:21:17.250+0000] {dag.py:3239} INFO - Sync 1 DAGs
[2024-12-03T14:21:17.275+0000] {logging_mixin.py:190} INFO - [2024-12-03T14:21:17.275+0000] {dag.py:4180} INFO - Setting next_dagrun for latest_only_with_trigger to 2024-12-03 08:00:00+00:00, run_after=2024-12-03 12:00:00+00:00
[2024-12-03T14:21:17.302+0000] {processor.py:208} INFO - Processing /home/airflow/.local/lib/python3.12/site-packages/airflow/example_dags/example_latest_only_with_trigger.py took 0.089 seconds
[2024-12-03T14:21:47.557+0000] {processor.py:186} INFO - Started process (PID=409) to work on /home/airflow/.local/lib/python3.12/site-packages/airflow/example_dags/example_latest_only_with_trigger.py
[2024-12-03T14:21:47.558+0000] {processor.py:914} INFO - Processing file /home/airflow/.local/lib/python3.12/site-packages/airflow/example_dags/example_latest_only_with_trigger.py for tasks to queue
[2024-12-03T14:21:47.560+0000] {logging_mixin.py:190} INFO - [2024-12-03T14:21:47.560+0000] {dagbag.py:588} INFO - Filling up the DagBag from /home/airflow/.local/lib/python3.12/site-packages/airflow/example_dags/example_latest_only_with_trigger.py
[2024-12-03T14:21:47.571+0000] {processor.py:925} INFO - DAG(s) 'latest_only_with_trigger' retrieved from /home/airflow/.local/lib/python3.12/site-packages/airflow/example_dags/example_latest_only_with_trigger.py
[2024-12-03T14:21:47.595+0000] {logging_mixin.py:190} INFO - [2024-12-03T14:21:47.595+0000] {dag.py:3239} INFO - Sync 1 DAGs
[2024-12-03T14:21:47.628+0000] {logging_mixin.py:190} INFO - [2024-12-03T14:21:47.627+0000] {dag.py:4180} INFO - Setting next_dagrun for latest_only_with_trigger to 2024-12-03 08:00:00+00:00, run_after=2024-12-03 12:00:00+00:00
[2024-12-03T14:21:47.660+0000] {processor.py:208} INFO - Processing /home/airflow/.local/lib/python3.12/site-packages/airflow/example_dags/example_latest_only_with_trigger.py took 0.108 seconds
[2024-12-03T14:22:18.191+0000] {processor.py:186} INFO - Started process (PID=474) to work on /home/airflow/.local/lib/python3.12/site-packages/airflow/example_dags/example_latest_only_with_trigger.py
[2024-12-03T14:22:18.193+0000] {processor.py:914} INFO - Processing file /home/airflow/.local/lib/python3.12/site-packages/airflow/example_dags/example_latest_only_with_trigger.py for tasks to queue
[2024-12-03T14:22:18.195+0000] {logging_mixin.py:190} INFO - [2024-12-03T14:22:18.195+0000] {dagbag.py:588} INFO - Filling up the DagBag from /home/airflow/.local/lib/python3.12/site-packages/airflow/example_dags/example_latest_only_with_trigger.py
[2024-12-03T14:22:18.205+0000] {processor.py:925} INFO - DAG(s) 'latest_only_with_trigger' retrieved from /home/airflow/.local/lib/python3.12/site-packages/airflow/example_dags/example_latest_only_with_trigger.py
[2024-12-03T14:22:18.232+0000] {logging_mixin.py:190} INFO - [2024-12-03T14:22:18.232+0000] {dag.py:3239} INFO - Sync 1 DAGs
[2024-12-03T14:22:18.260+0000] {logging_mixin.py:190} INFO - [2024-12-03T14:22:18.260+0000] {dag.py:4180} INFO - Setting next_dagrun for latest_only_with_trigger to 2024-12-03 08:00:00+00:00, run_after=2024-12-03 12:00:00+00:00
[2024-12-03T14:22:18.290+0000] {processor.py:208} INFO - Processing /home/airflow/.local/lib/python3.12/site-packages/airflow/example_dags/example_latest_only_with_trigger.py took 0.105 seconds
[2024-12-03T14:22:48.540+0000] {processor.py:186} INFO - Started process (PID=538) to work on /home/airflow/.local/lib/python3.12/site-packages/airflow/example_dags/example_latest_only_with_trigger.py
[2024-12-03T14:22:48.541+0000] {processor.py:914} INFO - Processing file /home/airflow/.local/lib/python3.12/site-packages/airflow/example_dags/example_latest_only_with_trigger.py for tasks to queue
[2024-12-03T14:22:48.543+0000] {logging_mixin.py:190} INFO - [2024-12-03T14:22:48.543+0000] {dagbag.py:588} INFO - Filling up the DagBag from /home/airflow/.local/lib/python3.12/site-packages/airflow/example_dags/example_latest_only_with_trigger.py
[2024-12-03T14:22:48.554+0000] {processor.py:925} INFO - DAG(s) 'latest_only_with_trigger' retrieved from /home/airflow/.local/lib/python3.12/site-packages/airflow/example_dags/example_latest_only_with_trigger.py
[2024-12-03T14:22:48.584+0000] {logging_mixin.py:190} INFO - [2024-12-03T14:22:48.583+0000] {dag.py:3239} INFO - Sync 1 DAGs
[2024-12-03T14:22:48.615+0000] {logging_mixin.py:190} INFO - [2024-12-03T14:22:48.615+0000] {dag.py:4180} INFO - Setting next_dagrun for latest_only_with_trigger to 2024-12-03 08:00:00+00:00, run_after=2024-12-03 12:00:00+00:00
[2024-12-03T14:22:48.653+0000] {processor.py:208} INFO - Processing /home/airflow/.local/lib/python3.12/site-packages/airflow/example_dags/example_latest_only_with_trigger.py took 0.120 seconds
[2024-12-03T14:23:19.321+0000] {processor.py:186} INFO - Started process (PID=602) to work on /home/airflow/.local/lib/python3.12/site-packages/airflow/example_dags/example_latest_only_with_trigger.py
[2024-12-03T14:23:19.323+0000] {processor.py:914} INFO - Processing file /home/airflow/.local/lib/python3.12/site-packages/airflow/example_dags/example_latest_only_with_trigger.py for tasks to queue
[2024-12-03T14:23:19.325+0000] {logging_mixin.py:190} INFO - [2024-12-03T14:23:19.325+0000] {dagbag.py:588} INFO - Filling up the DagBag from /home/airflow/.local/lib/python3.12/site-packages/airflow/example_dags/example_latest_only_with_trigger.py
[2024-12-03T14:23:19.335+0000] {processor.py:925} INFO - DAG(s) 'latest_only_with_trigger' retrieved from /home/airflow/.local/lib/python3.12/site-packages/airflow/example_dags/example_latest_only_with_trigger.py
[2024-12-03T14:23:19.358+0000] {logging_mixin.py:190} INFO - [2024-12-03T14:23:19.358+0000] {dag.py:3239} INFO - Sync 1 DAGs
[2024-12-03T14:23:19.385+0000] {logging_mixin.py:190} INFO - [2024-12-03T14:23:19.384+0000] {dag.py:4180} INFO - Setting next_dagrun for latest_only_with_trigger to 2024-12-03 08:00:00+00:00, run_after=2024-12-03 12:00:00+00:00
[2024-12-03T14:23:19.414+0000] {processor.py:208} INFO - Processing /home/airflow/.local/lib/python3.12/site-packages/airflow/example_dags/example_latest_only_with_trigger.py took 0.097 seconds
[2024-12-03T14:23:49.666+0000] {processor.py:186} INFO - Started process (PID=666) to work on /home/airflow/.local/lib/python3.12/site-packages/airflow/example_dags/example_latest_only_with_trigger.py
[2024-12-03T14:23:49.668+0000] {processor.py:914} INFO - Processing file /home/airflow/.local/lib/python3.12/site-packages/airflow/example_dags/example_latest_only_with_trigger.py for tasks to queue
[2024-12-03T14:23:49.671+0000] {logging_mixin.py:190} INFO - [2024-12-03T14:23:49.670+0000] {dagbag.py:588} INFO - Filling up the DagBag from /home/airflow/.local/lib/python3.12/site-packages/airflow/example_dags/example_latest_only_with_trigger.py
[2024-12-03T14:23:49.684+0000] {processor.py:925} INFO - DAG(s) 'latest_only_with_trigger' retrieved from /home/airflow/.local/lib/python3.12/site-packages/airflow/example_dags/example_latest_only_with_trigger.py
[2024-12-03T14:23:49.755+0000] {logging_mixin.py:190} INFO - [2024-12-03T14:23:49.754+0000] {dag.py:3239} INFO - Sync 1 DAGs
[2024-12-03T14:23:49.831+0000] {logging_mixin.py:190} INFO - [2024-12-03T14:23:49.830+0000] {dag.py:4180} INFO - Setting next_dagrun for latest_only_with_trigger to 2024-12-03 08:00:00+00:00, run_after=2024-12-03 12:00:00+00:00
[2024-12-03T14:23:52.360+0000] {processor.py:208} INFO - Processing /home/airflow/.local/lib/python3.12/site-packages/airflow/example_dags/example_latest_only_with_trigger.py took 2.704 seconds
[2024-12-03T14:24:23.969+0000] {processor.py:186} INFO - Started process (PID=730) to work on /home/airflow/.local/lib/python3.12/site-packages/airflow/example_dags/example_latest_only_with_trigger.py
[2024-12-03T14:24:23.970+0000] {processor.py:914} INFO - Processing file /home/airflow/.local/lib/python3.12/site-packages/airflow/example_dags/example_latest_only_with_trigger.py for tasks to queue
[2024-12-03T14:24:23.972+0000] {logging_mixin.py:190} INFO - [2024-12-03T14:24:23.972+0000] {dagbag.py:588} INFO - Filling up the DagBag from /home/airflow/.local/lib/python3.12/site-packages/airflow/example_dags/example_latest_only_with_trigger.py
[2024-12-03T14:24:23.982+0000] {processor.py:925} INFO - DAG(s) 'latest_only_with_trigger' retrieved from /home/airflow/.local/lib/python3.12/site-packages/airflow/example_dags/example_latest_only_with_trigger.py
[2024-12-03T14:24:24.009+0000] {logging_mixin.py:190} INFO - [2024-12-03T14:24:24.009+0000] {dag.py:3239} INFO - Sync 1 DAGs
[2024-12-03T14:24:24.037+0000] {logging_mixin.py:190} INFO - [2024-12-03T14:24:24.036+0000] {dag.py:4180} INFO - Setting next_dagrun for latest_only_with_trigger to 2024-12-03 08:00:00+00:00, run_after=2024-12-03 12:00:00+00:00
[2024-12-03T14:24:24.063+0000] {processor.py:208} INFO - Processing /home/airflow/.local/lib/python3.12/site-packages/airflow/example_dags/example_latest_only_with_trigger.py took 0.100 seconds
