[2024-12-03T13:57:12.642+0000] {processor.py:186} INFO - Started process (PID=89) to work on /home/airflow/.local/lib/python3.12/site-packages/airflow/example_dags/example_display_name.py
[2024-12-03T13:57:12.644+0000] {processor.py:914} INFO - Processing file /home/airflow/.local/lib/python3.12/site-packages/airflow/example_dags/example_display_name.py for tasks to queue
[2024-12-03T13:57:12.649+0000] {logging_mixin.py:190} INFO - [2024-12-03T13:57:12.648+0000] {dagbag.py:588} INFO - Filling up the DagBag from /home/airflow/.local/lib/python3.12/site-packages/airflow/example_dags/example_display_name.py
[2024-12-03T13:57:12.663+0000] {processor.py:925} INFO - DAG(s) 'example_display_name' retrieved from /home/airflow/.local/lib/python3.12/site-packages/airflow/example_dags/example_display_name.py
[2024-12-03T13:57:12.846+0000] {logging_mixin.py:190} INFO - [2024-12-03T13:57:12.845+0000] {override.py:1911} INFO - Created Permission View: can delete on DAG:example_display_name
[2024-12-03T13:57:12.864+0000] {logging_mixin.py:190} INFO - [2024-12-03T13:57:12.864+0000] {override.py:1911} INFO - Created Permission View: can read on DAG:example_display_name
[2024-12-03T13:57:12.879+0000] {logging_mixin.py:190} INFO - [2024-12-03T13:57:12.878+0000] {override.py:1911} INFO - Created Permission View: can edit on DAG:example_display_name
[2024-12-03T13:57:12.895+0000] {logging_mixin.py:190} INFO - [2024-12-03T13:57:12.894+0000] {override.py:1911} INFO - Created Permission View: can create on DAG Run:example_display_name
[2024-12-03T13:57:12.911+0000] {logging_mixin.py:190} INFO - [2024-12-03T13:57:12.911+0000] {override.py:1911} INFO - Created Permission View: menu access on DAG Run:example_display_name
[2024-12-03T13:57:12.925+0000] {logging_mixin.py:190} INFO - [2024-12-03T13:57:12.925+0000] {override.py:1911} INFO - Created Permission View: can delete on DAG Run:example_display_name
[2024-12-03T13:57:12.940+0000] {logging_mixin.py:190} INFO - [2024-12-03T13:57:12.940+0000] {override.py:1911} INFO - Created Permission View: can read on DAG Run:example_display_name
[2024-12-03T13:57:12.942+0000] {logging_mixin.py:190} INFO - [2024-12-03T13:57:12.942+0000] {dag.py:3239} INFO - Sync 1 DAGs
[2024-12-03T13:57:12.961+0000] {logging_mixin.py:190} INFO - [2024-12-03T13:57:12.961+0000] {dag.py:3262} INFO - Creating ORM DAG for example_display_name
[2024-12-03T13:57:12.964+0000] {logging_mixin.py:190} INFO - [2024-12-03T13:57:12.964+0000] {dag.py:4180} INFO - Setting next_dagrun for example_display_name to None, run_after=None
[2024-12-03T13:57:12.993+0000] {processor.py:208} INFO - Processing /home/airflow/.local/lib/python3.12/site-packages/airflow/example_dags/example_display_name.py took 0.358 seconds
[2024-12-03T14:19:17.329+0000] {processor.py:186} INFO - Started process (PID=96) to work on /home/airflow/.local/lib/python3.12/site-packages/airflow/example_dags/example_display_name.py
[2024-12-03T14:19:17.331+0000] {processor.py:914} INFO - Processing file /home/airflow/.local/lib/python3.12/site-packages/airflow/example_dags/example_display_name.py for tasks to queue
[2024-12-03T14:19:17.333+0000] {logging_mixin.py:190} INFO - [2024-12-03T14:19:17.333+0000] {dagbag.py:588} INFO - Filling up the DagBag from /home/airflow/.local/lib/python3.12/site-packages/airflow/example_dags/example_display_name.py
[2024-12-03T14:19:17.346+0000] {processor.py:925} INFO - DAG(s) 'example_display_name' retrieved from /home/airflow/.local/lib/python3.12/site-packages/airflow/example_dags/example_display_name.py
[2024-12-03T14:19:17.571+0000] {logging_mixin.py:190} INFO - [2024-12-03T14:19:17.563+0000] {override.py:1911} INFO - Created Permission View: can read on DAG:example_display_name
[2024-12-03T14:19:17.612+0000] {logging_mixin.py:190} INFO - [2024-12-03T14:19:17.612+0000] {override.py:1911} INFO - Created Permission View: can edit on DAG:example_display_name
[2024-12-03T14:19:17.632+0000] {logging_mixin.py:190} INFO - [2024-12-03T14:19:17.631+0000] {override.py:1911} INFO - Created Permission View: can delete on DAG:example_display_name
[2024-12-03T14:19:17.654+0000] {logging_mixin.py:190} INFO - [2024-12-03T14:19:17.653+0000] {override.py:1911} INFO - Created Permission View: can read on DAG Run:example_display_name
[2024-12-03T14:19:17.676+0000] {logging_mixin.py:190} INFO - [2024-12-03T14:19:17.675+0000] {override.py:1911} INFO - Created Permission View: menu access on DAG Run:example_display_name
[2024-12-03T14:19:17.696+0000] {logging_mixin.py:190} INFO - [2024-12-03T14:19:17.695+0000] {override.py:1911} INFO - Created Permission View: can delete on DAG Run:example_display_name
[2024-12-03T14:19:17.713+0000] {logging_mixin.py:190} INFO - [2024-12-03T14:19:17.712+0000] {override.py:1911} INFO - Created Permission View: can create on DAG Run:example_display_name
[2024-12-03T14:19:17.715+0000] {logging_mixin.py:190} INFO - [2024-12-03T14:19:17.714+0000] {dag.py:3239} INFO - Sync 1 DAGs
[2024-12-03T14:19:17.739+0000] {logging_mixin.py:190} INFO - [2024-12-03T14:19:17.739+0000] {dag.py:3262} INFO - Creating ORM DAG for example_display_name
[2024-12-03T14:19:17.741+0000] {logging_mixin.py:190} INFO - [2024-12-03T14:19:17.741+0000] {dag.py:4180} INFO - Setting next_dagrun for example_display_name to None, run_after=None
[2024-12-03T14:19:17.785+0000] {processor.py:208} INFO - Processing /home/airflow/.local/lib/python3.12/site-packages/airflow/example_dags/example_display_name.py took 0.464 seconds
[2024-12-03T14:19:48.397+0000] {processor.py:186} INFO - Started process (PID=160) to work on /home/airflow/.local/lib/python3.12/site-packages/airflow/example_dags/example_display_name.py
[2024-12-03T14:19:48.399+0000] {processor.py:914} INFO - Processing file /home/airflow/.local/lib/python3.12/site-packages/airflow/example_dags/example_display_name.py for tasks to queue
[2024-12-03T14:19:48.401+0000] {logging_mixin.py:190} INFO - [2024-12-03T14:19:48.400+0000] {dagbag.py:588} INFO - Filling up the DagBag from /home/airflow/.local/lib/python3.12/site-packages/airflow/example_dags/example_display_name.py
[2024-12-03T14:19:48.410+0000] {processor.py:925} INFO - DAG(s) 'example_display_name' retrieved from /home/airflow/.local/lib/python3.12/site-packages/airflow/example_dags/example_display_name.py
[2024-12-03T14:19:48.436+0000] {logging_mixin.py:190} INFO - [2024-12-03T14:19:48.435+0000] {dag.py:3239} INFO - Sync 1 DAGs
[2024-12-03T14:19:48.458+0000] {logging_mixin.py:190} INFO - [2024-12-03T14:19:48.458+0000] {dag.py:4180} INFO - Setting next_dagrun for example_display_name to None, run_after=None
[2024-12-03T14:19:48.489+0000] {processor.py:208} INFO - Processing /home/airflow/.local/lib/python3.12/site-packages/airflow/example_dags/example_display_name.py took 0.098 seconds
[2024-12-03T14:20:18.638+0000] {processor.py:186} INFO - Started process (PID=224) to work on /home/airflow/.local/lib/python3.12/site-packages/airflow/example_dags/example_display_name.py
[2024-12-03T14:20:18.640+0000] {processor.py:914} INFO - Processing file /home/airflow/.local/lib/python3.12/site-packages/airflow/example_dags/example_display_name.py for tasks to queue
[2024-12-03T14:20:18.642+0000] {logging_mixin.py:190} INFO - [2024-12-03T14:20:18.642+0000] {dagbag.py:588} INFO - Filling up the DagBag from /home/airflow/.local/lib/python3.12/site-packages/airflow/example_dags/example_display_name.py
[2024-12-03T14:20:18.650+0000] {processor.py:925} INFO - DAG(s) 'example_display_name' retrieved from /home/airflow/.local/lib/python3.12/site-packages/airflow/example_dags/example_display_name.py
[2024-12-03T14:20:18.673+0000] {logging_mixin.py:190} INFO - [2024-12-03T14:20:18.673+0000] {dag.py:3239} INFO - Sync 1 DAGs
[2024-12-03T14:20:18.688+0000] {logging_mixin.py:190} INFO - [2024-12-03T14:20:18.688+0000] {dag.py:4180} INFO - Setting next_dagrun for example_display_name to None, run_after=None
[2024-12-03T14:20:18.716+0000] {processor.py:208} INFO - Processing /home/airflow/.local/lib/python3.12/site-packages/airflow/example_dags/example_display_name.py took 0.083 seconds
[2024-12-03T14:20:49.132+0000] {processor.py:186} INFO - Started process (PID=288) to work on /home/airflow/.local/lib/python3.12/site-packages/airflow/example_dags/example_display_name.py
[2024-12-03T14:20:49.133+0000] {processor.py:914} INFO - Processing file /home/airflow/.local/lib/python3.12/site-packages/airflow/example_dags/example_display_name.py for tasks to queue
[2024-12-03T14:20:49.136+0000] {logging_mixin.py:190} INFO - [2024-12-03T14:20:49.135+0000] {dagbag.py:588} INFO - Filling up the DagBag from /home/airflow/.local/lib/python3.12/site-packages/airflow/example_dags/example_display_name.py
[2024-12-03T14:20:49.149+0000] {processor.py:925} INFO - DAG(s) 'example_display_name' retrieved from /home/airflow/.local/lib/python3.12/site-packages/airflow/example_dags/example_display_name.py
[2024-12-03T14:20:49.187+0000] {logging_mixin.py:190} INFO - [2024-12-03T14:20:49.186+0000] {dag.py:3239} INFO - Sync 1 DAGs
[2024-12-03T14:20:49.219+0000] {logging_mixin.py:190} INFO - [2024-12-03T14:20:49.218+0000] {dag.py:4180} INFO - Setting next_dagrun for example_display_name to None, run_after=None
[2024-12-03T14:20:49.267+0000] {processor.py:208} INFO - Processing /home/airflow/.local/lib/python3.12/site-packages/airflow/example_dags/example_display_name.py took 0.143 seconds
[2024-12-03T14:21:19.668+0000] {processor.py:186} INFO - Started process (PID=353) to work on /home/airflow/.local/lib/python3.12/site-packages/airflow/example_dags/example_display_name.py
[2024-12-03T14:21:19.670+0000] {processor.py:914} INFO - Processing file /home/airflow/.local/lib/python3.12/site-packages/airflow/example_dags/example_display_name.py for tasks to queue
[2024-12-03T14:21:19.672+0000] {logging_mixin.py:190} INFO - [2024-12-03T14:21:19.672+0000] {dagbag.py:588} INFO - Filling up the DagBag from /home/airflow/.local/lib/python3.12/site-packages/airflow/example_dags/example_display_name.py
[2024-12-03T14:21:19.681+0000] {processor.py:925} INFO - DAG(s) 'example_display_name' retrieved from /home/airflow/.local/lib/python3.12/site-packages/airflow/example_dags/example_display_name.py
[2024-12-03T14:21:19.704+0000] {logging_mixin.py:190} INFO - [2024-12-03T14:21:19.704+0000] {dag.py:3239} INFO - Sync 1 DAGs
[2024-12-03T14:21:19.721+0000] {logging_mixin.py:190} INFO - [2024-12-03T14:21:19.721+0000] {dag.py:4180} INFO - Setting next_dagrun for example_display_name to None, run_after=None
[2024-12-03T14:21:19.746+0000] {processor.py:208} INFO - Processing /home/airflow/.local/lib/python3.12/site-packages/airflow/example_dags/example_display_name.py took 0.084 seconds
[2024-12-03T14:21:50.022+0000] {processor.py:186} INFO - Started process (PID=417) to work on /home/airflow/.local/lib/python3.12/site-packages/airflow/example_dags/example_display_name.py
[2024-12-03T14:21:50.023+0000] {processor.py:914} INFO - Processing file /home/airflow/.local/lib/python3.12/site-packages/airflow/example_dags/example_display_name.py for tasks to queue
[2024-12-03T14:21:50.025+0000] {logging_mixin.py:190} INFO - [2024-12-03T14:21:50.025+0000] {dagbag.py:588} INFO - Filling up the DagBag from /home/airflow/.local/lib/python3.12/site-packages/airflow/example_dags/example_display_name.py
[2024-12-03T14:21:50.035+0000] {processor.py:925} INFO - DAG(s) 'example_display_name' retrieved from /home/airflow/.local/lib/python3.12/site-packages/airflow/example_dags/example_display_name.py
[2024-12-03T14:21:50.061+0000] {logging_mixin.py:190} INFO - [2024-12-03T14:21:50.061+0000] {dag.py:3239} INFO - Sync 1 DAGs
[2024-12-03T14:21:50.083+0000] {logging_mixin.py:190} INFO - [2024-12-03T14:21:50.082+0000] {dag.py:4180} INFO - Setting next_dagrun for example_display_name to None, run_after=None
[2024-12-03T14:21:50.114+0000] {processor.py:208} INFO - Processing /home/airflow/.local/lib/python3.12/site-packages/airflow/example_dags/example_display_name.py took 0.097 seconds
[2024-12-03T14:22:20.731+0000] {processor.py:186} INFO - Started process (PID=482) to work on /home/airflow/.local/lib/python3.12/site-packages/airflow/example_dags/example_display_name.py
[2024-12-03T14:22:20.732+0000] {processor.py:914} INFO - Processing file /home/airflow/.local/lib/python3.12/site-packages/airflow/example_dags/example_display_name.py for tasks to queue
[2024-12-03T14:22:20.734+0000] {logging_mixin.py:190} INFO - [2024-12-03T14:22:20.734+0000] {dagbag.py:588} INFO - Filling up the DagBag from /home/airflow/.local/lib/python3.12/site-packages/airflow/example_dags/example_display_name.py
[2024-12-03T14:22:20.744+0000] {processor.py:925} INFO - DAG(s) 'example_display_name' retrieved from /home/airflow/.local/lib/python3.12/site-packages/airflow/example_dags/example_display_name.py
[2024-12-03T14:22:20.771+0000] {logging_mixin.py:190} INFO - [2024-12-03T14:22:20.770+0000] {dag.py:3239} INFO - Sync 1 DAGs
[2024-12-03T14:22:20.789+0000] {logging_mixin.py:190} INFO - [2024-12-03T14:22:20.789+0000] {dag.py:4180} INFO - Setting next_dagrun for example_display_name to None, run_after=None
[2024-12-03T14:22:20.818+0000] {processor.py:208} INFO - Processing /home/airflow/.local/lib/python3.12/site-packages/airflow/example_dags/example_display_name.py took 0.094 seconds
[2024-12-03T14:22:50.995+0000] {processor.py:186} INFO - Started process (PID=546) to work on /home/airflow/.local/lib/python3.12/site-packages/airflow/example_dags/example_display_name.py
[2024-12-03T14:22:50.996+0000] {processor.py:914} INFO - Processing file /home/airflow/.local/lib/python3.12/site-packages/airflow/example_dags/example_display_name.py for tasks to queue
[2024-12-03T14:22:50.998+0000] {logging_mixin.py:190} INFO - [2024-12-03T14:22:50.998+0000] {dagbag.py:588} INFO - Filling up the DagBag from /home/airflow/.local/lib/python3.12/site-packages/airflow/example_dags/example_display_name.py
[2024-12-03T14:22:51.011+0000] {processor.py:925} INFO - DAG(s) 'example_display_name' retrieved from /home/airflow/.local/lib/python3.12/site-packages/airflow/example_dags/example_display_name.py
[2024-12-03T14:22:51.041+0000] {logging_mixin.py:190} INFO - [2024-12-03T14:22:51.040+0000] {dag.py:3239} INFO - Sync 1 DAGs
[2024-12-03T14:22:51.062+0000] {logging_mixin.py:190} INFO - [2024-12-03T14:22:51.061+0000] {dag.py:4180} INFO - Setting next_dagrun for example_display_name to None, run_after=None
[2024-12-03T14:22:51.090+0000] {processor.py:208} INFO - Processing /home/airflow/.local/lib/python3.12/site-packages/airflow/example_dags/example_display_name.py took 0.102 seconds
[2024-12-03T14:23:21.799+0000] {processor.py:186} INFO - Started process (PID=610) to work on /home/airflow/.local/lib/python3.12/site-packages/airflow/example_dags/example_display_name.py
[2024-12-03T14:23:21.800+0000] {processor.py:914} INFO - Processing file /home/airflow/.local/lib/python3.12/site-packages/airflow/example_dags/example_display_name.py for tasks to queue
[2024-12-03T14:23:21.802+0000] {logging_mixin.py:190} INFO - [2024-12-03T14:23:21.801+0000] {dagbag.py:588} INFO - Filling up the DagBag from /home/airflow/.local/lib/python3.12/site-packages/airflow/example_dags/example_display_name.py
[2024-12-03T14:23:21.810+0000] {processor.py:925} INFO - DAG(s) 'example_display_name' retrieved from /home/airflow/.local/lib/python3.12/site-packages/airflow/example_dags/example_display_name.py
[2024-12-03T14:23:21.834+0000] {logging_mixin.py:190} INFO - [2024-12-03T14:23:21.834+0000] {dag.py:3239} INFO - Sync 1 DAGs
[2024-12-03T14:23:21.853+0000] {logging_mixin.py:190} INFO - [2024-12-03T14:23:21.853+0000] {dag.py:4180} INFO - Setting next_dagrun for example_display_name to None, run_after=None
[2024-12-03T14:23:21.881+0000] {processor.py:208} INFO - Processing /home/airflow/.local/lib/python3.12/site-packages/airflow/example_dags/example_display_name.py took 0.088 seconds
[2024-12-03T14:23:55.840+0000] {processor.py:186} INFO - Started process (PID=674) to work on /home/airflow/.local/lib/python3.12/site-packages/airflow/example_dags/example_display_name.py
[2024-12-03T14:23:55.842+0000] {processor.py:914} INFO - Processing file /home/airflow/.local/lib/python3.12/site-packages/airflow/example_dags/example_display_name.py for tasks to queue
[2024-12-03T14:23:55.845+0000] {logging_mixin.py:190} INFO - [2024-12-03T14:23:55.844+0000] {dagbag.py:588} INFO - Filling up the DagBag from /home/airflow/.local/lib/python3.12/site-packages/airflow/example_dags/example_display_name.py
[2024-12-03T14:23:55.860+0000] {processor.py:925} INFO - DAG(s) 'example_display_name' retrieved from /home/airflow/.local/lib/python3.12/site-packages/airflow/example_dags/example_display_name.py
[2024-12-03T14:23:55.893+0000] {logging_mixin.py:190} INFO - [2024-12-03T14:23:55.892+0000] {dag.py:3239} INFO - Sync 1 DAGs
[2024-12-03T14:23:55.917+0000] {logging_mixin.py:190} INFO - [2024-12-03T14:23:55.917+0000] {dag.py:4180} INFO - Setting next_dagrun for example_display_name to None, run_after=None
[2024-12-03T14:23:55.953+0000] {processor.py:208} INFO - Processing /home/airflow/.local/lib/python3.12/site-packages/airflow/example_dags/example_display_name.py took 0.122 seconds
[2024-12-03T14:24:26.702+0000] {processor.py:186} INFO - Started process (PID=744) to work on /home/airflow/.local/lib/python3.12/site-packages/airflow/example_dags/example_display_name.py
[2024-12-03T14:24:26.704+0000] {processor.py:914} INFO - Processing file /home/airflow/.local/lib/python3.12/site-packages/airflow/example_dags/example_display_name.py for tasks to queue
[2024-12-03T14:24:26.706+0000] {logging_mixin.py:190} INFO - [2024-12-03T14:24:26.706+0000] {dagbag.py:588} INFO - Filling up the DagBag from /home/airflow/.local/lib/python3.12/site-packages/airflow/example_dags/example_display_name.py
[2024-12-03T14:24:26.715+0000] {processor.py:925} INFO - DAG(s) 'example_display_name' retrieved from /home/airflow/.local/lib/python3.12/site-packages/airflow/example_dags/example_display_name.py
[2024-12-03T14:24:26.739+0000] {logging_mixin.py:190} INFO - [2024-12-03T14:24:26.739+0000] {dag.py:3239} INFO - Sync 1 DAGs
[2024-12-03T14:24:26.758+0000] {logging_mixin.py:190} INFO - [2024-12-03T14:24:26.758+0000] {dag.py:4180} INFO - Setting next_dagrun for example_display_name to None, run_after=None
[2024-12-03T14:24:26.787+0000] {processor.py:208} INFO - Processing /home/airflow/.local/lib/python3.12/site-packages/airflow/example_dags/example_display_name.py took 0.092 seconds
