[2024-12-03T13:57:20.012+0000] {processor.py:186} INFO - Started process (PID=110) to work on /home/airflow/.local/lib/python3.12/site-packages/airflow/example_dags/example_dataset_alias.py
[2024-12-03T13:57:20.014+0000] {processor.py:914} INFO - Processing file /home/airflow/.local/lib/python3.12/site-packages/airflow/example_dags/example_dataset_alias.py for tasks to queue
[2024-12-03T13:57:20.019+0000] {logging_mixin.py:190} INFO - [2024-12-03T13:57:20.019+0000] {dagbag.py:588} INFO - Filling up the DagBag from /home/airflow/.local/lib/python3.12/site-packages/airflow/example_dags/example_dataset_alias.py
[2024-12-03T13:57:22.015+0000] {processor.py:925} INFO - DAG(s) 'dataset_s3_bucket_producer', 'dataset_s3_bucket_consumer', 'dataset_alias_example_alias_consumer', 'dataset_alias_example_alias_producer' retrieved from /home/airflow/.local/lib/python3.12/site-packages/airflow/example_dags/example_dataset_alias.py
[2024-12-03T13:57:22.231+0000] {logging_mixin.py:190} INFO - [2024-12-03T13:57:22.230+0000] {override.py:1911} INFO - Created Permission View: can delete on DAG:dataset_s3_bucket_producer
[2024-12-03T13:57:22.250+0000] {logging_mixin.py:190} INFO - [2024-12-03T13:57:22.249+0000] {override.py:1911} INFO - Created Permission View: can read on DAG:dataset_s3_bucket_producer
[2024-12-03T13:57:22.265+0000] {logging_mixin.py:190} INFO - [2024-12-03T13:57:22.264+0000] {override.py:1911} INFO - Created Permission View: can edit on DAG:dataset_s3_bucket_producer
[2024-12-03T13:57:22.283+0000] {logging_mixin.py:190} INFO - [2024-12-03T13:57:22.282+0000] {override.py:1911} INFO - Created Permission View: can create on DAG Run:dataset_s3_bucket_producer
[2024-12-03T13:57:22.297+0000] {logging_mixin.py:190} INFO - [2024-12-03T13:57:22.297+0000] {override.py:1911} INFO - Created Permission View: menu access on DAG Run:dataset_s3_bucket_producer
[2024-12-03T13:57:22.310+0000] {logging_mixin.py:190} INFO - [2024-12-03T13:57:22.310+0000] {override.py:1911} INFO - Created Permission View: can delete on DAG Run:dataset_s3_bucket_producer
[2024-12-03T13:57:22.322+0000] {logging_mixin.py:190} INFO - [2024-12-03T13:57:22.322+0000] {override.py:1911} INFO - Created Permission View: can read on DAG Run:dataset_s3_bucket_producer
[2024-12-03T13:57:22.346+0000] {logging_mixin.py:190} INFO - [2024-12-03T13:57:22.345+0000] {override.py:1911} INFO - Created Permission View: can delete on DAG:dataset_s3_bucket_consumer
[2024-12-03T13:57:22.360+0000] {logging_mixin.py:190} INFO - [2024-12-03T13:57:22.359+0000] {override.py:1911} INFO - Created Permission View: can read on DAG:dataset_s3_bucket_consumer
[2024-12-03T13:57:22.373+0000] {logging_mixin.py:190} INFO - [2024-12-03T13:57:22.373+0000] {override.py:1911} INFO - Created Permission View: can edit on DAG:dataset_s3_bucket_consumer
[2024-12-03T13:57:22.389+0000] {logging_mixin.py:190} INFO - [2024-12-03T13:57:22.389+0000] {override.py:1911} INFO - Created Permission View: can create on DAG Run:dataset_s3_bucket_consumer
[2024-12-03T13:57:22.403+0000] {logging_mixin.py:190} INFO - [2024-12-03T13:57:22.403+0000] {override.py:1911} INFO - Created Permission View: menu access on DAG Run:dataset_s3_bucket_consumer
[2024-12-03T13:57:22.417+0000] {logging_mixin.py:190} INFO - [2024-12-03T13:57:22.416+0000] {override.py:1911} INFO - Created Permission View: can delete on DAG Run:dataset_s3_bucket_consumer
[2024-12-03T13:57:22.431+0000] {logging_mixin.py:190} INFO - [2024-12-03T13:57:22.430+0000] {override.py:1911} INFO - Created Permission View: can read on DAG Run:dataset_s3_bucket_consumer
[2024-12-03T13:57:22.453+0000] {logging_mixin.py:190} INFO - [2024-12-03T13:57:22.453+0000] {override.py:1911} INFO - Created Permission View: can delete on DAG:dataset_alias_example_alias_consumer
[2024-12-03T13:57:22.465+0000] {logging_mixin.py:190} INFO - [2024-12-03T13:57:22.464+0000] {override.py:1911} INFO - Created Permission View: can read on DAG:dataset_alias_example_alias_consumer
[2024-12-03T13:57:22.477+0000] {logging_mixin.py:190} INFO - [2024-12-03T13:57:22.477+0000] {override.py:1911} INFO - Created Permission View: can edit on DAG:dataset_alias_example_alias_consumer
[2024-12-03T13:57:22.493+0000] {logging_mixin.py:190} INFO - [2024-12-03T13:57:22.493+0000] {override.py:1911} INFO - Created Permission View: can create on DAG Run:dataset_alias_example_alias_consumer
[2024-12-03T13:57:22.506+0000] {logging_mixin.py:190} INFO - [2024-12-03T13:57:22.505+0000] {override.py:1911} INFO - Created Permission View: menu access on DAG Run:dataset_alias_example_alias_consumer
[2024-12-03T13:57:22.519+0000] {logging_mixin.py:190} INFO - [2024-12-03T13:57:22.519+0000] {override.py:1911} INFO - Created Permission View: can delete on DAG Run:dataset_alias_example_alias_consumer
[2024-12-03T13:57:22.532+0000] {logging_mixin.py:190} INFO - [2024-12-03T13:57:22.531+0000] {override.py:1911} INFO - Created Permission View: can read on DAG Run:dataset_alias_example_alias_consumer
[2024-12-03T13:57:22.563+0000] {logging_mixin.py:190} INFO - [2024-12-03T13:57:22.563+0000] {override.py:1911} INFO - Created Permission View: can delete on DAG:dataset_alias_example_alias_producer
[2024-12-03T13:57:22.577+0000] {logging_mixin.py:190} INFO - [2024-12-03T13:57:22.577+0000] {override.py:1911} INFO - Created Permission View: can read on DAG:dataset_alias_example_alias_producer
[2024-12-03T13:57:22.592+0000] {logging_mixin.py:190} INFO - [2024-12-03T13:57:22.591+0000] {override.py:1911} INFO - Created Permission View: can edit on DAG:dataset_alias_example_alias_producer
[2024-12-03T13:57:22.607+0000] {logging_mixin.py:190} INFO - [2024-12-03T13:57:22.607+0000] {override.py:1911} INFO - Created Permission View: can create on DAG Run:dataset_alias_example_alias_producer
[2024-12-03T13:57:22.621+0000] {logging_mixin.py:190} INFO - [2024-12-03T13:57:22.620+0000] {override.py:1911} INFO - Created Permission View: menu access on DAG Run:dataset_alias_example_alias_producer
[2024-12-03T13:57:22.636+0000] {logging_mixin.py:190} INFO - [2024-12-03T13:57:22.636+0000] {override.py:1911} INFO - Created Permission View: can delete on DAG Run:dataset_alias_example_alias_producer
[2024-12-03T13:57:22.649+0000] {logging_mixin.py:190} INFO - [2024-12-03T13:57:22.648+0000] {override.py:1911} INFO - Created Permission View: can read on DAG Run:dataset_alias_example_alias_producer
[2024-12-03T13:57:22.651+0000] {logging_mixin.py:190} INFO - [2024-12-03T13:57:22.650+0000] {dag.py:3239} INFO - Sync 4 DAGs
[2024-12-03T13:57:22.670+0000] {logging_mixin.py:190} INFO - [2024-12-03T13:57:22.669+0000] {dag.py:3262} INFO - Creating ORM DAG for dataset_s3_bucket_consumer
[2024-12-03T13:57:22.672+0000] {logging_mixin.py:190} INFO - [2024-12-03T13:57:22.672+0000] {dag.py:3262} INFO - Creating ORM DAG for dataset_s3_bucket_producer
[2024-12-03T13:57:22.674+0000] {logging_mixin.py:190} INFO - [2024-12-03T13:57:22.674+0000] {dag.py:3262} INFO - Creating ORM DAG for dataset_alias_example_alias_consumer
[2024-12-03T13:57:22.676+0000] {logging_mixin.py:190} INFO - [2024-12-03T13:57:22.676+0000] {dag.py:3262} INFO - Creating ORM DAG for dataset_alias_example_alias_producer
[2024-12-03T13:57:22.691+0000] {logging_mixin.py:190} INFO - [2024-12-03T13:57:22.690+0000] {dag.py:4180} INFO - Setting next_dagrun for dataset_alias_example_alias_consumer to None, run_after=None
[2024-12-03T13:57:22.693+0000] {logging_mixin.py:190} INFO - [2024-12-03T13:57:22.693+0000] {dag.py:4180} INFO - Setting next_dagrun for dataset_alias_example_alias_producer to None, run_after=None
[2024-12-03T13:57:22.695+0000] {logging_mixin.py:190} INFO - [2024-12-03T13:57:22.695+0000] {dag.py:4180} INFO - Setting next_dagrun for dataset_s3_bucket_consumer to None, run_after=None
[2024-12-03T13:57:22.698+0000] {logging_mixin.py:190} INFO - [2024-12-03T13:57:22.698+0000] {dag.py:4180} INFO - Setting next_dagrun for dataset_s3_bucket_producer to None, run_after=None
[2024-12-03T13:57:22.743+0000] {processor.py:208} INFO - Processing /home/airflow/.local/lib/python3.12/site-packages/airflow/example_dags/example_dataset_alias.py took 2.745 seconds
[2024-12-03T14:19:21.218+0000] {processor.py:186} INFO - Started process (PID=110) to work on /home/airflow/.local/lib/python3.12/site-packages/airflow/example_dags/example_dataset_alias.py
[2024-12-03T14:19:21.219+0000] {processor.py:914} INFO - Processing file /home/airflow/.local/lib/python3.12/site-packages/airflow/example_dags/example_dataset_alias.py for tasks to queue
[2024-12-03T14:19:21.221+0000] {logging_mixin.py:190} INFO - [2024-12-03T14:19:21.221+0000] {dagbag.py:588} INFO - Filling up the DagBag from /home/airflow/.local/lib/python3.12/site-packages/airflow/example_dags/example_dataset_alias.py
[2024-12-03T14:19:24.289+0000] {processor.py:925} INFO - DAG(s) 'dataset_s3_bucket_producer', 'dataset_s3_bucket_consumer', 'dataset_alias_example_alias_consumer', 'dataset_alias_example_alias_producer' retrieved from /home/airflow/.local/lib/python3.12/site-packages/airflow/example_dags/example_dataset_alias.py
[2024-12-03T14:19:24.447+0000] {logging_mixin.py:190} INFO - [2024-12-03T14:19:24.445+0000] {override.py:1911} INFO - Created Permission View: can read on DAG:dataset_s3_bucket_producer
[2024-12-03T14:19:24.467+0000] {logging_mixin.py:190} INFO - [2024-12-03T14:19:24.466+0000] {override.py:1911} INFO - Created Permission View: can edit on DAG:dataset_s3_bucket_producer
[2024-12-03T14:19:24.484+0000] {logging_mixin.py:190} INFO - [2024-12-03T14:19:24.484+0000] {override.py:1911} INFO - Created Permission View: can delete on DAG:dataset_s3_bucket_producer
[2024-12-03T14:19:25.343+0000] {logging_mixin.py:190} INFO - [2024-12-03T14:19:25.342+0000] {override.py:1911} INFO - Created Permission View: can read on DAG Run:dataset_s3_bucket_producer
[2024-12-03T14:19:25.371+0000] {logging_mixin.py:190} INFO - [2024-12-03T14:19:25.370+0000] {override.py:1911} INFO - Created Permission View: menu access on DAG Run:dataset_s3_bucket_producer
[2024-12-03T14:19:25.406+0000] {logging_mixin.py:190} INFO - [2024-12-03T14:19:25.405+0000] {override.py:1911} INFO - Created Permission View: can delete on DAG Run:dataset_s3_bucket_producer
[2024-12-03T14:19:25.686+0000] {logging_mixin.py:190} INFO - [2024-12-03T14:19:25.686+0000] {override.py:1911} INFO - Created Permission View: can create on DAG Run:dataset_s3_bucket_producer
[2024-12-03T14:19:25.719+0000] {logging_mixin.py:190} INFO - [2024-12-03T14:19:25.719+0000] {override.py:1911} INFO - Created Permission View: can read on DAG:dataset_s3_bucket_consumer
[2024-12-03T14:19:25.736+0000] {logging_mixin.py:190} INFO - [2024-12-03T14:19:25.735+0000] {override.py:1911} INFO - Created Permission View: can edit on DAG:dataset_s3_bucket_consumer
[2024-12-03T14:19:25.754+0000] {logging_mixin.py:190} INFO - [2024-12-03T14:19:25.754+0000] {override.py:1911} INFO - Created Permission View: can delete on DAG:dataset_s3_bucket_consumer
[2024-12-03T14:19:25.775+0000] {logging_mixin.py:190} INFO - [2024-12-03T14:19:25.774+0000] {override.py:1911} INFO - Created Permission View: can read on DAG Run:dataset_s3_bucket_consumer
[2024-12-03T14:19:25.793+0000] {logging_mixin.py:190} INFO - [2024-12-03T14:19:25.792+0000] {override.py:1911} INFO - Created Permission View: menu access on DAG Run:dataset_s3_bucket_consumer
[2024-12-03T14:19:25.815+0000] {logging_mixin.py:190} INFO - [2024-12-03T14:19:25.814+0000] {override.py:1911} INFO - Created Permission View: can delete on DAG Run:dataset_s3_bucket_consumer
[2024-12-03T14:19:25.834+0000] {logging_mixin.py:190} INFO - [2024-12-03T14:19:25.834+0000] {override.py:1911} INFO - Created Permission View: can create on DAG Run:dataset_s3_bucket_consumer
[2024-12-03T14:19:25.861+0000] {logging_mixin.py:190} INFO - [2024-12-03T14:19:25.860+0000] {override.py:1911} INFO - Created Permission View: can read on DAG:dataset_alias_example_alias_consumer
[2024-12-03T14:19:25.878+0000] {logging_mixin.py:190} INFO - [2024-12-03T14:19:25.878+0000] {override.py:1911} INFO - Created Permission View: can edit on DAG:dataset_alias_example_alias_consumer
[2024-12-03T14:19:25.897+0000] {logging_mixin.py:190} INFO - [2024-12-03T14:19:25.897+0000] {override.py:1911} INFO - Created Permission View: can delete on DAG:dataset_alias_example_alias_consumer
[2024-12-03T14:19:25.919+0000] {logging_mixin.py:190} INFO - [2024-12-03T14:19:25.918+0000] {override.py:1911} INFO - Created Permission View: can read on DAG Run:dataset_alias_example_alias_consumer
[2024-12-03T14:19:25.937+0000] {logging_mixin.py:190} INFO - [2024-12-03T14:19:25.937+0000] {override.py:1911} INFO - Created Permission View: menu access on DAG Run:dataset_alias_example_alias_consumer
[2024-12-03T14:19:25.955+0000] {logging_mixin.py:190} INFO - [2024-12-03T14:19:25.955+0000] {override.py:1911} INFO - Created Permission View: can delete on DAG Run:dataset_alias_example_alias_consumer
[2024-12-03T14:19:25.973+0000] {logging_mixin.py:190} INFO - [2024-12-03T14:19:25.972+0000] {override.py:1911} INFO - Created Permission View: can create on DAG Run:dataset_alias_example_alias_consumer
[2024-12-03T14:19:26.006+0000] {logging_mixin.py:190} INFO - [2024-12-03T14:19:26.005+0000] {override.py:1911} INFO - Created Permission View: can read on DAG:dataset_alias_example_alias_producer
[2024-12-03T14:19:26.023+0000] {logging_mixin.py:190} INFO - [2024-12-03T14:19:26.022+0000] {override.py:1911} INFO - Created Permission View: can edit on DAG:dataset_alias_example_alias_producer
[2024-12-03T14:19:26.041+0000] {logging_mixin.py:190} INFO - [2024-12-03T14:19:26.040+0000] {override.py:1911} INFO - Created Permission View: can delete on DAG:dataset_alias_example_alias_producer
[2024-12-03T14:19:26.062+0000] {logging_mixin.py:190} INFO - [2024-12-03T14:19:26.061+0000] {override.py:1911} INFO - Created Permission View: can read on DAG Run:dataset_alias_example_alias_producer
[2024-12-03T14:19:26.079+0000] {logging_mixin.py:190} INFO - [2024-12-03T14:19:26.078+0000] {override.py:1911} INFO - Created Permission View: menu access on DAG Run:dataset_alias_example_alias_producer
[2024-12-03T14:19:26.097+0000] {logging_mixin.py:190} INFO - [2024-12-03T14:19:26.097+0000] {override.py:1911} INFO - Created Permission View: can delete on DAG Run:dataset_alias_example_alias_producer
[2024-12-03T14:19:26.116+0000] {logging_mixin.py:190} INFO - [2024-12-03T14:19:26.115+0000] {override.py:1911} INFO - Created Permission View: can create on DAG Run:dataset_alias_example_alias_producer
[2024-12-03T14:19:26.118+0000] {logging_mixin.py:190} INFO - [2024-12-03T14:19:26.117+0000] {dag.py:3239} INFO - Sync 4 DAGs
[2024-12-03T14:19:26.143+0000] {logging_mixin.py:190} INFO - [2024-12-03T14:19:26.142+0000] {dag.py:3262} INFO - Creating ORM DAG for dataset_alias_example_alias_consumer
[2024-12-03T14:19:26.145+0000] {logging_mixin.py:190} INFO - [2024-12-03T14:19:26.144+0000] {dag.py:3262} INFO - Creating ORM DAG for dataset_alias_example_alias_producer
[2024-12-03T14:19:26.146+0000] {logging_mixin.py:190} INFO - [2024-12-03T14:19:26.146+0000] {dag.py:3262} INFO - Creating ORM DAG for dataset_s3_bucket_consumer
[2024-12-03T14:19:26.148+0000] {logging_mixin.py:190} INFO - [2024-12-03T14:19:26.148+0000] {dag.py:3262} INFO - Creating ORM DAG for dataset_s3_bucket_producer
[2024-12-03T14:19:26.170+0000] {logging_mixin.py:190} INFO - [2024-12-03T14:19:26.169+0000] {dag.py:4180} INFO - Setting next_dagrun for dataset_alias_example_alias_consumer to None, run_after=None
[2024-12-03T14:19:26.172+0000] {logging_mixin.py:190} INFO - [2024-12-03T14:19:26.172+0000] {dag.py:4180} INFO - Setting next_dagrun for dataset_alias_example_alias_producer to None, run_after=None
[2024-12-03T14:19:26.179+0000] {logging_mixin.py:190} INFO - [2024-12-03T14:19:26.178+0000] {dag.py:4180} INFO - Setting next_dagrun for dataset_s3_bucket_consumer to None, run_after=None
[2024-12-03T14:19:26.182+0000] {logging_mixin.py:190} INFO - [2024-12-03T14:19:26.181+0000] {dag.py:4180} INFO - Setting next_dagrun for dataset_s3_bucket_producer to None, run_after=None
[2024-12-03T14:19:26.248+0000] {processor.py:208} INFO - Processing /home/airflow/.local/lib/python3.12/site-packages/airflow/example_dags/example_dataset_alias.py took 5.039 seconds
[2024-12-03T14:19:56.868+0000] {processor.py:186} INFO - Started process (PID=183) to work on /home/airflow/.local/lib/python3.12/site-packages/airflow/example_dags/example_dataset_alias.py
[2024-12-03T14:19:56.870+0000] {processor.py:914} INFO - Processing file /home/airflow/.local/lib/python3.12/site-packages/airflow/example_dags/example_dataset_alias.py for tasks to queue
[2024-12-03T14:19:56.872+0000] {logging_mixin.py:190} INFO - [2024-12-03T14:19:56.872+0000] {dagbag.py:588} INFO - Filling up the DagBag from /home/airflow/.local/lib/python3.12/site-packages/airflow/example_dags/example_dataset_alias.py
[2024-12-03T14:19:58.413+0000] {processor.py:925} INFO - DAG(s) 'dataset_s3_bucket_consumer', 'dataset_alias_example_alias_producer', 'dataset_alias_example_alias_consumer', 'dataset_s3_bucket_producer' retrieved from /home/airflow/.local/lib/python3.12/site-packages/airflow/example_dags/example_dataset_alias.py
[2024-12-03T14:19:58.461+0000] {logging_mixin.py:190} INFO - [2024-12-03T14:19:58.460+0000] {dag.py:3239} INFO - Sync 4 DAGs
[2024-12-03T14:19:58.500+0000] {logging_mixin.py:190} INFO - [2024-12-03T14:19:58.499+0000] {dag.py:4180} INFO - Setting next_dagrun for dataset_alias_example_alias_consumer to None, run_after=None
[2024-12-03T14:19:58.506+0000] {logging_mixin.py:190} INFO - [2024-12-03T14:19:58.506+0000] {dag.py:4180} INFO - Setting next_dagrun for dataset_alias_example_alias_producer to None, run_after=None
[2024-12-03T14:19:58.512+0000] {logging_mixin.py:190} INFO - [2024-12-03T14:19:58.512+0000] {dag.py:4180} INFO - Setting next_dagrun for dataset_s3_bucket_consumer to None, run_after=None
[2024-12-03T14:19:58.516+0000] {logging_mixin.py:190} INFO - [2024-12-03T14:19:58.515+0000] {dag.py:4180} INFO - Setting next_dagrun for dataset_s3_bucket_producer to None, run_after=None
[2024-12-03T14:19:58.556+0000] {processor.py:208} INFO - Processing /home/airflow/.local/lib/python3.12/site-packages/airflow/example_dags/example_dataset_alias.py took 1.693 seconds
[2024-12-03T14:20:29.094+0000] {processor.py:186} INFO - Started process (PID=247) to work on /home/airflow/.local/lib/python3.12/site-packages/airflow/example_dags/example_dataset_alias.py
[2024-12-03T14:20:29.096+0000] {processor.py:914} INFO - Processing file /home/airflow/.local/lib/python3.12/site-packages/airflow/example_dags/example_dataset_alias.py for tasks to queue
[2024-12-03T14:20:29.099+0000] {logging_mixin.py:190} INFO - [2024-12-03T14:20:29.098+0000] {dagbag.py:588} INFO - Filling up the DagBag from /home/airflow/.local/lib/python3.12/site-packages/airflow/example_dags/example_dataset_alias.py
[2024-12-03T14:20:30.161+0000] {processor.py:925} INFO - DAG(s) 'dataset_s3_bucket_producer', 'dataset_alias_example_alias_consumer', 'dataset_alias_example_alias_producer', 'dataset_s3_bucket_consumer' retrieved from /home/airflow/.local/lib/python3.12/site-packages/airflow/example_dags/example_dataset_alias.py
[2024-12-03T14:20:30.208+0000] {logging_mixin.py:190} INFO - [2024-12-03T14:20:30.208+0000] {dag.py:3239} INFO - Sync 4 DAGs
[2024-12-03T14:20:30.274+0000] {logging_mixin.py:190} INFO - [2024-12-03T14:20:30.274+0000] {dag.py:4180} INFO - Setting next_dagrun for dataset_alias_example_alias_consumer to None, run_after=None
[2024-12-03T14:20:30.281+0000] {logging_mixin.py:190} INFO - [2024-12-03T14:20:30.281+0000] {dag.py:4180} INFO - Setting next_dagrun for dataset_alias_example_alias_producer to None, run_after=None
[2024-12-03T14:20:30.285+0000] {logging_mixin.py:190} INFO - [2024-12-03T14:20:30.285+0000] {dag.py:4180} INFO - Setting next_dagrun for dataset_s3_bucket_consumer to None, run_after=None
[2024-12-03T14:20:30.290+0000] {logging_mixin.py:190} INFO - [2024-12-03T14:20:30.289+0000] {dag.py:4180} INFO - Setting next_dagrun for dataset_s3_bucket_producer to None, run_after=None
[2024-12-03T14:20:30.342+0000] {processor.py:208} INFO - Processing /home/airflow/.local/lib/python3.12/site-packages/airflow/example_dags/example_dataset_alias.py took 1.256 seconds
[2024-12-03T14:21:01.029+0000] {processor.py:186} INFO - Started process (PID=312) to work on /home/airflow/.local/lib/python3.12/site-packages/airflow/example_dags/example_dataset_alias.py
[2024-12-03T14:21:01.031+0000] {processor.py:914} INFO - Processing file /home/airflow/.local/lib/python3.12/site-packages/airflow/example_dags/example_dataset_alias.py for tasks to queue
[2024-12-03T14:21:01.033+0000] {logging_mixin.py:190} INFO - [2024-12-03T14:21:01.032+0000] {dagbag.py:588} INFO - Filling up the DagBag from /home/airflow/.local/lib/python3.12/site-packages/airflow/example_dags/example_dataset_alias.py
[2024-12-03T14:21:01.903+0000] {processor.py:925} INFO - DAG(s) 'dataset_s3_bucket_consumer', 'dataset_alias_example_alias_consumer', 'dataset_alias_example_alias_producer', 'dataset_s3_bucket_producer' retrieved from /home/airflow/.local/lib/python3.12/site-packages/airflow/example_dags/example_dataset_alias.py
[2024-12-03T14:21:01.944+0000] {logging_mixin.py:190} INFO - [2024-12-03T14:21:01.943+0000] {dag.py:3239} INFO - Sync 4 DAGs
[2024-12-03T14:21:01.988+0000] {logging_mixin.py:190} INFO - [2024-12-03T14:21:01.988+0000] {dag.py:4180} INFO - Setting next_dagrun for dataset_alias_example_alias_consumer to None, run_after=None
[2024-12-03T14:21:01.995+0000] {logging_mixin.py:190} INFO - [2024-12-03T14:21:01.994+0000] {dag.py:4180} INFO - Setting next_dagrun for dataset_alias_example_alias_producer to None, run_after=None
[2024-12-03T14:21:01.999+0000] {logging_mixin.py:190} INFO - [2024-12-03T14:21:01.999+0000] {dag.py:4180} INFO - Setting next_dagrun for dataset_s3_bucket_consumer to None, run_after=None
[2024-12-03T14:21:02.003+0000] {logging_mixin.py:190} INFO - [2024-12-03T14:21:02.002+0000] {dag.py:4180} INFO - Setting next_dagrun for dataset_s3_bucket_producer to None, run_after=None
[2024-12-03T14:21:02.058+0000] {processor.py:208} INFO - Processing /home/airflow/.local/lib/python3.12/site-packages/airflow/example_dags/example_dataset_alias.py took 1.035 seconds
[2024-12-03T14:21:32.435+0000] {processor.py:186} INFO - Started process (PID=376) to work on /home/airflow/.local/lib/python3.12/site-packages/airflow/example_dags/example_dataset_alias.py
[2024-12-03T14:21:32.436+0000] {processor.py:914} INFO - Processing file /home/airflow/.local/lib/python3.12/site-packages/airflow/example_dags/example_dataset_alias.py for tasks to queue
[2024-12-03T14:21:32.441+0000] {logging_mixin.py:190} INFO - [2024-12-03T14:21:32.439+0000] {dagbag.py:588} INFO - Filling up the DagBag from /home/airflow/.local/lib/python3.12/site-packages/airflow/example_dags/example_dataset_alias.py
[2024-12-03T14:21:33.432+0000] {processor.py:925} INFO - DAG(s) 'dataset_alias_example_alias_producer', 'dataset_s3_bucket_consumer', 'dataset_s3_bucket_producer', 'dataset_alias_example_alias_consumer' retrieved from /home/airflow/.local/lib/python3.12/site-packages/airflow/example_dags/example_dataset_alias.py
[2024-12-03T14:21:33.473+0000] {logging_mixin.py:190} INFO - [2024-12-03T14:21:33.472+0000] {dag.py:3239} INFO - Sync 4 DAGs
[2024-12-03T14:21:33.509+0000] {logging_mixin.py:190} INFO - [2024-12-03T14:21:33.508+0000] {dag.py:4180} INFO - Setting next_dagrun for dataset_alias_example_alias_consumer to None, run_after=None
[2024-12-03T14:21:33.513+0000] {logging_mixin.py:190} INFO - [2024-12-03T14:21:33.513+0000] {dag.py:4180} INFO - Setting next_dagrun for dataset_alias_example_alias_producer to None, run_after=None
[2024-12-03T14:21:33.516+0000] {logging_mixin.py:190} INFO - [2024-12-03T14:21:33.516+0000] {dag.py:4180} INFO - Setting next_dagrun for dataset_s3_bucket_consumer to None, run_after=None
[2024-12-03T14:21:33.520+0000] {logging_mixin.py:190} INFO - [2024-12-03T14:21:33.520+0000] {dag.py:4180} INFO - Setting next_dagrun for dataset_s3_bucket_producer to None, run_after=None
[2024-12-03T14:21:33.554+0000] {processor.py:208} INFO - Processing /home/airflow/.local/lib/python3.12/site-packages/airflow/example_dags/example_dataset_alias.py took 1.128 seconds
[2024-12-03T14:22:03.722+0000] {processor.py:186} INFO - Started process (PID=441) to work on /home/airflow/.local/lib/python3.12/site-packages/airflow/example_dags/example_dataset_alias.py
[2024-12-03T14:22:03.723+0000] {processor.py:914} INFO - Processing file /home/airflow/.local/lib/python3.12/site-packages/airflow/example_dags/example_dataset_alias.py for tasks to queue
[2024-12-03T14:22:03.726+0000] {logging_mixin.py:190} INFO - [2024-12-03T14:22:03.725+0000] {dagbag.py:588} INFO - Filling up the DagBag from /home/airflow/.local/lib/python3.12/site-packages/airflow/example_dags/example_dataset_alias.py
[2024-12-03T14:22:04.470+0000] {processor.py:925} INFO - DAG(s) 'dataset_alias_example_alias_consumer', 'dataset_s3_bucket_producer', 'dataset_alias_example_alias_producer', 'dataset_s3_bucket_consumer' retrieved from /home/airflow/.local/lib/python3.12/site-packages/airflow/example_dags/example_dataset_alias.py
[2024-12-03T14:22:04.498+0000] {logging_mixin.py:190} INFO - [2024-12-03T14:22:04.497+0000] {dag.py:3239} INFO - Sync 4 DAGs
[2024-12-03T14:22:04.541+0000] {logging_mixin.py:190} INFO - [2024-12-03T14:22:04.541+0000] {dag.py:4180} INFO - Setting next_dagrun for dataset_alias_example_alias_consumer to None, run_after=None
[2024-12-03T14:22:04.547+0000] {logging_mixin.py:190} INFO - [2024-12-03T14:22:04.547+0000] {dag.py:4180} INFO - Setting next_dagrun for dataset_alias_example_alias_producer to None, run_after=None
[2024-12-03T14:22:04.550+0000] {logging_mixin.py:190} INFO - [2024-12-03T14:22:04.550+0000] {dag.py:4180} INFO - Setting next_dagrun for dataset_s3_bucket_consumer to None, run_after=None
[2024-12-03T14:22:04.553+0000] {logging_mixin.py:190} INFO - [2024-12-03T14:22:04.553+0000] {dag.py:4180} INFO - Setting next_dagrun for dataset_s3_bucket_producer to None, run_after=None
[2024-12-03T14:22:04.594+0000] {processor.py:208} INFO - Processing /home/airflow/.local/lib/python3.12/site-packages/airflow/example_dags/example_dataset_alias.py took 0.880 seconds
[2024-12-03T14:22:35.188+0000] {processor.py:186} INFO - Started process (PID=505) to work on /home/airflow/.local/lib/python3.12/site-packages/airflow/example_dags/example_dataset_alias.py
[2024-12-03T14:22:35.190+0000] {processor.py:914} INFO - Processing file /home/airflow/.local/lib/python3.12/site-packages/airflow/example_dags/example_dataset_alias.py for tasks to queue
[2024-12-03T14:22:35.192+0000] {logging_mixin.py:190} INFO - [2024-12-03T14:22:35.191+0000] {dagbag.py:588} INFO - Filling up the DagBag from /home/airflow/.local/lib/python3.12/site-packages/airflow/example_dags/example_dataset_alias.py
[2024-12-03T14:22:36.051+0000] {processor.py:925} INFO - DAG(s) 'dataset_alias_example_alias_producer', 'dataset_s3_bucket_consumer', 'dataset_alias_example_alias_consumer', 'dataset_s3_bucket_producer' retrieved from /home/airflow/.local/lib/python3.12/site-packages/airflow/example_dags/example_dataset_alias.py
[2024-12-03T14:22:36.108+0000] {logging_mixin.py:190} INFO - [2024-12-03T14:22:36.107+0000] {dag.py:3239} INFO - Sync 4 DAGs
[2024-12-03T14:22:36.153+0000] {logging_mixin.py:190} INFO - [2024-12-03T14:22:36.153+0000] {dag.py:4180} INFO - Setting next_dagrun for dataset_alias_example_alias_consumer to None, run_after=None
[2024-12-03T14:22:36.159+0000] {logging_mixin.py:190} INFO - [2024-12-03T14:22:36.159+0000] {dag.py:4180} INFO - Setting next_dagrun for dataset_alias_example_alias_producer to None, run_after=None
[2024-12-03T14:22:36.162+0000] {logging_mixin.py:190} INFO - [2024-12-03T14:22:36.162+0000] {dag.py:4180} INFO - Setting next_dagrun for dataset_s3_bucket_consumer to None, run_after=None
[2024-12-03T14:22:36.165+0000] {logging_mixin.py:190} INFO - [2024-12-03T14:22:36.165+0000] {dag.py:4180} INFO - Setting next_dagrun for dataset_s3_bucket_producer to None, run_after=None
[2024-12-03T14:22:36.203+0000] {processor.py:208} INFO - Processing /home/airflow/.local/lib/python3.12/site-packages/airflow/example_dags/example_dataset_alias.py took 1.021 seconds
[2024-12-03T14:23:06.537+0000] {processor.py:186} INFO - Started process (PID=569) to work on /home/airflow/.local/lib/python3.12/site-packages/airflow/example_dags/example_dataset_alias.py
[2024-12-03T14:23:06.539+0000] {processor.py:914} INFO - Processing file /home/airflow/.local/lib/python3.12/site-packages/airflow/example_dags/example_dataset_alias.py for tasks to queue
[2024-12-03T14:23:06.540+0000] {logging_mixin.py:190} INFO - [2024-12-03T14:23:06.540+0000] {dagbag.py:588} INFO - Filling up the DagBag from /home/airflow/.local/lib/python3.12/site-packages/airflow/example_dags/example_dataset_alias.py
[2024-12-03T14:23:07.496+0000] {processor.py:925} INFO - DAG(s) 'dataset_s3_bucket_consumer', 'dataset_s3_bucket_producer', 'dataset_alias_example_alias_producer', 'dataset_alias_example_alias_consumer' retrieved from /home/airflow/.local/lib/python3.12/site-packages/airflow/example_dags/example_dataset_alias.py
[2024-12-03T14:23:07.533+0000] {logging_mixin.py:190} INFO - [2024-12-03T14:23:07.533+0000] {dag.py:3239} INFO - Sync 4 DAGs
[2024-12-03T14:23:07.572+0000] {logging_mixin.py:190} INFO - [2024-12-03T14:23:07.572+0000] {dag.py:4180} INFO - Setting next_dagrun for dataset_alias_example_alias_consumer to None, run_after=None
[2024-12-03T14:23:07.578+0000] {logging_mixin.py:190} INFO - [2024-12-03T14:23:07.578+0000] {dag.py:4180} INFO - Setting next_dagrun for dataset_alias_example_alias_producer to None, run_after=None
[2024-12-03T14:23:07.583+0000] {logging_mixin.py:190} INFO - [2024-12-03T14:23:07.582+0000] {dag.py:4180} INFO - Setting next_dagrun for dataset_s3_bucket_consumer to None, run_after=None
[2024-12-03T14:23:07.587+0000] {logging_mixin.py:190} INFO - [2024-12-03T14:23:07.586+0000] {dag.py:4180} INFO - Setting next_dagrun for dataset_s3_bucket_producer to None, run_after=None
[2024-12-03T14:23:07.630+0000] {processor.py:208} INFO - Processing /home/airflow/.local/lib/python3.12/site-packages/airflow/example_dags/example_dataset_alias.py took 1.097 seconds
[2024-12-03T14:23:38.412+0000] {processor.py:186} INFO - Started process (PID=634) to work on /home/airflow/.local/lib/python3.12/site-packages/airflow/example_dags/example_dataset_alias.py
[2024-12-03T14:23:38.414+0000] {processor.py:914} INFO - Processing file /home/airflow/.local/lib/python3.12/site-packages/airflow/example_dags/example_dataset_alias.py for tasks to queue
[2024-12-03T14:23:38.416+0000] {logging_mixin.py:190} INFO - [2024-12-03T14:23:38.416+0000] {dagbag.py:588} INFO - Filling up the DagBag from /home/airflow/.local/lib/python3.12/site-packages/airflow/example_dags/example_dataset_alias.py
[2024-12-03T14:23:40.699+0000] {processor.py:925} INFO - DAG(s) 'dataset_s3_bucket_producer', 'dataset_s3_bucket_consumer', 'dataset_alias_example_alias_consumer', 'dataset_alias_example_alias_producer' retrieved from /home/airflow/.local/lib/python3.12/site-packages/airflow/example_dags/example_dataset_alias.py
[2024-12-03T14:23:40.750+0000] {logging_mixin.py:190} INFO - [2024-12-03T14:23:40.748+0000] {dag.py:3239} INFO - Sync 4 DAGs
[2024-12-03T14:23:40.816+0000] {logging_mixin.py:190} INFO - [2024-12-03T14:23:40.816+0000] {dag.py:4180} INFO - Setting next_dagrun for dataset_alias_example_alias_consumer to None, run_after=None
[2024-12-03T14:23:40.826+0000] {logging_mixin.py:190} INFO - [2024-12-03T14:23:40.825+0000] {dag.py:4180} INFO - Setting next_dagrun for dataset_alias_example_alias_producer to None, run_after=None
[2024-12-03T14:23:40.833+0000] {logging_mixin.py:190} INFO - [2024-12-03T14:23:40.833+0000] {dag.py:4180} INFO - Setting next_dagrun for dataset_s3_bucket_consumer to None, run_after=None
[2024-12-03T14:23:40.838+0000] {logging_mixin.py:190} INFO - [2024-12-03T14:23:40.837+0000] {dag.py:4180} INFO - Setting next_dagrun for dataset_s3_bucket_producer to None, run_after=None
[2024-12-03T14:23:41.034+0000] {processor.py:208} INFO - Processing /home/airflow/.local/lib/python3.12/site-packages/airflow/example_dags/example_dataset_alias.py took 2.631 seconds
[2024-12-03T14:24:11.293+0000] {processor.py:186} INFO - Started process (PID=701) to work on /home/airflow/.local/lib/python3.12/site-packages/airflow/example_dags/example_dataset_alias.py
[2024-12-03T14:24:11.295+0000] {processor.py:914} INFO - Processing file /home/airflow/.local/lib/python3.12/site-packages/airflow/example_dags/example_dataset_alias.py for tasks to queue
[2024-12-03T14:24:11.297+0000] {logging_mixin.py:190} INFO - [2024-12-03T14:24:11.296+0000] {dagbag.py:588} INFO - Filling up the DagBag from /home/airflow/.local/lib/python3.12/site-packages/airflow/example_dags/example_dataset_alias.py
[2024-12-03T14:24:12.144+0000] {processor.py:925} INFO - DAG(s) 'dataset_s3_bucket_consumer', 'dataset_alias_example_alias_producer', 'dataset_alias_example_alias_consumer', 'dataset_s3_bucket_producer' retrieved from /home/airflow/.local/lib/python3.12/site-packages/airflow/example_dags/example_dataset_alias.py
[2024-12-03T14:24:12.178+0000] {logging_mixin.py:190} INFO - [2024-12-03T14:24:12.177+0000] {dag.py:3239} INFO - Sync 4 DAGs
[2024-12-03T14:24:12.215+0000] {logging_mixin.py:190} INFO - [2024-12-03T14:24:12.214+0000] {dag.py:4180} INFO - Setting next_dagrun for dataset_alias_example_alias_consumer to None, run_after=None
[2024-12-03T14:24:12.219+0000] {logging_mixin.py:190} INFO - [2024-12-03T14:24:12.219+0000] {dag.py:4180} INFO - Setting next_dagrun for dataset_alias_example_alias_producer to None, run_after=None
[2024-12-03T14:24:12.222+0000] {logging_mixin.py:190} INFO - [2024-12-03T14:24:12.222+0000] {dag.py:4180} INFO - Setting next_dagrun for dataset_s3_bucket_consumer to None, run_after=None
[2024-12-03T14:24:12.225+0000] {logging_mixin.py:190} INFO - [2024-12-03T14:24:12.225+0000] {dag.py:4180} INFO - Setting next_dagrun for dataset_s3_bucket_producer to None, run_after=None
[2024-12-03T14:24:12.252+0000] {processor.py:208} INFO - Processing /home/airflow/.local/lib/python3.12/site-packages/airflow/example_dags/example_dataset_alias.py took 0.965 seconds
[2024-12-03T14:24:42.523+0000] {processor.py:186} INFO - Started process (PID=768) to work on /home/airflow/.local/lib/python3.12/site-packages/airflow/example_dags/example_dataset_alias.py
[2024-12-03T14:24:42.524+0000] {processor.py:914} INFO - Processing file /home/airflow/.local/lib/python3.12/site-packages/airflow/example_dags/example_dataset_alias.py for tasks to queue
[2024-12-03T14:24:42.526+0000] {logging_mixin.py:190} INFO - [2024-12-03T14:24:42.526+0000] {dagbag.py:588} INFO - Filling up the DagBag from /home/airflow/.local/lib/python3.12/site-packages/airflow/example_dags/example_dataset_alias.py
[2024-12-03T14:24:43.277+0000] {processor.py:925} INFO - DAG(s) 'dataset_alias_example_alias_consumer', 'dataset_s3_bucket_consumer', 'dataset_alias_example_alias_producer', 'dataset_s3_bucket_producer' retrieved from /home/airflow/.local/lib/python3.12/site-packages/airflow/example_dags/example_dataset_alias.py
[2024-12-03T14:24:43.326+0000] {logging_mixin.py:190} INFO - [2024-12-03T14:24:43.325+0000] {dag.py:3239} INFO - Sync 4 DAGs
[2024-12-03T14:24:43.399+0000] {logging_mixin.py:190} INFO - [2024-12-03T14:24:43.398+0000] {dag.py:4180} INFO - Setting next_dagrun for dataset_alias_example_alias_consumer to None, run_after=None
[2024-12-03T14:24:43.418+0000] {logging_mixin.py:190} INFO - [2024-12-03T14:24:43.417+0000] {dag.py:4180} INFO - Setting next_dagrun for dataset_alias_example_alias_producer to None, run_after=None
[2024-12-03T14:24:43.424+0000] {logging_mixin.py:190} INFO - [2024-12-03T14:24:43.423+0000] {dag.py:4180} INFO - Setting next_dagrun for dataset_s3_bucket_consumer to None, run_after=None
[2024-12-03T14:24:43.429+0000] {logging_mixin.py:190} INFO - [2024-12-03T14:24:43.428+0000] {dag.py:4180} INFO - Setting next_dagrun for dataset_s3_bucket_producer to None, run_after=None
[2024-12-03T14:24:43.509+0000] {processor.py:208} INFO - Processing /home/airflow/.local/lib/python3.12/site-packages/airflow/example_dags/example_dataset_alias.py took 0.992 seconds
