[2024-12-03T13:57:22.457+0000] {processor.py:186} INFO - Started process (PID=113) to work on /home/airflow/.local/lib/python3.12/site-packages/airflow/example_dags/example_xcom.py
[2024-12-03T13:57:22.459+0000] {processor.py:914} INFO - Processing file /home/airflow/.local/lib/python3.12/site-packages/airflow/example_dags/example_xcom.py for tasks to queue
[2024-12-03T13:57:22.463+0000] {logging_mixin.py:190} INFO - [2024-12-03T13:57:22.462+0000] {dagbag.py:588} INFO - Filling up the DagBag from /home/airflow/.local/lib/python3.12/site-packages/airflow/example_dags/example_xcom.py
[2024-12-03T13:57:22.480+0000] {processor.py:925} INFO - DAG(s) 'example_xcom' retrieved from /home/airflow/.local/lib/python3.12/site-packages/airflow/example_dags/example_xcom.py
[2024-12-03T13:57:22.643+0000] {logging_mixin.py:190} INFO - [2024-12-03T13:57:22.642+0000] {override.py:1911} INFO - Created Permission View: can delete on DAG:example_xcom
[2024-12-03T13:57:22.658+0000] {logging_mixin.py:190} INFO - [2024-12-03T13:57:22.658+0000] {override.py:1911} INFO - Created Permission View: can read on DAG:example_xcom
[2024-12-03T13:57:22.672+0000] {logging_mixin.py:190} INFO - [2024-12-03T13:57:22.671+0000] {override.py:1911} INFO - Created Permission View: can edit on DAG:example_xcom
[2024-12-03T13:57:22.687+0000] {logging_mixin.py:190} INFO - [2024-12-03T13:57:22.686+0000] {override.py:1911} INFO - Created Permission View: can create on DAG Run:example_xcom
[2024-12-03T13:57:22.701+0000] {logging_mixin.py:190} INFO - [2024-12-03T13:57:22.701+0000] {override.py:1911} INFO - Created Permission View: menu access on DAG Run:example_xcom
[2024-12-03T13:57:22.715+0000] {logging_mixin.py:190} INFO - [2024-12-03T13:57:22.715+0000] {override.py:1911} INFO - Created Permission View: can delete on DAG Run:example_xcom
[2024-12-03T13:57:22.729+0000] {logging_mixin.py:190} INFO - [2024-12-03T13:57:22.728+0000] {override.py:1911} INFO - Created Permission View: can read on DAG Run:example_xcom
[2024-12-03T13:57:22.731+0000] {logging_mixin.py:190} INFO - [2024-12-03T13:57:22.731+0000] {dag.py:3239} INFO - Sync 1 DAGs
[2024-12-03T13:57:22.748+0000] {logging_mixin.py:190} INFO - [2024-12-03T13:57:22.748+0000] {dag.py:3262} INFO - Creating ORM DAG for example_xcom
[2024-12-03T13:57:22.760+0000] {logging_mixin.py:190} INFO - [2024-12-03T13:57:22.760+0000] {dag.py:4180} INFO - Setting next_dagrun for example_xcom to 2021-01-01 00:00:00+00:00, run_after=2021-01-01 00:00:00+00:00
[2024-12-03T13:57:22.785+0000] {processor.py:208} INFO - Processing /home/airflow/.local/lib/python3.12/site-packages/airflow/example_dags/example_xcom.py took 0.336 seconds
[2024-12-03T14:19:14.042+0000] {processor.py:186} INFO - Started process (PID=89) to work on /home/airflow/.local/lib/python3.12/site-packages/airflow/example_dags/example_xcom.py
[2024-12-03T14:19:14.048+0000] {processor.py:914} INFO - Processing file /home/airflow/.local/lib/python3.12/site-packages/airflow/example_dags/example_xcom.py for tasks to queue
[2024-12-03T14:19:14.061+0000] {logging_mixin.py:190} INFO - [2024-12-03T14:19:14.060+0000] {dagbag.py:588} INFO - Filling up the DagBag from /home/airflow/.local/lib/python3.12/site-packages/airflow/example_dags/example_xcom.py
[2024-12-03T14:19:14.203+0000] {processor.py:925} INFO - DAG(s) 'example_xcom' retrieved from /home/airflow/.local/lib/python3.12/site-packages/airflow/example_dags/example_xcom.py
[2024-12-03T14:19:14.908+0000] {logging_mixin.py:190} INFO - [2024-12-03T14:19:14.899+0000] {override.py:1911} INFO - Created Permission View: can read on DAG:example_xcom
[2024-12-03T14:19:14.937+0000] {logging_mixin.py:190} INFO - [2024-12-03T14:19:14.936+0000] {override.py:1911} INFO - Created Permission View: can edit on DAG:example_xcom
[2024-12-03T14:19:14.954+0000] {logging_mixin.py:190} INFO - [2024-12-03T14:19:14.953+0000] {override.py:1911} INFO - Created Permission View: can delete on DAG:example_xcom
[2024-12-03T14:19:14.974+0000] {logging_mixin.py:190} INFO - [2024-12-03T14:19:14.973+0000] {override.py:1911} INFO - Created Permission View: can read on DAG Run:example_xcom
[2024-12-03T14:19:14.988+0000] {logging_mixin.py:190} INFO - [2024-12-03T14:19:14.988+0000] {override.py:1911} INFO - Created Permission View: menu access on DAG Run:example_xcom
[2024-12-03T14:19:15.003+0000] {logging_mixin.py:190} INFO - [2024-12-03T14:19:15.003+0000] {override.py:1911} INFO - Created Permission View: can delete on DAG Run:example_xcom
[2024-12-03T14:19:15.021+0000] {logging_mixin.py:190} INFO - [2024-12-03T14:19:15.021+0000] {override.py:1911} INFO - Created Permission View: can create on DAG Run:example_xcom
[2024-12-03T14:19:15.022+0000] {logging_mixin.py:190} INFO - [2024-12-03T14:19:15.022+0000] {dag.py:3239} INFO - Sync 1 DAGs
[2024-12-03T14:19:15.045+0000] {logging_mixin.py:190} INFO - [2024-12-03T14:19:15.045+0000] {dag.py:3262} INFO - Creating ORM DAG for example_xcom
[2024-12-03T14:19:15.061+0000] {logging_mixin.py:190} INFO - [2024-12-03T14:19:15.061+0000] {dag.py:4180} INFO - Setting next_dagrun for example_xcom to 2021-01-01 00:00:00+00:00, run_after=2021-01-01 00:00:00+00:00
[2024-12-03T14:19:15.089+0000] {processor.py:208} INFO - Processing /home/airflow/.local/lib/python3.12/site-packages/airflow/example_dags/example_xcom.py took 1.117 seconds
[2024-12-03T14:19:45.427+0000] {processor.py:186} INFO - Started process (PID=153) to work on /home/airflow/.local/lib/python3.12/site-packages/airflow/example_dags/example_xcom.py
[2024-12-03T14:19:45.429+0000] {processor.py:914} INFO - Processing file /home/airflow/.local/lib/python3.12/site-packages/airflow/example_dags/example_xcom.py for tasks to queue
[2024-12-03T14:19:45.432+0000] {logging_mixin.py:190} INFO - [2024-12-03T14:19:45.432+0000] {dagbag.py:588} INFO - Filling up the DagBag from /home/airflow/.local/lib/python3.12/site-packages/airflow/example_dags/example_xcom.py
[2024-12-03T14:19:45.448+0000] {processor.py:925} INFO - DAG(s) 'example_xcom' retrieved from /home/airflow/.local/lib/python3.12/site-packages/airflow/example_dags/example_xcom.py
[2024-12-03T14:19:45.496+0000] {logging_mixin.py:190} INFO - [2024-12-03T14:19:45.495+0000] {dag.py:3239} INFO - Sync 1 DAGs
[2024-12-03T14:19:45.566+0000] {logging_mixin.py:190} INFO - [2024-12-03T14:19:45.565+0000] {dag.py:4180} INFO - Setting next_dagrun for example_xcom to 2021-01-01 00:00:00+00:00, run_after=2021-01-01 00:00:00+00:00
[2024-12-03T14:19:45.625+0000] {processor.py:208} INFO - Processing /home/airflow/.local/lib/python3.12/site-packages/airflow/example_dags/example_xcom.py took 0.207 seconds
[2024-12-03T14:20:16.038+0000] {processor.py:186} INFO - Started process (PID=217) to work on /home/airflow/.local/lib/python3.12/site-packages/airflow/example_dags/example_xcom.py
[2024-12-03T14:20:16.040+0000] {processor.py:914} INFO - Processing file /home/airflow/.local/lib/python3.12/site-packages/airflow/example_dags/example_xcom.py for tasks to queue
[2024-12-03T14:20:16.042+0000] {logging_mixin.py:190} INFO - [2024-12-03T14:20:16.042+0000] {dagbag.py:588} INFO - Filling up the DagBag from /home/airflow/.local/lib/python3.12/site-packages/airflow/example_dags/example_xcom.py
[2024-12-03T14:20:16.051+0000] {processor.py:925} INFO - DAG(s) 'example_xcom' retrieved from /home/airflow/.local/lib/python3.12/site-packages/airflow/example_dags/example_xcom.py
[2024-12-03T14:20:16.076+0000] {logging_mixin.py:190} INFO - [2024-12-03T14:20:16.076+0000] {dag.py:3239} INFO - Sync 1 DAGs
[2024-12-03T14:20:16.102+0000] {logging_mixin.py:190} INFO - [2024-12-03T14:20:16.101+0000] {dag.py:4180} INFO - Setting next_dagrun for example_xcom to 2021-01-01 00:00:00+00:00, run_after=2021-01-01 00:00:00+00:00
[2024-12-03T14:20:16.128+0000] {processor.py:208} INFO - Processing /home/airflow/.local/lib/python3.12/site-packages/airflow/example_dags/example_xcom.py took 0.095 seconds
[2024-12-03T14:20:46.360+0000] {processor.py:186} INFO - Started process (PID=281) to work on /home/airflow/.local/lib/python3.12/site-packages/airflow/example_dags/example_xcom.py
[2024-12-03T14:20:46.363+0000] {processor.py:914} INFO - Processing file /home/airflow/.local/lib/python3.12/site-packages/airflow/example_dags/example_xcom.py for tasks to queue
[2024-12-03T14:20:46.368+0000] {logging_mixin.py:190} INFO - [2024-12-03T14:20:46.366+0000] {dagbag.py:588} INFO - Filling up the DagBag from /home/airflow/.local/lib/python3.12/site-packages/airflow/example_dags/example_xcom.py
[2024-12-03T14:20:46.394+0000] {processor.py:925} INFO - DAG(s) 'example_xcom' retrieved from /home/airflow/.local/lib/python3.12/site-packages/airflow/example_dags/example_xcom.py
[2024-12-03T14:20:46.437+0000] {logging_mixin.py:190} INFO - [2024-12-03T14:20:46.437+0000] {dag.py:3239} INFO - Sync 1 DAGs
[2024-12-03T14:20:46.481+0000] {logging_mixin.py:190} INFO - [2024-12-03T14:20:46.481+0000] {dag.py:4180} INFO - Setting next_dagrun for example_xcom to 2021-01-01 00:00:00+00:00, run_after=2021-01-01 00:00:00+00:00
[2024-12-03T14:20:46.526+0000] {processor.py:208} INFO - Processing /home/airflow/.local/lib/python3.12/site-packages/airflow/example_dags/example_xcom.py took 0.179 seconds
[2024-12-03T14:21:17.217+0000] {processor.py:186} INFO - Started process (PID=346) to work on /home/airflow/.local/lib/python3.12/site-packages/airflow/example_dags/example_xcom.py
[2024-12-03T14:21:17.218+0000] {processor.py:914} INFO - Processing file /home/airflow/.local/lib/python3.12/site-packages/airflow/example_dags/example_xcom.py for tasks to queue
[2024-12-03T14:21:17.220+0000] {logging_mixin.py:190} INFO - [2024-12-03T14:21:17.220+0000] {dagbag.py:588} INFO - Filling up the DagBag from /home/airflow/.local/lib/python3.12/site-packages/airflow/example_dags/example_xcom.py
[2024-12-03T14:21:17.229+0000] {processor.py:925} INFO - DAG(s) 'example_xcom' retrieved from /home/airflow/.local/lib/python3.12/site-packages/airflow/example_dags/example_xcom.py
[2024-12-03T14:21:17.253+0000] {logging_mixin.py:190} INFO - [2024-12-03T14:21:17.252+0000] {dag.py:3239} INFO - Sync 1 DAGs
[2024-12-03T14:21:17.279+0000] {logging_mixin.py:190} INFO - [2024-12-03T14:21:17.279+0000] {dag.py:4180} INFO - Setting next_dagrun for example_xcom to 2021-01-01 00:00:00+00:00, run_after=2021-01-01 00:00:00+00:00
[2024-12-03T14:21:17.303+0000] {processor.py:208} INFO - Processing /home/airflow/.local/lib/python3.12/site-packages/airflow/example_dags/example_xcom.py took 0.091 seconds
[2024-12-03T14:21:47.557+0000] {processor.py:186} INFO - Started process (PID=410) to work on /home/airflow/.local/lib/python3.12/site-packages/airflow/example_dags/example_xcom.py
[2024-12-03T14:21:47.558+0000] {processor.py:914} INFO - Processing file /home/airflow/.local/lib/python3.12/site-packages/airflow/example_dags/example_xcom.py for tasks to queue
[2024-12-03T14:21:47.561+0000] {logging_mixin.py:190} INFO - [2024-12-03T14:21:47.560+0000] {dagbag.py:588} INFO - Filling up the DagBag from /home/airflow/.local/lib/python3.12/site-packages/airflow/example_dags/example_xcom.py
[2024-12-03T14:21:47.571+0000] {processor.py:925} INFO - DAG(s) 'example_xcom' retrieved from /home/airflow/.local/lib/python3.12/site-packages/airflow/example_dags/example_xcom.py
[2024-12-03T14:21:47.596+0000] {logging_mixin.py:190} INFO - [2024-12-03T14:21:47.596+0000] {dag.py:3239} INFO - Sync 1 DAGs
[2024-12-03T14:21:47.626+0000] {logging_mixin.py:190} INFO - [2024-12-03T14:21:47.626+0000] {dag.py:4180} INFO - Setting next_dagrun for example_xcom to 2021-01-01 00:00:00+00:00, run_after=2021-01-01 00:00:00+00:00
[2024-12-03T14:21:47.658+0000] {processor.py:208} INFO - Processing /home/airflow/.local/lib/python3.12/site-packages/airflow/example_dags/example_xcom.py took 0.107 seconds
[2024-12-03T14:22:18.191+0000] {processor.py:186} INFO - Started process (PID=475) to work on /home/airflow/.local/lib/python3.12/site-packages/airflow/example_dags/example_xcom.py
[2024-12-03T14:22:18.193+0000] {processor.py:914} INFO - Processing file /home/airflow/.local/lib/python3.12/site-packages/airflow/example_dags/example_xcom.py for tasks to queue
[2024-12-03T14:22:18.195+0000] {logging_mixin.py:190} INFO - [2024-12-03T14:22:18.194+0000] {dagbag.py:588} INFO - Filling up the DagBag from /home/airflow/.local/lib/python3.12/site-packages/airflow/example_dags/example_xcom.py
[2024-12-03T14:22:18.205+0000] {processor.py:925} INFO - DAG(s) 'example_xcom' retrieved from /home/airflow/.local/lib/python3.12/site-packages/airflow/example_dags/example_xcom.py
[2024-12-03T14:22:18.232+0000] {logging_mixin.py:190} INFO - [2024-12-03T14:22:18.232+0000] {dag.py:3239} INFO - Sync 1 DAGs
[2024-12-03T14:22:18.262+0000] {logging_mixin.py:190} INFO - [2024-12-03T14:22:18.262+0000] {dag.py:4180} INFO - Setting next_dagrun for example_xcom to 2021-01-01 00:00:00+00:00, run_after=2021-01-01 00:00:00+00:00
[2024-12-03T14:22:18.291+0000] {processor.py:208} INFO - Processing /home/airflow/.local/lib/python3.12/site-packages/airflow/example_dags/example_xcom.py took 0.107 seconds
[2024-12-03T14:22:48.543+0000] {processor.py:186} INFO - Started process (PID=539) to work on /home/airflow/.local/lib/python3.12/site-packages/airflow/example_dags/example_xcom.py
[2024-12-03T14:22:48.544+0000] {processor.py:914} INFO - Processing file /home/airflow/.local/lib/python3.12/site-packages/airflow/example_dags/example_xcom.py for tasks to queue
[2024-12-03T14:22:48.546+0000] {logging_mixin.py:190} INFO - [2024-12-03T14:22:48.545+0000] {dagbag.py:588} INFO - Filling up the DagBag from /home/airflow/.local/lib/python3.12/site-packages/airflow/example_dags/example_xcom.py
[2024-12-03T14:22:48.559+0000] {processor.py:925} INFO - DAG(s) 'example_xcom' retrieved from /home/airflow/.local/lib/python3.12/site-packages/airflow/example_dags/example_xcom.py
[2024-12-03T14:22:48.587+0000] {logging_mixin.py:190} INFO - [2024-12-03T14:22:48.586+0000] {dag.py:3239} INFO - Sync 1 DAGs
[2024-12-03T14:22:48.618+0000] {logging_mixin.py:190} INFO - [2024-12-03T14:22:48.617+0000] {dag.py:4180} INFO - Setting next_dagrun for example_xcom to 2021-01-01 00:00:00+00:00, run_after=2021-01-01 00:00:00+00:00
[2024-12-03T14:22:48.655+0000] {processor.py:208} INFO - Processing /home/airflow/.local/lib/python3.12/site-packages/airflow/example_dags/example_xcom.py took 0.118 seconds
[2024-12-03T14:23:19.321+0000] {processor.py:186} INFO - Started process (PID=603) to work on /home/airflow/.local/lib/python3.12/site-packages/airflow/example_dags/example_xcom.py
[2024-12-03T14:23:19.323+0000] {processor.py:914} INFO - Processing file /home/airflow/.local/lib/python3.12/site-packages/airflow/example_dags/example_xcom.py for tasks to queue
[2024-12-03T14:23:19.325+0000] {logging_mixin.py:190} INFO - [2024-12-03T14:23:19.325+0000] {dagbag.py:588} INFO - Filling up the DagBag from /home/airflow/.local/lib/python3.12/site-packages/airflow/example_dags/example_xcom.py
[2024-12-03T14:23:19.334+0000] {processor.py:925} INFO - DAG(s) 'example_xcom' retrieved from /home/airflow/.local/lib/python3.12/site-packages/airflow/example_dags/example_xcom.py
[2024-12-03T14:23:19.362+0000] {logging_mixin.py:190} INFO - [2024-12-03T14:23:19.361+0000] {dag.py:3239} INFO - Sync 1 DAGs
[2024-12-03T14:23:19.389+0000] {logging_mixin.py:190} INFO - [2024-12-03T14:23:19.388+0000] {dag.py:4180} INFO - Setting next_dagrun for example_xcom to 2021-01-01 00:00:00+00:00, run_after=2021-01-01 00:00:00+00:00
[2024-12-03T14:23:19.416+0000] {processor.py:208} INFO - Processing /home/airflow/.local/lib/python3.12/site-packages/airflow/example_dags/example_xcom.py took 0.100 seconds
[2024-12-03T14:23:49.668+0000] {processor.py:186} INFO - Started process (PID=667) to work on /home/airflow/.local/lib/python3.12/site-packages/airflow/example_dags/example_xcom.py
[2024-12-03T14:23:49.670+0000] {processor.py:914} INFO - Processing file /home/airflow/.local/lib/python3.12/site-packages/airflow/example_dags/example_xcom.py for tasks to queue
[2024-12-03T14:23:49.673+0000] {logging_mixin.py:190} INFO - [2024-12-03T14:23:49.673+0000] {dagbag.py:588} INFO - Filling up the DagBag from /home/airflow/.local/lib/python3.12/site-packages/airflow/example_dags/example_xcom.py
[2024-12-03T14:23:49.689+0000] {processor.py:925} INFO - DAG(s) 'example_xcom' retrieved from /home/airflow/.local/lib/python3.12/site-packages/airflow/example_dags/example_xcom.py
[2024-12-03T14:23:49.754+0000] {logging_mixin.py:190} INFO - [2024-12-03T14:23:49.753+0000] {dag.py:3239} INFO - Sync 1 DAGs
[2024-12-03T14:23:49.845+0000] {logging_mixin.py:190} INFO - [2024-12-03T14:23:49.844+0000] {dag.py:4180} INFO - Setting next_dagrun for example_xcom to 2021-01-01 00:00:00+00:00, run_after=2021-01-01 00:00:00+00:00
[2024-12-03T14:23:54.943+0000] {processor.py:208} INFO - Processing /home/airflow/.local/lib/python3.12/site-packages/airflow/example_dags/example_xcom.py took 5.284 seconds
[2024-12-03T14:24:25.143+0000] {processor.py:186} INFO - Started process (PID=731) to work on /home/airflow/.local/lib/python3.12/site-packages/airflow/example_dags/example_xcom.py
[2024-12-03T14:24:25.145+0000] {processor.py:914} INFO - Processing file /home/airflow/.local/lib/python3.12/site-packages/airflow/example_dags/example_xcom.py for tasks to queue
[2024-12-03T14:24:25.147+0000] {logging_mixin.py:190} INFO - [2024-12-03T14:24:25.146+0000] {dagbag.py:588} INFO - Filling up the DagBag from /home/airflow/.local/lib/python3.12/site-packages/airflow/example_dags/example_xcom.py
[2024-12-03T14:24:25.161+0000] {processor.py:925} INFO - DAG(s) 'example_xcom' retrieved from /home/airflow/.local/lib/python3.12/site-packages/airflow/example_dags/example_xcom.py
[2024-12-03T14:24:25.216+0000] {logging_mixin.py:190} INFO - [2024-12-03T14:24:25.216+0000] {dag.py:3239} INFO - Sync 1 DAGs
[2024-12-03T14:24:25.265+0000] {logging_mixin.py:190} INFO - [2024-12-03T14:24:25.264+0000] {dag.py:4180} INFO - Setting next_dagrun for example_xcom to 2021-01-01 00:00:00+00:00, run_after=2021-01-01 00:00:00+00:00
[2024-12-03T14:24:25.294+0000] {processor.py:208} INFO - Processing /home/airflow/.local/lib/python3.12/site-packages/airflow/example_dags/example_xcom.py took 0.159 seconds
