[2024-12-03T13:59:41.656+0000] {processor.py:186} INFO - Started process (PID=134) to work on /home/airflow/.local/lib/python3.12/site-packages/airflow/example_dags/example_external_task_marker_dag.py
[2024-12-03T13:59:41.661+0000] {processor.py:914} INFO - Processing file /home/airflow/.local/lib/python3.12/site-packages/airflow/example_dags/example_external_task_marker_dag.py for tasks to queue
[2024-12-03T13:59:41.678+0000] {logging_mixin.py:190} INFO - [2024-12-03T13:59:41.676+0000] {dagbag.py:588} INFO - Filling up the DagBag from /home/airflow/.local/lib/python3.12/site-packages/airflow/example_dags/example_external_task_marker_dag.py
[2024-12-03T13:59:41.745+0000] {processor.py:925} INFO - DAG(s) 'example_external_task_marker_child', 'example_external_task_marker_parent' retrieved from /home/airflow/.local/lib/python3.12/site-packages/airflow/example_dags/example_external_task_marker_dag.py
[2024-12-03T13:59:42.171+0000] {logging_mixin.py:190} INFO - [2024-12-03T13:59:42.169+0000] {override.py:1911} INFO - Created Permission View: can delete on DAG:example_external_task_marker_child
[2024-12-03T13:59:42.195+0000] {logging_mixin.py:190} INFO - [2024-12-03T13:59:42.194+0000] {override.py:1911} INFO - Created Permission View: can read on DAG:example_external_task_marker_child
[2024-12-03T13:59:42.215+0000] {logging_mixin.py:190} INFO - [2024-12-03T13:59:42.214+0000] {override.py:1911} INFO - Created Permission View: can edit on DAG:example_external_task_marker_child
[2024-12-03T13:59:42.237+0000] {logging_mixin.py:190} INFO - [2024-12-03T13:59:42.236+0000] {override.py:1911} INFO - Created Permission View: can create on DAG Run:example_external_task_marker_child
[2024-12-03T13:59:42.257+0000] {logging_mixin.py:190} INFO - [2024-12-03T13:59:42.256+0000] {override.py:1911} INFO - Created Permission View: menu access on DAG Run:example_external_task_marker_child
[2024-12-03T13:59:42.276+0000] {logging_mixin.py:190} INFO - [2024-12-03T13:59:42.275+0000] {override.py:1911} INFO - Created Permission View: can delete on DAG Run:example_external_task_marker_child
[2024-12-03T13:59:42.295+0000] {logging_mixin.py:190} INFO - [2024-12-03T13:59:42.294+0000] {override.py:1911} INFO - Created Permission View: can read on DAG Run:example_external_task_marker_child
[2024-12-03T13:59:42.328+0000] {logging_mixin.py:190} INFO - [2024-12-03T13:59:42.327+0000] {override.py:1911} INFO - Created Permission View: can delete on DAG:example_external_task_marker_parent
[2024-12-03T13:59:42.345+0000] {logging_mixin.py:190} INFO - [2024-12-03T13:59:42.344+0000] {override.py:1911} INFO - Created Permission View: can read on DAG:example_external_task_marker_parent
[2024-12-03T13:59:42.362+0000] {logging_mixin.py:190} INFO - [2024-12-03T13:59:42.361+0000] {override.py:1911} INFO - Created Permission View: can edit on DAG:example_external_task_marker_parent
[2024-12-03T13:59:42.379+0000] {logging_mixin.py:190} INFO - [2024-12-03T13:59:42.378+0000] {override.py:1911} INFO - Created Permission View: can create on DAG Run:example_external_task_marker_parent
[2024-12-03T13:59:42.408+0000] {logging_mixin.py:190} INFO - [2024-12-03T13:59:42.407+0000] {override.py:1911} INFO - Created Permission View: menu access on DAG Run:example_external_task_marker_parent
[2024-12-03T13:59:42.426+0000] {logging_mixin.py:190} INFO - [2024-12-03T13:59:42.426+0000] {override.py:1911} INFO - Created Permission View: can delete on DAG Run:example_external_task_marker_parent
[2024-12-03T13:59:42.445+0000] {logging_mixin.py:190} INFO - [2024-12-03T13:59:42.444+0000] {override.py:1911} INFO - Created Permission View: can read on DAG Run:example_external_task_marker_parent
[2024-12-03T13:59:42.447+0000] {logging_mixin.py:190} INFO - [2024-12-03T13:59:42.447+0000] {dag.py:3239} INFO - Sync 2 DAGs
[2024-12-03T13:59:42.482+0000] {logging_mixin.py:190} INFO - [2024-12-03T13:59:42.482+0000] {dag.py:3262} INFO - Creating ORM DAG for example_external_task_marker_parent
[2024-12-03T13:59:42.485+0000] {logging_mixin.py:190} INFO - [2024-12-03T13:59:42.484+0000] {dag.py:3262} INFO - Creating ORM DAG for example_external_task_marker_child
[2024-12-03T13:59:42.489+0000] {logging_mixin.py:190} INFO - [2024-12-03T13:59:42.488+0000] {dag.py:4180} INFO - Setting next_dagrun for example_external_task_marker_child to None, run_after=None
[2024-12-03T13:59:42.492+0000] {logging_mixin.py:190} INFO - [2024-12-03T13:59:42.491+0000] {dag.py:4180} INFO - Setting next_dagrun for example_external_task_marker_parent to None, run_after=None
[2024-12-03T13:59:42.553+0000] {processor.py:208} INFO - Processing /home/airflow/.local/lib/python3.12/site-packages/airflow/example_dags/example_external_task_marker_dag.py took 0.925 seconds
[2024-12-03T14:19:18.411+0000] {processor.py:186} INFO - Started process (PID=100) to work on /home/airflow/.local/lib/python3.12/site-packages/airflow/example_dags/example_external_task_marker_dag.py
[2024-12-03T14:19:18.413+0000] {processor.py:914} INFO - Processing file /home/airflow/.local/lib/python3.12/site-packages/airflow/example_dags/example_external_task_marker_dag.py for tasks to queue
[2024-12-03T14:19:18.415+0000] {logging_mixin.py:190} INFO - [2024-12-03T14:19:18.414+0000] {dagbag.py:588} INFO - Filling up the DagBag from /home/airflow/.local/lib/python3.12/site-packages/airflow/example_dags/example_external_task_marker_dag.py
[2024-12-03T14:19:18.427+0000] {processor.py:925} INFO - DAG(s) 'example_external_task_marker_child', 'example_external_task_marker_parent' retrieved from /home/airflow/.local/lib/python3.12/site-packages/airflow/example_dags/example_external_task_marker_dag.py
[2024-12-03T14:19:18.613+0000] {logging_mixin.py:190} INFO - [2024-12-03T14:19:18.611+0000] {override.py:1911} INFO - Created Permission View: can read on DAG:example_external_task_marker_child
[2024-12-03T14:19:18.633+0000] {logging_mixin.py:190} INFO - [2024-12-03T14:19:18.632+0000] {override.py:1911} INFO - Created Permission View: can edit on DAG:example_external_task_marker_child
[2024-12-03T14:19:18.646+0000] {logging_mixin.py:190} INFO - [2024-12-03T14:19:18.646+0000] {override.py:1911} INFO - Created Permission View: can delete on DAG:example_external_task_marker_child
[2024-12-03T14:19:18.663+0000] {logging_mixin.py:190} INFO - [2024-12-03T14:19:18.663+0000] {override.py:1911} INFO - Created Permission View: can read on DAG Run:example_external_task_marker_child
[2024-12-03T14:19:18.679+0000] {logging_mixin.py:190} INFO - [2024-12-03T14:19:18.678+0000] {override.py:1911} INFO - Created Permission View: menu access on DAG Run:example_external_task_marker_child
[2024-12-03T14:19:18.693+0000] {logging_mixin.py:190} INFO - [2024-12-03T14:19:18.693+0000] {override.py:1911} INFO - Created Permission View: can delete on DAG Run:example_external_task_marker_child
[2024-12-03T14:19:18.706+0000] {logging_mixin.py:190} INFO - [2024-12-03T14:19:18.706+0000] {override.py:1911} INFO - Created Permission View: can create on DAG Run:example_external_task_marker_child
[2024-12-03T14:19:18.732+0000] {logging_mixin.py:190} INFO - [2024-12-03T14:19:18.731+0000] {override.py:1911} INFO - Created Permission View: can read on DAG:example_external_task_marker_parent
[2024-12-03T14:19:18.747+0000] {logging_mixin.py:190} INFO - [2024-12-03T14:19:18.747+0000] {override.py:1911} INFO - Created Permission View: can edit on DAG:example_external_task_marker_parent
[2024-12-03T14:19:18.761+0000] {logging_mixin.py:190} INFO - [2024-12-03T14:19:18.761+0000] {override.py:1911} INFO - Created Permission View: can delete on DAG:example_external_task_marker_parent
[2024-12-03T14:19:18.776+0000] {logging_mixin.py:190} INFO - [2024-12-03T14:19:18.776+0000] {override.py:1911} INFO - Created Permission View: can read on DAG Run:example_external_task_marker_parent
[2024-12-03T14:19:18.790+0000] {logging_mixin.py:190} INFO - [2024-12-03T14:19:18.789+0000] {override.py:1911} INFO - Created Permission View: menu access on DAG Run:example_external_task_marker_parent
[2024-12-03T14:19:18.805+0000] {logging_mixin.py:190} INFO - [2024-12-03T14:19:18.804+0000] {override.py:1911} INFO - Created Permission View: can delete on DAG Run:example_external_task_marker_parent
[2024-12-03T14:19:18.819+0000] {logging_mixin.py:190} INFO - [2024-12-03T14:19:18.818+0000] {override.py:1911} INFO - Created Permission View: can create on DAG Run:example_external_task_marker_parent
[2024-12-03T14:19:18.820+0000] {logging_mixin.py:190} INFO - [2024-12-03T14:19:18.820+0000] {dag.py:3239} INFO - Sync 2 DAGs
[2024-12-03T14:19:18.837+0000] {logging_mixin.py:190} INFO - [2024-12-03T14:19:18.836+0000] {dag.py:3262} INFO - Creating ORM DAG for example_external_task_marker_parent
[2024-12-03T14:19:18.838+0000] {logging_mixin.py:190} INFO - [2024-12-03T14:19:18.838+0000] {dag.py:3262} INFO - Creating ORM DAG for example_external_task_marker_child
[2024-12-03T14:19:18.840+0000] {logging_mixin.py:190} INFO - [2024-12-03T14:19:18.839+0000] {dag.py:4180} INFO - Setting next_dagrun for example_external_task_marker_child to None, run_after=None
[2024-12-03T14:19:18.841+0000] {logging_mixin.py:190} INFO - [2024-12-03T14:19:18.841+0000] {dag.py:4180} INFO - Setting next_dagrun for example_external_task_marker_parent to None, run_after=None
[2024-12-03T14:19:18.874+0000] {processor.py:208} INFO - Processing /home/airflow/.local/lib/python3.12/site-packages/airflow/example_dags/example_external_task_marker_dag.py took 0.470 seconds
[2024-12-03T14:19:49.591+0000] {processor.py:186} INFO - Started process (PID=164) to work on /home/airflow/.local/lib/python3.12/site-packages/airflow/example_dags/example_external_task_marker_dag.py
[2024-12-03T14:19:49.593+0000] {processor.py:914} INFO - Processing file /home/airflow/.local/lib/python3.12/site-packages/airflow/example_dags/example_external_task_marker_dag.py for tasks to queue
[2024-12-03T14:19:49.595+0000] {logging_mixin.py:190} INFO - [2024-12-03T14:19:49.595+0000] {dagbag.py:588} INFO - Filling up the DagBag from /home/airflow/.local/lib/python3.12/site-packages/airflow/example_dags/example_external_task_marker_dag.py
[2024-12-03T14:19:49.608+0000] {processor.py:925} INFO - DAG(s) 'example_external_task_marker_child', 'example_external_task_marker_parent' retrieved from /home/airflow/.local/lib/python3.12/site-packages/airflow/example_dags/example_external_task_marker_dag.py
[2024-12-03T14:19:49.642+0000] {logging_mixin.py:190} INFO - [2024-12-03T14:19:49.642+0000] {dag.py:3239} INFO - Sync 2 DAGs
[2024-12-03T14:19:49.667+0000] {logging_mixin.py:190} INFO - [2024-12-03T14:19:49.666+0000] {dag.py:4180} INFO - Setting next_dagrun for example_external_task_marker_child to None, run_after=None
[2024-12-03T14:19:49.675+0000] {logging_mixin.py:190} INFO - [2024-12-03T14:19:49.675+0000] {dag.py:4180} INFO - Setting next_dagrun for example_external_task_marker_parent to None, run_after=None
[2024-12-03T14:19:49.718+0000] {processor.py:208} INFO - Processing /home/airflow/.local/lib/python3.12/site-packages/airflow/example_dags/example_external_task_marker_dag.py took 0.137 seconds
[2024-12-03T14:20:19.811+0000] {processor.py:186} INFO - Started process (PID=227) to work on /home/airflow/.local/lib/python3.12/site-packages/airflow/example_dags/example_external_task_marker_dag.py
[2024-12-03T14:20:19.813+0000] {processor.py:914} INFO - Processing file /home/airflow/.local/lib/python3.12/site-packages/airflow/example_dags/example_external_task_marker_dag.py for tasks to queue
[2024-12-03T14:20:19.816+0000] {logging_mixin.py:190} INFO - [2024-12-03T14:20:19.815+0000] {dagbag.py:588} INFO - Filling up the DagBag from /home/airflow/.local/lib/python3.12/site-packages/airflow/example_dags/example_external_task_marker_dag.py
[2024-12-03T14:20:19.826+0000] {processor.py:925} INFO - DAG(s) 'example_external_task_marker_child', 'example_external_task_marker_parent' retrieved from /home/airflow/.local/lib/python3.12/site-packages/airflow/example_dags/example_external_task_marker_dag.py
[2024-12-03T14:20:19.862+0000] {logging_mixin.py:190} INFO - [2024-12-03T14:20:19.861+0000] {dag.py:3239} INFO - Sync 2 DAGs
[2024-12-03T14:20:19.878+0000] {logging_mixin.py:190} INFO - [2024-12-03T14:20:19.878+0000] {dag.py:4180} INFO - Setting next_dagrun for example_external_task_marker_child to None, run_after=None
[2024-12-03T14:20:19.883+0000] {logging_mixin.py:190} INFO - [2024-12-03T14:20:19.883+0000] {dag.py:4180} INFO - Setting next_dagrun for example_external_task_marker_parent to None, run_after=None
[2024-12-03T14:20:19.909+0000] {processor.py:208} INFO - Processing /home/airflow/.local/lib/python3.12/site-packages/airflow/example_dags/example_external_task_marker_dag.py took 0.105 seconds
[2024-12-03T14:20:50.410+0000] {processor.py:186} INFO - Started process (PID=292) to work on /home/airflow/.local/lib/python3.12/site-packages/airflow/example_dags/example_external_task_marker_dag.py
[2024-12-03T14:20:50.412+0000] {processor.py:914} INFO - Processing file /home/airflow/.local/lib/python3.12/site-packages/airflow/example_dags/example_external_task_marker_dag.py for tasks to queue
[2024-12-03T14:20:50.415+0000] {logging_mixin.py:190} INFO - [2024-12-03T14:20:50.414+0000] {dagbag.py:588} INFO - Filling up the DagBag from /home/airflow/.local/lib/python3.12/site-packages/airflow/example_dags/example_external_task_marker_dag.py
[2024-12-03T14:20:50.434+0000] {processor.py:925} INFO - DAG(s) 'example_external_task_marker_child', 'example_external_task_marker_parent' retrieved from /home/airflow/.local/lib/python3.12/site-packages/airflow/example_dags/example_external_task_marker_dag.py
[2024-12-03T14:20:50.479+0000] {logging_mixin.py:190} INFO - [2024-12-03T14:20:50.478+0000] {dag.py:3239} INFO - Sync 2 DAGs
[2024-12-03T14:20:50.503+0000] {logging_mixin.py:190} INFO - [2024-12-03T14:20:50.502+0000] {dag.py:4180} INFO - Setting next_dagrun for example_external_task_marker_child to None, run_after=None
[2024-12-03T14:20:50.510+0000] {logging_mixin.py:190} INFO - [2024-12-03T14:20:50.510+0000] {dag.py:4180} INFO - Setting next_dagrun for example_external_task_marker_parent to None, run_after=None
[2024-12-03T14:20:50.543+0000] {processor.py:208} INFO - Processing /home/airflow/.local/lib/python3.12/site-packages/airflow/example_dags/example_external_task_marker_dag.py took 0.145 seconds
[2024-12-03T14:21:20.974+0000] {processor.py:186} INFO - Started process (PID=357) to work on /home/airflow/.local/lib/python3.12/site-packages/airflow/example_dags/example_external_task_marker_dag.py
[2024-12-03T14:21:20.976+0000] {processor.py:914} INFO - Processing file /home/airflow/.local/lib/python3.12/site-packages/airflow/example_dags/example_external_task_marker_dag.py for tasks to queue
[2024-12-03T14:21:20.979+0000] {logging_mixin.py:190} INFO - [2024-12-03T14:21:20.978+0000] {dagbag.py:588} INFO - Filling up the DagBag from /home/airflow/.local/lib/python3.12/site-packages/airflow/example_dags/example_external_task_marker_dag.py
[2024-12-03T14:21:20.990+0000] {processor.py:925} INFO - DAG(s) 'example_external_task_marker_parent', 'example_external_task_marker_child' retrieved from /home/airflow/.local/lib/python3.12/site-packages/airflow/example_dags/example_external_task_marker_dag.py
[2024-12-03T14:21:21.034+0000] {logging_mixin.py:190} INFO - [2024-12-03T14:21:21.033+0000] {dag.py:3239} INFO - Sync 2 DAGs
[2024-12-03T14:21:21.060+0000] {logging_mixin.py:190} INFO - [2024-12-03T14:21:21.060+0000] {dag.py:4180} INFO - Setting next_dagrun for example_external_task_marker_child to None, run_after=None
[2024-12-03T14:21:21.066+0000] {logging_mixin.py:190} INFO - [2024-12-03T14:21:21.066+0000] {dag.py:4180} INFO - Setting next_dagrun for example_external_task_marker_parent to None, run_after=None
[2024-12-03T14:21:21.097+0000] {processor.py:208} INFO - Processing /home/airflow/.local/lib/python3.12/site-packages/airflow/example_dags/example_external_task_marker_dag.py took 0.131 seconds
[2024-12-03T14:21:51.447+0000] {processor.py:186} INFO - Started process (PID=421) to work on /home/airflow/.local/lib/python3.12/site-packages/airflow/example_dags/example_external_task_marker_dag.py
[2024-12-03T14:21:51.448+0000] {processor.py:914} INFO - Processing file /home/airflow/.local/lib/python3.12/site-packages/airflow/example_dags/example_external_task_marker_dag.py for tasks to queue
[2024-12-03T14:21:51.450+0000] {logging_mixin.py:190} INFO - [2024-12-03T14:21:51.449+0000] {dagbag.py:588} INFO - Filling up the DagBag from /home/airflow/.local/lib/python3.12/site-packages/airflow/example_dags/example_external_task_marker_dag.py
[2024-12-03T14:21:51.460+0000] {processor.py:925} INFO - DAG(s) 'example_external_task_marker_child', 'example_external_task_marker_parent' retrieved from /home/airflow/.local/lib/python3.12/site-packages/airflow/example_dags/example_external_task_marker_dag.py
[2024-12-03T14:21:51.492+0000] {logging_mixin.py:190} INFO - [2024-12-03T14:21:51.491+0000] {dag.py:3239} INFO - Sync 2 DAGs
[2024-12-03T14:21:51.509+0000] {logging_mixin.py:190} INFO - [2024-12-03T14:21:51.509+0000] {dag.py:4180} INFO - Setting next_dagrun for example_external_task_marker_child to None, run_after=None
[2024-12-03T14:21:51.514+0000] {logging_mixin.py:190} INFO - [2024-12-03T14:21:51.514+0000] {dag.py:4180} INFO - Setting next_dagrun for example_external_task_marker_parent to None, run_after=None
[2024-12-03T14:21:51.548+0000] {processor.py:208} INFO - Processing /home/airflow/.local/lib/python3.12/site-packages/airflow/example_dags/example_external_task_marker_dag.py took 0.106 seconds
[2024-12-03T14:22:21.912+0000] {processor.py:186} INFO - Started process (PID=486) to work on /home/airflow/.local/lib/python3.12/site-packages/airflow/example_dags/example_external_task_marker_dag.py
[2024-12-03T14:22:21.913+0000] {processor.py:914} INFO - Processing file /home/airflow/.local/lib/python3.12/site-packages/airflow/example_dags/example_external_task_marker_dag.py for tasks to queue
[2024-12-03T14:22:21.914+0000] {logging_mixin.py:190} INFO - [2024-12-03T14:22:21.914+0000] {dagbag.py:588} INFO - Filling up the DagBag from /home/airflow/.local/lib/python3.12/site-packages/airflow/example_dags/example_external_task_marker_dag.py
[2024-12-03T14:22:21.923+0000] {processor.py:925} INFO - DAG(s) 'example_external_task_marker_child', 'example_external_task_marker_parent' retrieved from /home/airflow/.local/lib/python3.12/site-packages/airflow/example_dags/example_external_task_marker_dag.py
[2024-12-03T14:22:21.954+0000] {logging_mixin.py:190} INFO - [2024-12-03T14:22:21.954+0000] {dag.py:3239} INFO - Sync 2 DAGs
[2024-12-03T14:22:21.971+0000] {logging_mixin.py:190} INFO - [2024-12-03T14:22:21.971+0000] {dag.py:4180} INFO - Setting next_dagrun for example_external_task_marker_child to None, run_after=None
[2024-12-03T14:22:21.978+0000] {logging_mixin.py:190} INFO - [2024-12-03T14:22:21.977+0000] {dag.py:4180} INFO - Setting next_dagrun for example_external_task_marker_parent to None, run_after=None
[2024-12-03T14:22:22.005+0000] {processor.py:208} INFO - Processing /home/airflow/.local/lib/python3.12/site-packages/airflow/example_dags/example_external_task_marker_dag.py took 0.098 seconds
[2024-12-03T14:22:52.314+0000] {processor.py:186} INFO - Started process (PID=550) to work on /home/airflow/.local/lib/python3.12/site-packages/airflow/example_dags/example_external_task_marker_dag.py
[2024-12-03T14:22:52.315+0000] {processor.py:914} INFO - Processing file /home/airflow/.local/lib/python3.12/site-packages/airflow/example_dags/example_external_task_marker_dag.py for tasks to queue
[2024-12-03T14:22:52.317+0000] {logging_mixin.py:190} INFO - [2024-12-03T14:22:52.317+0000] {dagbag.py:588} INFO - Filling up the DagBag from /home/airflow/.local/lib/python3.12/site-packages/airflow/example_dags/example_external_task_marker_dag.py
[2024-12-03T14:22:52.328+0000] {processor.py:925} INFO - DAG(s) 'example_external_task_marker_child', 'example_external_task_marker_parent' retrieved from /home/airflow/.local/lib/python3.12/site-packages/airflow/example_dags/example_external_task_marker_dag.py
[2024-12-03T14:22:52.368+0000] {logging_mixin.py:190} INFO - [2024-12-03T14:22:52.368+0000] {dag.py:3239} INFO - Sync 2 DAGs
[2024-12-03T14:22:52.399+0000] {logging_mixin.py:190} INFO - [2024-12-03T14:22:52.399+0000] {dag.py:4180} INFO - Setting next_dagrun for example_external_task_marker_child to None, run_after=None
[2024-12-03T14:22:52.408+0000] {logging_mixin.py:190} INFO - [2024-12-03T14:22:52.407+0000] {dag.py:4180} INFO - Setting next_dagrun for example_external_task_marker_parent to None, run_after=None
[2024-12-03T14:22:52.436+0000] {processor.py:208} INFO - Processing /home/airflow/.local/lib/python3.12/site-packages/airflow/example_dags/example_external_task_marker_dag.py took 0.128 seconds
[2024-12-03T14:23:23.135+0000] {processor.py:186} INFO - Started process (PID=614) to work on /home/airflow/.local/lib/python3.12/site-packages/airflow/example_dags/example_external_task_marker_dag.py
[2024-12-03T14:23:23.136+0000] {processor.py:914} INFO - Processing file /home/airflow/.local/lib/python3.12/site-packages/airflow/example_dags/example_external_task_marker_dag.py for tasks to queue
[2024-12-03T14:23:23.139+0000] {logging_mixin.py:190} INFO - [2024-12-03T14:23:23.138+0000] {dagbag.py:588} INFO - Filling up the DagBag from /home/airflow/.local/lib/python3.12/site-packages/airflow/example_dags/example_external_task_marker_dag.py
[2024-12-03T14:23:23.151+0000] {processor.py:925} INFO - DAG(s) 'example_external_task_marker_parent', 'example_external_task_marker_child' retrieved from /home/airflow/.local/lib/python3.12/site-packages/airflow/example_dags/example_external_task_marker_dag.py
[2024-12-03T14:23:23.195+0000] {logging_mixin.py:190} INFO - [2024-12-03T14:23:23.194+0000] {dag.py:3239} INFO - Sync 2 DAGs
[2024-12-03T14:23:23.223+0000] {logging_mixin.py:190} INFO - [2024-12-03T14:23:23.222+0000] {dag.py:4180} INFO - Setting next_dagrun for example_external_task_marker_child to None, run_after=None
[2024-12-03T14:23:23.230+0000] {logging_mixin.py:190} INFO - [2024-12-03T14:23:23.229+0000] {dag.py:4180} INFO - Setting next_dagrun for example_external_task_marker_parent to None, run_after=None
[2024-12-03T14:23:23.259+0000] {processor.py:208} INFO - Processing /home/airflow/.local/lib/python3.12/site-packages/airflow/example_dags/example_external_task_marker_dag.py took 0.132 seconds
[2024-12-03T14:23:56.735+0000] {processor.py:186} INFO - Started process (PID=684) to work on /home/airflow/.local/lib/python3.12/site-packages/airflow/example_dags/example_external_task_marker_dag.py
[2024-12-03T14:23:56.737+0000] {processor.py:914} INFO - Processing file /home/airflow/.local/lib/python3.12/site-packages/airflow/example_dags/example_external_task_marker_dag.py for tasks to queue
[2024-12-03T14:23:56.740+0000] {logging_mixin.py:190} INFO - [2024-12-03T14:23:56.739+0000] {dagbag.py:588} INFO - Filling up the DagBag from /home/airflow/.local/lib/python3.12/site-packages/airflow/example_dags/example_external_task_marker_dag.py
[2024-12-03T14:23:56.755+0000] {processor.py:925} INFO - DAG(s) 'example_external_task_marker_parent', 'example_external_task_marker_child' retrieved from /home/airflow/.local/lib/python3.12/site-packages/airflow/example_dags/example_external_task_marker_dag.py
[2024-12-03T14:23:56.817+0000] {logging_mixin.py:190} INFO - [2024-12-03T14:23:56.817+0000] {dag.py:3239} INFO - Sync 2 DAGs
[2024-12-03T14:23:56.855+0000] {logging_mixin.py:190} INFO - [2024-12-03T14:23:56.854+0000] {dag.py:4180} INFO - Setting next_dagrun for example_external_task_marker_child to None, run_after=None
[2024-12-03T14:23:56.867+0000] {logging_mixin.py:190} INFO - [2024-12-03T14:23:56.867+0000] {dag.py:4180} INFO - Setting next_dagrun for example_external_task_marker_parent to None, run_after=None
[2024-12-03T14:23:56.922+0000] {processor.py:208} INFO - Processing /home/airflow/.local/lib/python3.12/site-packages/airflow/example_dags/example_external_task_marker_dag.py took 0.197 seconds
[2024-12-03T14:24:27.182+0000] {processor.py:186} INFO - Started process (PID=748) to work on /home/airflow/.local/lib/python3.12/site-packages/airflow/example_dags/example_external_task_marker_dag.py
[2024-12-03T14:24:27.183+0000] {processor.py:914} INFO - Processing file /home/airflow/.local/lib/python3.12/site-packages/airflow/example_dags/example_external_task_marker_dag.py for tasks to queue
[2024-12-03T14:24:27.185+0000] {logging_mixin.py:190} INFO - [2024-12-03T14:24:27.184+0000] {dagbag.py:588} INFO - Filling up the DagBag from /home/airflow/.local/lib/python3.12/site-packages/airflow/example_dags/example_external_task_marker_dag.py
[2024-12-03T14:24:27.196+0000] {processor.py:925} INFO - DAG(s) 'example_external_task_marker_parent', 'example_external_task_marker_child' retrieved from /home/airflow/.local/lib/python3.12/site-packages/airflow/example_dags/example_external_task_marker_dag.py
[2024-12-03T14:24:27.228+0000] {logging_mixin.py:190} INFO - [2024-12-03T14:24:27.228+0000] {dag.py:3239} INFO - Sync 2 DAGs
[2024-12-03T14:24:27.247+0000] {logging_mixin.py:190} INFO - [2024-12-03T14:24:27.247+0000] {dag.py:4180} INFO - Setting next_dagrun for example_external_task_marker_child to None, run_after=None
[2024-12-03T14:24:27.253+0000] {logging_mixin.py:190} INFO - [2024-12-03T14:24:27.253+0000] {dag.py:4180} INFO - Setting next_dagrun for example_external_task_marker_parent to None, run_after=None
[2024-12-03T14:24:27.277+0000] {processor.py:208} INFO - Processing /home/airflow/.local/lib/python3.12/site-packages/airflow/example_dags/example_external_task_marker_dag.py took 0.101 seconds
