[2024-12-03T13:57:10.527+0000] {processor.py:186} INFO - Started process (PID=82) to work on /home/airflow/.local/lib/python3.12/site-packages/airflow/example_dags/example_bash_decorator.py
[2024-12-03T13:57:10.529+0000] {processor.py:914} INFO - Processing file /home/airflow/.local/lib/python3.12/site-packages/airflow/example_dags/example_bash_decorator.py for tasks to queue
[2024-12-03T13:57:10.533+0000] {logging_mixin.py:190} INFO - [2024-12-03T13:57:10.533+0000] {dagbag.py:588} INFO - Filling up the DagBag from /home/airflow/.local/lib/python3.12/site-packages/airflow/example_dags/example_bash_decorator.py
[2024-12-03T13:57:10.568+0000] {processor.py:925} INFO - DAG(s) 'example_bash_decorator' retrieved from /home/airflow/.local/lib/python3.12/site-packages/airflow/example_dags/example_bash_decorator.py
[2024-12-03T13:57:10.796+0000] {logging_mixin.py:190} INFO - [2024-12-03T13:57:10.795+0000] {override.py:1911} INFO - Created Permission View: can delete on DAG:example_bash_decorator
[2024-12-03T13:57:10.813+0000] {logging_mixin.py:190} INFO - [2024-12-03T13:57:10.812+0000] {override.py:1911} INFO - Created Permission View: can read on DAG:example_bash_decorator
[2024-12-03T13:57:10.827+0000] {logging_mixin.py:190} INFO - [2024-12-03T13:57:10.826+0000] {override.py:1911} INFO - Created Permission View: can edit on DAG:example_bash_decorator
[2024-12-03T13:57:10.844+0000] {logging_mixin.py:190} INFO - [2024-12-03T13:57:10.844+0000] {override.py:1911} INFO - Created Permission View: can create on DAG Run:example_bash_decorator
[2024-12-03T13:57:10.857+0000] {logging_mixin.py:190} INFO - [2024-12-03T13:57:10.857+0000] {override.py:1911} INFO - Created Permission View: menu access on DAG Run:example_bash_decorator
[2024-12-03T13:57:10.871+0000] {logging_mixin.py:190} INFO - [2024-12-03T13:57:10.870+0000] {override.py:1911} INFO - Created Permission View: can delete on DAG Run:example_bash_decorator
[2024-12-03T13:57:10.886+0000] {logging_mixin.py:190} INFO - [2024-12-03T13:57:10.886+0000] {override.py:1911} INFO - Created Permission View: can read on DAG Run:example_bash_decorator
[2024-12-03T13:57:10.889+0000] {logging_mixin.py:190} INFO - [2024-12-03T13:57:10.888+0000] {dag.py:3239} INFO - Sync 1 DAGs
[2024-12-03T13:57:10.907+0000] {logging_mixin.py:190} INFO - [2024-12-03T13:57:10.906+0000] {dag.py:3262} INFO - Creating ORM DAG for example_bash_decorator
[2024-12-03T13:57:10.910+0000] {logging_mixin.py:190} INFO - [2024-12-03T13:57:10.909+0000] {dag.py:4180} INFO - Setting next_dagrun for example_bash_decorator to None, run_after=None
[2024-12-03T13:57:10.933+0000] {processor.py:208} INFO - Processing /home/airflow/.local/lib/python3.12/site-packages/airflow/example_dags/example_bash_decorator.py took 0.415 seconds
[2024-12-03T14:19:15.860+0000] {processor.py:186} INFO - Started process (PID=92) to work on /home/airflow/.local/lib/python3.12/site-packages/airflow/example_dags/example_bash_decorator.py
[2024-12-03T14:19:15.864+0000] {processor.py:914} INFO - Processing file /home/airflow/.local/lib/python3.12/site-packages/airflow/example_dags/example_bash_decorator.py for tasks to queue
[2024-12-03T14:19:15.874+0000] {logging_mixin.py:190} INFO - [2024-12-03T14:19:15.872+0000] {dagbag.py:588} INFO - Filling up the DagBag from /home/airflow/.local/lib/python3.12/site-packages/airflow/example_dags/example_bash_decorator.py
[2024-12-03T14:19:16.035+0000] {processor.py:925} INFO - DAG(s) 'example_bash_decorator' retrieved from /home/airflow/.local/lib/python3.12/site-packages/airflow/example_dags/example_bash_decorator.py
[2024-12-03T14:19:16.653+0000] {logging_mixin.py:190} INFO - [2024-12-03T14:19:16.650+0000] {override.py:1911} INFO - Created Permission View: can read on DAG:example_bash_decorator
[2024-12-03T14:19:16.692+0000] {logging_mixin.py:190} INFO - [2024-12-03T14:19:16.691+0000] {override.py:1911} INFO - Created Permission View: can edit on DAG:example_bash_decorator
[2024-12-03T14:19:16.706+0000] {logging_mixin.py:190} INFO - [2024-12-03T14:19:16.706+0000] {override.py:1911} INFO - Created Permission View: can delete on DAG:example_bash_decorator
[2024-12-03T14:19:16.721+0000] {logging_mixin.py:190} INFO - [2024-12-03T14:19:16.721+0000] {override.py:1911} INFO - Created Permission View: can read on DAG Run:example_bash_decorator
[2024-12-03T14:19:16.736+0000] {logging_mixin.py:190} INFO - [2024-12-03T14:19:16.736+0000] {override.py:1911} INFO - Created Permission View: menu access on DAG Run:example_bash_decorator
[2024-12-03T14:19:16.751+0000] {logging_mixin.py:190} INFO - [2024-12-03T14:19:16.751+0000] {override.py:1911} INFO - Created Permission View: can delete on DAG Run:example_bash_decorator
[2024-12-03T14:19:16.766+0000] {logging_mixin.py:190} INFO - [2024-12-03T14:19:16.765+0000] {override.py:1911} INFO - Created Permission View: can create on DAG Run:example_bash_decorator
[2024-12-03T14:19:16.767+0000] {logging_mixin.py:190} INFO - [2024-12-03T14:19:16.767+0000] {dag.py:3239} INFO - Sync 1 DAGs
[2024-12-03T14:19:16.798+0000] {logging_mixin.py:190} INFO - [2024-12-03T14:19:16.797+0000] {dag.py:3262} INFO - Creating ORM DAG for example_bash_decorator
[2024-12-03T14:19:16.803+0000] {logging_mixin.py:190} INFO - [2024-12-03T14:19:16.803+0000] {dag.py:4180} INFO - Setting next_dagrun for example_bash_decorator to None, run_after=None
[2024-12-03T14:19:16.844+0000] {processor.py:208} INFO - Processing /home/airflow/.local/lib/python3.12/site-packages/airflow/example_dags/example_bash_decorator.py took 1.033 seconds
[2024-12-03T14:19:47.746+0000] {processor.py:186} INFO - Started process (PID=156) to work on /home/airflow/.local/lib/python3.12/site-packages/airflow/example_dags/example_bash_decorator.py
[2024-12-03T14:19:47.747+0000] {processor.py:914} INFO - Processing file /home/airflow/.local/lib/python3.12/site-packages/airflow/example_dags/example_bash_decorator.py for tasks to queue
[2024-12-03T14:19:47.750+0000] {logging_mixin.py:190} INFO - [2024-12-03T14:19:47.750+0000] {dagbag.py:588} INFO - Filling up the DagBag from /home/airflow/.local/lib/python3.12/site-packages/airflow/example_dags/example_bash_decorator.py
[2024-12-03T14:19:47.778+0000] {processor.py:925} INFO - DAG(s) 'example_bash_decorator' retrieved from /home/airflow/.local/lib/python3.12/site-packages/airflow/example_dags/example_bash_decorator.py
[2024-12-03T14:19:47.825+0000] {logging_mixin.py:190} INFO - [2024-12-03T14:19:47.825+0000] {dag.py:3239} INFO - Sync 1 DAGs
[2024-12-03T14:19:47.884+0000] {logging_mixin.py:190} INFO - [2024-12-03T14:19:47.883+0000] {dag.py:4180} INFO - Setting next_dagrun for example_bash_decorator to None, run_after=None
[2024-12-03T14:19:47.928+0000] {processor.py:208} INFO - Processing /home/airflow/.local/lib/python3.12/site-packages/airflow/example_dags/example_bash_decorator.py took 0.190 seconds
[2024-12-03T14:20:18.209+0000] {processor.py:186} INFO - Started process (PID=220) to work on /home/airflow/.local/lib/python3.12/site-packages/airflow/example_dags/example_bash_decorator.py
[2024-12-03T14:20:18.210+0000] {processor.py:914} INFO - Processing file /home/airflow/.local/lib/python3.12/site-packages/airflow/example_dags/example_bash_decorator.py for tasks to queue
[2024-12-03T14:20:18.212+0000] {logging_mixin.py:190} INFO - [2024-12-03T14:20:18.211+0000] {dagbag.py:588} INFO - Filling up the DagBag from /home/airflow/.local/lib/python3.12/site-packages/airflow/example_dags/example_bash_decorator.py
[2024-12-03T14:20:18.226+0000] {processor.py:925} INFO - DAG(s) 'example_bash_decorator' retrieved from /home/airflow/.local/lib/python3.12/site-packages/airflow/example_dags/example_bash_decorator.py
[2024-12-03T14:20:18.252+0000] {logging_mixin.py:190} INFO - [2024-12-03T14:20:18.251+0000] {dag.py:3239} INFO - Sync 1 DAGs
[2024-12-03T14:20:18.267+0000] {logging_mixin.py:190} INFO - [2024-12-03T14:20:18.266+0000] {dag.py:4180} INFO - Setting next_dagrun for example_bash_decorator to None, run_after=None
[2024-12-03T14:20:18.293+0000] {processor.py:208} INFO - Processing /home/airflow/.local/lib/python3.12/site-packages/airflow/example_dags/example_bash_decorator.py took 0.091 seconds
[2024-12-03T14:20:48.653+0000] {processor.py:186} INFO - Started process (PID=284) to work on /home/airflow/.local/lib/python3.12/site-packages/airflow/example_dags/example_bash_decorator.py
[2024-12-03T14:20:48.655+0000] {processor.py:914} INFO - Processing file /home/airflow/.local/lib/python3.12/site-packages/airflow/example_dags/example_bash_decorator.py for tasks to queue
[2024-12-03T14:20:48.657+0000] {logging_mixin.py:190} INFO - [2024-12-03T14:20:48.656+0000] {dagbag.py:588} INFO - Filling up the DagBag from /home/airflow/.local/lib/python3.12/site-packages/airflow/example_dags/example_bash_decorator.py
[2024-12-03T14:20:48.675+0000] {processor.py:925} INFO - DAG(s) 'example_bash_decorator' retrieved from /home/airflow/.local/lib/python3.12/site-packages/airflow/example_dags/example_bash_decorator.py
[2024-12-03T14:20:48.707+0000] {logging_mixin.py:190} INFO - [2024-12-03T14:20:48.706+0000] {dag.py:3239} INFO - Sync 1 DAGs
[2024-12-03T14:20:48.727+0000] {logging_mixin.py:190} INFO - [2024-12-03T14:20:48.726+0000] {dag.py:4180} INFO - Setting next_dagrun for example_bash_decorator to None, run_after=None
[2024-12-03T14:20:48.757+0000] {processor.py:208} INFO - Processing /home/airflow/.local/lib/python3.12/site-packages/airflow/example_dags/example_bash_decorator.py took 0.111 seconds
[2024-12-03T14:21:19.379+0000] {processor.py:186} INFO - Started process (PID=349) to work on /home/airflow/.local/lib/python3.12/site-packages/airflow/example_dags/example_bash_decorator.py
[2024-12-03T14:21:19.380+0000] {processor.py:914} INFO - Processing file /home/airflow/.local/lib/python3.12/site-packages/airflow/example_dags/example_bash_decorator.py for tasks to queue
[2024-12-03T14:21:19.382+0000] {logging_mixin.py:190} INFO - [2024-12-03T14:21:19.382+0000] {dagbag.py:588} INFO - Filling up the DagBag from /home/airflow/.local/lib/python3.12/site-packages/airflow/example_dags/example_bash_decorator.py
[2024-12-03T14:21:19.400+0000] {processor.py:925} INFO - DAG(s) 'example_bash_decorator' retrieved from /home/airflow/.local/lib/python3.12/site-packages/airflow/example_dags/example_bash_decorator.py
[2024-12-03T14:21:19.428+0000] {logging_mixin.py:190} INFO - [2024-12-03T14:21:19.428+0000] {dag.py:3239} INFO - Sync 1 DAGs
[2024-12-03T14:21:19.446+0000] {logging_mixin.py:190} INFO - [2024-12-03T14:21:19.445+0000] {dag.py:4180} INFO - Setting next_dagrun for example_bash_decorator to None, run_after=None
[2024-12-03T14:21:19.472+0000] {processor.py:208} INFO - Processing /home/airflow/.local/lib/python3.12/site-packages/airflow/example_dags/example_bash_decorator.py took 0.099 seconds
[2024-12-03T14:21:49.736+0000] {processor.py:186} INFO - Started process (PID=413) to work on /home/airflow/.local/lib/python3.12/site-packages/airflow/example_dags/example_bash_decorator.py
[2024-12-03T14:21:49.737+0000] {processor.py:914} INFO - Processing file /home/airflow/.local/lib/python3.12/site-packages/airflow/example_dags/example_bash_decorator.py for tasks to queue
[2024-12-03T14:21:49.739+0000] {logging_mixin.py:190} INFO - [2024-12-03T14:21:49.738+0000] {dagbag.py:588} INFO - Filling up the DagBag from /home/airflow/.local/lib/python3.12/site-packages/airflow/example_dags/example_bash_decorator.py
[2024-12-03T14:21:49.753+0000] {processor.py:925} INFO - DAG(s) 'example_bash_decorator' retrieved from /home/airflow/.local/lib/python3.12/site-packages/airflow/example_dags/example_bash_decorator.py
[2024-12-03T14:21:49.780+0000] {logging_mixin.py:190} INFO - [2024-12-03T14:21:49.780+0000] {dag.py:3239} INFO - Sync 1 DAGs
[2024-12-03T14:21:49.797+0000] {logging_mixin.py:190} INFO - [2024-12-03T14:21:49.797+0000] {dag.py:4180} INFO - Setting next_dagrun for example_bash_decorator to None, run_after=None
[2024-12-03T14:21:49.824+0000] {processor.py:208} INFO - Processing /home/airflow/.local/lib/python3.12/site-packages/airflow/example_dags/example_bash_decorator.py took 0.094 seconds
[2024-12-03T14:22:20.375+0000] {processor.py:186} INFO - Started process (PID=478) to work on /home/airflow/.local/lib/python3.12/site-packages/airflow/example_dags/example_bash_decorator.py
[2024-12-03T14:22:20.377+0000] {processor.py:914} INFO - Processing file /home/airflow/.local/lib/python3.12/site-packages/airflow/example_dags/example_bash_decorator.py for tasks to queue
[2024-12-03T14:22:20.379+0000] {logging_mixin.py:190} INFO - [2024-12-03T14:22:20.378+0000] {dagbag.py:588} INFO - Filling up the DagBag from /home/airflow/.local/lib/python3.12/site-packages/airflow/example_dags/example_bash_decorator.py
[2024-12-03T14:22:20.406+0000] {processor.py:925} INFO - DAG(s) 'example_bash_decorator' retrieved from /home/airflow/.local/lib/python3.12/site-packages/airflow/example_dags/example_bash_decorator.py
[2024-12-03T14:22:20.448+0000] {logging_mixin.py:190} INFO - [2024-12-03T14:22:20.448+0000] {dag.py:3239} INFO - Sync 1 DAGs
[2024-12-03T14:22:20.478+0000] {logging_mixin.py:190} INFO - [2024-12-03T14:22:20.478+0000] {dag.py:4180} INFO - Setting next_dagrun for example_bash_decorator to None, run_after=None
[2024-12-03T14:22:20.510+0000] {processor.py:208} INFO - Processing /home/airflow/.local/lib/python3.12/site-packages/airflow/example_dags/example_bash_decorator.py took 0.143 seconds
[2024-12-03T14:22:50.612+0000] {processor.py:186} INFO - Started process (PID=542) to work on /home/airflow/.local/lib/python3.12/site-packages/airflow/example_dags/example_bash_decorator.py
[2024-12-03T14:22:50.613+0000] {processor.py:914} INFO - Processing file /home/airflow/.local/lib/python3.12/site-packages/airflow/example_dags/example_bash_decorator.py for tasks to queue
[2024-12-03T14:22:50.615+0000] {logging_mixin.py:190} INFO - [2024-12-03T14:22:50.615+0000] {dagbag.py:588} INFO - Filling up the DagBag from /home/airflow/.local/lib/python3.12/site-packages/airflow/example_dags/example_bash_decorator.py
[2024-12-03T14:22:50.635+0000] {processor.py:925} INFO - DAG(s) 'example_bash_decorator' retrieved from /home/airflow/.local/lib/python3.12/site-packages/airflow/example_dags/example_bash_decorator.py
[2024-12-03T14:22:50.670+0000] {logging_mixin.py:190} INFO - [2024-12-03T14:22:50.670+0000] {dag.py:3239} INFO - Sync 1 DAGs
[2024-12-03T14:22:50.693+0000] {logging_mixin.py:190} INFO - [2024-12-03T14:22:50.693+0000] {dag.py:4180} INFO - Setting next_dagrun for example_bash_decorator to None, run_after=None
[2024-12-03T14:22:50.728+0000] {processor.py:208} INFO - Processing /home/airflow/.local/lib/python3.12/site-packages/airflow/example_dags/example_bash_decorator.py took 0.123 seconds
[2024-12-03T14:23:21.492+0000] {processor.py:186} INFO - Started process (PID=606) to work on /home/airflow/.local/lib/python3.12/site-packages/airflow/example_dags/example_bash_decorator.py
[2024-12-03T14:23:21.494+0000] {processor.py:914} INFO - Processing file /home/airflow/.local/lib/python3.12/site-packages/airflow/example_dags/example_bash_decorator.py for tasks to queue
[2024-12-03T14:23:21.496+0000] {logging_mixin.py:190} INFO - [2024-12-03T14:23:21.495+0000] {dagbag.py:588} INFO - Filling up the DagBag from /home/airflow/.local/lib/python3.12/site-packages/airflow/example_dags/example_bash_decorator.py
[2024-12-03T14:23:21.517+0000] {processor.py:925} INFO - DAG(s) 'example_bash_decorator' retrieved from /home/airflow/.local/lib/python3.12/site-packages/airflow/example_dags/example_bash_decorator.py
[2024-12-03T14:23:21.547+0000] {logging_mixin.py:190} INFO - [2024-12-03T14:23:21.547+0000] {dag.py:3239} INFO - Sync 1 DAGs
[2024-12-03T14:23:21.565+0000] {logging_mixin.py:190} INFO - [2024-12-03T14:23:21.564+0000] {dag.py:4180} INFO - Setting next_dagrun for example_bash_decorator to None, run_after=None
[2024-12-03T14:23:21.595+0000] {processor.py:208} INFO - Processing /home/airflow/.local/lib/python3.12/site-packages/airflow/example_dags/example_bash_decorator.py took 0.109 seconds
[2024-12-03T14:23:55.347+0000] {processor.py:186} INFO - Started process (PID=670) to work on /home/airflow/.local/lib/python3.12/site-packages/airflow/example_dags/example_bash_decorator.py
[2024-12-03T14:23:55.349+0000] {processor.py:914} INFO - Processing file /home/airflow/.local/lib/python3.12/site-packages/airflow/example_dags/example_bash_decorator.py for tasks to queue
[2024-12-03T14:23:55.351+0000] {logging_mixin.py:190} INFO - [2024-12-03T14:23:55.351+0000] {dagbag.py:588} INFO - Filling up the DagBag from /home/airflow/.local/lib/python3.12/site-packages/airflow/example_dags/example_bash_decorator.py
[2024-12-03T14:23:55.378+0000] {processor.py:925} INFO - DAG(s) 'example_bash_decorator' retrieved from /home/airflow/.local/lib/python3.12/site-packages/airflow/example_dags/example_bash_decorator.py
[2024-12-03T14:23:55.416+0000] {logging_mixin.py:190} INFO - [2024-12-03T14:23:55.416+0000] {dag.py:3239} INFO - Sync 1 DAGs
[2024-12-03T14:23:55.470+0000] {logging_mixin.py:190} INFO - [2024-12-03T14:23:55.469+0000] {dag.py:4180} INFO - Setting next_dagrun for example_bash_decorator to None, run_after=None
[2024-12-03T14:23:55.516+0000] {processor.py:208} INFO - Processing /home/airflow/.local/lib/python3.12/site-packages/airflow/example_dags/example_bash_decorator.py took 0.178 seconds
[2024-12-03T14:24:26.379+0000] {processor.py:186} INFO - Started process (PID=740) to work on /home/airflow/.local/lib/python3.12/site-packages/airflow/example_dags/example_bash_decorator.py
[2024-12-03T14:24:26.381+0000] {processor.py:914} INFO - Processing file /home/airflow/.local/lib/python3.12/site-packages/airflow/example_dags/example_bash_decorator.py for tasks to queue
[2024-12-03T14:24:26.383+0000] {logging_mixin.py:190} INFO - [2024-12-03T14:24:26.383+0000] {dagbag.py:588} INFO - Filling up the DagBag from /home/airflow/.local/lib/python3.12/site-packages/airflow/example_dags/example_bash_decorator.py
[2024-12-03T14:24:26.402+0000] {processor.py:925} INFO - DAG(s) 'example_bash_decorator' retrieved from /home/airflow/.local/lib/python3.12/site-packages/airflow/example_dags/example_bash_decorator.py
[2024-12-03T14:24:26.432+0000] {logging_mixin.py:190} INFO - [2024-12-03T14:24:26.432+0000] {dag.py:3239} INFO - Sync 1 DAGs
[2024-12-03T14:24:26.454+0000] {logging_mixin.py:190} INFO - [2024-12-03T14:24:26.454+0000] {dag.py:4180} INFO - Setting next_dagrun for example_bash_decorator to None, run_after=None
[2024-12-03T14:24:26.484+0000] {processor.py:208} INFO - Processing /home/airflow/.local/lib/python3.12/site-packages/airflow/example_dags/example_bash_decorator.py took 0.112 seconds
