[2024-12-03T13:57:11.538+0000] {processor.py:186} INFO - Started process (PID=85) to work on /home/airflow/.local/lib/python3.12/site-packages/airflow/example_dags/example_sla_dag.py
[2024-12-03T13:57:11.541+0000] {processor.py:914} INFO - Processing file /home/airflow/.local/lib/python3.12/site-packages/airflow/example_dags/example_sla_dag.py for tasks to queue
[2024-12-03T13:57:11.545+0000] {logging_mixin.py:190} INFO - [2024-12-03T13:57:11.544+0000] {dagbag.py:588} INFO - Filling up the DagBag from /home/airflow/.local/lib/python3.12/site-packages/airflow/example_dags/example_sla_dag.py
[2024-12-03T13:57:11.561+0000] {processor.py:925} INFO - DAG(s) 'example_sla_dag' retrieved from /home/airflow/.local/lib/python3.12/site-packages/airflow/example_dags/example_sla_dag.py
[2024-12-03T13:57:11.707+0000] {logging_mixin.py:190} INFO - [2024-12-03T13:57:11.706+0000] {override.py:1911} INFO - Created Permission View: can delete on DAG:example_sla_dag
[2024-12-03T13:57:11.723+0000] {logging_mixin.py:190} INFO - [2024-12-03T13:57:11.723+0000] {override.py:1911} INFO - Created Permission View: can read on DAG:example_sla_dag
[2024-12-03T13:57:11.736+0000] {logging_mixin.py:190} INFO - [2024-12-03T13:57:11.735+0000] {override.py:1911} INFO - Created Permission View: can edit on DAG:example_sla_dag
[2024-12-03T13:57:11.749+0000] {logging_mixin.py:190} INFO - [2024-12-03T13:57:11.748+0000] {override.py:1911} INFO - Created Permission View: can create on DAG Run:example_sla_dag
[2024-12-03T13:57:11.761+0000] {logging_mixin.py:190} INFO - [2024-12-03T13:57:11.760+0000] {override.py:1911} INFO - Created Permission View: menu access on DAG Run:example_sla_dag
[2024-12-03T13:57:11.773+0000] {logging_mixin.py:190} INFO - [2024-12-03T13:57:11.772+0000] {override.py:1911} INFO - Created Permission View: can delete on DAG Run:example_sla_dag
[2024-12-03T13:57:11.787+0000] {logging_mixin.py:190} INFO - [2024-12-03T13:57:11.786+0000] {override.py:1911} INFO - Created Permission View: can read on DAG Run:example_sla_dag
[2024-12-03T13:57:11.789+0000] {logging_mixin.py:190} INFO - [2024-12-03T13:57:11.788+0000] {dag.py:3239} INFO - Sync 1 DAGs
[2024-12-03T13:57:11.808+0000] {logging_mixin.py:190} INFO - [2024-12-03T13:57:11.808+0000] {dag.py:3262} INFO - Creating ORM DAG for example_sla_dag
[2024-12-03T13:57:11.834+0000] {logging_mixin.py:190} INFO - [2024-12-03T13:57:11.833+0000] {dag.py:4180} INFO - Setting next_dagrun for example_sla_dag to 2024-12-03 13:54:00+00:00, run_after=2024-12-03 13:56:00+00:00
[2024-12-03T13:57:11.862+0000] {processor.py:208} INFO - Processing /home/airflow/.local/lib/python3.12/site-packages/airflow/example_dags/example_sla_dag.py took 0.332 seconds
[2024-12-03T14:19:20.750+0000] {processor.py:186} INFO - Started process (PID=109) to work on /home/airflow/.local/lib/python3.12/site-packages/airflow/example_dags/example_sla_dag.py
[2024-12-03T14:19:20.751+0000] {processor.py:914} INFO - Processing file /home/airflow/.local/lib/python3.12/site-packages/airflow/example_dags/example_sla_dag.py for tasks to queue
[2024-12-03T14:19:20.754+0000] {logging_mixin.py:190} INFO - [2024-12-03T14:19:20.753+0000] {dagbag.py:588} INFO - Filling up the DagBag from /home/airflow/.local/lib/python3.12/site-packages/airflow/example_dags/example_sla_dag.py
[2024-12-03T14:19:20.771+0000] {processor.py:925} INFO - DAG(s) 'example_sla_dag' retrieved from /home/airflow/.local/lib/python3.12/site-packages/airflow/example_dags/example_sla_dag.py
[2024-12-03T14:19:20.972+0000] {logging_mixin.py:190} INFO - [2024-12-03T14:19:20.965+0000] {override.py:1911} INFO - Created Permission View: can read on DAG:example_sla_dag
[2024-12-03T14:19:20.994+0000] {logging_mixin.py:190} INFO - [2024-12-03T14:19:20.993+0000] {override.py:1911} INFO - Created Permission View: can edit on DAG:example_sla_dag
[2024-12-03T14:19:21.010+0000] {logging_mixin.py:190} INFO - [2024-12-03T14:19:21.009+0000] {override.py:1911} INFO - Created Permission View: can delete on DAG:example_sla_dag
[2024-12-03T14:19:21.026+0000] {logging_mixin.py:190} INFO - [2024-12-03T14:19:21.026+0000] {override.py:1911} INFO - Created Permission View: can read on DAG Run:example_sla_dag
[2024-12-03T14:19:21.040+0000] {logging_mixin.py:190} INFO - [2024-12-03T14:19:21.039+0000] {override.py:1911} INFO - Created Permission View: menu access on DAG Run:example_sla_dag
[2024-12-03T14:19:21.055+0000] {logging_mixin.py:190} INFO - [2024-12-03T14:19:21.054+0000] {override.py:1911} INFO - Created Permission View: can delete on DAG Run:example_sla_dag
[2024-12-03T14:19:21.068+0000] {logging_mixin.py:190} INFO - [2024-12-03T14:19:21.068+0000] {override.py:1911} INFO - Created Permission View: can create on DAG Run:example_sla_dag
[2024-12-03T14:19:21.069+0000] {logging_mixin.py:190} INFO - [2024-12-03T14:19:21.069+0000] {dag.py:3239} INFO - Sync 1 DAGs
[2024-12-03T14:19:21.109+0000] {logging_mixin.py:190} INFO - [2024-12-03T14:19:21.108+0000] {dag.py:3262} INFO - Creating ORM DAG for example_sla_dag
[2024-12-03T14:19:21.125+0000] {logging_mixin.py:190} INFO - [2024-12-03T14:19:21.125+0000] {dag.py:4180} INFO - Setting next_dagrun for example_sla_dag to 2024-12-03 14:16:00+00:00, run_after=2024-12-03 14:18:00+00:00
[2024-12-03T14:19:21.149+0000] {processor.py:208} INFO - Processing /home/airflow/.local/lib/python3.12/site-packages/airflow/example_dags/example_sla_dag.py took 0.406 seconds
[2024-12-03T14:19:51.605+0000] {processor.py:186} INFO - Started process (PID=173) to work on /home/airflow/.local/lib/python3.12/site-packages/airflow/example_dags/example_sla_dag.py
[2024-12-03T14:19:51.607+0000] {processor.py:914} INFO - Processing file /home/airflow/.local/lib/python3.12/site-packages/airflow/example_dags/example_sla_dag.py for tasks to queue
[2024-12-03T14:19:51.609+0000] {logging_mixin.py:190} INFO - [2024-12-03T14:19:51.608+0000] {dagbag.py:588} INFO - Filling up the DagBag from /home/airflow/.local/lib/python3.12/site-packages/airflow/example_dags/example_sla_dag.py
[2024-12-03T14:19:51.620+0000] {processor.py:925} INFO - DAG(s) 'example_sla_dag' retrieved from /home/airflow/.local/lib/python3.12/site-packages/airflow/example_dags/example_sla_dag.py
[2024-12-03T14:19:51.646+0000] {logging_mixin.py:190} INFO - [2024-12-03T14:19:51.645+0000] {dag.py:3239} INFO - Sync 1 DAGs
[2024-12-03T14:19:51.676+0000] {logging_mixin.py:190} INFO - [2024-12-03T14:19:51.676+0000] {dag.py:4180} INFO - Setting next_dagrun for example_sla_dag to 2024-12-03 14:16:00+00:00, run_after=2024-12-03 14:18:00+00:00
[2024-12-03T14:19:51.706+0000] {processor.py:208} INFO - Processing /home/airflow/.local/lib/python3.12/site-packages/airflow/example_dags/example_sla_dag.py took 0.107 seconds
[2024-12-03T14:20:21.853+0000] {processor.py:186} INFO - Started process (PID=237) to work on /home/airflow/.local/lib/python3.12/site-packages/airflow/example_dags/example_sla_dag.py
[2024-12-03T14:20:21.854+0000] {processor.py:914} INFO - Processing file /home/airflow/.local/lib/python3.12/site-packages/airflow/example_dags/example_sla_dag.py for tasks to queue
[2024-12-03T14:20:21.856+0000] {logging_mixin.py:190} INFO - [2024-12-03T14:20:21.856+0000] {dagbag.py:588} INFO - Filling up the DagBag from /home/airflow/.local/lib/python3.12/site-packages/airflow/example_dags/example_sla_dag.py
[2024-12-03T14:20:21.869+0000] {processor.py:925} INFO - DAG(s) 'example_sla_dag' retrieved from /home/airflow/.local/lib/python3.12/site-packages/airflow/example_dags/example_sla_dag.py
[2024-12-03T14:20:21.896+0000] {logging_mixin.py:190} INFO - [2024-12-03T14:20:21.895+0000] {dag.py:3239} INFO - Sync 1 DAGs
[2024-12-03T14:20:21.932+0000] {logging_mixin.py:190} INFO - [2024-12-03T14:20:21.931+0000] {dag.py:4180} INFO - Setting next_dagrun for example_sla_dag to 2024-12-03 14:18:00+00:00, run_after=2024-12-03 14:20:00+00:00
[2024-12-03T14:20:21.963+0000] {processor.py:208} INFO - Processing /home/airflow/.local/lib/python3.12/site-packages/airflow/example_dags/example_sla_dag.py took 0.116 seconds
[2024-12-03T14:20:52.757+0000] {processor.py:186} INFO - Started process (PID=301) to work on /home/airflow/.local/lib/python3.12/site-packages/airflow/example_dags/example_sla_dag.py
[2024-12-03T14:20:52.758+0000] {processor.py:914} INFO - Processing file /home/airflow/.local/lib/python3.12/site-packages/airflow/example_dags/example_sla_dag.py for tasks to queue
[2024-12-03T14:20:52.760+0000] {logging_mixin.py:190} INFO - [2024-12-03T14:20:52.760+0000] {dagbag.py:588} INFO - Filling up the DagBag from /home/airflow/.local/lib/python3.12/site-packages/airflow/example_dags/example_sla_dag.py
[2024-12-03T14:20:52.771+0000] {processor.py:925} INFO - DAG(s) 'example_sla_dag' retrieved from /home/airflow/.local/lib/python3.12/site-packages/airflow/example_dags/example_sla_dag.py
[2024-12-03T14:20:52.799+0000] {logging_mixin.py:190} INFO - [2024-12-03T14:20:52.798+0000] {dag.py:3239} INFO - Sync 1 DAGs
[2024-12-03T14:20:52.831+0000] {logging_mixin.py:190} INFO - [2024-12-03T14:20:52.831+0000] {dag.py:4180} INFO - Setting next_dagrun for example_sla_dag to 2024-12-03 14:18:00+00:00, run_after=2024-12-03 14:20:00+00:00
[2024-12-03T14:20:52.860+0000] {processor.py:208} INFO - Processing /home/airflow/.local/lib/python3.12/site-packages/airflow/example_dags/example_sla_dag.py took 0.109 seconds
[2024-12-03T14:21:23.116+0000] {processor.py:186} INFO - Started process (PID=366) to work on /home/airflow/.local/lib/python3.12/site-packages/airflow/example_dags/example_sla_dag.py
[2024-12-03T14:21:23.119+0000] {processor.py:914} INFO - Processing file /home/airflow/.local/lib/python3.12/site-packages/airflow/example_dags/example_sla_dag.py for tasks to queue
[2024-12-03T14:21:23.122+0000] {logging_mixin.py:190} INFO - [2024-12-03T14:21:23.121+0000] {dagbag.py:588} INFO - Filling up the DagBag from /home/airflow/.local/lib/python3.12/site-packages/airflow/example_dags/example_sla_dag.py
[2024-12-03T14:21:23.157+0000] {processor.py:925} INFO - DAG(s) 'example_sla_dag' retrieved from /home/airflow/.local/lib/python3.12/site-packages/airflow/example_dags/example_sla_dag.py
[2024-12-03T14:21:23.198+0000] {logging_mixin.py:190} INFO - [2024-12-03T14:21:23.198+0000] {dag.py:3239} INFO - Sync 1 DAGs
[2024-12-03T14:21:23.246+0000] {logging_mixin.py:190} INFO - [2024-12-03T14:21:23.246+0000] {dag.py:4180} INFO - Setting next_dagrun for example_sla_dag to 2024-12-03 14:18:00+00:00, run_after=2024-12-03 14:20:00+00:00
[2024-12-03T14:21:23.289+0000] {processor.py:208} INFO - Processing /home/airflow/.local/lib/python3.12/site-packages/airflow/example_dags/example_sla_dag.py took 0.185 seconds
[2024-12-03T14:21:53.443+0000] {processor.py:186} INFO - Started process (PID=430) to work on /home/airflow/.local/lib/python3.12/site-packages/airflow/example_dags/example_sla_dag.py
[2024-12-03T14:21:53.444+0000] {processor.py:914} INFO - Processing file /home/airflow/.local/lib/python3.12/site-packages/airflow/example_dags/example_sla_dag.py for tasks to queue
[2024-12-03T14:21:53.447+0000] {logging_mixin.py:190} INFO - [2024-12-03T14:21:53.446+0000] {dagbag.py:588} INFO - Filling up the DagBag from /home/airflow/.local/lib/python3.12/site-packages/airflow/example_dags/example_sla_dag.py
[2024-12-03T14:21:53.459+0000] {processor.py:925} INFO - DAG(s) 'example_sla_dag' retrieved from /home/airflow/.local/lib/python3.12/site-packages/airflow/example_dags/example_sla_dag.py
[2024-12-03T14:21:53.484+0000] {logging_mixin.py:190} INFO - [2024-12-03T14:21:53.483+0000] {dag.py:3239} INFO - Sync 1 DAGs
[2024-12-03T14:21:53.513+0000] {logging_mixin.py:190} INFO - [2024-12-03T14:21:53.513+0000] {dag.py:4180} INFO - Setting next_dagrun for example_sla_dag to 2024-12-03 14:18:00+00:00, run_after=2024-12-03 14:20:00+00:00
[2024-12-03T14:21:53.539+0000] {processor.py:208} INFO - Processing /home/airflow/.local/lib/python3.12/site-packages/airflow/example_dags/example_sla_dag.py took 0.101 seconds
[2024-12-03T14:22:23.916+0000] {processor.py:186} INFO - Started process (PID=495) to work on /home/airflow/.local/lib/python3.12/site-packages/airflow/example_dags/example_sla_dag.py
[2024-12-03T14:22:23.918+0000] {processor.py:914} INFO - Processing file /home/airflow/.local/lib/python3.12/site-packages/airflow/example_dags/example_sla_dag.py for tasks to queue
[2024-12-03T14:22:23.919+0000] {logging_mixin.py:190} INFO - [2024-12-03T14:22:23.919+0000] {dagbag.py:588} INFO - Filling up the DagBag from /home/airflow/.local/lib/python3.12/site-packages/airflow/example_dags/example_sla_dag.py
[2024-12-03T14:22:23.930+0000] {processor.py:925} INFO - DAG(s) 'example_sla_dag' retrieved from /home/airflow/.local/lib/python3.12/site-packages/airflow/example_dags/example_sla_dag.py
[2024-12-03T14:22:23.956+0000] {logging_mixin.py:190} INFO - [2024-12-03T14:22:23.956+0000] {dag.py:3239} INFO - Sync 1 DAGs
[2024-12-03T14:22:23.985+0000] {logging_mixin.py:190} INFO - [2024-12-03T14:22:23.985+0000] {dag.py:4180} INFO - Setting next_dagrun for example_sla_dag to 2024-12-03 14:20:00+00:00, run_after=2024-12-03 14:22:00+00:00
[2024-12-03T14:22:24.014+0000] {processor.py:208} INFO - Processing /home/airflow/.local/lib/python3.12/site-packages/airflow/example_dags/example_sla_dag.py took 0.103 seconds
[2024-12-03T14:22:54.244+0000] {processor.py:186} INFO - Started process (PID=559) to work on /home/airflow/.local/lib/python3.12/site-packages/airflow/example_dags/example_sla_dag.py
[2024-12-03T14:22:54.245+0000] {processor.py:914} INFO - Processing file /home/airflow/.local/lib/python3.12/site-packages/airflow/example_dags/example_sla_dag.py for tasks to queue
[2024-12-03T14:22:54.247+0000] {logging_mixin.py:190} INFO - [2024-12-03T14:22:54.247+0000] {dagbag.py:588} INFO - Filling up the DagBag from /home/airflow/.local/lib/python3.12/site-packages/airflow/example_dags/example_sla_dag.py
[2024-12-03T14:22:54.261+0000] {processor.py:925} INFO - DAG(s) 'example_sla_dag' retrieved from /home/airflow/.local/lib/python3.12/site-packages/airflow/example_dags/example_sla_dag.py
[2024-12-03T14:22:54.287+0000] {logging_mixin.py:190} INFO - [2024-12-03T14:22:54.287+0000] {dag.py:3239} INFO - Sync 1 DAGs
[2024-12-03T14:22:54.321+0000] {logging_mixin.py:190} INFO - [2024-12-03T14:22:54.321+0000] {dag.py:4180} INFO - Setting next_dagrun for example_sla_dag to 2024-12-03 14:20:00+00:00, run_after=2024-12-03 14:22:00+00:00
[2024-12-03T14:22:54.354+0000] {processor.py:208} INFO - Processing /home/airflow/.local/lib/python3.12/site-packages/airflow/example_dags/example_sla_dag.py took 0.116 seconds
[2024-12-03T14:23:24.911+0000] {processor.py:186} INFO - Started process (PID=623) to work on /home/airflow/.local/lib/python3.12/site-packages/airflow/example_dags/example_sla_dag.py
[2024-12-03T14:23:24.912+0000] {processor.py:914} INFO - Processing file /home/airflow/.local/lib/python3.12/site-packages/airflow/example_dags/example_sla_dag.py for tasks to queue
[2024-12-03T14:23:24.914+0000] {logging_mixin.py:190} INFO - [2024-12-03T14:23:24.913+0000] {dagbag.py:588} INFO - Filling up the DagBag from /home/airflow/.local/lib/python3.12/site-packages/airflow/example_dags/example_sla_dag.py
[2024-12-03T14:23:24.927+0000] {processor.py:925} INFO - DAG(s) 'example_sla_dag' retrieved from /home/airflow/.local/lib/python3.12/site-packages/airflow/example_dags/example_sla_dag.py
[2024-12-03T14:23:24.954+0000] {logging_mixin.py:190} INFO - [2024-12-03T14:23:24.953+0000] {dag.py:3239} INFO - Sync 1 DAGs
[2024-12-03T14:23:24.985+0000] {logging_mixin.py:190} INFO - [2024-12-03T14:23:24.984+0000] {dag.py:4180} INFO - Setting next_dagrun for example_sla_dag to 2024-12-03 14:20:00+00:00, run_after=2024-12-03 14:22:00+00:00
[2024-12-03T14:23:25.019+0000] {processor.py:208} INFO - Processing /home/airflow/.local/lib/python3.12/site-packages/airflow/example_dags/example_sla_dag.py took 0.115 seconds
[2024-12-03T14:23:58.458+0000] {processor.py:186} INFO - Started process (PID=693) to work on /home/airflow/.local/lib/python3.12/site-packages/airflow/example_dags/example_sla_dag.py
[2024-12-03T14:23:58.459+0000] {processor.py:914} INFO - Processing file /home/airflow/.local/lib/python3.12/site-packages/airflow/example_dags/example_sla_dag.py for tasks to queue
[2024-12-03T14:23:58.462+0000] {logging_mixin.py:190} INFO - [2024-12-03T14:23:58.461+0000] {dagbag.py:588} INFO - Filling up the DagBag from /home/airflow/.local/lib/python3.12/site-packages/airflow/example_dags/example_sla_dag.py
[2024-12-03T14:23:58.483+0000] {processor.py:925} INFO - DAG(s) 'example_sla_dag' retrieved from /home/airflow/.local/lib/python3.12/site-packages/airflow/example_dags/example_sla_dag.py
[2024-12-03T14:23:58.521+0000] {logging_mixin.py:190} INFO - [2024-12-03T14:23:58.520+0000] {dag.py:3239} INFO - Sync 1 DAGs
[2024-12-03T14:23:58.565+0000] {logging_mixin.py:190} INFO - [2024-12-03T14:23:58.565+0000] {dag.py:4180} INFO - Setting next_dagrun for example_sla_dag to 2024-12-03 14:20:00+00:00, run_after=2024-12-03 14:22:00+00:00
[2024-12-03T14:23:58.599+0000] {processor.py:208} INFO - Processing /home/airflow/.local/lib/python3.12/site-packages/airflow/example_dags/example_sla_dag.py took 0.152 seconds
[2024-12-03T14:24:29.088+0000] {processor.py:186} INFO - Started process (PID=757) to work on /home/airflow/.local/lib/python3.12/site-packages/airflow/example_dags/example_sla_dag.py
[2024-12-03T14:24:29.089+0000] {processor.py:914} INFO - Processing file /home/airflow/.local/lib/python3.12/site-packages/airflow/example_dags/example_sla_dag.py for tasks to queue
[2024-12-03T14:24:29.092+0000] {logging_mixin.py:190} INFO - [2024-12-03T14:24:29.091+0000] {dagbag.py:588} INFO - Filling up the DagBag from /home/airflow/.local/lib/python3.12/site-packages/airflow/example_dags/example_sla_dag.py
[2024-12-03T14:24:29.101+0000] {processor.py:925} INFO - DAG(s) 'example_sla_dag' retrieved from /home/airflow/.local/lib/python3.12/site-packages/airflow/example_dags/example_sla_dag.py
[2024-12-03T14:24:29.127+0000] {logging_mixin.py:190} INFO - [2024-12-03T14:24:29.127+0000] {dag.py:3239} INFO - Sync 1 DAGs
[2024-12-03T14:24:29.157+0000] {logging_mixin.py:190} INFO - [2024-12-03T14:24:29.157+0000] {dag.py:4180} INFO - Setting next_dagrun for example_sla_dag to 2024-12-03 14:22:00+00:00, run_after=2024-12-03 14:24:00+00:00
[2024-12-03T14:24:29.186+0000] {processor.py:208} INFO - Processing /home/airflow/.local/lib/python3.12/site-packages/airflow/example_dags/example_sla_dag.py took 0.103 seconds
