[2024-12-03T13:57:23.176+0000] {processor.py:186} INFO - Started process (PID=116) to work on /home/airflow/.local/lib/python3.12/site-packages/airflow/example_dags/example_branch_operator.py
[2024-12-03T13:57:23.178+0000] {processor.py:914} INFO - Processing file /home/airflow/.local/lib/python3.12/site-packages/airflow/example_dags/example_branch_operator.py for tasks to queue
[2024-12-03T13:57:23.183+0000] {logging_mixin.py:190} INFO - [2024-12-03T13:57:23.182+0000] {dagbag.py:588} INFO - Filling up the DagBag from /home/airflow/.local/lib/python3.12/site-packages/airflow/example_dags/example_branch_operator.py
[2024-12-03T13:57:23.226+0000] {processor.py:925} INFO - DAG(s) 'example_branch_operator' retrieved from /home/airflow/.local/lib/python3.12/site-packages/airflow/example_dags/example_branch_operator.py
[2024-12-03T13:57:23.363+0000] {logging_mixin.py:190} INFO - [2024-12-03T13:57:23.362+0000] {override.py:1911} INFO - Created Permission View: can delete on DAG:example_branch_operator
[2024-12-03T13:57:23.381+0000] {logging_mixin.py:190} INFO - [2024-12-03T13:57:23.380+0000] {override.py:1911} INFO - Created Permission View: can read on DAG:example_branch_operator
[2024-12-03T13:57:23.393+0000] {logging_mixin.py:190} INFO - [2024-12-03T13:57:23.393+0000] {override.py:1911} INFO - Created Permission View: can edit on DAG:example_branch_operator
[2024-12-03T13:57:23.410+0000] {logging_mixin.py:190} INFO - [2024-12-03T13:57:23.409+0000] {override.py:1911} INFO - Created Permission View: can create on DAG Run:example_branch_operator
[2024-12-03T13:57:23.420+0000] {logging_mixin.py:190} INFO - [2024-12-03T13:57:23.419+0000] {override.py:1911} INFO - Created Permission View: menu access on DAG Run:example_branch_operator
[2024-12-03T13:57:23.433+0000] {logging_mixin.py:190} INFO - [2024-12-03T13:57:23.433+0000] {override.py:1911} INFO - Created Permission View: can delete on DAG Run:example_branch_operator
[2024-12-03T13:57:23.445+0000] {logging_mixin.py:190} INFO - [2024-12-03T13:57:23.445+0000] {override.py:1911} INFO - Created Permission View: can read on DAG Run:example_branch_operator
[2024-12-03T13:57:23.446+0000] {logging_mixin.py:190} INFO - [2024-12-03T13:57:23.446+0000] {dag.py:3239} INFO - Sync 1 DAGs
[2024-12-03T13:57:23.462+0000] {logging_mixin.py:190} INFO - [2024-12-03T13:57:23.462+0000] {dag.py:3262} INFO - Creating ORM DAG for example_branch_operator
[2024-12-03T13:57:23.475+0000] {logging_mixin.py:190} INFO - [2024-12-03T13:57:23.475+0000] {dag.py:4180} INFO - Setting next_dagrun for example_branch_operator to 2024-12-02 00:00:00+00:00, run_after=2024-12-03 00:00:00+00:00
[2024-12-03T13:57:23.503+0000] {processor.py:208} INFO - Processing /home/airflow/.local/lib/python3.12/site-packages/airflow/example_dags/example_branch_operator.py took 0.334 seconds
[2024-12-03T14:19:11.785+0000] {processor.py:186} INFO - Started process (PID=86) to work on /home/airflow/.local/lib/python3.12/site-packages/airflow/example_dags/example_branch_operator.py
[2024-12-03T14:19:11.788+0000] {processor.py:914} INFO - Processing file /home/airflow/.local/lib/python3.12/site-packages/airflow/example_dags/example_branch_operator.py for tasks to queue
[2024-12-03T14:19:11.800+0000] {logging_mixin.py:190} INFO - [2024-12-03T14:19:11.794+0000] {dagbag.py:588} INFO - Filling up the DagBag from /home/airflow/.local/lib/python3.12/site-packages/airflow/example_dags/example_branch_operator.py
[2024-12-03T14:19:12.072+0000] {processor.py:925} INFO - DAG(s) 'example_branch_operator' retrieved from /home/airflow/.local/lib/python3.12/site-packages/airflow/example_dags/example_branch_operator.py
[2024-12-03T14:19:12.801+0000] {logging_mixin.py:190} INFO - [2024-12-03T14:19:12.790+0000] {override.py:1911} INFO - Created Permission View: can read on DAG:example_branch_operator
[2024-12-03T14:19:12.843+0000] {logging_mixin.py:190} INFO - [2024-12-03T14:19:12.842+0000] {override.py:1911} INFO - Created Permission View: can edit on DAG:example_branch_operator
[2024-12-03T14:19:12.865+0000] {logging_mixin.py:190} INFO - [2024-12-03T14:19:12.864+0000] {override.py:1911} INFO - Created Permission View: can delete on DAG:example_branch_operator
[2024-12-03T14:19:12.893+0000] {logging_mixin.py:190} INFO - [2024-12-03T14:19:12.893+0000] {override.py:1911} INFO - Created Permission View: can read on DAG Run:example_branch_operator
[2024-12-03T14:19:12.916+0000] {logging_mixin.py:190} INFO - [2024-12-03T14:19:12.915+0000] {override.py:1911} INFO - Created Permission View: menu access on DAG Run:example_branch_operator
[2024-12-03T14:19:12.942+0000] {logging_mixin.py:190} INFO - [2024-12-03T14:19:12.941+0000] {override.py:1911} INFO - Created Permission View: can delete on DAG Run:example_branch_operator
[2024-12-03T14:19:12.977+0000] {logging_mixin.py:190} INFO - [2024-12-03T14:19:12.976+0000] {override.py:1911} INFO - Created Permission View: can create on DAG Run:example_branch_operator
[2024-12-03T14:19:12.980+0000] {logging_mixin.py:190} INFO - [2024-12-03T14:19:12.979+0000] {dag.py:3239} INFO - Sync 1 DAGs
[2024-12-03T14:19:13.092+0000] {logging_mixin.py:190} INFO - [2024-12-03T14:19:13.091+0000] {dag.py:3262} INFO - Creating ORM DAG for example_branch_operator
[2024-12-03T14:19:13.183+0000] {logging_mixin.py:190} INFO - [2024-12-03T14:19:13.182+0000] {dag.py:4180} INFO - Setting next_dagrun for example_branch_operator to 2024-12-02 00:00:00+00:00, run_after=2024-12-03 00:00:00+00:00
[2024-12-03T14:19:13.273+0000] {processor.py:208} INFO - Processing /home/airflow/.local/lib/python3.12/site-packages/airflow/example_dags/example_branch_operator.py took 1.530 seconds
[2024-12-03T14:19:43.950+0000] {processor.py:186} INFO - Started process (PID=150) to work on /home/airflow/.local/lib/python3.12/site-packages/airflow/example_dags/example_branch_operator.py
[2024-12-03T14:19:43.952+0000] {processor.py:914} INFO - Processing file /home/airflow/.local/lib/python3.12/site-packages/airflow/example_dags/example_branch_operator.py for tasks to queue
[2024-12-03T14:19:43.955+0000] {logging_mixin.py:190} INFO - [2024-12-03T14:19:43.955+0000] {dagbag.py:588} INFO - Filling up the DagBag from /home/airflow/.local/lib/python3.12/site-packages/airflow/example_dags/example_branch_operator.py
[2024-12-03T14:19:44.035+0000] {processor.py:925} INFO - DAG(s) 'example_branch_operator' retrieved from /home/airflow/.local/lib/python3.12/site-packages/airflow/example_dags/example_branch_operator.py
[2024-12-03T14:19:44.142+0000] {logging_mixin.py:190} INFO - [2024-12-03T14:19:44.142+0000] {dag.py:3239} INFO - Sync 1 DAGs
[2024-12-03T14:19:44.246+0000] {logging_mixin.py:190} INFO - [2024-12-03T14:19:44.245+0000] {dag.py:4180} INFO - Setting next_dagrun for example_branch_operator to 2024-12-02 00:00:00+00:00, run_after=2024-12-03 00:00:00+00:00
[2024-12-03T14:19:44.319+0000] {processor.py:208} INFO - Processing /home/airflow/.local/lib/python3.12/site-packages/airflow/example_dags/example_branch_operator.py took 0.379 seconds
[2024-12-03T14:20:14.840+0000] {processor.py:186} INFO - Started process (PID=214) to work on /home/airflow/.local/lib/python3.12/site-packages/airflow/example_dags/example_branch_operator.py
[2024-12-03T14:20:14.841+0000] {processor.py:914} INFO - Processing file /home/airflow/.local/lib/python3.12/site-packages/airflow/example_dags/example_branch_operator.py for tasks to queue
[2024-12-03T14:20:14.843+0000] {logging_mixin.py:190} INFO - [2024-12-03T14:20:14.843+0000] {dagbag.py:588} INFO - Filling up the DagBag from /home/airflow/.local/lib/python3.12/site-packages/airflow/example_dags/example_branch_operator.py
[2024-12-03T14:20:14.867+0000] {processor.py:925} INFO - DAG(s) 'example_branch_operator' retrieved from /home/airflow/.local/lib/python3.12/site-packages/airflow/example_dags/example_branch_operator.py
[2024-12-03T14:20:14.905+0000] {logging_mixin.py:190} INFO - [2024-12-03T14:20:14.904+0000] {dag.py:3239} INFO - Sync 1 DAGs
[2024-12-03T14:20:14.936+0000] {logging_mixin.py:190} INFO - [2024-12-03T14:20:14.935+0000] {dag.py:4180} INFO - Setting next_dagrun for example_branch_operator to 2024-12-02 00:00:00+00:00, run_after=2024-12-03 00:00:00+00:00
[2024-12-03T14:20:14.964+0000] {processor.py:208} INFO - Processing /home/airflow/.local/lib/python3.12/site-packages/airflow/example_dags/example_branch_operator.py took 0.129 seconds
[2024-12-03T14:20:45.066+0000] {processor.py:186} INFO - Started process (PID=278) to work on /home/airflow/.local/lib/python3.12/site-packages/airflow/example_dags/example_branch_operator.py
[2024-12-03T14:20:45.067+0000] {processor.py:914} INFO - Processing file /home/airflow/.local/lib/python3.12/site-packages/airflow/example_dags/example_branch_operator.py for tasks to queue
[2024-12-03T14:20:45.070+0000] {logging_mixin.py:190} INFO - [2024-12-03T14:20:45.070+0000] {dagbag.py:588} INFO - Filling up the DagBag from /home/airflow/.local/lib/python3.12/site-packages/airflow/example_dags/example_branch_operator.py
[2024-12-03T14:20:45.097+0000] {processor.py:925} INFO - DAG(s) 'example_branch_operator' retrieved from /home/airflow/.local/lib/python3.12/site-packages/airflow/example_dags/example_branch_operator.py
[2024-12-03T14:20:45.144+0000] {logging_mixin.py:190} INFO - [2024-12-03T14:20:45.144+0000] {dag.py:3239} INFO - Sync 1 DAGs
[2024-12-03T14:20:45.186+0000] {logging_mixin.py:190} INFO - [2024-12-03T14:20:45.185+0000] {dag.py:4180} INFO - Setting next_dagrun for example_branch_operator to 2024-12-02 00:00:00+00:00, run_after=2024-12-03 00:00:00+00:00
[2024-12-03T14:20:45.235+0000] {processor.py:208} INFO - Processing /home/airflow/.local/lib/python3.12/site-packages/airflow/example_dags/example_branch_operator.py took 0.178 seconds
[2024-12-03T14:21:16.026+0000] {processor.py:186} INFO - Started process (PID=343) to work on /home/airflow/.local/lib/python3.12/site-packages/airflow/example_dags/example_branch_operator.py
[2024-12-03T14:21:16.028+0000] {processor.py:914} INFO - Processing file /home/airflow/.local/lib/python3.12/site-packages/airflow/example_dags/example_branch_operator.py for tasks to queue
[2024-12-03T14:21:16.030+0000] {logging_mixin.py:190} INFO - [2024-12-03T14:21:16.029+0000] {dagbag.py:588} INFO - Filling up the DagBag from /home/airflow/.local/lib/python3.12/site-packages/airflow/example_dags/example_branch_operator.py
[2024-12-03T14:21:16.050+0000] {processor.py:925} INFO - DAG(s) 'example_branch_operator' retrieved from /home/airflow/.local/lib/python3.12/site-packages/airflow/example_dags/example_branch_operator.py
[2024-12-03T14:21:16.089+0000] {logging_mixin.py:190} INFO - [2024-12-03T14:21:16.088+0000] {dag.py:3239} INFO - Sync 1 DAGs
[2024-12-03T14:21:16.121+0000] {logging_mixin.py:190} INFO - [2024-12-03T14:21:16.121+0000] {dag.py:4180} INFO - Setting next_dagrun for example_branch_operator to 2024-12-02 00:00:00+00:00, run_after=2024-12-03 00:00:00+00:00
[2024-12-03T14:21:16.151+0000] {processor.py:208} INFO - Processing /home/airflow/.local/lib/python3.12/site-packages/airflow/example_dags/example_branch_operator.py took 0.130 seconds
[2024-12-03T14:21:46.341+0000] {processor.py:186} INFO - Started process (PID=407) to work on /home/airflow/.local/lib/python3.12/site-packages/airflow/example_dags/example_branch_operator.py
[2024-12-03T14:21:46.343+0000] {processor.py:914} INFO - Processing file /home/airflow/.local/lib/python3.12/site-packages/airflow/example_dags/example_branch_operator.py for tasks to queue
[2024-12-03T14:21:46.346+0000] {logging_mixin.py:190} INFO - [2024-12-03T14:21:46.345+0000] {dagbag.py:588} INFO - Filling up the DagBag from /home/airflow/.local/lib/python3.12/site-packages/airflow/example_dags/example_branch_operator.py
[2024-12-03T14:21:46.367+0000] {processor.py:925} INFO - DAG(s) 'example_branch_operator' retrieved from /home/airflow/.local/lib/python3.12/site-packages/airflow/example_dags/example_branch_operator.py
[2024-12-03T14:21:46.409+0000] {logging_mixin.py:190} INFO - [2024-12-03T14:21:46.408+0000] {dag.py:3239} INFO - Sync 1 DAGs
[2024-12-03T14:21:46.448+0000] {logging_mixin.py:190} INFO - [2024-12-03T14:21:46.447+0000] {dag.py:4180} INFO - Setting next_dagrun for example_branch_operator to 2024-12-02 00:00:00+00:00, run_after=2024-12-03 00:00:00+00:00
[2024-12-03T14:21:46.482+0000] {processor.py:208} INFO - Processing /home/airflow/.local/lib/python3.12/site-packages/airflow/example_dags/example_branch_operator.py took 0.147 seconds
[2024-12-03T14:22:16.990+0000] {processor.py:186} INFO - Started process (PID=472) to work on /home/airflow/.local/lib/python3.12/site-packages/airflow/example_dags/example_branch_operator.py
[2024-12-03T14:22:16.991+0000] {processor.py:914} INFO - Processing file /home/airflow/.local/lib/python3.12/site-packages/airflow/example_dags/example_branch_operator.py for tasks to queue
[2024-12-03T14:22:16.993+0000] {logging_mixin.py:190} INFO - [2024-12-03T14:22:16.992+0000] {dagbag.py:588} INFO - Filling up the DagBag from /home/airflow/.local/lib/python3.12/site-packages/airflow/example_dags/example_branch_operator.py
[2024-12-03T14:22:17.012+0000] {processor.py:925} INFO - DAG(s) 'example_branch_operator' retrieved from /home/airflow/.local/lib/python3.12/site-packages/airflow/example_dags/example_branch_operator.py
[2024-12-03T14:22:17.050+0000] {logging_mixin.py:190} INFO - [2024-12-03T14:22:17.050+0000] {dag.py:3239} INFO - Sync 1 DAGs
[2024-12-03T14:22:17.085+0000] {logging_mixin.py:190} INFO - [2024-12-03T14:22:17.084+0000] {dag.py:4180} INFO - Setting next_dagrun for example_branch_operator to 2024-12-02 00:00:00+00:00, run_after=2024-12-03 00:00:00+00:00
[2024-12-03T14:22:17.115+0000] {processor.py:208} INFO - Processing /home/airflow/.local/lib/python3.12/site-packages/airflow/example_dags/example_branch_operator.py took 0.131 seconds
[2024-12-03T14:22:47.325+0000] {processor.py:186} INFO - Started process (PID=536) to work on /home/airflow/.local/lib/python3.12/site-packages/airflow/example_dags/example_branch_operator.py
[2024-12-03T14:22:47.327+0000] {processor.py:914} INFO - Processing file /home/airflow/.local/lib/python3.12/site-packages/airflow/example_dags/example_branch_operator.py for tasks to queue
[2024-12-03T14:22:47.329+0000] {logging_mixin.py:190} INFO - [2024-12-03T14:22:47.329+0000] {dagbag.py:588} INFO - Filling up the DagBag from /home/airflow/.local/lib/python3.12/site-packages/airflow/example_dags/example_branch_operator.py
[2024-12-03T14:22:47.353+0000] {processor.py:925} INFO - DAG(s) 'example_branch_operator' retrieved from /home/airflow/.local/lib/python3.12/site-packages/airflow/example_dags/example_branch_operator.py
[2024-12-03T14:22:47.393+0000] {logging_mixin.py:190} INFO - [2024-12-03T14:22:47.393+0000] {dag.py:3239} INFO - Sync 1 DAGs
[2024-12-03T14:22:47.426+0000] {logging_mixin.py:190} INFO - [2024-12-03T14:22:47.426+0000] {dag.py:4180} INFO - Setting next_dagrun for example_branch_operator to 2024-12-02 00:00:00+00:00, run_after=2024-12-03 00:00:00+00:00
[2024-12-03T14:22:47.457+0000] {processor.py:208} INFO - Processing /home/airflow/.local/lib/python3.12/site-packages/airflow/example_dags/example_branch_operator.py took 0.140 seconds
[2024-12-03T14:23:18.160+0000] {processor.py:186} INFO - Started process (PID=600) to work on /home/airflow/.local/lib/python3.12/site-packages/airflow/example_dags/example_branch_operator.py
[2024-12-03T14:23:18.161+0000] {processor.py:914} INFO - Processing file /home/airflow/.local/lib/python3.12/site-packages/airflow/example_dags/example_branch_operator.py for tasks to queue
[2024-12-03T14:23:18.162+0000] {logging_mixin.py:190} INFO - [2024-12-03T14:23:18.162+0000] {dagbag.py:588} INFO - Filling up the DagBag from /home/airflow/.local/lib/python3.12/site-packages/airflow/example_dags/example_branch_operator.py
[2024-12-03T14:23:18.179+0000] {processor.py:925} INFO - DAG(s) 'example_branch_operator' retrieved from /home/airflow/.local/lib/python3.12/site-packages/airflow/example_dags/example_branch_operator.py
[2024-12-03T14:23:18.209+0000] {logging_mixin.py:190} INFO - [2024-12-03T14:23:18.209+0000] {dag.py:3239} INFO - Sync 1 DAGs
[2024-12-03T14:23:18.236+0000] {logging_mixin.py:190} INFO - [2024-12-03T14:23:18.235+0000] {dag.py:4180} INFO - Setting next_dagrun for example_branch_operator to 2024-12-02 00:00:00+00:00, run_after=2024-12-03 00:00:00+00:00
[2024-12-03T14:23:18.261+0000] {processor.py:208} INFO - Processing /home/airflow/.local/lib/python3.12/site-packages/airflow/example_dags/example_branch_operator.py took 0.106 seconds
[2024-12-03T14:23:48.421+0000] {processor.py:186} INFO - Started process (PID=664) to work on /home/airflow/.local/lib/python3.12/site-packages/airflow/example_dags/example_branch_operator.py
[2024-12-03T14:23:48.422+0000] {processor.py:914} INFO - Processing file /home/airflow/.local/lib/python3.12/site-packages/airflow/example_dags/example_branch_operator.py for tasks to queue
[2024-12-03T14:23:48.425+0000] {logging_mixin.py:190} INFO - [2024-12-03T14:23:48.424+0000] {dagbag.py:588} INFO - Filling up the DagBag from /home/airflow/.local/lib/python3.12/site-packages/airflow/example_dags/example_branch_operator.py
[2024-12-03T14:23:48.458+0000] {processor.py:925} INFO - DAG(s) 'example_branch_operator' retrieved from /home/airflow/.local/lib/python3.12/site-packages/airflow/example_dags/example_branch_operator.py
[2024-12-03T14:23:48.496+0000] {logging_mixin.py:190} INFO - [2024-12-03T14:23:48.496+0000] {dag.py:3239} INFO - Sync 1 DAGs
[2024-12-03T14:23:48.531+0000] {logging_mixin.py:190} INFO - [2024-12-03T14:23:48.530+0000] {dag.py:4180} INFO - Setting next_dagrun for example_branch_operator to 2024-12-02 00:00:00+00:00, run_after=2024-12-03 00:00:00+00:00
[2024-12-03T14:23:48.562+0000] {processor.py:208} INFO - Processing /home/airflow/.local/lib/python3.12/site-packages/airflow/example_dags/example_branch_operator.py took 0.152 seconds
[2024-12-03T14:24:19.717+0000] {processor.py:186} INFO - Started process (PID=728) to work on /home/airflow/.local/lib/python3.12/site-packages/airflow/example_dags/example_branch_operator.py
[2024-12-03T14:24:19.718+0000] {processor.py:914} INFO - Processing file /home/airflow/.local/lib/python3.12/site-packages/airflow/example_dags/example_branch_operator.py for tasks to queue
[2024-12-03T14:24:19.720+0000] {logging_mixin.py:190} INFO - [2024-12-03T14:24:19.720+0000] {dagbag.py:588} INFO - Filling up the DagBag from /home/airflow/.local/lib/python3.12/site-packages/airflow/example_dags/example_branch_operator.py
[2024-12-03T14:24:19.741+0000] {processor.py:925} INFO - DAG(s) 'example_branch_operator' retrieved from /home/airflow/.local/lib/python3.12/site-packages/airflow/example_dags/example_branch_operator.py
[2024-12-03T14:24:19.779+0000] {logging_mixin.py:190} INFO - [2024-12-03T14:24:19.779+0000] {dag.py:3239} INFO - Sync 1 DAGs
[2024-12-03T14:24:19.813+0000] {logging_mixin.py:190} INFO - [2024-12-03T14:24:19.813+0000] {dag.py:4180} INFO - Setting next_dagrun for example_branch_operator to 2024-12-02 00:00:00+00:00, run_after=2024-12-03 00:00:00+00:00
[2024-12-03T14:24:19.847+0000] {processor.py:208} INFO - Processing /home/airflow/.local/lib/python3.12/site-packages/airflow/example_dags/example_branch_operator.py took 0.135 seconds
