[2024-12-03T13:59:36.019+0000] {processor.py:186} INFO - Started process (PID=128) to work on /home/airflow/.local/lib/python3.12/site-packages/airflow/example_dags/example_branch_datetime_operator.py
[2024-12-03T13:59:36.023+0000] {processor.py:914} INFO - Processing file /home/airflow/.local/lib/python3.12/site-packages/airflow/example_dags/example_branch_datetime_operator.py for tasks to queue
[2024-12-03T13:59:36.039+0000] {logging_mixin.py:190} INFO - [2024-12-03T13:59:36.036+0000] {dagbag.py:588} INFO - Filling up the DagBag from /home/airflow/.local/lib/python3.12/site-packages/airflow/example_dags/example_branch_datetime_operator.py
[2024-12-03T13:59:36.115+0000] {processor.py:925} INFO - DAG(s) 'example_branch_datetime_operator_3', 'example_branch_datetime_operator', 'example_branch_datetime_operator_2' retrieved from /home/airflow/.local/lib/python3.12/site-packages/airflow/example_dags/example_branch_datetime_operator.py
[2024-12-03T13:59:36.931+0000] {logging_mixin.py:190} INFO - [2024-12-03T13:59:36.930+0000] {override.py:1911} INFO - Created Permission View: can delete on DAG:example_branch_datetime_operator_3
[2024-12-03T13:59:36.956+0000] {logging_mixin.py:190} INFO - [2024-12-03T13:59:36.955+0000] {override.py:1911} INFO - Created Permission View: can read on DAG:example_branch_datetime_operator_3
[2024-12-03T13:59:36.973+0000] {logging_mixin.py:190} INFO - [2024-12-03T13:59:36.972+0000] {override.py:1911} INFO - Created Permission View: can edit on DAG:example_branch_datetime_operator_3
[2024-12-03T13:59:37.008+0000] {logging_mixin.py:190} INFO - [2024-12-03T13:59:37.008+0000] {override.py:1911} INFO - Created Permission View: can create on DAG Run:example_branch_datetime_operator_3
[2024-12-03T13:59:37.027+0000] {logging_mixin.py:190} INFO - [2024-12-03T13:59:37.026+0000] {override.py:1911} INFO - Created Permission View: menu access on DAG Run:example_branch_datetime_operator_3
[2024-12-03T13:59:37.044+0000] {logging_mixin.py:190} INFO - [2024-12-03T13:59:37.043+0000] {override.py:1911} INFO - Created Permission View: can delete on DAG Run:example_branch_datetime_operator_3
[2024-12-03T13:59:37.060+0000] {logging_mixin.py:190} INFO - [2024-12-03T13:59:37.059+0000] {override.py:1911} INFO - Created Permission View: can read on DAG Run:example_branch_datetime_operator_3
[2024-12-03T13:59:37.092+0000] {logging_mixin.py:190} INFO - [2024-12-03T13:59:37.092+0000] {override.py:1911} INFO - Created Permission View: can delete on DAG:example_branch_datetime_operator
[2024-12-03T13:59:37.112+0000] {logging_mixin.py:190} INFO - [2024-12-03T13:59:37.112+0000] {override.py:1911} INFO - Created Permission View: can read on DAG:example_branch_datetime_operator
[2024-12-03T13:59:37.129+0000] {logging_mixin.py:190} INFO - [2024-12-03T13:59:37.128+0000] {override.py:1911} INFO - Created Permission View: can edit on DAG:example_branch_datetime_operator
[2024-12-03T13:59:37.147+0000] {logging_mixin.py:190} INFO - [2024-12-03T13:59:37.146+0000] {override.py:1911} INFO - Created Permission View: can create on DAG Run:example_branch_datetime_operator
[2024-12-03T13:59:37.164+0000] {logging_mixin.py:190} INFO - [2024-12-03T13:59:37.163+0000] {override.py:1911} INFO - Created Permission View: menu access on DAG Run:example_branch_datetime_operator
[2024-12-03T13:59:37.181+0000] {logging_mixin.py:190} INFO - [2024-12-03T13:59:37.180+0000] {override.py:1911} INFO - Created Permission View: can delete on DAG Run:example_branch_datetime_operator
[2024-12-03T13:59:37.197+0000] {logging_mixin.py:190} INFO - [2024-12-03T13:59:37.196+0000] {override.py:1911} INFO - Created Permission View: can read on DAG Run:example_branch_datetime_operator
[2024-12-03T13:59:37.227+0000] {logging_mixin.py:190} INFO - [2024-12-03T13:59:37.226+0000] {override.py:1911} INFO - Created Permission View: can delete on DAG:example_branch_datetime_operator_2
[2024-12-03T13:59:37.245+0000] {logging_mixin.py:190} INFO - [2024-12-03T13:59:37.244+0000] {override.py:1911} INFO - Created Permission View: can read on DAG:example_branch_datetime_operator_2
[2024-12-03T13:59:37.262+0000] {logging_mixin.py:190} INFO - [2024-12-03T13:59:37.262+0000] {override.py:1911} INFO - Created Permission View: can edit on DAG:example_branch_datetime_operator_2
[2024-12-03T13:59:37.282+0000] {logging_mixin.py:190} INFO - [2024-12-03T13:59:37.282+0000] {override.py:1911} INFO - Created Permission View: can create on DAG Run:example_branch_datetime_operator_2
[2024-12-03T13:59:37.299+0000] {logging_mixin.py:190} INFO - [2024-12-03T13:59:37.298+0000] {override.py:1911} INFO - Created Permission View: menu access on DAG Run:example_branch_datetime_operator_2
[2024-12-03T13:59:37.315+0000] {logging_mixin.py:190} INFO - [2024-12-03T13:59:37.315+0000] {override.py:1911} INFO - Created Permission View: can delete on DAG Run:example_branch_datetime_operator_2
[2024-12-03T13:59:37.332+0000] {logging_mixin.py:190} INFO - [2024-12-03T13:59:37.331+0000] {override.py:1911} INFO - Created Permission View: can read on DAG Run:example_branch_datetime_operator_2
[2024-12-03T13:59:37.334+0000] {logging_mixin.py:190} INFO - [2024-12-03T13:59:37.333+0000] {dag.py:3239} INFO - Sync 3 DAGs
[2024-12-03T13:59:37.361+0000] {logging_mixin.py:190} INFO - [2024-12-03T13:59:37.360+0000] {dag.py:3262} INFO - Creating ORM DAG for example_branch_datetime_operator
[2024-12-03T13:59:37.364+0000] {logging_mixin.py:190} INFO - [2024-12-03T13:59:37.363+0000] {dag.py:3262} INFO - Creating ORM DAG for example_branch_datetime_operator_3
[2024-12-03T13:59:37.366+0000] {logging_mixin.py:190} INFO - [2024-12-03T13:59:37.366+0000] {dag.py:3262} INFO - Creating ORM DAG for example_branch_datetime_operator_2
[2024-12-03T13:59:37.390+0000] {logging_mixin.py:190} INFO - [2024-12-03T13:59:37.389+0000] {dag.py:4180} INFO - Setting next_dagrun for example_branch_datetime_operator to 2024-12-02 00:00:00+00:00, run_after=2024-12-03 00:00:00+00:00
[2024-12-03T13:59:37.394+0000] {logging_mixin.py:190} INFO - [2024-12-03T13:59:37.394+0000] {dag.py:4180} INFO - Setting next_dagrun for example_branch_datetime_operator_2 to 2024-12-02 00:00:00+00:00, run_after=2024-12-03 00:00:00+00:00
[2024-12-03T13:59:37.398+0000] {logging_mixin.py:190} INFO - [2024-12-03T13:59:37.398+0000] {dag.py:4180} INFO - Setting next_dagrun for example_branch_datetime_operator_3 to 2024-12-02 00:00:00+00:00, run_after=2024-12-03 00:00:00+00:00
[2024-12-03T13:59:37.439+0000] {processor.py:208} INFO - Processing /home/airflow/.local/lib/python3.12/site-packages/airflow/example_dags/example_branch_datetime_operator.py took 1.443 seconds
[2024-12-03T14:19:18.773+0000] {processor.py:186} INFO - Started process (PID=101) to work on /home/airflow/.local/lib/python3.12/site-packages/airflow/example_dags/example_branch_datetime_operator.py
[2024-12-03T14:19:18.775+0000] {processor.py:914} INFO - Processing file /home/airflow/.local/lib/python3.12/site-packages/airflow/example_dags/example_branch_datetime_operator.py for tasks to queue
[2024-12-03T14:19:18.778+0000] {logging_mixin.py:190} INFO - [2024-12-03T14:19:18.777+0000] {dagbag.py:588} INFO - Filling up the DagBag from /home/airflow/.local/lib/python3.12/site-packages/airflow/example_dags/example_branch_datetime_operator.py
[2024-12-03T14:19:18.795+0000] {processor.py:925} INFO - DAG(s) 'example_branch_datetime_operator_2', 'example_branch_datetime_operator_3', 'example_branch_datetime_operator' retrieved from /home/airflow/.local/lib/python3.12/site-packages/airflow/example_dags/example_branch_datetime_operator.py
[2024-12-03T14:19:18.927+0000] {logging_mixin.py:190} INFO - [2024-12-03T14:19:18.925+0000] {override.py:1911} INFO - Created Permission View: can read on DAG:example_branch_datetime_operator_2
[2024-12-03T14:19:18.944+0000] {logging_mixin.py:190} INFO - [2024-12-03T14:19:18.943+0000] {override.py:1911} INFO - Created Permission View: can edit on DAG:example_branch_datetime_operator_2
[2024-12-03T14:19:18.957+0000] {logging_mixin.py:190} INFO - [2024-12-03T14:19:18.956+0000] {override.py:1911} INFO - Created Permission View: can delete on DAG:example_branch_datetime_operator_2
[2024-12-03T14:19:18.973+0000] {logging_mixin.py:190} INFO - [2024-12-03T14:19:18.972+0000] {override.py:1911} INFO - Created Permission View: can read on DAG Run:example_branch_datetime_operator_2
[2024-12-03T14:19:18.987+0000] {logging_mixin.py:190} INFO - [2024-12-03T14:19:18.986+0000] {override.py:1911} INFO - Created Permission View: menu access on DAG Run:example_branch_datetime_operator_2
[2024-12-03T14:19:19.001+0000] {logging_mixin.py:190} INFO - [2024-12-03T14:19:19.000+0000] {override.py:1911} INFO - Created Permission View: can delete on DAG Run:example_branch_datetime_operator_2
[2024-12-03T14:19:19.015+0000] {logging_mixin.py:190} INFO - [2024-12-03T14:19:19.014+0000] {override.py:1911} INFO - Created Permission View: can create on DAG Run:example_branch_datetime_operator_2
[2024-12-03T14:19:19.041+0000] {logging_mixin.py:190} INFO - [2024-12-03T14:19:19.040+0000] {override.py:1911} INFO - Created Permission View: can read on DAG:example_branch_datetime_operator_3
[2024-12-03T14:19:19.056+0000] {logging_mixin.py:190} INFO - [2024-12-03T14:19:19.055+0000] {override.py:1911} INFO - Created Permission View: can edit on DAG:example_branch_datetime_operator_3
[2024-12-03T14:19:19.071+0000] {logging_mixin.py:190} INFO - [2024-12-03T14:19:19.071+0000] {override.py:1911} INFO - Created Permission View: can delete on DAG:example_branch_datetime_operator_3
[2024-12-03T14:19:19.088+0000] {logging_mixin.py:190} INFO - [2024-12-03T14:19:19.088+0000] {override.py:1911} INFO - Created Permission View: can read on DAG Run:example_branch_datetime_operator_3
[2024-12-03T14:19:19.104+0000] {logging_mixin.py:190} INFO - [2024-12-03T14:19:19.103+0000] {override.py:1911} INFO - Created Permission View: menu access on DAG Run:example_branch_datetime_operator_3
[2024-12-03T14:19:19.117+0000] {logging_mixin.py:190} INFO - [2024-12-03T14:19:19.117+0000] {override.py:1911} INFO - Created Permission View: can delete on DAG Run:example_branch_datetime_operator_3
[2024-12-03T14:19:19.131+0000] {logging_mixin.py:190} INFO - [2024-12-03T14:19:19.130+0000] {override.py:1911} INFO - Created Permission View: can create on DAG Run:example_branch_datetime_operator_3
[2024-12-03T14:19:19.153+0000] {logging_mixin.py:190} INFO - [2024-12-03T14:19:19.153+0000] {override.py:1911} INFO - Created Permission View: can read on DAG:example_branch_datetime_operator
[2024-12-03T14:19:19.166+0000] {logging_mixin.py:190} INFO - [2024-12-03T14:19:19.166+0000] {override.py:1911} INFO - Created Permission View: can edit on DAG:example_branch_datetime_operator
[2024-12-03T14:19:19.180+0000] {logging_mixin.py:190} INFO - [2024-12-03T14:19:19.180+0000] {override.py:1911} INFO - Created Permission View: can delete on DAG:example_branch_datetime_operator
[2024-12-03T14:19:19.199+0000] {logging_mixin.py:190} INFO - [2024-12-03T14:19:19.198+0000] {override.py:1911} INFO - Created Permission View: can read on DAG Run:example_branch_datetime_operator
[2024-12-03T14:19:19.224+0000] {logging_mixin.py:190} INFO - [2024-12-03T14:19:19.224+0000] {override.py:1911} INFO - Created Permission View: menu access on DAG Run:example_branch_datetime_operator
[2024-12-03T14:19:19.243+0000] {logging_mixin.py:190} INFO - [2024-12-03T14:19:19.242+0000] {override.py:1911} INFO - Created Permission View: can delete on DAG Run:example_branch_datetime_operator
[2024-12-03T14:19:19.262+0000] {logging_mixin.py:190} INFO - [2024-12-03T14:19:19.261+0000] {override.py:1911} INFO - Created Permission View: can create on DAG Run:example_branch_datetime_operator
[2024-12-03T14:19:19.263+0000] {logging_mixin.py:190} INFO - [2024-12-03T14:19:19.263+0000] {dag.py:3239} INFO - Sync 3 DAGs
[2024-12-03T14:19:19.288+0000] {logging_mixin.py:190} INFO - [2024-12-03T14:19:19.288+0000] {dag.py:3262} INFO - Creating ORM DAG for example_branch_datetime_operator
[2024-12-03T14:19:19.290+0000] {logging_mixin.py:190} INFO - [2024-12-03T14:19:19.290+0000] {dag.py:3262} INFO - Creating ORM DAG for example_branch_datetime_operator_2
[2024-12-03T14:19:19.292+0000] {logging_mixin.py:190} INFO - [2024-12-03T14:19:19.292+0000] {dag.py:3262} INFO - Creating ORM DAG for example_branch_datetime_operator_3
[2024-12-03T14:19:19.313+0000] {logging_mixin.py:190} INFO - [2024-12-03T14:19:19.312+0000] {dag.py:4180} INFO - Setting next_dagrun for example_branch_datetime_operator to 2024-12-02 00:00:00+00:00, run_after=2024-12-03 00:00:00+00:00
[2024-12-03T14:19:19.316+0000] {logging_mixin.py:190} INFO - [2024-12-03T14:19:19.315+0000] {dag.py:4180} INFO - Setting next_dagrun for example_branch_datetime_operator_2 to 2024-12-02 00:00:00+00:00, run_after=2024-12-03 00:00:00+00:00
[2024-12-03T14:19:19.318+0000] {logging_mixin.py:190} INFO - [2024-12-03T14:19:19.318+0000] {dag.py:4180} INFO - Setting next_dagrun for example_branch_datetime_operator_3 to 2024-12-02 00:00:00+00:00, run_after=2024-12-03 00:00:00+00:00
[2024-12-03T14:19:19.352+0000] {processor.py:208} INFO - Processing /home/airflow/.local/lib/python3.12/site-packages/airflow/example_dags/example_branch_datetime_operator.py took 0.587 seconds
[2024-12-03T14:19:49.777+0000] {processor.py:186} INFO - Started process (PID=165) to work on /home/airflow/.local/lib/python3.12/site-packages/airflow/example_dags/example_branch_datetime_operator.py
[2024-12-03T14:19:49.778+0000] {processor.py:914} INFO - Processing file /home/airflow/.local/lib/python3.12/site-packages/airflow/example_dags/example_branch_datetime_operator.py for tasks to queue
[2024-12-03T14:19:49.781+0000] {logging_mixin.py:190} INFO - [2024-12-03T14:19:49.780+0000] {dagbag.py:588} INFO - Filling up the DagBag from /home/airflow/.local/lib/python3.12/site-packages/airflow/example_dags/example_branch_datetime_operator.py
[2024-12-03T14:19:49.798+0000] {processor.py:925} INFO - DAG(s) 'example_branch_datetime_operator_2', 'example_branch_datetime_operator', 'example_branch_datetime_operator_3' retrieved from /home/airflow/.local/lib/python3.12/site-packages/airflow/example_dags/example_branch_datetime_operator.py
[2024-12-03T14:19:49.842+0000] {logging_mixin.py:190} INFO - [2024-12-03T14:19:49.842+0000] {dag.py:3239} INFO - Sync 3 DAGs
[2024-12-03T14:19:49.880+0000] {logging_mixin.py:190} INFO - [2024-12-03T14:19:49.879+0000] {dag.py:4180} INFO - Setting next_dagrun for example_branch_datetime_operator to 2024-12-02 00:00:00+00:00, run_after=2024-12-03 00:00:00+00:00
[2024-12-03T14:19:49.888+0000] {logging_mixin.py:190} INFO - [2024-12-03T14:19:49.887+0000] {dag.py:4180} INFO - Setting next_dagrun for example_branch_datetime_operator_2 to 2024-12-02 00:00:00+00:00, run_after=2024-12-03 00:00:00+00:00
[2024-12-03T14:19:49.892+0000] {logging_mixin.py:190} INFO - [2024-12-03T14:19:49.892+0000] {dag.py:4180} INFO - Setting next_dagrun for example_branch_datetime_operator_3 to 2024-12-02 00:00:00+00:00, run_after=2024-12-03 00:00:00+00:00
[2024-12-03T14:19:49.920+0000] {processor.py:208} INFO - Processing /home/airflow/.local/lib/python3.12/site-packages/airflow/example_dags/example_branch_datetime_operator.py took 0.151 seconds
[2024-12-03T14:20:20.129+0000] {processor.py:186} INFO - Started process (PID=229) to work on /home/airflow/.local/lib/python3.12/site-packages/airflow/example_dags/example_branch_datetime_operator.py
[2024-12-03T14:20:20.131+0000] {processor.py:914} INFO - Processing file /home/airflow/.local/lib/python3.12/site-packages/airflow/example_dags/example_branch_datetime_operator.py for tasks to queue
[2024-12-03T14:20:20.133+0000] {logging_mixin.py:190} INFO - [2024-12-03T14:20:20.133+0000] {dagbag.py:588} INFO - Filling up the DagBag from /home/airflow/.local/lib/python3.12/site-packages/airflow/example_dags/example_branch_datetime_operator.py
[2024-12-03T14:20:20.148+0000] {processor.py:925} INFO - DAG(s) 'example_branch_datetime_operator_2', 'example_branch_datetime_operator_3', 'example_branch_datetime_operator' retrieved from /home/airflow/.local/lib/python3.12/site-packages/airflow/example_dags/example_branch_datetime_operator.py
[2024-12-03T14:20:20.188+0000] {logging_mixin.py:190} INFO - [2024-12-03T14:20:20.187+0000] {dag.py:3239} INFO - Sync 3 DAGs
[2024-12-03T14:20:20.228+0000] {logging_mixin.py:190} INFO - [2024-12-03T14:20:20.228+0000] {dag.py:4180} INFO - Setting next_dagrun for example_branch_datetime_operator to 2024-12-02 00:00:00+00:00, run_after=2024-12-03 00:00:00+00:00
[2024-12-03T14:20:20.237+0000] {logging_mixin.py:190} INFO - [2024-12-03T14:20:20.236+0000] {dag.py:4180} INFO - Setting next_dagrun for example_branch_datetime_operator_2 to 2024-12-02 00:00:00+00:00, run_after=2024-12-03 00:00:00+00:00
[2024-12-03T14:20:20.242+0000] {logging_mixin.py:190} INFO - [2024-12-03T14:20:20.241+0000] {dag.py:4180} INFO - Setting next_dagrun for example_branch_datetime_operator_3 to 2024-12-02 00:00:00+00:00, run_after=2024-12-03 00:00:00+00:00
[2024-12-03T14:20:20.275+0000] {processor.py:208} INFO - Processing /home/airflow/.local/lib/python3.12/site-packages/airflow/example_dags/example_branch_datetime_operator.py took 0.150 seconds
[2024-12-03T14:20:50.619+0000] {processor.py:186} INFO - Started process (PID=293) to work on /home/airflow/.local/lib/python3.12/site-packages/airflow/example_dags/example_branch_datetime_operator.py
[2024-12-03T14:20:50.620+0000] {processor.py:914} INFO - Processing file /home/airflow/.local/lib/python3.12/site-packages/airflow/example_dags/example_branch_datetime_operator.py for tasks to queue
[2024-12-03T14:20:50.622+0000] {logging_mixin.py:190} INFO - [2024-12-03T14:20:50.622+0000] {dagbag.py:588} INFO - Filling up the DagBag from /home/airflow/.local/lib/python3.12/site-packages/airflow/example_dags/example_branch_datetime_operator.py
[2024-12-03T14:20:50.641+0000] {processor.py:925} INFO - DAG(s) 'example_branch_datetime_operator_3', 'example_branch_datetime_operator', 'example_branch_datetime_operator_2' retrieved from /home/airflow/.local/lib/python3.12/site-packages/airflow/example_dags/example_branch_datetime_operator.py
[2024-12-03T14:20:50.679+0000] {logging_mixin.py:190} INFO - [2024-12-03T14:20:50.679+0000] {dag.py:3239} INFO - Sync 3 DAGs
[2024-12-03T14:20:50.735+0000] {logging_mixin.py:190} INFO - [2024-12-03T14:20:50.734+0000] {dag.py:4180} INFO - Setting next_dagrun for example_branch_datetime_operator to 2024-12-02 00:00:00+00:00, run_after=2024-12-03 00:00:00+00:00
[2024-12-03T14:20:50.745+0000] {logging_mixin.py:190} INFO - [2024-12-03T14:20:50.744+0000] {dag.py:4180} INFO - Setting next_dagrun for example_branch_datetime_operator_2 to 2024-12-02 00:00:00+00:00, run_after=2024-12-03 00:00:00+00:00
[2024-12-03T14:20:50.751+0000] {logging_mixin.py:190} INFO - [2024-12-03T14:20:50.751+0000] {dag.py:4180} INFO - Setting next_dagrun for example_branch_datetime_operator_3 to 2024-12-02 00:00:00+00:00, run_after=2024-12-03 00:00:00+00:00
[2024-12-03T14:20:50.783+0000] {processor.py:208} INFO - Processing /home/airflow/.local/lib/python3.12/site-packages/airflow/example_dags/example_branch_datetime_operator.py took 0.170 seconds
[2024-12-03T14:21:21.158+0000] {processor.py:186} INFO - Started process (PID=358) to work on /home/airflow/.local/lib/python3.12/site-packages/airflow/example_dags/example_branch_datetime_operator.py
[2024-12-03T14:21:21.159+0000] {processor.py:914} INFO - Processing file /home/airflow/.local/lib/python3.12/site-packages/airflow/example_dags/example_branch_datetime_operator.py for tasks to queue
[2024-12-03T14:21:21.161+0000] {logging_mixin.py:190} INFO - [2024-12-03T14:21:21.161+0000] {dagbag.py:588} INFO - Filling up the DagBag from /home/airflow/.local/lib/python3.12/site-packages/airflow/example_dags/example_branch_datetime_operator.py
[2024-12-03T14:21:21.177+0000] {processor.py:925} INFO - DAG(s) 'example_branch_datetime_operator', 'example_branch_datetime_operator_2', 'example_branch_datetime_operator_3' retrieved from /home/airflow/.local/lib/python3.12/site-packages/airflow/example_dags/example_branch_datetime_operator.py
[2024-12-03T14:21:21.219+0000] {logging_mixin.py:190} INFO - [2024-12-03T14:21:21.219+0000] {dag.py:3239} INFO - Sync 3 DAGs
[2024-12-03T14:21:21.253+0000] {logging_mixin.py:190} INFO - [2024-12-03T14:21:21.253+0000] {dag.py:4180} INFO - Setting next_dagrun for example_branch_datetime_operator to 2024-12-02 00:00:00+00:00, run_after=2024-12-03 00:00:00+00:00
[2024-12-03T14:21:21.260+0000] {logging_mixin.py:190} INFO - [2024-12-03T14:21:21.260+0000] {dag.py:4180} INFO - Setting next_dagrun for example_branch_datetime_operator_2 to 2024-12-02 00:00:00+00:00, run_after=2024-12-03 00:00:00+00:00
[2024-12-03T14:21:21.264+0000] {logging_mixin.py:190} INFO - [2024-12-03T14:21:21.264+0000] {dag.py:4180} INFO - Setting next_dagrun for example_branch_datetime_operator_3 to 2024-12-02 00:00:00+00:00, run_after=2024-12-03 00:00:00+00:00
[2024-12-03T14:21:21.291+0000] {processor.py:208} INFO - Processing /home/airflow/.local/lib/python3.12/site-packages/airflow/example_dags/example_branch_datetime_operator.py took 0.141 seconds
[2024-12-03T14:21:51.612+0000] {processor.py:186} INFO - Started process (PID=422) to work on /home/airflow/.local/lib/python3.12/site-packages/airflow/example_dags/example_branch_datetime_operator.py
[2024-12-03T14:21:51.613+0000] {processor.py:914} INFO - Processing file /home/airflow/.local/lib/python3.12/site-packages/airflow/example_dags/example_branch_datetime_operator.py for tasks to queue
[2024-12-03T14:21:51.614+0000] {logging_mixin.py:190} INFO - [2024-12-03T14:21:51.614+0000] {dagbag.py:588} INFO - Filling up the DagBag from /home/airflow/.local/lib/python3.12/site-packages/airflow/example_dags/example_branch_datetime_operator.py
[2024-12-03T14:21:51.626+0000] {processor.py:925} INFO - DAG(s) 'example_branch_datetime_operator_3', 'example_branch_datetime_operator', 'example_branch_datetime_operator_2' retrieved from /home/airflow/.local/lib/python3.12/site-packages/airflow/example_dags/example_branch_datetime_operator.py
[2024-12-03T14:21:51.659+0000] {logging_mixin.py:190} INFO - [2024-12-03T14:21:51.659+0000] {dag.py:3239} INFO - Sync 3 DAGs
[2024-12-03T14:21:51.685+0000] {logging_mixin.py:190} INFO - [2024-12-03T14:21:51.685+0000] {dag.py:4180} INFO - Setting next_dagrun for example_branch_datetime_operator to 2024-12-02 00:00:00+00:00, run_after=2024-12-03 00:00:00+00:00
[2024-12-03T14:21:51.692+0000] {logging_mixin.py:190} INFO - [2024-12-03T14:21:51.692+0000] {dag.py:4180} INFO - Setting next_dagrun for example_branch_datetime_operator_2 to 2024-12-02 00:00:00+00:00, run_after=2024-12-03 00:00:00+00:00
[2024-12-03T14:21:51.697+0000] {logging_mixin.py:190} INFO - [2024-12-03T14:21:51.697+0000] {dag.py:4180} INFO - Setting next_dagrun for example_branch_datetime_operator_3 to 2024-12-02 00:00:00+00:00, run_after=2024-12-03 00:00:00+00:00
[2024-12-03T14:21:51.720+0000] {processor.py:208} INFO - Processing /home/airflow/.local/lib/python3.12/site-packages/airflow/example_dags/example_branch_datetime_operator.py took 0.113 seconds
[2024-12-03T14:22:22.060+0000] {processor.py:186} INFO - Started process (PID=487) to work on /home/airflow/.local/lib/python3.12/site-packages/airflow/example_dags/example_branch_datetime_operator.py
[2024-12-03T14:22:22.061+0000] {processor.py:914} INFO - Processing file /home/airflow/.local/lib/python3.12/site-packages/airflow/example_dags/example_branch_datetime_operator.py for tasks to queue
[2024-12-03T14:22:22.063+0000] {logging_mixin.py:190} INFO - [2024-12-03T14:22:22.063+0000] {dagbag.py:588} INFO - Filling up the DagBag from /home/airflow/.local/lib/python3.12/site-packages/airflow/example_dags/example_branch_datetime_operator.py
[2024-12-03T14:22:22.076+0000] {processor.py:925} INFO - DAG(s) 'example_branch_datetime_operator', 'example_branch_datetime_operator_2', 'example_branch_datetime_operator_3' retrieved from /home/airflow/.local/lib/python3.12/site-packages/airflow/example_dags/example_branch_datetime_operator.py
[2024-12-03T14:22:22.109+0000] {logging_mixin.py:190} INFO - [2024-12-03T14:22:22.108+0000] {dag.py:3239} INFO - Sync 3 DAGs
[2024-12-03T14:22:22.140+0000] {logging_mixin.py:190} INFO - [2024-12-03T14:22:22.140+0000] {dag.py:4180} INFO - Setting next_dagrun for example_branch_datetime_operator to 2024-12-02 00:00:00+00:00, run_after=2024-12-03 00:00:00+00:00
[2024-12-03T14:22:22.146+0000] {logging_mixin.py:190} INFO - [2024-12-03T14:22:22.146+0000] {dag.py:4180} INFO - Setting next_dagrun for example_branch_datetime_operator_2 to 2024-12-02 00:00:00+00:00, run_after=2024-12-03 00:00:00+00:00
[2024-12-03T14:22:22.150+0000] {logging_mixin.py:190} INFO - [2024-12-03T14:22:22.150+0000] {dag.py:4180} INFO - Setting next_dagrun for example_branch_datetime_operator_3 to 2024-12-02 00:00:00+00:00, run_after=2024-12-03 00:00:00+00:00
[2024-12-03T14:22:22.176+0000] {processor.py:208} INFO - Processing /home/airflow/.local/lib/python3.12/site-packages/airflow/example_dags/example_branch_datetime_operator.py took 0.124 seconds
[2024-12-03T14:22:52.522+0000] {processor.py:186} INFO - Started process (PID=551) to work on /home/airflow/.local/lib/python3.12/site-packages/airflow/example_dags/example_branch_datetime_operator.py
[2024-12-03T14:22:52.523+0000] {processor.py:914} INFO - Processing file /home/airflow/.local/lib/python3.12/site-packages/airflow/example_dags/example_branch_datetime_operator.py for tasks to queue
[2024-12-03T14:22:52.526+0000] {logging_mixin.py:190} INFO - [2024-12-03T14:22:52.525+0000] {dagbag.py:588} INFO - Filling up the DagBag from /home/airflow/.local/lib/python3.12/site-packages/airflow/example_dags/example_branch_datetime_operator.py
[2024-12-03T14:22:52.541+0000] {processor.py:925} INFO - DAG(s) 'example_branch_datetime_operator', 'example_branch_datetime_operator_3', 'example_branch_datetime_operator_2' retrieved from /home/airflow/.local/lib/python3.12/site-packages/airflow/example_dags/example_branch_datetime_operator.py
[2024-12-03T14:22:52.582+0000] {logging_mixin.py:190} INFO - [2024-12-03T14:22:52.582+0000] {dag.py:3239} INFO - Sync 3 DAGs
[2024-12-03T14:22:52.616+0000] {logging_mixin.py:190} INFO - [2024-12-03T14:22:52.615+0000] {dag.py:4180} INFO - Setting next_dagrun for example_branch_datetime_operator to 2024-12-02 00:00:00+00:00, run_after=2024-12-03 00:00:00+00:00
[2024-12-03T14:22:52.623+0000] {logging_mixin.py:190} INFO - [2024-12-03T14:22:52.623+0000] {dag.py:4180} INFO - Setting next_dagrun for example_branch_datetime_operator_2 to 2024-12-02 00:00:00+00:00, run_after=2024-12-03 00:00:00+00:00
[2024-12-03T14:22:52.627+0000] {logging_mixin.py:190} INFO - [2024-12-03T14:22:52.626+0000] {dag.py:4180} INFO - Setting next_dagrun for example_branch_datetime_operator_3 to 2024-12-02 00:00:00+00:00, run_after=2024-12-03 00:00:00+00:00
[2024-12-03T14:22:52.653+0000] {processor.py:208} INFO - Processing /home/airflow/.local/lib/python3.12/site-packages/airflow/example_dags/example_branch_datetime_operator.py took 0.142 seconds
[2024-12-03T14:23:23.321+0000] {processor.py:186} INFO - Started process (PID=615) to work on /home/airflow/.local/lib/python3.12/site-packages/airflow/example_dags/example_branch_datetime_operator.py
[2024-12-03T14:23:23.323+0000] {processor.py:914} INFO - Processing file /home/airflow/.local/lib/python3.12/site-packages/airflow/example_dags/example_branch_datetime_operator.py for tasks to queue
[2024-12-03T14:23:23.325+0000] {logging_mixin.py:190} INFO - [2024-12-03T14:23:23.325+0000] {dagbag.py:588} INFO - Filling up the DagBag from /home/airflow/.local/lib/python3.12/site-packages/airflow/example_dags/example_branch_datetime_operator.py
[2024-12-03T14:23:23.344+0000] {processor.py:925} INFO - DAG(s) 'example_branch_datetime_operator', 'example_branch_datetime_operator_2', 'example_branch_datetime_operator_3' retrieved from /home/airflow/.local/lib/python3.12/site-packages/airflow/example_dags/example_branch_datetime_operator.py
[2024-12-03T14:23:23.389+0000] {logging_mixin.py:190} INFO - [2024-12-03T14:23:23.388+0000] {dag.py:3239} INFO - Sync 3 DAGs
[2024-12-03T14:23:23.423+0000] {logging_mixin.py:190} INFO - [2024-12-03T14:23:23.423+0000] {dag.py:4180} INFO - Setting next_dagrun for example_branch_datetime_operator to 2024-12-02 00:00:00+00:00, run_after=2024-12-03 00:00:00+00:00
[2024-12-03T14:23:23.430+0000] {logging_mixin.py:190} INFO - [2024-12-03T14:23:23.430+0000] {dag.py:4180} INFO - Setting next_dagrun for example_branch_datetime_operator_2 to 2024-12-02 00:00:00+00:00, run_after=2024-12-03 00:00:00+00:00
[2024-12-03T14:23:23.436+0000] {logging_mixin.py:190} INFO - [2024-12-03T14:23:23.435+0000] {dag.py:4180} INFO - Setting next_dagrun for example_branch_datetime_operator_3 to 2024-12-02 00:00:00+00:00, run_after=2024-12-03 00:00:00+00:00
[2024-12-03T14:23:23.465+0000] {processor.py:208} INFO - Processing /home/airflow/.local/lib/python3.12/site-packages/airflow/example_dags/example_branch_datetime_operator.py took 0.153 seconds
[2024-12-03T14:23:56.986+0000] {processor.py:186} INFO - Started process (PID=685) to work on /home/airflow/.local/lib/python3.12/site-packages/airflow/example_dags/example_branch_datetime_operator.py
[2024-12-03T14:23:56.990+0000] {processor.py:914} INFO - Processing file /home/airflow/.local/lib/python3.12/site-packages/airflow/example_dags/example_branch_datetime_operator.py for tasks to queue
[2024-12-03T14:23:56.999+0000] {logging_mixin.py:190} INFO - [2024-12-03T14:23:56.996+0000] {dagbag.py:588} INFO - Filling up the DagBag from /home/airflow/.local/lib/python3.12/site-packages/airflow/example_dags/example_branch_datetime_operator.py
[2024-12-03T14:23:57.057+0000] {processor.py:925} INFO - DAG(s) 'example_branch_datetime_operator_3', 'example_branch_datetime_operator', 'example_branch_datetime_operator_2' retrieved from /home/airflow/.local/lib/python3.12/site-packages/airflow/example_dags/example_branch_datetime_operator.py
[2024-12-03T14:23:57.147+0000] {logging_mixin.py:190} INFO - [2024-12-03T14:23:57.146+0000] {dag.py:3239} INFO - Sync 3 DAGs
[2024-12-03T14:23:57.231+0000] {logging_mixin.py:190} INFO - [2024-12-03T14:23:57.230+0000] {dag.py:4180} INFO - Setting next_dagrun for example_branch_datetime_operator to 2024-12-02 00:00:00+00:00, run_after=2024-12-03 00:00:00+00:00
[2024-12-03T14:23:57.247+0000] {logging_mixin.py:190} INFO - [2024-12-03T14:23:57.247+0000] {dag.py:4180} INFO - Setting next_dagrun for example_branch_datetime_operator_2 to 2024-12-02 00:00:00+00:00, run_after=2024-12-03 00:00:00+00:00
[2024-12-03T14:23:57.258+0000] {logging_mixin.py:190} INFO - [2024-12-03T14:23:57.257+0000] {dag.py:4180} INFO - Setting next_dagrun for example_branch_datetime_operator_3 to 2024-12-02 00:00:00+00:00, run_after=2024-12-03 00:00:00+00:00
[2024-12-03T14:23:57.301+0000] {processor.py:208} INFO - Processing /home/airflow/.local/lib/python3.12/site-packages/airflow/example_dags/example_branch_datetime_operator.py took 0.339 seconds
[2024-12-03T14:24:28.299+0000] {processor.py:186} INFO - Started process (PID=749) to work on /home/airflow/.local/lib/python3.12/site-packages/airflow/example_dags/example_branch_datetime_operator.py
[2024-12-03T14:24:28.300+0000] {processor.py:914} INFO - Processing file /home/airflow/.local/lib/python3.12/site-packages/airflow/example_dags/example_branch_datetime_operator.py for tasks to queue
[2024-12-03T14:24:28.302+0000] {logging_mixin.py:190} INFO - [2024-12-03T14:24:28.302+0000] {dagbag.py:588} INFO - Filling up the DagBag from /home/airflow/.local/lib/python3.12/site-packages/airflow/example_dags/example_branch_datetime_operator.py
[2024-12-03T14:24:28.316+0000] {processor.py:925} INFO - DAG(s) 'example_branch_datetime_operator_2', 'example_branch_datetime_operator_3', 'example_branch_datetime_operator' retrieved from /home/airflow/.local/lib/python3.12/site-packages/airflow/example_dags/example_branch_datetime_operator.py
[2024-12-03T14:24:28.354+0000] {logging_mixin.py:190} INFO - [2024-12-03T14:24:28.354+0000] {dag.py:3239} INFO - Sync 3 DAGs
[2024-12-03T14:24:28.383+0000] {logging_mixin.py:190} INFO - [2024-12-03T14:24:28.383+0000] {dag.py:4180} INFO - Setting next_dagrun for example_branch_datetime_operator to 2024-12-02 00:00:00+00:00, run_after=2024-12-03 00:00:00+00:00
[2024-12-03T14:24:28.390+0000] {logging_mixin.py:190} INFO - [2024-12-03T14:24:28.389+0000] {dag.py:4180} INFO - Setting next_dagrun for example_branch_datetime_operator_2 to 2024-12-02 00:00:00+00:00, run_after=2024-12-03 00:00:00+00:00
[2024-12-03T14:24:28.394+0000] {logging_mixin.py:190} INFO - [2024-12-03T14:24:28.393+0000] {dag.py:4180} INFO - Setting next_dagrun for example_branch_datetime_operator_3 to 2024-12-02 00:00:00+00:00, run_after=2024-12-03 00:00:00+00:00
[2024-12-03T14:24:28.421+0000] {processor.py:208} INFO - Processing /home/airflow/.local/lib/python3.12/site-packages/airflow/example_dags/example_branch_datetime_operator.py took 0.129 seconds
