[2024-12-03T13:59:38.016+0000] {processor.py:186} INFO - Started process (PID=132) to work on /home/airflow/.local/lib/python3.12/site-packages/airflow/example_dags/example_local_kubernetes_executor.py
[2024-12-03T13:59:38.020+0000] {processor.py:914} INFO - Processing file /home/airflow/.local/lib/python3.12/site-packages/airflow/example_dags/example_local_kubernetes_executor.py for tasks to queue
[2024-12-03T13:59:38.027+0000] {logging_mixin.py:190} INFO - [2024-12-03T13:59:38.026+0000] {dagbag.py:588} INFO - Filling up the DagBag from /home/airflow/.local/lib/python3.12/site-packages/airflow/example_dags/example_local_kubernetes_executor.py
[2024-12-03T13:59:38.087+0000] {processor.py:925} INFO - DAG(s) 'example_local_kubernetes_executor' retrieved from /home/airflow/.local/lib/python3.12/site-packages/airflow/example_dags/example_local_kubernetes_executor.py
[2024-12-03T13:59:38.454+0000] {logging_mixin.py:190} INFO - [2024-12-03T13:59:38.451+0000] {override.py:1911} INFO - Created Permission View: can delete on DAG:example_local_kubernetes_executor
[2024-12-03T13:59:38.485+0000] {logging_mixin.py:190} INFO - [2024-12-03T13:59:38.484+0000] {override.py:1911} INFO - Created Permission View: can read on DAG:example_local_kubernetes_executor
[2024-12-03T13:59:38.501+0000] {logging_mixin.py:190} INFO - [2024-12-03T13:59:38.500+0000] {override.py:1911} INFO - Created Permission View: can edit on DAG:example_local_kubernetes_executor
[2024-12-03T13:59:38.521+0000] {logging_mixin.py:190} INFO - [2024-12-03T13:59:38.520+0000] {override.py:1911} INFO - Created Permission View: can create on DAG Run:example_local_kubernetes_executor
[2024-12-03T13:59:38.539+0000] {logging_mixin.py:190} INFO - [2024-12-03T13:59:38.538+0000] {override.py:1911} INFO - Created Permission View: menu access on DAG Run:example_local_kubernetes_executor
[2024-12-03T13:59:38.559+0000] {logging_mixin.py:190} INFO - [2024-12-03T13:59:38.558+0000] {override.py:1911} INFO - Created Permission View: can delete on DAG Run:example_local_kubernetes_executor
[2024-12-03T13:59:38.577+0000] {logging_mixin.py:190} INFO - [2024-12-03T13:59:38.576+0000] {override.py:1911} INFO - Created Permission View: can read on DAG Run:example_local_kubernetes_executor
[2024-12-03T13:59:38.579+0000] {logging_mixin.py:190} INFO - [2024-12-03T13:59:38.578+0000] {dag.py:3239} INFO - Sync 1 DAGs
[2024-12-03T13:59:38.606+0000] {logging_mixin.py:190} INFO - [2024-12-03T13:59:38.605+0000] {dag.py:3262} INFO - Creating ORM DAG for example_local_kubernetes_executor
[2024-12-03T13:59:38.608+0000] {logging_mixin.py:190} INFO - [2024-12-03T13:59:38.608+0000] {dag.py:4180} INFO - Setting next_dagrun for example_local_kubernetes_executor to None, run_after=None
[2024-12-03T13:59:38.653+0000] {processor.py:208} INFO - Processing /home/airflow/.local/lib/python3.12/site-packages/airflow/example_dags/example_local_kubernetes_executor.py took 0.647 seconds
[2024-12-03T14:19:32.835+0000] {processor.py:186} INFO - Started process (PID=134) to work on /home/airflow/.local/lib/python3.12/site-packages/airflow/example_dags/example_local_kubernetes_executor.py
[2024-12-03T14:19:32.837+0000] {processor.py:914} INFO - Processing file /home/airflow/.local/lib/python3.12/site-packages/airflow/example_dags/example_local_kubernetes_executor.py for tasks to queue
[2024-12-03T14:19:32.839+0000] {logging_mixin.py:190} INFO - [2024-12-03T14:19:32.839+0000] {dagbag.py:588} INFO - Filling up the DagBag from /home/airflow/.local/lib/python3.12/site-packages/airflow/example_dags/example_local_kubernetes_executor.py
[2024-12-03T14:19:32.852+0000] {processor.py:925} INFO - DAG(s) 'example_local_kubernetes_executor' retrieved from /home/airflow/.local/lib/python3.12/site-packages/airflow/example_dags/example_local_kubernetes_executor.py
[2024-12-03T14:19:33.170+0000] {logging_mixin.py:190} INFO - [2024-12-03T14:19:33.165+0000] {override.py:1911} INFO - Created Permission View: can read on DAG:example_local_kubernetes_executor
[2024-12-03T14:19:33.224+0000] {logging_mixin.py:190} INFO - [2024-12-03T14:19:33.222+0000] {override.py:1911} INFO - Created Permission View: can edit on DAG:example_local_kubernetes_executor
[2024-12-03T14:19:33.248+0000] {logging_mixin.py:190} INFO - [2024-12-03T14:19:33.248+0000] {override.py:1911} INFO - Created Permission View: can delete on DAG:example_local_kubernetes_executor
[2024-12-03T14:19:33.355+0000] {logging_mixin.py:190} INFO - [2024-12-03T14:19:33.355+0000] {override.py:1911} INFO - Created Permission View: can read on DAG Run:example_local_kubernetes_executor
[2024-12-03T14:19:33.372+0000] {logging_mixin.py:190} INFO - [2024-12-03T14:19:33.371+0000] {override.py:1911} INFO - Created Permission View: menu access on DAG Run:example_local_kubernetes_executor
[2024-12-03T14:19:33.391+0000] {logging_mixin.py:190} INFO - [2024-12-03T14:19:33.390+0000] {override.py:1911} INFO - Created Permission View: can delete on DAG Run:example_local_kubernetes_executor
[2024-12-03T14:19:33.411+0000] {logging_mixin.py:190} INFO - [2024-12-03T14:19:33.410+0000] {override.py:1911} INFO - Created Permission View: can create on DAG Run:example_local_kubernetes_executor
[2024-12-03T14:19:33.413+0000] {logging_mixin.py:190} INFO - [2024-12-03T14:19:33.412+0000] {dag.py:3239} INFO - Sync 1 DAGs
[2024-12-03T14:19:33.442+0000] {logging_mixin.py:190} INFO - [2024-12-03T14:19:33.441+0000] {dag.py:3262} INFO - Creating ORM DAG for example_local_kubernetes_executor
[2024-12-03T14:19:33.444+0000] {logging_mixin.py:190} INFO - [2024-12-03T14:19:33.444+0000] {dag.py:4180} INFO - Setting next_dagrun for example_local_kubernetes_executor to None, run_after=None
[2024-12-03T14:19:33.498+0000] {processor.py:208} INFO - Processing /home/airflow/.local/lib/python3.12/site-packages/airflow/example_dags/example_local_kubernetes_executor.py took 0.670 seconds
[2024-12-03T14:20:03.662+0000] {processor.py:186} INFO - Started process (PID=198) to work on /home/airflow/.local/lib/python3.12/site-packages/airflow/example_dags/example_local_kubernetes_executor.py
[2024-12-03T14:20:03.664+0000] {processor.py:914} INFO - Processing file /home/airflow/.local/lib/python3.12/site-packages/airflow/example_dags/example_local_kubernetes_executor.py for tasks to queue
[2024-12-03T14:20:03.666+0000] {logging_mixin.py:190} INFO - [2024-12-03T14:20:03.665+0000] {dagbag.py:588} INFO - Filling up the DagBag from /home/airflow/.local/lib/python3.12/site-packages/airflow/example_dags/example_local_kubernetes_executor.py
[2024-12-03T14:20:03.678+0000] {processor.py:925} INFO - DAG(s) 'example_local_kubernetes_executor' retrieved from /home/airflow/.local/lib/python3.12/site-packages/airflow/example_dags/example_local_kubernetes_executor.py
[2024-12-03T14:20:03.728+0000] {logging_mixin.py:190} INFO - [2024-12-03T14:20:03.728+0000] {dag.py:3239} INFO - Sync 1 DAGs
[2024-12-03T14:20:03.752+0000] {logging_mixin.py:190} INFO - [2024-12-03T14:20:03.751+0000] {dag.py:4180} INFO - Setting next_dagrun for example_local_kubernetes_executor to None, run_after=None
[2024-12-03T14:20:03.781+0000] {processor.py:208} INFO - Processing /home/airflow/.local/lib/python3.12/site-packages/airflow/example_dags/example_local_kubernetes_executor.py took 0.126 seconds
[2024-12-03T14:20:34.236+0000] {processor.py:186} INFO - Started process (PID=262) to work on /home/airflow/.local/lib/python3.12/site-packages/airflow/example_dags/example_local_kubernetes_executor.py
[2024-12-03T14:20:34.238+0000] {processor.py:914} INFO - Processing file /home/airflow/.local/lib/python3.12/site-packages/airflow/example_dags/example_local_kubernetes_executor.py for tasks to queue
[2024-12-03T14:20:34.241+0000] {logging_mixin.py:190} INFO - [2024-12-03T14:20:34.240+0000] {dagbag.py:588} INFO - Filling up the DagBag from /home/airflow/.local/lib/python3.12/site-packages/airflow/example_dags/example_local_kubernetes_executor.py
[2024-12-03T14:20:34.255+0000] {processor.py:925} INFO - DAG(s) 'example_local_kubernetes_executor' retrieved from /home/airflow/.local/lib/python3.12/site-packages/airflow/example_dags/example_local_kubernetes_executor.py
[2024-12-03T14:20:34.298+0000] {logging_mixin.py:190} INFO - [2024-12-03T14:20:34.298+0000] {dag.py:3239} INFO - Sync 1 DAGs
[2024-12-03T14:20:34.320+0000] {logging_mixin.py:190} INFO - [2024-12-03T14:20:34.320+0000] {dag.py:4180} INFO - Setting next_dagrun for example_local_kubernetes_executor to None, run_after=None
[2024-12-03T14:20:34.348+0000] {processor.py:208} INFO - Processing /home/airflow/.local/lib/python3.12/site-packages/airflow/example_dags/example_local_kubernetes_executor.py took 0.119 seconds
[2024-12-03T14:21:05.415+0000] {processor.py:186} INFO - Started process (PID=327) to work on /home/airflow/.local/lib/python3.12/site-packages/airflow/example_dags/example_local_kubernetes_executor.py
[2024-12-03T14:21:05.417+0000] {processor.py:914} INFO - Processing file /home/airflow/.local/lib/python3.12/site-packages/airflow/example_dags/example_local_kubernetes_executor.py for tasks to queue
[2024-12-03T14:21:05.419+0000] {logging_mixin.py:190} INFO - [2024-12-03T14:21:05.419+0000] {dagbag.py:588} INFO - Filling up the DagBag from /home/airflow/.local/lib/python3.12/site-packages/airflow/example_dags/example_local_kubernetes_executor.py
[2024-12-03T14:21:05.436+0000] {processor.py:925} INFO - DAG(s) 'example_local_kubernetes_executor' retrieved from /home/airflow/.local/lib/python3.12/site-packages/airflow/example_dags/example_local_kubernetes_executor.py
[2024-12-03T14:21:05.485+0000] {logging_mixin.py:190} INFO - [2024-12-03T14:21:05.484+0000] {dag.py:3239} INFO - Sync 1 DAGs
[2024-12-03T14:21:05.504+0000] {logging_mixin.py:190} INFO - [2024-12-03T14:21:05.504+0000] {dag.py:4180} INFO - Setting next_dagrun for example_local_kubernetes_executor to None, run_after=None
[2024-12-03T14:21:05.531+0000] {processor.py:208} INFO - Processing /home/airflow/.local/lib/python3.12/site-packages/airflow/example_dags/example_local_kubernetes_executor.py took 0.124 seconds
[2024-12-03T14:21:35.867+0000] {processor.py:186} INFO - Started process (PID=390) to work on /home/airflow/.local/lib/python3.12/site-packages/airflow/example_dags/example_local_kubernetes_executor.py
[2024-12-03T14:21:35.868+0000] {processor.py:914} INFO - Processing file /home/airflow/.local/lib/python3.12/site-packages/airflow/example_dags/example_local_kubernetes_executor.py for tasks to queue
[2024-12-03T14:21:35.870+0000] {logging_mixin.py:190} INFO - [2024-12-03T14:21:35.870+0000] {dagbag.py:588} INFO - Filling up the DagBag from /home/airflow/.local/lib/python3.12/site-packages/airflow/example_dags/example_local_kubernetes_executor.py
[2024-12-03T14:21:35.879+0000] {processor.py:925} INFO - DAG(s) 'example_local_kubernetes_executor' retrieved from /home/airflow/.local/lib/python3.12/site-packages/airflow/example_dags/example_local_kubernetes_executor.py
[2024-12-03T14:21:35.914+0000] {logging_mixin.py:190} INFO - [2024-12-03T14:21:35.914+0000] {dag.py:3239} INFO - Sync 1 DAGs
[2024-12-03T14:21:35.933+0000] {logging_mixin.py:190} INFO - [2024-12-03T14:21:35.933+0000] {dag.py:4180} INFO - Setting next_dagrun for example_local_kubernetes_executor to None, run_after=None
[2024-12-03T14:21:35.960+0000] {processor.py:208} INFO - Processing /home/airflow/.local/lib/python3.12/site-packages/airflow/example_dags/example_local_kubernetes_executor.py took 0.098 seconds
[2024-12-03T14:22:06.105+0000] {processor.py:186} INFO - Started process (PID=454) to work on /home/airflow/.local/lib/python3.12/site-packages/airflow/example_dags/example_local_kubernetes_executor.py
[2024-12-03T14:22:06.107+0000] {processor.py:914} INFO - Processing file /home/airflow/.local/lib/python3.12/site-packages/airflow/example_dags/example_local_kubernetes_executor.py for tasks to queue
[2024-12-03T14:22:06.109+0000] {logging_mixin.py:190} INFO - [2024-12-03T14:22:06.108+0000] {dagbag.py:588} INFO - Filling up the DagBag from /home/airflow/.local/lib/python3.12/site-packages/airflow/example_dags/example_local_kubernetes_executor.py
[2024-12-03T14:22:06.118+0000] {processor.py:925} INFO - DAG(s) 'example_local_kubernetes_executor' retrieved from /home/airflow/.local/lib/python3.12/site-packages/airflow/example_dags/example_local_kubernetes_executor.py
[2024-12-03T14:22:06.158+0000] {logging_mixin.py:190} INFO - [2024-12-03T14:22:06.157+0000] {dag.py:3239} INFO - Sync 1 DAGs
[2024-12-03T14:22:06.173+0000] {logging_mixin.py:190} INFO - [2024-12-03T14:22:06.173+0000] {dag.py:4180} INFO - Setting next_dagrun for example_local_kubernetes_executor to None, run_after=None
[2024-12-03T14:22:06.199+0000] {processor.py:208} INFO - Processing /home/airflow/.local/lib/python3.12/site-packages/airflow/example_dags/example_local_kubernetes_executor.py took 0.099 seconds
[2024-12-03T14:22:37.726+0000] {processor.py:186} INFO - Started process (PID=518) to work on /home/airflow/.local/lib/python3.12/site-packages/airflow/example_dags/example_local_kubernetes_executor.py
[2024-12-03T14:22:37.727+0000] {processor.py:914} INFO - Processing file /home/airflow/.local/lib/python3.12/site-packages/airflow/example_dags/example_local_kubernetes_executor.py for tasks to queue
[2024-12-03T14:22:37.730+0000] {logging_mixin.py:190} INFO - [2024-12-03T14:22:37.729+0000] {dagbag.py:588} INFO - Filling up the DagBag from /home/airflow/.local/lib/python3.12/site-packages/airflow/example_dags/example_local_kubernetes_executor.py
[2024-12-03T14:22:37.744+0000] {processor.py:925} INFO - DAG(s) 'example_local_kubernetes_executor' retrieved from /home/airflow/.local/lib/python3.12/site-packages/airflow/example_dags/example_local_kubernetes_executor.py
[2024-12-03T14:22:37.797+0000] {logging_mixin.py:190} INFO - [2024-12-03T14:22:37.796+0000] {dag.py:3239} INFO - Sync 1 DAGs
[2024-12-03T14:22:37.823+0000] {logging_mixin.py:190} INFO - [2024-12-03T14:22:37.823+0000] {dag.py:4180} INFO - Setting next_dagrun for example_local_kubernetes_executor to None, run_after=None
[2024-12-03T14:22:37.855+0000] {processor.py:208} INFO - Processing /home/airflow/.local/lib/python3.12/site-packages/airflow/example_dags/example_local_kubernetes_executor.py took 0.136 seconds
[2024-12-03T14:23:08.948+0000] {processor.py:186} INFO - Started process (PID=582) to work on /home/airflow/.local/lib/python3.12/site-packages/airflow/example_dags/example_local_kubernetes_executor.py
[2024-12-03T14:23:08.950+0000] {processor.py:914} INFO - Processing file /home/airflow/.local/lib/python3.12/site-packages/airflow/example_dags/example_local_kubernetes_executor.py for tasks to queue
[2024-12-03T14:23:08.951+0000] {logging_mixin.py:190} INFO - [2024-12-03T14:23:08.951+0000] {dagbag.py:588} INFO - Filling up the DagBag from /home/airflow/.local/lib/python3.12/site-packages/airflow/example_dags/example_local_kubernetes_executor.py
[2024-12-03T14:23:08.963+0000] {processor.py:925} INFO - DAG(s) 'example_local_kubernetes_executor' retrieved from /home/airflow/.local/lib/python3.12/site-packages/airflow/example_dags/example_local_kubernetes_executor.py
[2024-12-03T14:23:09.010+0000] {logging_mixin.py:190} INFO - [2024-12-03T14:23:09.009+0000] {dag.py:3239} INFO - Sync 1 DAGs
[2024-12-03T14:23:09.035+0000] {logging_mixin.py:190} INFO - [2024-12-03T14:23:09.035+0000] {dag.py:4180} INFO - Setting next_dagrun for example_local_kubernetes_executor to None, run_after=None
[2024-12-03T14:23:09.065+0000] {processor.py:208} INFO - Processing /home/airflow/.local/lib/python3.12/site-packages/airflow/example_dags/example_local_kubernetes_executor.py took 0.123 seconds
[2024-12-03T14:23:43.773+0000] {processor.py:186} INFO - Started process (PID=647) to work on /home/airflow/.local/lib/python3.12/site-packages/airflow/example_dags/example_local_kubernetes_executor.py
[2024-12-03T14:23:43.775+0000] {processor.py:914} INFO - Processing file /home/airflow/.local/lib/python3.12/site-packages/airflow/example_dags/example_local_kubernetes_executor.py for tasks to queue
[2024-12-03T14:23:43.776+0000] {logging_mixin.py:190} INFO - [2024-12-03T14:23:43.776+0000] {dagbag.py:588} INFO - Filling up the DagBag from /home/airflow/.local/lib/python3.12/site-packages/airflow/example_dags/example_local_kubernetes_executor.py
[2024-12-03T14:23:43.791+0000] {processor.py:925} INFO - DAG(s) 'example_local_kubernetes_executor' retrieved from /home/airflow/.local/lib/python3.12/site-packages/airflow/example_dags/example_local_kubernetes_executor.py
[2024-12-03T14:23:43.836+0000] {logging_mixin.py:190} INFO - [2024-12-03T14:23:43.836+0000] {dag.py:3239} INFO - Sync 1 DAGs
[2024-12-03T14:23:43.855+0000] {logging_mixin.py:190} INFO - [2024-12-03T14:23:43.854+0000] {dag.py:4180} INFO - Setting next_dagrun for example_local_kubernetes_executor to None, run_after=None
[2024-12-03T14:23:43.894+0000] {processor.py:208} INFO - Processing /home/airflow/.local/lib/python3.12/site-packages/airflow/example_dags/example_local_kubernetes_executor.py took 0.128 seconds
[2024-12-03T14:24:17.958+0000] {processor.py:186} INFO - Started process (PID=716) to work on /home/airflow/.local/lib/python3.12/site-packages/airflow/example_dags/example_local_kubernetes_executor.py
[2024-12-03T14:24:17.960+0000] {processor.py:914} INFO - Processing file /home/airflow/.local/lib/python3.12/site-packages/airflow/example_dags/example_local_kubernetes_executor.py for tasks to queue
[2024-12-03T14:24:17.963+0000] {logging_mixin.py:190} INFO - [2024-12-03T14:24:17.962+0000] {dagbag.py:588} INFO - Filling up the DagBag from /home/airflow/.local/lib/python3.12/site-packages/airflow/example_dags/example_local_kubernetes_executor.py
[2024-12-03T14:24:17.985+0000] {processor.py:925} INFO - DAG(s) 'example_local_kubernetes_executor' retrieved from /home/airflow/.local/lib/python3.12/site-packages/airflow/example_dags/example_local_kubernetes_executor.py
[2024-12-03T14:24:18.043+0000] {logging_mixin.py:190} INFO - [2024-12-03T14:24:18.042+0000] {dag.py:3239} INFO - Sync 1 DAGs
[2024-12-03T14:24:18.066+0000] {logging_mixin.py:190} INFO - [2024-12-03T14:24:18.066+0000] {dag.py:4180} INFO - Setting next_dagrun for example_local_kubernetes_executor to None, run_after=None
[2024-12-03T14:24:18.101+0000] {processor.py:208} INFO - Processing /home/airflow/.local/lib/python3.12/site-packages/airflow/example_dags/example_local_kubernetes_executor.py took 0.156 seconds
[2024-12-03T14:24:51.704+0000] {processor.py:186} INFO - Started process (PID=780) to work on /home/airflow/.local/lib/python3.12/site-packages/airflow/example_dags/example_local_kubernetes_executor.py
[2024-12-03T14:24:51.722+0000] {processor.py:914} INFO - Processing file /home/airflow/.local/lib/python3.12/site-packages/airflow/example_dags/example_local_kubernetes_executor.py for tasks to queue
[2024-12-03T14:24:51.732+0000] {logging_mixin.py:190} INFO - [2024-12-03T14:24:51.731+0000] {dagbag.py:588} INFO - Filling up the DagBag from /home/airflow/.local/lib/python3.12/site-packages/airflow/example_dags/example_local_kubernetes_executor.py
[2024-12-03T14:24:51.848+0000] {processor.py:925} INFO - DAG(s) 'example_local_kubernetes_executor' retrieved from /home/airflow/.local/lib/python3.12/site-packages/airflow/example_dags/example_local_kubernetes_executor.py
[2024-12-03T14:24:52.109+0000] {logging_mixin.py:190} INFO - [2024-12-03T14:24:52.109+0000] {dag.py:3239} INFO - Sync 1 DAGs
[2024-12-03T14:24:52.172+0000] {logging_mixin.py:190} INFO - [2024-12-03T14:24:52.171+0000] {dag.py:4180} INFO - Setting next_dagrun for example_local_kubernetes_executor to None, run_after=None
[2024-12-03T14:24:54.670+0000] {logging_mixin.py:190} INFO - [2024-12-03T14:24:54.669+0000] {process_utils.py:266} INFO - Waiting up to 5 seconds for processes to exit...
