[2024-12-03T13:59:37.307+0000] {processor.py:186} INFO - Started process (PID=130) to work on /home/airflow/.local/lib/python3.12/site-packages/airflow/example_dags/example_task_group.py
[2024-12-03T13:59:37.311+0000] {processor.py:914} INFO - Processing file /home/airflow/.local/lib/python3.12/site-packages/airflow/example_dags/example_task_group.py for tasks to queue
[2024-12-03T13:59:37.317+0000] {logging_mixin.py:190} INFO - [2024-12-03T13:59:37.316+0000] {dagbag.py:588} INFO - Filling up the DagBag from /home/airflow/.local/lib/python3.12/site-packages/airflow/example_dags/example_task_group.py
[2024-12-03T13:59:37.361+0000] {processor.py:925} INFO - DAG(s) 'example_task_group' retrieved from /home/airflow/.local/lib/python3.12/site-packages/airflow/example_dags/example_task_group.py
[2024-12-03T13:59:37.713+0000] {logging_mixin.py:190} INFO - [2024-12-03T13:59:37.711+0000] {override.py:1911} INFO - Created Permission View: can delete on DAG:example_task_group
[2024-12-03T13:59:37.745+0000] {logging_mixin.py:190} INFO - [2024-12-03T13:59:37.744+0000] {override.py:1911} INFO - Created Permission View: can read on DAG:example_task_group
[2024-12-03T13:59:37.763+0000] {logging_mixin.py:190} INFO - [2024-12-03T13:59:37.762+0000] {override.py:1911} INFO - Created Permission View: can edit on DAG:example_task_group
[2024-12-03T13:59:37.783+0000] {logging_mixin.py:190} INFO - [2024-12-03T13:59:37.782+0000] {override.py:1911} INFO - Created Permission View: can create on DAG Run:example_task_group
[2024-12-03T13:59:37.804+0000] {logging_mixin.py:190} INFO - [2024-12-03T13:59:37.803+0000] {override.py:1911} INFO - Created Permission View: menu access on DAG Run:example_task_group
[2024-12-03T13:59:37.824+0000] {logging_mixin.py:190} INFO - [2024-12-03T13:59:37.823+0000] {override.py:1911} INFO - Created Permission View: can delete on DAG Run:example_task_group
[2024-12-03T13:59:37.843+0000] {logging_mixin.py:190} INFO - [2024-12-03T13:59:37.842+0000] {override.py:1911} INFO - Created Permission View: can read on DAG Run:example_task_group
[2024-12-03T13:59:37.845+0000] {logging_mixin.py:190} INFO - [2024-12-03T13:59:37.845+0000] {dag.py:3239} INFO - Sync 1 DAGs
[2024-12-03T13:59:37.872+0000] {logging_mixin.py:190} INFO - [2024-12-03T13:59:37.872+0000] {dag.py:3262} INFO - Creating ORM DAG for example_task_group
[2024-12-03T13:59:37.875+0000] {logging_mixin.py:190} INFO - [2024-12-03T13:59:37.875+0000] {dag.py:4180} INFO - Setting next_dagrun for example_task_group to None, run_after=None
[2024-12-03T13:59:37.912+0000] {processor.py:208} INFO - Processing /home/airflow/.local/lib/python3.12/site-packages/airflow/example_dags/example_task_group.py took 0.625 seconds
[2024-12-03T14:19:34.086+0000] {processor.py:186} INFO - Started process (PID=138) to work on /home/airflow/.local/lib/python3.12/site-packages/airflow/example_dags/example_task_group.py
[2024-12-03T14:19:34.088+0000] {processor.py:914} INFO - Processing file /home/airflow/.local/lib/python3.12/site-packages/airflow/example_dags/example_task_group.py for tasks to queue
[2024-12-03T14:19:34.091+0000] {logging_mixin.py:190} INFO - [2024-12-03T14:19:34.091+0000] {dagbag.py:588} INFO - Filling up the DagBag from /home/airflow/.local/lib/python3.12/site-packages/airflow/example_dags/example_task_group.py
[2024-12-03T14:19:34.124+0000] {processor.py:925} INFO - DAG(s) 'example_task_group' retrieved from /home/airflow/.local/lib/python3.12/site-packages/airflow/example_dags/example_task_group.py
[2024-12-03T14:19:34.495+0000] {logging_mixin.py:190} INFO - [2024-12-03T14:19:34.492+0000] {override.py:1911} INFO - Created Permission View: can read on DAG:example_task_group
[2024-12-03T14:19:34.516+0000] {logging_mixin.py:190} INFO - [2024-12-03T14:19:34.516+0000] {override.py:1911} INFO - Created Permission View: can edit on DAG:example_task_group
[2024-12-03T14:19:34.531+0000] {logging_mixin.py:190} INFO - [2024-12-03T14:19:34.530+0000] {override.py:1911} INFO - Created Permission View: can delete on DAG:example_task_group
[2024-12-03T14:19:34.550+0000] {logging_mixin.py:190} INFO - [2024-12-03T14:19:34.549+0000] {override.py:1911} INFO - Created Permission View: can read on DAG Run:example_task_group
[2024-12-03T14:19:34.565+0000] {logging_mixin.py:190} INFO - [2024-12-03T14:19:34.564+0000] {override.py:1911} INFO - Created Permission View: menu access on DAG Run:example_task_group
[2024-12-03T14:19:34.583+0000] {logging_mixin.py:190} INFO - [2024-12-03T14:19:34.582+0000] {override.py:1911} INFO - Created Permission View: can delete on DAG Run:example_task_group
[2024-12-03T14:19:34.599+0000] {logging_mixin.py:190} INFO - [2024-12-03T14:19:34.598+0000] {override.py:1911} INFO - Created Permission View: can create on DAG Run:example_task_group
[2024-12-03T14:19:34.600+0000] {logging_mixin.py:190} INFO - [2024-12-03T14:19:34.600+0000] {dag.py:3239} INFO - Sync 1 DAGs
[2024-12-03T14:19:34.626+0000] {logging_mixin.py:190} INFO - [2024-12-03T14:19:34.625+0000] {dag.py:3262} INFO - Creating ORM DAG for example_task_group
[2024-12-03T14:19:34.628+0000] {logging_mixin.py:190} INFO - [2024-12-03T14:19:34.627+0000] {dag.py:4180} INFO - Setting next_dagrun for example_task_group to None, run_after=None
[2024-12-03T14:19:34.667+0000] {processor.py:208} INFO - Processing /home/airflow/.local/lib/python3.12/site-packages/airflow/example_dags/example_task_group.py took 0.599 seconds
[2024-12-03T14:20:04.851+0000] {processor.py:186} INFO - Started process (PID=202) to work on /home/airflow/.local/lib/python3.12/site-packages/airflow/example_dags/example_task_group.py
[2024-12-03T14:20:04.852+0000] {processor.py:914} INFO - Processing file /home/airflow/.local/lib/python3.12/site-packages/airflow/example_dags/example_task_group.py for tasks to queue
[2024-12-03T14:20:04.854+0000] {logging_mixin.py:190} INFO - [2024-12-03T14:20:04.854+0000] {dagbag.py:588} INFO - Filling up the DagBag from /home/airflow/.local/lib/python3.12/site-packages/airflow/example_dags/example_task_group.py
[2024-12-03T14:20:04.866+0000] {processor.py:925} INFO - DAG(s) 'example_task_group' retrieved from /home/airflow/.local/lib/python3.12/site-packages/airflow/example_dags/example_task_group.py
[2024-12-03T14:20:04.899+0000] {logging_mixin.py:190} INFO - [2024-12-03T14:20:04.899+0000] {dag.py:3239} INFO - Sync 1 DAGs
[2024-12-03T14:20:04.929+0000] {logging_mixin.py:190} INFO - [2024-12-03T14:20:04.929+0000] {dag.py:4180} INFO - Setting next_dagrun for example_task_group to None, run_after=None
[2024-12-03T14:20:04.958+0000] {processor.py:208} INFO - Processing /home/airflow/.local/lib/python3.12/site-packages/airflow/example_dags/example_task_group.py took 0.116 seconds
[2024-12-03T14:20:35.183+0000] {processor.py:186} INFO - Started process (PID=266) to work on /home/airflow/.local/lib/python3.12/site-packages/airflow/example_dags/example_task_group.py
[2024-12-03T14:20:35.185+0000] {processor.py:914} INFO - Processing file /home/airflow/.local/lib/python3.12/site-packages/airflow/example_dags/example_task_group.py for tasks to queue
[2024-12-03T14:20:35.186+0000] {logging_mixin.py:190} INFO - [2024-12-03T14:20:35.186+0000] {dagbag.py:588} INFO - Filling up the DagBag from /home/airflow/.local/lib/python3.12/site-packages/airflow/example_dags/example_task_group.py
[2024-12-03T14:20:35.197+0000] {processor.py:925} INFO - DAG(s) 'example_task_group' retrieved from /home/airflow/.local/lib/python3.12/site-packages/airflow/example_dags/example_task_group.py
[2024-12-03T14:20:35.226+0000] {logging_mixin.py:190} INFO - [2024-12-03T14:20:35.225+0000] {dag.py:3239} INFO - Sync 1 DAGs
[2024-12-03T14:20:35.242+0000] {logging_mixin.py:190} INFO - [2024-12-03T14:20:35.242+0000] {dag.py:4180} INFO - Setting next_dagrun for example_task_group to None, run_after=None
[2024-12-03T14:20:35.270+0000] {processor.py:208} INFO - Processing /home/airflow/.local/lib/python3.12/site-packages/airflow/example_dags/example_task_group.py took 0.092 seconds
[2024-12-03T14:21:06.035+0000] {processor.py:186} INFO - Started process (PID=331) to work on /home/airflow/.local/lib/python3.12/site-packages/airflow/example_dags/example_task_group.py
[2024-12-03T14:21:06.037+0000] {processor.py:914} INFO - Processing file /home/airflow/.local/lib/python3.12/site-packages/airflow/example_dags/example_task_group.py for tasks to queue
[2024-12-03T14:21:06.040+0000] {logging_mixin.py:190} INFO - [2024-12-03T14:21:06.039+0000] {dagbag.py:588} INFO - Filling up the DagBag from /home/airflow/.local/lib/python3.12/site-packages/airflow/example_dags/example_task_group.py
[2024-12-03T14:21:06.054+0000] {processor.py:925} INFO - DAG(s) 'example_task_group' retrieved from /home/airflow/.local/lib/python3.12/site-packages/airflow/example_dags/example_task_group.py
[2024-12-03T14:21:06.085+0000] {logging_mixin.py:190} INFO - [2024-12-03T14:21:06.084+0000] {dag.py:3239} INFO - Sync 1 DAGs
[2024-12-03T14:21:06.100+0000] {logging_mixin.py:190} INFO - [2024-12-03T14:21:06.100+0000] {dag.py:4180} INFO - Setting next_dagrun for example_task_group to None, run_after=None
[2024-12-03T14:21:06.126+0000] {processor.py:208} INFO - Processing /home/airflow/.local/lib/python3.12/site-packages/airflow/example_dags/example_task_group.py took 0.100 seconds
[2024-12-03T14:21:36.706+0000] {processor.py:186} INFO - Started process (PID=395) to work on /home/airflow/.local/lib/python3.12/site-packages/airflow/example_dags/example_task_group.py
[2024-12-03T14:21:36.707+0000] {processor.py:914} INFO - Processing file /home/airflow/.local/lib/python3.12/site-packages/airflow/example_dags/example_task_group.py for tasks to queue
[2024-12-03T14:21:36.709+0000] {logging_mixin.py:190} INFO - [2024-12-03T14:21:36.709+0000] {dagbag.py:588} INFO - Filling up the DagBag from /home/airflow/.local/lib/python3.12/site-packages/airflow/example_dags/example_task_group.py
[2024-12-03T14:21:36.719+0000] {processor.py:925} INFO - DAG(s) 'example_task_group' retrieved from /home/airflow/.local/lib/python3.12/site-packages/airflow/example_dags/example_task_group.py
[2024-12-03T14:21:36.747+0000] {logging_mixin.py:190} INFO - [2024-12-03T14:21:36.746+0000] {dag.py:3239} INFO - Sync 1 DAGs
[2024-12-03T14:21:36.765+0000] {logging_mixin.py:190} INFO - [2024-12-03T14:21:36.765+0000] {dag.py:4180} INFO - Setting next_dagrun for example_task_group to None, run_after=None
[2024-12-03T14:21:36.798+0000] {processor.py:208} INFO - Processing /home/airflow/.local/lib/python3.12/site-packages/airflow/example_dags/example_task_group.py took 0.098 seconds
[2024-12-03T14:22:07.744+0000] {processor.py:186} INFO - Started process (PID=460) to work on /home/airflow/.local/lib/python3.12/site-packages/airflow/example_dags/example_task_group.py
[2024-12-03T14:22:07.745+0000] {processor.py:914} INFO - Processing file /home/airflow/.local/lib/python3.12/site-packages/airflow/example_dags/example_task_group.py for tasks to queue
[2024-12-03T14:22:07.747+0000] {logging_mixin.py:190} INFO - [2024-12-03T14:22:07.746+0000] {dagbag.py:588} INFO - Filling up the DagBag from /home/airflow/.local/lib/python3.12/site-packages/airflow/example_dags/example_task_group.py
[2024-12-03T14:22:07.757+0000] {processor.py:925} INFO - DAG(s) 'example_task_group' retrieved from /home/airflow/.local/lib/python3.12/site-packages/airflow/example_dags/example_task_group.py
[2024-12-03T14:22:07.788+0000] {logging_mixin.py:190} INFO - [2024-12-03T14:22:07.788+0000] {dag.py:3239} INFO - Sync 1 DAGs
[2024-12-03T14:22:07.807+0000] {logging_mixin.py:190} INFO - [2024-12-03T14:22:07.807+0000] {dag.py:4180} INFO - Setting next_dagrun for example_task_group to None, run_after=None
[2024-12-03T14:22:07.838+0000] {processor.py:208} INFO - Processing /home/airflow/.local/lib/python3.12/site-packages/airflow/example_dags/example_task_group.py took 0.099 seconds
[2024-12-03T14:22:38.457+0000] {processor.py:186} INFO - Started process (PID=523) to work on /home/airflow/.local/lib/python3.12/site-packages/airflow/example_dags/example_task_group.py
[2024-12-03T14:22:38.458+0000] {processor.py:914} INFO - Processing file /home/airflow/.local/lib/python3.12/site-packages/airflow/example_dags/example_task_group.py for tasks to queue
[2024-12-03T14:22:38.460+0000] {logging_mixin.py:190} INFO - [2024-12-03T14:22:38.460+0000] {dagbag.py:588} INFO - Filling up the DagBag from /home/airflow/.local/lib/python3.12/site-packages/airflow/example_dags/example_task_group.py
[2024-12-03T14:22:38.469+0000] {processor.py:925} INFO - DAG(s) 'example_task_group' retrieved from /home/airflow/.local/lib/python3.12/site-packages/airflow/example_dags/example_task_group.py
[2024-12-03T14:22:38.495+0000] {logging_mixin.py:190} INFO - [2024-12-03T14:22:38.495+0000] {dag.py:3239} INFO - Sync 1 DAGs
[2024-12-03T14:22:38.515+0000] {logging_mixin.py:190} INFO - [2024-12-03T14:22:38.515+0000] {dag.py:4180} INFO - Setting next_dagrun for example_task_group to None, run_after=None
[2024-12-03T14:22:38.549+0000] {processor.py:208} INFO - Processing /home/airflow/.local/lib/python3.12/site-packages/airflow/example_dags/example_task_group.py took 0.098 seconds
[2024-12-03T14:23:09.358+0000] {processor.py:186} INFO - Started process (PID=586) to work on /home/airflow/.local/lib/python3.12/site-packages/airflow/example_dags/example_task_group.py
[2024-12-03T14:23:09.359+0000] {processor.py:914} INFO - Processing file /home/airflow/.local/lib/python3.12/site-packages/airflow/example_dags/example_task_group.py for tasks to queue
[2024-12-03T14:23:09.361+0000] {logging_mixin.py:190} INFO - [2024-12-03T14:23:09.361+0000] {dagbag.py:588} INFO - Filling up the DagBag from /home/airflow/.local/lib/python3.12/site-packages/airflow/example_dags/example_task_group.py
[2024-12-03T14:23:09.372+0000] {processor.py:925} INFO - DAG(s) 'example_task_group' retrieved from /home/airflow/.local/lib/python3.12/site-packages/airflow/example_dags/example_task_group.py
[2024-12-03T14:23:09.402+0000] {logging_mixin.py:190} INFO - [2024-12-03T14:23:09.401+0000] {dag.py:3239} INFO - Sync 1 DAGs
[2024-12-03T14:23:09.420+0000] {logging_mixin.py:190} INFO - [2024-12-03T14:23:09.419+0000] {dag.py:4180} INFO - Setting next_dagrun for example_task_group to None, run_after=None
[2024-12-03T14:23:09.449+0000] {processor.py:208} INFO - Processing /home/airflow/.local/lib/python3.12/site-packages/airflow/example_dags/example_task_group.py took 0.098 seconds
[2024-12-03T14:23:44.404+0000] {processor.py:186} INFO - Started process (PID=651) to work on /home/airflow/.local/lib/python3.12/site-packages/airflow/example_dags/example_task_group.py
[2024-12-03T14:23:44.406+0000] {processor.py:914} INFO - Processing file /home/airflow/.local/lib/python3.12/site-packages/airflow/example_dags/example_task_group.py for tasks to queue
[2024-12-03T14:23:44.409+0000] {logging_mixin.py:190} INFO - [2024-12-03T14:23:44.408+0000] {dagbag.py:588} INFO - Filling up the DagBag from /home/airflow/.local/lib/python3.12/site-packages/airflow/example_dags/example_task_group.py
[2024-12-03T14:23:44.425+0000] {processor.py:925} INFO - DAG(s) 'example_task_group' retrieved from /home/airflow/.local/lib/python3.12/site-packages/airflow/example_dags/example_task_group.py
[2024-12-03T14:23:44.460+0000] {logging_mixin.py:190} INFO - [2024-12-03T14:23:44.460+0000] {dag.py:3239} INFO - Sync 1 DAGs
[2024-12-03T14:23:44.489+0000] {logging_mixin.py:190} INFO - [2024-12-03T14:23:44.489+0000] {dag.py:4180} INFO - Setting next_dagrun for example_task_group to None, run_after=None
[2024-12-03T14:23:44.522+0000] {processor.py:208} INFO - Processing /home/airflow/.local/lib/python3.12/site-packages/airflow/example_dags/example_task_group.py took 0.127 seconds
[2024-12-03T14:24:18.854+0000] {processor.py:186} INFO - Started process (PID=720) to work on /home/airflow/.local/lib/python3.12/site-packages/airflow/example_dags/example_task_group.py
[2024-12-03T14:24:18.856+0000] {processor.py:914} INFO - Processing file /home/airflow/.local/lib/python3.12/site-packages/airflow/example_dags/example_task_group.py for tasks to queue
[2024-12-03T14:24:18.858+0000] {logging_mixin.py:190} INFO - [2024-12-03T14:24:18.858+0000] {dagbag.py:588} INFO - Filling up the DagBag from /home/airflow/.local/lib/python3.12/site-packages/airflow/example_dags/example_task_group.py
[2024-12-03T14:24:18.883+0000] {processor.py:925} INFO - DAG(s) 'example_task_group' retrieved from /home/airflow/.local/lib/python3.12/site-packages/airflow/example_dags/example_task_group.py
[2024-12-03T14:24:18.924+0000] {logging_mixin.py:190} INFO - [2024-12-03T14:24:18.924+0000] {dag.py:3239} INFO - Sync 1 DAGs
[2024-12-03T14:24:18.965+0000] {logging_mixin.py:190} INFO - [2024-12-03T14:24:18.965+0000] {dag.py:4180} INFO - Setting next_dagrun for example_task_group to None, run_after=None
[2024-12-03T14:24:19.021+0000] {processor.py:208} INFO - Processing /home/airflow/.local/lib/python3.12/site-packages/airflow/example_dags/example_task_group.py took 0.177 seconds
