[2024-12-03T13:57:24.372+0000] {processor.py:186} INFO - Started process (PID=121) to work on /home/airflow/.local/lib/python3.12/site-packages/airflow/example_dags/example_outlet_event_extra.py
[2024-12-03T13:57:24.374+0000] {processor.py:914} INFO - Processing file /home/airflow/.local/lib/python3.12/site-packages/airflow/example_dags/example_outlet_event_extra.py for tasks to queue
[2024-12-03T13:57:24.380+0000] {logging_mixin.py:190} INFO - [2024-12-03T13:57:24.379+0000] {dagbag.py:588} INFO - Filling up the DagBag from /home/airflow/.local/lib/python3.12/site-packages/airflow/example_dags/example_outlet_event_extra.py
[2024-12-03T13:57:29.902+0000] {processor.py:925} INFO - DAG(s) 'dataset_with_extra_by_yield', 'dataset_with_extra_from_classic_operator', 'dataset_with_extra_by_context' retrieved from /home/airflow/.local/lib/python3.12/site-packages/airflow/example_dags/example_outlet_event_extra.py
[2024-12-03T13:57:35.484+0000] {logging_mixin.py:190} INFO - [2024-12-03T13:57:35.457+0000] {override.py:1911} INFO - Created Permission View: can delete on DAG:dataset_with_extra_by_yield
[2024-12-03T13:57:37.594+0000] {logging_mixin.py:190} INFO - [2024-12-03T13:57:37.576+0000] {override.py:1911} INFO - Created Permission View: can read on DAG:dataset_with_extra_by_yield
[2024-12-03T13:57:41.781+0000] {logging_mixin.py:190} INFO - [2024-12-03T13:57:41.212+0000] {override.py:1911} INFO - Created Permission View: can edit on DAG:dataset_with_extra_by_yield
[2024-12-03T13:58:03.486+0000] {logging_mixin.py:190} INFO - [2024-12-03T13:58:03.144+0000] {override.py:1911} INFO - Created Permission View: can create on DAG Run:dataset_with_extra_by_yield
[2024-12-03T14:19:29.068+0000] {processor.py:186} INFO - Started process (PID=129) to work on /home/airflow/.local/lib/python3.12/site-packages/airflow/example_dags/example_outlet_event_extra.py
[2024-12-03T14:19:29.070+0000] {processor.py:914} INFO - Processing file /home/airflow/.local/lib/python3.12/site-packages/airflow/example_dags/example_outlet_event_extra.py for tasks to queue
[2024-12-03T14:19:29.072+0000] {logging_mixin.py:190} INFO - [2024-12-03T14:19:29.072+0000] {dagbag.py:588} INFO - Filling up the DagBag from /home/airflow/.local/lib/python3.12/site-packages/airflow/example_dags/example_outlet_event_extra.py
[2024-12-03T14:19:30.551+0000] {processor.py:925} INFO - DAG(s) 'dataset_with_extra_by_context', 'dataset_with_extra_by_yield', 'dataset_with_extra_from_classic_operator' retrieved from /home/airflow/.local/lib/python3.12/site-packages/airflow/example_dags/example_outlet_event_extra.py
[2024-12-03T14:19:30.845+0000] {logging_mixin.py:190} INFO - [2024-12-03T14:19:30.844+0000] {override.py:1911} INFO - Created Permission View: can read on DAG:dataset_with_extra_by_context
[2024-12-03T14:19:30.884+0000] {logging_mixin.py:190} INFO - [2024-12-03T14:19:30.883+0000] {override.py:1911} INFO - Created Permission View: can edit on DAG:dataset_with_extra_by_context
[2024-12-03T14:19:30.916+0000] {logging_mixin.py:190} INFO - [2024-12-03T14:19:30.916+0000] {override.py:1911} INFO - Created Permission View: can delete on DAG:dataset_with_extra_by_context
[2024-12-03T14:19:30.937+0000] {logging_mixin.py:190} INFO - [2024-12-03T14:19:30.936+0000] {override.py:1911} INFO - Created Permission View: can read on DAG Run:dataset_with_extra_by_context
[2024-12-03T14:19:30.953+0000] {logging_mixin.py:190} INFO - [2024-12-03T14:19:30.952+0000] {override.py:1911} INFO - Created Permission View: menu access on DAG Run:dataset_with_extra_by_context
[2024-12-03T14:19:30.969+0000] {logging_mixin.py:190} INFO - [2024-12-03T14:19:30.969+0000] {override.py:1911} INFO - Created Permission View: can delete on DAG Run:dataset_with_extra_by_context
[2024-12-03T14:19:30.987+0000] {logging_mixin.py:190} INFO - [2024-12-03T14:19:30.987+0000] {override.py:1911} INFO - Created Permission View: can create on DAG Run:dataset_with_extra_by_context
[2024-12-03T14:19:31.014+0000] {logging_mixin.py:190} INFO - [2024-12-03T14:19:31.014+0000] {override.py:1911} INFO - Created Permission View: can read on DAG:dataset_with_extra_by_yield
[2024-12-03T14:19:31.032+0000] {logging_mixin.py:190} INFO - [2024-12-03T14:19:31.031+0000] {override.py:1911} INFO - Created Permission View: can edit on DAG:dataset_with_extra_by_yield
[2024-12-03T14:19:31.051+0000] {logging_mixin.py:190} INFO - [2024-12-03T14:19:31.050+0000] {override.py:1911} INFO - Created Permission View: can delete on DAG:dataset_with_extra_by_yield
[2024-12-03T14:19:31.071+0000] {logging_mixin.py:190} INFO - [2024-12-03T14:19:31.071+0000] {override.py:1911} INFO - Created Permission View: can read on DAG Run:dataset_with_extra_by_yield
[2024-12-03T14:19:31.089+0000] {logging_mixin.py:190} INFO - [2024-12-03T14:19:31.088+0000] {override.py:1911} INFO - Created Permission View: menu access on DAG Run:dataset_with_extra_by_yield
[2024-12-03T14:19:31.104+0000] {logging_mixin.py:190} INFO - [2024-12-03T14:19:31.103+0000] {override.py:1911} INFO - Created Permission View: can delete on DAG Run:dataset_with_extra_by_yield
[2024-12-03T14:19:31.118+0000] {logging_mixin.py:190} INFO - [2024-12-03T14:19:31.117+0000] {override.py:1911} INFO - Created Permission View: can create on DAG Run:dataset_with_extra_by_yield
[2024-12-03T14:19:31.144+0000] {logging_mixin.py:190} INFO - [2024-12-03T14:19:31.144+0000] {override.py:1911} INFO - Created Permission View: can read on DAG:dataset_with_extra_from_classic_operator
[2024-12-03T14:19:31.161+0000] {logging_mixin.py:190} INFO - [2024-12-03T14:19:31.160+0000] {override.py:1911} INFO - Created Permission View: can edit on DAG:dataset_with_extra_from_classic_operator
[2024-12-03T14:19:31.178+0000] {logging_mixin.py:190} INFO - [2024-12-03T14:19:31.177+0000] {override.py:1911} INFO - Created Permission View: can delete on DAG:dataset_with_extra_from_classic_operator
[2024-12-03T14:19:31.194+0000] {logging_mixin.py:190} INFO - [2024-12-03T14:19:31.193+0000] {override.py:1911} INFO - Created Permission View: can read on DAG Run:dataset_with_extra_from_classic_operator
[2024-12-03T14:19:31.208+0000] {logging_mixin.py:190} INFO - [2024-12-03T14:19:31.207+0000] {override.py:1911} INFO - Created Permission View: menu access on DAG Run:dataset_with_extra_from_classic_operator
[2024-12-03T14:19:31.221+0000] {logging_mixin.py:190} INFO - [2024-12-03T14:19:31.221+0000] {override.py:1911} INFO - Created Permission View: can delete on DAG Run:dataset_with_extra_from_classic_operator
[2024-12-03T14:19:31.234+0000] {logging_mixin.py:190} INFO - [2024-12-03T14:19:31.234+0000] {override.py:1911} INFO - Created Permission View: can create on DAG Run:dataset_with_extra_from_classic_operator
[2024-12-03T14:19:31.235+0000] {logging_mixin.py:190} INFO - [2024-12-03T14:19:31.235+0000] {dag.py:3239} INFO - Sync 3 DAGs
[2024-12-03T14:19:31.255+0000] {logging_mixin.py:190} INFO - [2024-12-03T14:19:31.254+0000] {dag.py:3262} INFO - Creating ORM DAG for dataset_with_extra_by_yield
[2024-12-03T14:19:31.257+0000] {logging_mixin.py:190} INFO - [2024-12-03T14:19:31.256+0000] {dag.py:3262} INFO - Creating ORM DAG for dataset_with_extra_from_classic_operator
[2024-12-03T14:19:31.259+0000] {logging_mixin.py:190} INFO - [2024-12-03T14:19:31.258+0000] {dag.py:3262} INFO - Creating ORM DAG for dataset_with_extra_by_context
[2024-12-03T14:19:31.282+0000] {logging_mixin.py:190} INFO - [2024-12-03T14:19:31.282+0000] {dag.py:4180} INFO - Setting next_dagrun for dataset_with_extra_by_context to 2024-12-02 00:00:00+00:00, run_after=2024-12-03 00:00:00+00:00
[2024-12-03T14:19:31.287+0000] {logging_mixin.py:190} INFO - [2024-12-03T14:19:31.286+0000] {dag.py:4180} INFO - Setting next_dagrun for dataset_with_extra_by_yield to 2024-12-02 00:00:00+00:00, run_after=2024-12-03 00:00:00+00:00
[2024-12-03T14:19:31.289+0000] {logging_mixin.py:190} INFO - [2024-12-03T14:19:31.289+0000] {dag.py:4180} INFO - Setting next_dagrun for dataset_with_extra_from_classic_operator to 2024-12-02 00:00:00+00:00, run_after=2024-12-03 00:00:00+00:00
[2024-12-03T14:19:31.343+0000] {processor.py:208} INFO - Processing /home/airflow/.local/lib/python3.12/site-packages/airflow/example_dags/example_outlet_event_extra.py took 2.282 seconds
[2024-12-03T14:20:01.569+0000] {processor.py:186} INFO - Started process (PID=192) to work on /home/airflow/.local/lib/python3.12/site-packages/airflow/example_dags/example_outlet_event_extra.py
[2024-12-03T14:20:01.571+0000] {processor.py:914} INFO - Processing file /home/airflow/.local/lib/python3.12/site-packages/airflow/example_dags/example_outlet_event_extra.py for tasks to queue
[2024-12-03T14:20:01.574+0000] {logging_mixin.py:190} INFO - [2024-12-03T14:20:01.573+0000] {dagbag.py:588} INFO - Filling up the DagBag from /home/airflow/.local/lib/python3.12/site-packages/airflow/example_dags/example_outlet_event_extra.py
[2024-12-03T14:20:02.307+0000] {processor.py:925} INFO - DAG(s) 'dataset_with_extra_by_context', 'dataset_with_extra_by_yield', 'dataset_with_extra_from_classic_operator' retrieved from /home/airflow/.local/lib/python3.12/site-packages/airflow/example_dags/example_outlet_event_extra.py
[2024-12-03T14:20:02.335+0000] {logging_mixin.py:190} INFO - [2024-12-03T14:20:02.334+0000] {dag.py:3239} INFO - Sync 3 DAGs
[2024-12-03T14:20:02.365+0000] {logging_mixin.py:190} INFO - [2024-12-03T14:20:02.365+0000] {dag.py:4180} INFO - Setting next_dagrun for dataset_with_extra_by_context to 2024-12-02 00:00:00+00:00, run_after=2024-12-03 00:00:00+00:00
[2024-12-03T14:20:02.375+0000] {logging_mixin.py:190} INFO - [2024-12-03T14:20:02.375+0000] {dag.py:4180} INFO - Setting next_dagrun for dataset_with_extra_by_yield to 2024-12-02 00:00:00+00:00, run_after=2024-12-03 00:00:00+00:00
[2024-12-03T14:20:02.383+0000] {logging_mixin.py:190} INFO - [2024-12-03T14:20:02.383+0000] {dag.py:4180} INFO - Setting next_dagrun for dataset_with_extra_from_classic_operator to 2024-12-02 00:00:00+00:00, run_after=2024-12-03 00:00:00+00:00
[2024-12-03T14:20:02.429+0000] {processor.py:208} INFO - Processing /home/airflow/.local/lib/python3.12/site-packages/airflow/example_dags/example_outlet_event_extra.py took 0.868 seconds
[2024-12-03T14:20:33.064+0000] {processor.py:186} INFO - Started process (PID=256) to work on /home/airflow/.local/lib/python3.12/site-packages/airflow/example_dags/example_outlet_event_extra.py
[2024-12-03T14:20:33.066+0000] {processor.py:914} INFO - Processing file /home/airflow/.local/lib/python3.12/site-packages/airflow/example_dags/example_outlet_event_extra.py for tasks to queue
[2024-12-03T14:20:33.068+0000] {logging_mixin.py:190} INFO - [2024-12-03T14:20:33.068+0000] {dagbag.py:588} INFO - Filling up the DagBag from /home/airflow/.local/lib/python3.12/site-packages/airflow/example_dags/example_outlet_event_extra.py
[2024-12-03T14:20:34.037+0000] {processor.py:925} INFO - DAG(s) 'dataset_with_extra_by_yield', 'dataset_with_extra_from_classic_operator', 'dataset_with_extra_by_context' retrieved from /home/airflow/.local/lib/python3.12/site-packages/airflow/example_dags/example_outlet_event_extra.py
[2024-12-03T14:20:34.073+0000] {logging_mixin.py:190} INFO - [2024-12-03T14:20:34.073+0000] {dag.py:3239} INFO - Sync 3 DAGs
[2024-12-03T14:20:34.111+0000] {logging_mixin.py:190} INFO - [2024-12-03T14:20:34.111+0000] {dag.py:4180} INFO - Setting next_dagrun for dataset_with_extra_by_context to 2024-12-02 00:00:00+00:00, run_after=2024-12-03 00:00:00+00:00
[2024-12-03T14:20:34.119+0000] {logging_mixin.py:190} INFO - [2024-12-03T14:20:34.118+0000] {dag.py:4180} INFO - Setting next_dagrun for dataset_with_extra_by_yield to 2024-12-02 00:00:00+00:00, run_after=2024-12-03 00:00:00+00:00
[2024-12-03T14:20:34.123+0000] {logging_mixin.py:190} INFO - [2024-12-03T14:20:34.123+0000] {dag.py:4180} INFO - Setting next_dagrun for dataset_with_extra_from_classic_operator to 2024-12-02 00:00:00+00:00, run_after=2024-12-03 00:00:00+00:00
[2024-12-03T14:20:34.158+0000] {processor.py:208} INFO - Processing /home/airflow/.local/lib/python3.12/site-packages/airflow/example_dags/example_outlet_event_extra.py took 1.103 seconds
[2024-12-03T14:21:04.303+0000] {processor.py:186} INFO - Started process (PID=325) to work on /home/airflow/.local/lib/python3.12/site-packages/airflow/example_dags/example_outlet_event_extra.py
[2024-12-03T14:21:04.304+0000] {processor.py:914} INFO - Processing file /home/airflow/.local/lib/python3.12/site-packages/airflow/example_dags/example_outlet_event_extra.py for tasks to queue
[2024-12-03T14:21:04.306+0000] {logging_mixin.py:190} INFO - [2024-12-03T14:21:04.306+0000] {dagbag.py:588} INFO - Filling up the DagBag from /home/airflow/.local/lib/python3.12/site-packages/airflow/example_dags/example_outlet_event_extra.py
[2024-12-03T14:21:05.167+0000] {processor.py:925} INFO - DAG(s) 'dataset_with_extra_from_classic_operator', 'dataset_with_extra_by_yield', 'dataset_with_extra_by_context' retrieved from /home/airflow/.local/lib/python3.12/site-packages/airflow/example_dags/example_outlet_event_extra.py
[2024-12-03T14:21:05.224+0000] {logging_mixin.py:190} INFO - [2024-12-03T14:21:05.224+0000] {dag.py:3239} INFO - Sync 3 DAGs
[2024-12-03T14:21:05.268+0000] {logging_mixin.py:190} INFO - [2024-12-03T14:21:05.267+0000] {dag.py:4180} INFO - Setting next_dagrun for dataset_with_extra_by_context to 2024-12-02 00:00:00+00:00, run_after=2024-12-03 00:00:00+00:00
[2024-12-03T14:21:05.285+0000] {logging_mixin.py:190} INFO - [2024-12-03T14:21:05.284+0000] {dag.py:4180} INFO - Setting next_dagrun for dataset_with_extra_by_yield to 2024-12-02 00:00:00+00:00, run_after=2024-12-03 00:00:00+00:00
[2024-12-03T14:21:05.291+0000] {logging_mixin.py:190} INFO - [2024-12-03T14:21:05.290+0000] {dag.py:4180} INFO - Setting next_dagrun for dataset_with_extra_from_classic_operator to 2024-12-02 00:00:00+00:00, run_after=2024-12-03 00:00:00+00:00
[2024-12-03T14:21:05.338+0000] {processor.py:208} INFO - Processing /home/airflow/.local/lib/python3.12/site-packages/airflow/example_dags/example_outlet_event_extra.py took 1.041 seconds
[2024-12-03T14:21:35.866+0000] {processor.py:186} INFO - Started process (PID=389) to work on /home/airflow/.local/lib/python3.12/site-packages/airflow/example_dags/example_outlet_event_extra.py
[2024-12-03T14:21:35.868+0000] {processor.py:914} INFO - Processing file /home/airflow/.local/lib/python3.12/site-packages/airflow/example_dags/example_outlet_event_extra.py for tasks to queue
[2024-12-03T14:21:35.869+0000] {logging_mixin.py:190} INFO - [2024-12-03T14:21:35.869+0000] {dagbag.py:588} INFO - Filling up the DagBag from /home/airflow/.local/lib/python3.12/site-packages/airflow/example_dags/example_outlet_event_extra.py
[2024-12-03T14:21:36.545+0000] {processor.py:925} INFO - DAG(s) 'dataset_with_extra_by_yield', 'dataset_with_extra_from_classic_operator', 'dataset_with_extra_by_context' retrieved from /home/airflow/.local/lib/python3.12/site-packages/airflow/example_dags/example_outlet_event_extra.py
[2024-12-03T14:21:36.576+0000] {logging_mixin.py:190} INFO - [2024-12-03T14:21:36.576+0000] {dag.py:3239} INFO - Sync 3 DAGs
[2024-12-03T14:21:36.605+0000] {logging_mixin.py:190} INFO - [2024-12-03T14:21:36.604+0000] {dag.py:4180} INFO - Setting next_dagrun for dataset_with_extra_by_context to 2024-12-02 00:00:00+00:00, run_after=2024-12-03 00:00:00+00:00
[2024-12-03T14:21:36.612+0000] {logging_mixin.py:190} INFO - [2024-12-03T14:21:36.611+0000] {dag.py:4180} INFO - Setting next_dagrun for dataset_with_extra_by_yield to 2024-12-02 00:00:00+00:00, run_after=2024-12-03 00:00:00+00:00
[2024-12-03T14:21:36.616+0000] {logging_mixin.py:190} INFO - [2024-12-03T14:21:36.616+0000] {dag.py:4180} INFO - Setting next_dagrun for dataset_with_extra_from_classic_operator to 2024-12-02 00:00:00+00:00, run_after=2024-12-03 00:00:00+00:00
[2024-12-03T14:21:36.647+0000] {processor.py:208} INFO - Processing /home/airflow/.local/lib/python3.12/site-packages/airflow/example_dags/example_outlet_event_extra.py took 0.786 seconds
[2024-12-03T14:22:06.739+0000] {processor.py:186} INFO - Started process (PID=458) to work on /home/airflow/.local/lib/python3.12/site-packages/airflow/example_dags/example_outlet_event_extra.py
[2024-12-03T14:22:06.740+0000] {processor.py:914} INFO - Processing file /home/airflow/.local/lib/python3.12/site-packages/airflow/example_dags/example_outlet_event_extra.py for tasks to queue
[2024-12-03T14:22:06.742+0000] {logging_mixin.py:190} INFO - [2024-12-03T14:22:06.741+0000] {dagbag.py:588} INFO - Filling up the DagBag from /home/airflow/.local/lib/python3.12/site-packages/airflow/example_dags/example_outlet_event_extra.py
[2024-12-03T14:22:07.445+0000] {processor.py:925} INFO - DAG(s) 'dataset_with_extra_from_classic_operator', 'dataset_with_extra_by_context', 'dataset_with_extra_by_yield' retrieved from /home/airflow/.local/lib/python3.12/site-packages/airflow/example_dags/example_outlet_event_extra.py
[2024-12-03T14:22:07.475+0000] {logging_mixin.py:190} INFO - [2024-12-03T14:22:07.475+0000] {dag.py:3239} INFO - Sync 3 DAGs
[2024-12-03T14:22:07.506+0000] {logging_mixin.py:190} INFO - [2024-12-03T14:22:07.506+0000] {dag.py:4180} INFO - Setting next_dagrun for dataset_with_extra_by_context to 2024-12-02 00:00:00+00:00, run_after=2024-12-03 00:00:00+00:00
[2024-12-03T14:22:07.512+0000] {logging_mixin.py:190} INFO - [2024-12-03T14:22:07.512+0000] {dag.py:4180} INFO - Setting next_dagrun for dataset_with_extra_by_yield to 2024-12-02 00:00:00+00:00, run_after=2024-12-03 00:00:00+00:00
[2024-12-03T14:22:07.517+0000] {logging_mixin.py:190} INFO - [2024-12-03T14:22:07.516+0000] {dag.py:4180} INFO - Setting next_dagrun for dataset_with_extra_from_classic_operator to 2024-12-02 00:00:00+00:00, run_after=2024-12-03 00:00:00+00:00
[2024-12-03T14:22:07.549+0000] {processor.py:208} INFO - Processing /home/airflow/.local/lib/python3.12/site-packages/airflow/example_dags/example_outlet_event_extra.py took 0.817 seconds
[2024-12-03T14:22:38.138+0000] {processor.py:186} INFO - Started process (PID=520) to work on /home/airflow/.local/lib/python3.12/site-packages/airflow/example_dags/example_outlet_event_extra.py
[2024-12-03T14:22:38.140+0000] {processor.py:914} INFO - Processing file /home/airflow/.local/lib/python3.12/site-packages/airflow/example_dags/example_outlet_event_extra.py for tasks to queue
[2024-12-03T14:22:38.142+0000] {logging_mixin.py:190} INFO - [2024-12-03T14:22:38.141+0000] {dagbag.py:588} INFO - Filling up the DagBag from /home/airflow/.local/lib/python3.12/site-packages/airflow/example_dags/example_outlet_event_extra.py
[2024-12-03T14:22:38.905+0000] {processor.py:925} INFO - DAG(s) 'dataset_with_extra_from_classic_operator', 'dataset_with_extra_by_context', 'dataset_with_extra_by_yield' retrieved from /home/airflow/.local/lib/python3.12/site-packages/airflow/example_dags/example_outlet_event_extra.py
[2024-12-03T14:22:38.942+0000] {logging_mixin.py:190} INFO - [2024-12-03T14:22:38.941+0000] {dag.py:3239} INFO - Sync 3 DAGs
[2024-12-03T14:22:38.978+0000] {logging_mixin.py:190} INFO - [2024-12-03T14:22:38.978+0000] {dag.py:4180} INFO - Setting next_dagrun for dataset_with_extra_by_context to 2024-12-02 00:00:00+00:00, run_after=2024-12-03 00:00:00+00:00
[2024-12-03T14:22:38.985+0000] {logging_mixin.py:190} INFO - [2024-12-03T14:22:38.985+0000] {dag.py:4180} INFO - Setting next_dagrun for dataset_with_extra_by_yield to 2024-12-02 00:00:00+00:00, run_after=2024-12-03 00:00:00+00:00
[2024-12-03T14:22:38.991+0000] {logging_mixin.py:190} INFO - [2024-12-03T14:22:38.990+0000] {dag.py:4180} INFO - Setting next_dagrun for dataset_with_extra_from_classic_operator to 2024-12-02 00:00:00+00:00, run_after=2024-12-03 00:00:00+00:00
[2024-12-03T14:22:39.026+0000] {processor.py:208} INFO - Processing /home/airflow/.local/lib/python3.12/site-packages/airflow/example_dags/example_outlet_event_extra.py took 0.895 seconds
[2024-12-03T14:23:09.522+0000] {processor.py:186} INFO - Started process (PID=587) to work on /home/airflow/.local/lib/python3.12/site-packages/airflow/example_dags/example_outlet_event_extra.py
[2024-12-03T14:23:09.523+0000] {processor.py:914} INFO - Processing file /home/airflow/.local/lib/python3.12/site-packages/airflow/example_dags/example_outlet_event_extra.py for tasks to queue
[2024-12-03T14:23:09.526+0000] {logging_mixin.py:190} INFO - [2024-12-03T14:23:09.525+0000] {dagbag.py:588} INFO - Filling up the DagBag from /home/airflow/.local/lib/python3.12/site-packages/airflow/example_dags/example_outlet_event_extra.py
[2024-12-03T14:23:10.282+0000] {processor.py:925} INFO - DAG(s) 'dataset_with_extra_by_yield', 'dataset_with_extra_from_classic_operator', 'dataset_with_extra_by_context' retrieved from /home/airflow/.local/lib/python3.12/site-packages/airflow/example_dags/example_outlet_event_extra.py
[2024-12-03T14:23:10.323+0000] {logging_mixin.py:190} INFO - [2024-12-03T14:23:10.322+0000] {dag.py:3239} INFO - Sync 3 DAGs
[2024-12-03T14:23:10.370+0000] {logging_mixin.py:190} INFO - [2024-12-03T14:23:10.370+0000] {dag.py:4180} INFO - Setting next_dagrun for dataset_with_extra_by_context to 2024-12-02 00:00:00+00:00, run_after=2024-12-03 00:00:00+00:00
[2024-12-03T14:23:10.379+0000] {logging_mixin.py:190} INFO - [2024-12-03T14:23:10.378+0000] {dag.py:4180} INFO - Setting next_dagrun for dataset_with_extra_by_yield to 2024-12-02 00:00:00+00:00, run_after=2024-12-03 00:00:00+00:00
[2024-12-03T14:23:10.384+0000] {logging_mixin.py:190} INFO - [2024-12-03T14:23:10.383+0000] {dag.py:4180} INFO - Setting next_dagrun for dataset_with_extra_from_classic_operator to 2024-12-02 00:00:00+00:00, run_after=2024-12-03 00:00:00+00:00
[2024-12-03T14:23:10.424+0000] {processor.py:208} INFO - Processing /home/airflow/.local/lib/python3.12/site-packages/airflow/example_dags/example_outlet_event_extra.py took 0.909 seconds
[2024-12-03T14:23:41.698+0000] {processor.py:186} INFO - Started process (PID=642) to work on /home/airflow/.local/lib/python3.12/site-packages/airflow/example_dags/example_outlet_event_extra.py
[2024-12-03T14:23:41.700+0000] {processor.py:914} INFO - Processing file /home/airflow/.local/lib/python3.12/site-packages/airflow/example_dags/example_outlet_event_extra.py for tasks to queue
[2024-12-03T14:23:41.704+0000] {logging_mixin.py:190} INFO - [2024-12-03T14:23:41.703+0000] {dagbag.py:588} INFO - Filling up the DagBag from /home/airflow/.local/lib/python3.12/site-packages/airflow/example_dags/example_outlet_event_extra.py
[2024-12-03T14:23:43.132+0000] {processor.py:925} INFO - DAG(s) 'dataset_with_extra_by_yield', 'dataset_with_extra_by_context', 'dataset_with_extra_from_classic_operator' retrieved from /home/airflow/.local/lib/python3.12/site-packages/airflow/example_dags/example_outlet_event_extra.py
[2024-12-03T14:23:43.172+0000] {logging_mixin.py:190} INFO - [2024-12-03T14:23:43.172+0000] {dag.py:3239} INFO - Sync 3 DAGs
[2024-12-03T14:23:43.203+0000] {logging_mixin.py:190} INFO - [2024-12-03T14:23:43.203+0000] {dag.py:4180} INFO - Setting next_dagrun for dataset_with_extra_by_context to 2024-12-02 00:00:00+00:00, run_after=2024-12-03 00:00:00+00:00
[2024-12-03T14:23:43.215+0000] {logging_mixin.py:190} INFO - [2024-12-03T14:23:43.215+0000] {dag.py:4180} INFO - Setting next_dagrun for dataset_with_extra_by_yield to 2024-12-02 00:00:00+00:00, run_after=2024-12-03 00:00:00+00:00
[2024-12-03T14:23:43.222+0000] {logging_mixin.py:190} INFO - [2024-12-03T14:23:43.222+0000] {dag.py:4180} INFO - Setting next_dagrun for dataset_with_extra_from_classic_operator to 2024-12-02 00:00:00+00:00, run_after=2024-12-03 00:00:00+00:00
[2024-12-03T14:23:43.261+0000] {processor.py:208} INFO - Processing /home/airflow/.local/lib/python3.12/site-packages/airflow/example_dags/example_outlet_event_extra.py took 1.570 seconds
[2024-12-03T14:24:13.952+0000] {processor.py:186} INFO - Started process (PID=706) to work on /home/airflow/.local/lib/python3.12/site-packages/airflow/example_dags/example_outlet_event_extra.py
[2024-12-03T14:24:13.954+0000] {processor.py:914} INFO - Processing file /home/airflow/.local/lib/python3.12/site-packages/airflow/example_dags/example_outlet_event_extra.py for tasks to queue
[2024-12-03T14:24:13.956+0000] {logging_mixin.py:190} INFO - [2024-12-03T14:24:13.956+0000] {dagbag.py:588} INFO - Filling up the DagBag from /home/airflow/.local/lib/python3.12/site-packages/airflow/example_dags/example_outlet_event_extra.py
[2024-12-03T14:24:15.849+0000] {processor.py:925} INFO - DAG(s) 'dataset_with_extra_by_yield', 'dataset_with_extra_from_classic_operator', 'dataset_with_extra_by_context' retrieved from /home/airflow/.local/lib/python3.12/site-packages/airflow/example_dags/example_outlet_event_extra.py
[2024-12-03T14:24:15.910+0000] {logging_mixin.py:190} INFO - [2024-12-03T14:24:15.910+0000] {dag.py:3239} INFO - Sync 3 DAGs
[2024-12-03T14:24:15.973+0000] {logging_mixin.py:190} INFO - [2024-12-03T14:24:15.972+0000] {dag.py:4180} INFO - Setting next_dagrun for dataset_with_extra_by_context to 2024-12-02 00:00:00+00:00, run_after=2024-12-03 00:00:00+00:00
[2024-12-03T14:24:15.983+0000] {logging_mixin.py:190} INFO - [2024-12-03T14:24:15.982+0000] {dag.py:4180} INFO - Setting next_dagrun for dataset_with_extra_by_yield to 2024-12-02 00:00:00+00:00, run_after=2024-12-03 00:00:00+00:00
[2024-12-03T14:24:15.988+0000] {logging_mixin.py:190} INFO - [2024-12-03T14:24:15.988+0000] {dag.py:4180} INFO - Setting next_dagrun for dataset_with_extra_from_classic_operator to 2024-12-02 00:00:00+00:00, run_after=2024-12-03 00:00:00+00:00
[2024-12-03T14:24:16.033+0000] {processor.py:208} INFO - Processing /home/airflow/.local/lib/python3.12/site-packages/airflow/example_dags/example_outlet_event_extra.py took 2.089 seconds
[2024-12-03T14:24:46.632+0000] {processor.py:186} INFO - Started process (PID=770) to work on /home/airflow/.local/lib/python3.12/site-packages/airflow/example_dags/example_outlet_event_extra.py
[2024-12-03T14:24:46.634+0000] {processor.py:914} INFO - Processing file /home/airflow/.local/lib/python3.12/site-packages/airflow/example_dags/example_outlet_event_extra.py for tasks to queue
[2024-12-03T14:24:46.638+0000] {logging_mixin.py:190} INFO - [2024-12-03T14:24:46.637+0000] {dagbag.py:588} INFO - Filling up the DagBag from /home/airflow/.local/lib/python3.12/site-packages/airflow/example_dags/example_outlet_event_extra.py
[2024-12-03T14:24:48.564+0000] {processor.py:925} INFO - DAG(s) 'dataset_with_extra_by_context', 'dataset_with_extra_from_classic_operator', 'dataset_with_extra_by_yield' retrieved from /home/airflow/.local/lib/python3.12/site-packages/airflow/example_dags/example_outlet_event_extra.py
[2024-12-03T14:24:48.633+0000] {logging_mixin.py:190} INFO - [2024-12-03T14:24:48.633+0000] {dag.py:3239} INFO - Sync 3 DAGs
[2024-12-03T14:24:48.723+0000] {logging_mixin.py:190} INFO - [2024-12-03T14:24:48.723+0000] {dag.py:4180} INFO - Setting next_dagrun for dataset_with_extra_by_context to 2024-12-02 00:00:00+00:00, run_after=2024-12-03 00:00:00+00:00
[2024-12-03T14:24:48.734+0000] {logging_mixin.py:190} INFO - [2024-12-03T14:24:48.734+0000] {dag.py:4180} INFO - Setting next_dagrun for dataset_with_extra_by_yield to 2024-12-02 00:00:00+00:00, run_after=2024-12-03 00:00:00+00:00
[2024-12-03T14:24:48.742+0000] {logging_mixin.py:190} INFO - [2024-12-03T14:24:48.741+0000] {dag.py:4180} INFO - Setting next_dagrun for dataset_with_extra_from_classic_operator to 2024-12-02 00:00:00+00:00, run_after=2024-12-03 00:00:00+00:00
[2024-12-03T14:24:48.801+0000] {processor.py:208} INFO - Processing /home/airflow/.local/lib/python3.12/site-packages/airflow/example_dags/example_outlet_event_extra.py took 2.181 seconds
