[2024-12-03T13:57:09.335+0000] {processor.py:186} INFO - Started process (PID=80) to work on /home/airflow/.local/lib/python3.12/site-packages/airflow/example_dags/example_branch_operator_decorator.py
[2024-12-03T13:57:09.340+0000] {processor.py:914} INFO - Processing file /home/airflow/.local/lib/python3.12/site-packages/airflow/example_dags/example_branch_operator_decorator.py for tasks to queue
[2024-12-03T13:57:09.348+0000] {logging_mixin.py:190} INFO - [2024-12-03T13:57:09.348+0000] {dagbag.py:588} INFO - Filling up the DagBag from /home/airflow/.local/lib/python3.12/site-packages/airflow/example_dags/example_branch_operator_decorator.py
[2024-12-03T13:57:09.621+0000] {processor.py:925} INFO - DAG(s) 'example_branch_python_operator_decorator' retrieved from /home/airflow/.local/lib/python3.12/site-packages/airflow/example_dags/example_branch_operator_decorator.py
[2024-12-03T13:57:10.282+0000] {logging_mixin.py:190} INFO - [2024-12-03T13:57:10.280+0000] {override.py:1911} INFO - Created Permission View: can delete on DAG:example_branch_python_operator_decorator
[2024-12-03T13:57:10.299+0000] {logging_mixin.py:190} INFO - [2024-12-03T13:57:10.298+0000] {override.py:1911} INFO - Created Permission View: can read on DAG:example_branch_python_operator_decorator
[2024-12-03T13:57:10.312+0000] {logging_mixin.py:190} INFO - [2024-12-03T13:57:10.312+0000] {override.py:1911} INFO - Created Permission View: can edit on DAG:example_branch_python_operator_decorator
[2024-12-03T13:57:10.329+0000] {logging_mixin.py:190} INFO - [2024-12-03T13:57:10.329+0000] {override.py:1911} INFO - Created Permission View: can create on DAG Run:example_branch_python_operator_decorator
[2024-12-03T13:57:10.344+0000] {logging_mixin.py:190} INFO - [2024-12-03T13:57:10.343+0000] {override.py:1911} INFO - Created Permission View: menu access on DAG Run:example_branch_python_operator_decorator
[2024-12-03T13:57:10.356+0000] {logging_mixin.py:190} INFO - [2024-12-03T13:57:10.356+0000] {override.py:1911} INFO - Created Permission View: can delete on DAG Run:example_branch_python_operator_decorator
[2024-12-03T13:57:10.371+0000] {logging_mixin.py:190} INFO - [2024-12-03T13:57:10.371+0000] {override.py:1911} INFO - Created Permission View: can read on DAG Run:example_branch_python_operator_decorator
[2024-12-03T13:57:10.374+0000] {logging_mixin.py:190} INFO - [2024-12-03T13:57:10.374+0000] {dag.py:3239} INFO - Sync 1 DAGs
[2024-12-03T13:57:10.404+0000] {logging_mixin.py:190} INFO - [2024-12-03T13:57:10.403+0000] {dag.py:3262} INFO - Creating ORM DAG for example_branch_python_operator_decorator
[2024-12-03T13:57:10.423+0000] {logging_mixin.py:190} INFO - [2024-12-03T13:57:10.423+0000] {dag.py:4180} INFO - Setting next_dagrun for example_branch_python_operator_decorator to 2024-12-02 00:00:00+00:00, run_after=2024-12-03 00:00:00+00:00
[2024-12-03T13:57:10.463+0000] {processor.py:208} INFO - Processing /home/airflow/.local/lib/python3.12/site-packages/airflow/example_dags/example_branch_operator_decorator.py took 1.146 seconds
[2024-12-03T14:19:31.953+0000] {processor.py:186} INFO - Started process (PID=131) to work on /home/airflow/.local/lib/python3.12/site-packages/airflow/example_dags/example_branch_operator_decorator.py
[2024-12-03T14:19:31.955+0000] {processor.py:914} INFO - Processing file /home/airflow/.local/lib/python3.12/site-packages/airflow/example_dags/example_branch_operator_decorator.py for tasks to queue
[2024-12-03T14:19:31.958+0000] {logging_mixin.py:190} INFO - [2024-12-03T14:19:31.957+0000] {dagbag.py:588} INFO - Filling up the DagBag from /home/airflow/.local/lib/python3.12/site-packages/airflow/example_dags/example_branch_operator_decorator.py
[2024-12-03T14:19:31.993+0000] {processor.py:925} INFO - DAG(s) 'example_branch_python_operator_decorator' retrieved from /home/airflow/.local/lib/python3.12/site-packages/airflow/example_dags/example_branch_operator_decorator.py
[2024-12-03T14:19:32.137+0000] {logging_mixin.py:190} INFO - [2024-12-03T14:19:32.136+0000] {override.py:1911} INFO - Created Permission View: can read on DAG:example_branch_python_operator_decorator
[2024-12-03T14:19:32.155+0000] {logging_mixin.py:190} INFO - [2024-12-03T14:19:32.155+0000] {override.py:1911} INFO - Created Permission View: can edit on DAG:example_branch_python_operator_decorator
[2024-12-03T14:19:32.170+0000] {logging_mixin.py:190} INFO - [2024-12-03T14:19:32.170+0000] {override.py:1911} INFO - Created Permission View: can delete on DAG:example_branch_python_operator_decorator
[2024-12-03T14:19:32.185+0000] {logging_mixin.py:190} INFO - [2024-12-03T14:19:32.185+0000] {override.py:1911} INFO - Created Permission View: can read on DAG Run:example_branch_python_operator_decorator
[2024-12-03T14:19:32.199+0000] {logging_mixin.py:190} INFO - [2024-12-03T14:19:32.199+0000] {override.py:1911} INFO - Created Permission View: menu access on DAG Run:example_branch_python_operator_decorator
[2024-12-03T14:19:32.215+0000] {logging_mixin.py:190} INFO - [2024-12-03T14:19:32.215+0000] {override.py:1911} INFO - Created Permission View: can delete on DAG Run:example_branch_python_operator_decorator
[2024-12-03T14:19:32.228+0000] {logging_mixin.py:190} INFO - [2024-12-03T14:19:32.227+0000] {override.py:1911} INFO - Created Permission View: can create on DAG Run:example_branch_python_operator_decorator
[2024-12-03T14:19:32.230+0000] {logging_mixin.py:190} INFO - [2024-12-03T14:19:32.229+0000] {dag.py:3239} INFO - Sync 1 DAGs
[2024-12-03T14:19:32.246+0000] {logging_mixin.py:190} INFO - [2024-12-03T14:19:32.246+0000] {dag.py:3262} INFO - Creating ORM DAG for example_branch_python_operator_decorator
[2024-12-03T14:19:32.261+0000] {logging_mixin.py:190} INFO - [2024-12-03T14:19:32.261+0000] {dag.py:4180} INFO - Setting next_dagrun for example_branch_python_operator_decorator to 2024-12-02 00:00:00+00:00, run_after=2024-12-03 00:00:00+00:00
[2024-12-03T14:19:32.289+0000] {processor.py:208} INFO - Processing /home/airflow/.local/lib/python3.12/site-packages/airflow/example_dags/example_branch_operator_decorator.py took 0.347 seconds
[2024-12-03T14:20:02.704+0000] {processor.py:186} INFO - Started process (PID=195) to work on /home/airflow/.local/lib/python3.12/site-packages/airflow/example_dags/example_branch_operator_decorator.py
[2024-12-03T14:20:02.706+0000] {processor.py:914} INFO - Processing file /home/airflow/.local/lib/python3.12/site-packages/airflow/example_dags/example_branch_operator_decorator.py for tasks to queue
[2024-12-03T14:20:02.709+0000] {logging_mixin.py:190} INFO - [2024-12-03T14:20:02.708+0000] {dagbag.py:588} INFO - Filling up the DagBag from /home/airflow/.local/lib/python3.12/site-packages/airflow/example_dags/example_branch_operator_decorator.py
[2024-12-03T14:20:02.736+0000] {processor.py:925} INFO - DAG(s) 'example_branch_python_operator_decorator' retrieved from /home/airflow/.local/lib/python3.12/site-packages/airflow/example_dags/example_branch_operator_decorator.py
[2024-12-03T14:20:02.776+0000] {logging_mixin.py:190} INFO - [2024-12-03T14:20:02.775+0000] {dag.py:3239} INFO - Sync 1 DAGs
[2024-12-03T14:20:02.807+0000] {logging_mixin.py:190} INFO - [2024-12-03T14:20:02.807+0000] {dag.py:4180} INFO - Setting next_dagrun for example_branch_python_operator_decorator to 2024-12-02 00:00:00+00:00, run_after=2024-12-03 00:00:00+00:00
[2024-12-03T14:20:02.835+0000] {processor.py:208} INFO - Processing /home/airflow/.local/lib/python3.12/site-packages/airflow/example_dags/example_branch_operator_decorator.py took 0.138 seconds
[2024-12-03T14:20:33.367+0000] {processor.py:186} INFO - Started process (PID=258) to work on /home/airflow/.local/lib/python3.12/site-packages/airflow/example_dags/example_branch_operator_decorator.py
[2024-12-03T14:20:33.368+0000] {processor.py:914} INFO - Processing file /home/airflow/.local/lib/python3.12/site-packages/airflow/example_dags/example_branch_operator_decorator.py for tasks to queue
[2024-12-03T14:20:33.372+0000] {logging_mixin.py:190} INFO - [2024-12-03T14:20:33.371+0000] {dagbag.py:588} INFO - Filling up the DagBag from /home/airflow/.local/lib/python3.12/site-packages/airflow/example_dags/example_branch_operator_decorator.py
[2024-12-03T14:20:33.415+0000] {processor.py:925} INFO - DAG(s) 'example_branch_python_operator_decorator' retrieved from /home/airflow/.local/lib/python3.12/site-packages/airflow/example_dags/example_branch_operator_decorator.py
[2024-12-03T14:20:33.475+0000] {logging_mixin.py:190} INFO - [2024-12-03T14:20:33.474+0000] {dag.py:3239} INFO - Sync 1 DAGs
[2024-12-03T14:20:33.522+0000] {logging_mixin.py:190} INFO - [2024-12-03T14:20:33.521+0000] {dag.py:4180} INFO - Setting next_dagrun for example_branch_python_operator_decorator to 2024-12-02 00:00:00+00:00, run_after=2024-12-03 00:00:00+00:00
[2024-12-03T14:20:33.557+0000] {processor.py:208} INFO - Processing /home/airflow/.local/lib/python3.12/site-packages/airflow/example_dags/example_branch_operator_decorator.py took 0.202 seconds
[2024-12-03T14:21:03.794+0000] {processor.py:186} INFO - Started process (PID=322) to work on /home/airflow/.local/lib/python3.12/site-packages/airflow/example_dags/example_branch_operator_decorator.py
[2024-12-03T14:21:03.796+0000] {processor.py:914} INFO - Processing file /home/airflow/.local/lib/python3.12/site-packages/airflow/example_dags/example_branch_operator_decorator.py for tasks to queue
[2024-12-03T14:21:03.797+0000] {logging_mixin.py:190} INFO - [2024-12-03T14:21:03.797+0000] {dagbag.py:588} INFO - Filling up the DagBag from /home/airflow/.local/lib/python3.12/site-packages/airflow/example_dags/example_branch_operator_decorator.py
[2024-12-03T14:21:03.822+0000] {processor.py:925} INFO - DAG(s) 'example_branch_python_operator_decorator' retrieved from /home/airflow/.local/lib/python3.12/site-packages/airflow/example_dags/example_branch_operator_decorator.py
[2024-12-03T14:21:03.855+0000] {logging_mixin.py:190} INFO - [2024-12-03T14:21:03.855+0000] {dag.py:3239} INFO - Sync 1 DAGs
[2024-12-03T14:21:03.882+0000] {logging_mixin.py:190} INFO - [2024-12-03T14:21:03.881+0000] {dag.py:4180} INFO - Setting next_dagrun for example_branch_python_operator_decorator to 2024-12-02 00:00:00+00:00, run_after=2024-12-03 00:00:00+00:00
[2024-12-03T14:21:03.909+0000] {processor.py:208} INFO - Processing /home/airflow/.local/lib/python3.12/site-packages/airflow/example_dags/example_branch_operator_decorator.py took 0.120 seconds
[2024-12-03T14:21:34.575+0000] {processor.py:186} INFO - Started process (PID=386) to work on /home/airflow/.local/lib/python3.12/site-packages/airflow/example_dags/example_branch_operator_decorator.py
[2024-12-03T14:21:34.576+0000] {processor.py:914} INFO - Processing file /home/airflow/.local/lib/python3.12/site-packages/airflow/example_dags/example_branch_operator_decorator.py for tasks to queue
[2024-12-03T14:21:34.579+0000] {logging_mixin.py:190} INFO - [2024-12-03T14:21:34.578+0000] {dagbag.py:588} INFO - Filling up the DagBag from /home/airflow/.local/lib/python3.12/site-packages/airflow/example_dags/example_branch_operator_decorator.py
[2024-12-03T14:21:34.602+0000] {processor.py:925} INFO - DAG(s) 'example_branch_python_operator_decorator' retrieved from /home/airflow/.local/lib/python3.12/site-packages/airflow/example_dags/example_branch_operator_decorator.py
[2024-12-03T14:21:34.643+0000] {logging_mixin.py:190} INFO - [2024-12-03T14:21:34.643+0000] {dag.py:3239} INFO - Sync 1 DAGs
[2024-12-03T14:21:34.683+0000] {logging_mixin.py:190} INFO - [2024-12-03T14:21:34.682+0000] {dag.py:4180} INFO - Setting next_dagrun for example_branch_python_operator_decorator to 2024-12-02 00:00:00+00:00, run_after=2024-12-03 00:00:00+00:00
[2024-12-03T14:21:34.715+0000] {processor.py:208} INFO - Processing /home/airflow/.local/lib/python3.12/site-packages/airflow/example_dags/example_branch_operator_decorator.py took 0.147 seconds
[2024-12-03T14:22:05.733+0000] {processor.py:186} INFO - Started process (PID=451) to work on /home/airflow/.local/lib/python3.12/site-packages/airflow/example_dags/example_branch_operator_decorator.py
[2024-12-03T14:22:05.734+0000] {processor.py:914} INFO - Processing file /home/airflow/.local/lib/python3.12/site-packages/airflow/example_dags/example_branch_operator_decorator.py for tasks to queue
[2024-12-03T14:22:05.737+0000] {logging_mixin.py:190} INFO - [2024-12-03T14:22:05.736+0000] {dagbag.py:588} INFO - Filling up the DagBag from /home/airflow/.local/lib/python3.12/site-packages/airflow/example_dags/example_branch_operator_decorator.py
[2024-12-03T14:22:05.773+0000] {processor.py:925} INFO - DAG(s) 'example_branch_python_operator_decorator' retrieved from /home/airflow/.local/lib/python3.12/site-packages/airflow/example_dags/example_branch_operator_decorator.py
[2024-12-03T14:22:05.815+0000] {logging_mixin.py:190} INFO - [2024-12-03T14:22:05.815+0000] {dag.py:3239} INFO - Sync 1 DAGs
[2024-12-03T14:22:05.853+0000] {logging_mixin.py:190} INFO - [2024-12-03T14:22:05.852+0000] {dag.py:4180} INFO - Setting next_dagrun for example_branch_python_operator_decorator to 2024-12-02 00:00:00+00:00, run_after=2024-12-03 00:00:00+00:00
[2024-12-03T14:22:05.885+0000] {processor.py:208} INFO - Processing /home/airflow/.local/lib/python3.12/site-packages/airflow/example_dags/example_branch_operator_decorator.py took 0.159 seconds
[2024-12-03T14:22:37.383+0000] {processor.py:186} INFO - Started process (PID=515) to work on /home/airflow/.local/lib/python3.12/site-packages/airflow/example_dags/example_branch_operator_decorator.py
[2024-12-03T14:22:37.384+0000] {processor.py:914} INFO - Processing file /home/airflow/.local/lib/python3.12/site-packages/airflow/example_dags/example_branch_operator_decorator.py for tasks to queue
[2024-12-03T14:22:37.386+0000] {logging_mixin.py:190} INFO - [2024-12-03T14:22:37.386+0000] {dagbag.py:588} INFO - Filling up the DagBag from /home/airflow/.local/lib/python3.12/site-packages/airflow/example_dags/example_branch_operator_decorator.py
[2024-12-03T14:22:37.413+0000] {processor.py:925} INFO - DAG(s) 'example_branch_python_operator_decorator' retrieved from /home/airflow/.local/lib/python3.12/site-packages/airflow/example_dags/example_branch_operator_decorator.py
[2024-12-03T14:22:37.451+0000] {logging_mixin.py:190} INFO - [2024-12-03T14:22:37.451+0000] {dag.py:3239} INFO - Sync 1 DAGs
[2024-12-03T14:22:37.486+0000] {logging_mixin.py:190} INFO - [2024-12-03T14:22:37.485+0000] {dag.py:4180} INFO - Setting next_dagrun for example_branch_python_operator_decorator to 2024-12-02 00:00:00+00:00, run_after=2024-12-03 00:00:00+00:00
[2024-12-03T14:22:37.517+0000] {processor.py:208} INFO - Processing /home/airflow/.local/lib/python3.12/site-packages/airflow/example_dags/example_branch_operator_decorator.py took 0.140 seconds
[2024-12-03T14:23:08.590+0000] {processor.py:186} INFO - Started process (PID=579) to work on /home/airflow/.local/lib/python3.12/site-packages/airflow/example_dags/example_branch_operator_decorator.py
[2024-12-03T14:23:08.591+0000] {processor.py:914} INFO - Processing file /home/airflow/.local/lib/python3.12/site-packages/airflow/example_dags/example_branch_operator_decorator.py for tasks to queue
[2024-12-03T14:23:08.593+0000] {logging_mixin.py:190} INFO - [2024-12-03T14:23:08.593+0000] {dagbag.py:588} INFO - Filling up the DagBag from /home/airflow/.local/lib/python3.12/site-packages/airflow/example_dags/example_branch_operator_decorator.py
[2024-12-03T14:23:08.627+0000] {processor.py:925} INFO - DAG(s) 'example_branch_python_operator_decorator' retrieved from /home/airflow/.local/lib/python3.12/site-packages/airflow/example_dags/example_branch_operator_decorator.py
[2024-12-03T14:23:08.670+0000] {logging_mixin.py:190} INFO - [2024-12-03T14:23:08.669+0000] {dag.py:3239} INFO - Sync 1 DAGs
[2024-12-03T14:23:08.708+0000] {logging_mixin.py:190} INFO - [2024-12-03T14:23:08.707+0000] {dag.py:4180} INFO - Setting next_dagrun for example_branch_python_operator_decorator to 2024-12-02 00:00:00+00:00, run_after=2024-12-03 00:00:00+00:00
[2024-12-03T14:23:08.741+0000] {processor.py:208} INFO - Processing /home/airflow/.local/lib/python3.12/site-packages/airflow/example_dags/example_branch_operator_decorator.py took 0.160 seconds
[2024-12-03T14:23:43.595+0000] {processor.py:186} INFO - Started process (PID=644) to work on /home/airflow/.local/lib/python3.12/site-packages/airflow/example_dags/example_branch_operator_decorator.py
[2024-12-03T14:23:43.596+0000] {processor.py:914} INFO - Processing file /home/airflow/.local/lib/python3.12/site-packages/airflow/example_dags/example_branch_operator_decorator.py for tasks to queue
[2024-12-03T14:23:43.598+0000] {logging_mixin.py:190} INFO - [2024-12-03T14:23:43.598+0000] {dagbag.py:588} INFO - Filling up the DagBag from /home/airflow/.local/lib/python3.12/site-packages/airflow/example_dags/example_branch_operator_decorator.py
[2024-12-03T14:23:43.624+0000] {processor.py:925} INFO - DAG(s) 'example_branch_python_operator_decorator' retrieved from /home/airflow/.local/lib/python3.12/site-packages/airflow/example_dags/example_branch_operator_decorator.py
[2024-12-03T14:23:43.654+0000] {logging_mixin.py:190} INFO - [2024-12-03T14:23:43.654+0000] {dag.py:3239} INFO - Sync 1 DAGs
[2024-12-03T14:23:43.685+0000] {logging_mixin.py:190} INFO - [2024-12-03T14:23:43.685+0000] {dag.py:4180} INFO - Setting next_dagrun for example_branch_python_operator_decorator to 2024-12-02 00:00:00+00:00, run_after=2024-12-03 00:00:00+00:00
[2024-12-03T14:23:43.716+0000] {processor.py:208} INFO - Processing /home/airflow/.local/lib/python3.12/site-packages/airflow/example_dags/example_branch_operator_decorator.py took 0.128 seconds
[2024-12-03T14:24:16.347+0000] {processor.py:186} INFO - Started process (PID=708) to work on /home/airflow/.local/lib/python3.12/site-packages/airflow/example_dags/example_branch_operator_decorator.py
[2024-12-03T14:24:16.348+0000] {processor.py:914} INFO - Processing file /home/airflow/.local/lib/python3.12/site-packages/airflow/example_dags/example_branch_operator_decorator.py for tasks to queue
[2024-12-03T14:24:16.350+0000] {logging_mixin.py:190} INFO - [2024-12-03T14:24:16.350+0000] {dagbag.py:588} INFO - Filling up the DagBag from /home/airflow/.local/lib/python3.12/site-packages/airflow/example_dags/example_branch_operator_decorator.py
[2024-12-03T14:24:16.381+0000] {processor.py:925} INFO - DAG(s) 'example_branch_python_operator_decorator' retrieved from /home/airflow/.local/lib/python3.12/site-packages/airflow/example_dags/example_branch_operator_decorator.py
[2024-12-03T14:24:16.431+0000] {logging_mixin.py:190} INFO - [2024-12-03T14:24:16.430+0000] {dag.py:3239} INFO - Sync 1 DAGs
[2024-12-03T14:24:16.470+0000] {logging_mixin.py:190} INFO - [2024-12-03T14:24:16.470+0000] {dag.py:4180} INFO - Setting next_dagrun for example_branch_python_operator_decorator to 2024-12-02 00:00:00+00:00, run_after=2024-12-03 00:00:00+00:00
[2024-12-03T14:24:16.513+0000] {processor.py:208} INFO - Processing /home/airflow/.local/lib/python3.12/site-packages/airflow/example_dags/example_branch_operator_decorator.py took 0.174 seconds
[2024-12-03T14:24:48.978+0000] {processor.py:186} INFO - Started process (PID=772) to work on /home/airflow/.local/lib/python3.12/site-packages/airflow/example_dags/example_branch_operator_decorator.py
[2024-12-03T14:24:48.980+0000] {processor.py:914} INFO - Processing file /home/airflow/.local/lib/python3.12/site-packages/airflow/example_dags/example_branch_operator_decorator.py for tasks to queue
[2024-12-03T14:24:48.983+0000] {logging_mixin.py:190} INFO - [2024-12-03T14:24:48.983+0000] {dagbag.py:588} INFO - Filling up the DagBag from /home/airflow/.local/lib/python3.12/site-packages/airflow/example_dags/example_branch_operator_decorator.py
[2024-12-03T14:24:49.031+0000] {processor.py:925} INFO - DAG(s) 'example_branch_python_operator_decorator' retrieved from /home/airflow/.local/lib/python3.12/site-packages/airflow/example_dags/example_branch_operator_decorator.py
[2024-12-03T14:24:49.090+0000] {logging_mixin.py:190} INFO - [2024-12-03T14:24:49.089+0000] {dag.py:3239} INFO - Sync 1 DAGs
[2024-12-03T14:24:49.164+0000] {logging_mixin.py:190} INFO - [2024-12-03T14:24:49.163+0000] {dag.py:4180} INFO - Setting next_dagrun for example_branch_python_operator_decorator to 2024-12-02 00:00:00+00:00, run_after=2024-12-03 00:00:00+00:00
[2024-12-03T14:24:49.225+0000] {processor.py:208} INFO - Processing /home/airflow/.local/lib/python3.12/site-packages/airflow/example_dags/example_branch_operator_decorator.py took 0.261 seconds
