[2024-12-03T13:57:18.009+0000] {processor.py:186} INFO - Started process (PID=106) to work on /home/airflow/.local/lib/python3.12/site-packages/airflow/example_dags/example_sensor_decorator.py
[2024-12-03T13:57:18.012+0000] {processor.py:914} INFO - Processing file /home/airflow/.local/lib/python3.12/site-packages/airflow/example_dags/example_sensor_decorator.py for tasks to queue
[2024-12-03T13:57:18.017+0000] {logging_mixin.py:190} INFO - [2024-12-03T13:57:18.016+0000] {dagbag.py:588} INFO - Filling up the DagBag from /home/airflow/.local/lib/python3.12/site-packages/airflow/example_dags/example_sensor_decorator.py
[2024-12-03T13:57:18.029+0000] {processor.py:925} INFO - DAG(s) 'example_sensor_decorator' retrieved from /home/airflow/.local/lib/python3.12/site-packages/airflow/example_dags/example_sensor_decorator.py
[2024-12-03T13:57:18.170+0000] {logging_mixin.py:190} INFO - [2024-12-03T13:57:18.169+0000] {override.py:1911} INFO - Created Permission View: can delete on DAG:example_sensor_decorator
[2024-12-03T13:57:18.187+0000] {logging_mixin.py:190} INFO - [2024-12-03T13:57:18.187+0000] {override.py:1911} INFO - Created Permission View: can read on DAG:example_sensor_decorator
[2024-12-03T13:57:18.199+0000] {logging_mixin.py:190} INFO - [2024-12-03T13:57:18.199+0000] {override.py:1911} INFO - Created Permission View: can edit on DAG:example_sensor_decorator
[2024-12-03T13:57:18.216+0000] {logging_mixin.py:190} INFO - [2024-12-03T13:57:18.215+0000] {override.py:1911} INFO - Created Permission View: can create on DAG Run:example_sensor_decorator
[2024-12-03T13:57:18.228+0000] {logging_mixin.py:190} INFO - [2024-12-03T13:57:18.227+0000] {override.py:1911} INFO - Created Permission View: menu access on DAG Run:example_sensor_decorator
[2024-12-03T13:57:18.239+0000] {logging_mixin.py:190} INFO - [2024-12-03T13:57:18.239+0000] {override.py:1911} INFO - Created Permission View: can delete on DAG Run:example_sensor_decorator
[2024-12-03T13:57:18.251+0000] {logging_mixin.py:190} INFO - [2024-12-03T13:57:18.251+0000] {override.py:1911} INFO - Created Permission View: can read on DAG Run:example_sensor_decorator
[2024-12-03T13:57:18.253+0000] {logging_mixin.py:190} INFO - [2024-12-03T13:57:18.253+0000] {dag.py:3239} INFO - Sync 1 DAGs
[2024-12-03T13:57:18.268+0000] {logging_mixin.py:190} INFO - [2024-12-03T13:57:18.268+0000] {dag.py:3262} INFO - Creating ORM DAG for example_sensor_decorator
[2024-12-03T13:57:18.270+0000] {logging_mixin.py:190} INFO - [2024-12-03T13:57:18.270+0000] {dag.py:4180} INFO - Setting next_dagrun for example_sensor_decorator to None, run_after=None
[2024-12-03T13:57:18.303+0000] {processor.py:208} INFO - Processing /home/airflow/.local/lib/python3.12/site-packages/airflow/example_dags/example_sensor_decorator.py took 0.301 seconds
[2024-12-03T14:19:17.676+0000] {processor.py:186} INFO - Started process (PID=97) to work on /home/airflow/.local/lib/python3.12/site-packages/airflow/example_dags/example_sensor_decorator.py
[2024-12-03T14:19:17.681+0000] {processor.py:914} INFO - Processing file /home/airflow/.local/lib/python3.12/site-packages/airflow/example_dags/example_sensor_decorator.py for tasks to queue
[2024-12-03T14:19:17.686+0000] {logging_mixin.py:190} INFO - [2024-12-03T14:19:17.685+0000] {dagbag.py:588} INFO - Filling up the DagBag from /home/airflow/.local/lib/python3.12/site-packages/airflow/example_dags/example_sensor_decorator.py
[2024-12-03T14:19:17.713+0000] {processor.py:925} INFO - DAG(s) 'example_sensor_decorator' retrieved from /home/airflow/.local/lib/python3.12/site-packages/airflow/example_dags/example_sensor_decorator.py
[2024-12-03T14:19:17.941+0000] {logging_mixin.py:190} INFO - [2024-12-03T14:19:17.939+0000] {override.py:1911} INFO - Created Permission View: can read on DAG:example_sensor_decorator
[2024-12-03T14:19:17.967+0000] {logging_mixin.py:190} INFO - [2024-12-03T14:19:17.966+0000] {override.py:1911} INFO - Created Permission View: can edit on DAG:example_sensor_decorator
[2024-12-03T14:19:17.984+0000] {logging_mixin.py:190} INFO - [2024-12-03T14:19:17.983+0000] {override.py:1911} INFO - Created Permission View: can delete on DAG:example_sensor_decorator
[2024-12-03T14:19:18.006+0000] {logging_mixin.py:190} INFO - [2024-12-03T14:19:18.006+0000] {override.py:1911} INFO - Created Permission View: can read on DAG Run:example_sensor_decorator
[2024-12-03T14:19:18.023+0000] {logging_mixin.py:190} INFO - [2024-12-03T14:19:18.023+0000] {override.py:1911} INFO - Created Permission View: menu access on DAG Run:example_sensor_decorator
[2024-12-03T14:19:18.038+0000] {logging_mixin.py:190} INFO - [2024-12-03T14:19:18.038+0000] {override.py:1911} INFO - Created Permission View: can delete on DAG Run:example_sensor_decorator
[2024-12-03T14:19:18.053+0000] {logging_mixin.py:190} INFO - [2024-12-03T14:19:18.052+0000] {override.py:1911} INFO - Created Permission View: can create on DAG Run:example_sensor_decorator
[2024-12-03T14:19:18.054+0000] {logging_mixin.py:190} INFO - [2024-12-03T14:19:18.054+0000] {dag.py:3239} INFO - Sync 1 DAGs
[2024-12-03T14:19:18.072+0000] {logging_mixin.py:190} INFO - [2024-12-03T14:19:18.071+0000] {dag.py:3262} INFO - Creating ORM DAG for example_sensor_decorator
[2024-12-03T14:19:18.074+0000] {logging_mixin.py:190} INFO - [2024-12-03T14:19:18.073+0000] {dag.py:4180} INFO - Setting next_dagrun for example_sensor_decorator to None, run_after=None
[2024-12-03T14:19:18.110+0000] {processor.py:208} INFO - Processing /home/airflow/.local/lib/python3.12/site-packages/airflow/example_dags/example_sensor_decorator.py took 0.465 seconds
[2024-12-03T14:19:48.397+0000] {processor.py:186} INFO - Started process (PID=161) to work on /home/airflow/.local/lib/python3.12/site-packages/airflow/example_dags/example_sensor_decorator.py
[2024-12-03T14:19:48.399+0000] {processor.py:914} INFO - Processing file /home/airflow/.local/lib/python3.12/site-packages/airflow/example_dags/example_sensor_decorator.py for tasks to queue
[2024-12-03T14:19:48.401+0000] {logging_mixin.py:190} INFO - [2024-12-03T14:19:48.400+0000] {dagbag.py:588} INFO - Filling up the DagBag from /home/airflow/.local/lib/python3.12/site-packages/airflow/example_dags/example_sensor_decorator.py
[2024-12-03T14:19:48.411+0000] {processor.py:925} INFO - DAG(s) 'example_sensor_decorator' retrieved from /home/airflow/.local/lib/python3.12/site-packages/airflow/example_dags/example_sensor_decorator.py
[2024-12-03T14:19:48.438+0000] {logging_mixin.py:190} INFO - [2024-12-03T14:19:48.438+0000] {dag.py:3239} INFO - Sync 1 DAGs
[2024-12-03T14:19:48.458+0000] {logging_mixin.py:190} INFO - [2024-12-03T14:19:48.457+0000] {dag.py:4180} INFO - Setting next_dagrun for example_sensor_decorator to None, run_after=None
[2024-12-03T14:19:48.489+0000] {processor.py:208} INFO - Processing /home/airflow/.local/lib/python3.12/site-packages/airflow/example_dags/example_sensor_decorator.py took 0.098 seconds
[2024-12-03T14:20:18.640+0000] {processor.py:186} INFO - Started process (PID=225) to work on /home/airflow/.local/lib/python3.12/site-packages/airflow/example_dags/example_sensor_decorator.py
[2024-12-03T14:20:18.642+0000] {processor.py:914} INFO - Processing file /home/airflow/.local/lib/python3.12/site-packages/airflow/example_dags/example_sensor_decorator.py for tasks to queue
[2024-12-03T14:20:18.643+0000] {logging_mixin.py:190} INFO - [2024-12-03T14:20:18.643+0000] {dagbag.py:588} INFO - Filling up the DagBag from /home/airflow/.local/lib/python3.12/site-packages/airflow/example_dags/example_sensor_decorator.py
[2024-12-03T14:20:18.651+0000] {processor.py:925} INFO - DAG(s) 'example_sensor_decorator' retrieved from /home/airflow/.local/lib/python3.12/site-packages/airflow/example_dags/example_sensor_decorator.py
[2024-12-03T14:20:18.673+0000] {logging_mixin.py:190} INFO - [2024-12-03T14:20:18.672+0000] {dag.py:3239} INFO - Sync 1 DAGs
[2024-12-03T14:20:18.688+0000] {logging_mixin.py:190} INFO - [2024-12-03T14:20:18.688+0000] {dag.py:4180} INFO - Setting next_dagrun for example_sensor_decorator to None, run_after=None
[2024-12-03T14:20:18.713+0000] {processor.py:208} INFO - Processing /home/airflow/.local/lib/python3.12/site-packages/airflow/example_dags/example_sensor_decorator.py took 0.078 seconds
[2024-12-03T14:20:49.135+0000] {processor.py:186} INFO - Started process (PID=289) to work on /home/airflow/.local/lib/python3.12/site-packages/airflow/example_dags/example_sensor_decorator.py
[2024-12-03T14:20:49.137+0000] {processor.py:914} INFO - Processing file /home/airflow/.local/lib/python3.12/site-packages/airflow/example_dags/example_sensor_decorator.py for tasks to queue
[2024-12-03T14:20:49.139+0000] {logging_mixin.py:190} INFO - [2024-12-03T14:20:49.139+0000] {dagbag.py:588} INFO - Filling up the DagBag from /home/airflow/.local/lib/python3.12/site-packages/airflow/example_dags/example_sensor_decorator.py
[2024-12-03T14:20:49.153+0000] {processor.py:925} INFO - DAG(s) 'example_sensor_decorator' retrieved from /home/airflow/.local/lib/python3.12/site-packages/airflow/example_dags/example_sensor_decorator.py
[2024-12-03T14:20:49.191+0000] {logging_mixin.py:190} INFO - [2024-12-03T14:20:49.190+0000] {dag.py:3239} INFO - Sync 1 DAGs
[2024-12-03T14:20:49.224+0000] {logging_mixin.py:190} INFO - [2024-12-03T14:20:49.223+0000] {dag.py:4180} INFO - Setting next_dagrun for example_sensor_decorator to None, run_after=None
[2024-12-03T14:20:49.273+0000] {processor.py:208} INFO - Processing /home/airflow/.local/lib/python3.12/site-packages/airflow/example_dags/example_sensor_decorator.py took 0.147 seconds
[2024-12-03T14:21:19.801+0000] {processor.py:186} INFO - Started process (PID=354) to work on /home/airflow/.local/lib/python3.12/site-packages/airflow/example_dags/example_sensor_decorator.py
[2024-12-03T14:21:19.803+0000] {processor.py:914} INFO - Processing file /home/airflow/.local/lib/python3.12/site-packages/airflow/example_dags/example_sensor_decorator.py for tasks to queue
[2024-12-03T14:21:19.805+0000] {logging_mixin.py:190} INFO - [2024-12-03T14:21:19.804+0000] {dagbag.py:588} INFO - Filling up the DagBag from /home/airflow/.local/lib/python3.12/site-packages/airflow/example_dags/example_sensor_decorator.py
[2024-12-03T14:21:19.813+0000] {processor.py:925} INFO - DAG(s) 'example_sensor_decorator' retrieved from /home/airflow/.local/lib/python3.12/site-packages/airflow/example_dags/example_sensor_decorator.py
[2024-12-03T14:21:19.838+0000] {logging_mixin.py:190} INFO - [2024-12-03T14:21:19.837+0000] {dag.py:3239} INFO - Sync 1 DAGs
[2024-12-03T14:21:19.854+0000] {logging_mixin.py:190} INFO - [2024-12-03T14:21:19.854+0000] {dag.py:4180} INFO - Setting next_dagrun for example_sensor_decorator to None, run_after=None
[2024-12-03T14:21:19.881+0000] {processor.py:208} INFO - Processing /home/airflow/.local/lib/python3.12/site-packages/airflow/example_dags/example_sensor_decorator.py took 0.085 seconds
[2024-12-03T14:21:50.188+0000] {processor.py:186} INFO - Started process (PID=418) to work on /home/airflow/.local/lib/python3.12/site-packages/airflow/example_dags/example_sensor_decorator.py
[2024-12-03T14:21:50.190+0000] {processor.py:914} INFO - Processing file /home/airflow/.local/lib/python3.12/site-packages/airflow/example_dags/example_sensor_decorator.py for tasks to queue
[2024-12-03T14:21:50.193+0000] {logging_mixin.py:190} INFO - [2024-12-03T14:21:50.192+0000] {dagbag.py:588} INFO - Filling up the DagBag from /home/airflow/.local/lib/python3.12/site-packages/airflow/example_dags/example_sensor_decorator.py
[2024-12-03T14:21:50.212+0000] {processor.py:925} INFO - DAG(s) 'example_sensor_decorator' retrieved from /home/airflow/.local/lib/python3.12/site-packages/airflow/example_dags/example_sensor_decorator.py
[2024-12-03T14:21:50.260+0000] {logging_mixin.py:190} INFO - [2024-12-03T14:21:50.259+0000] {dag.py:3239} INFO - Sync 1 DAGs
[2024-12-03T14:21:50.296+0000] {logging_mixin.py:190} INFO - [2024-12-03T14:21:50.295+0000] {dag.py:4180} INFO - Setting next_dagrun for example_sensor_decorator to None, run_after=None
[2024-12-03T14:21:50.345+0000] {processor.py:208} INFO - Processing /home/airflow/.local/lib/python3.12/site-packages/airflow/example_dags/example_sensor_decorator.py took 0.167 seconds
[2024-12-03T14:22:20.888+0000] {processor.py:186} INFO - Started process (PID=483) to work on /home/airflow/.local/lib/python3.12/site-packages/airflow/example_dags/example_sensor_decorator.py
[2024-12-03T14:22:20.889+0000] {processor.py:914} INFO - Processing file /home/airflow/.local/lib/python3.12/site-packages/airflow/example_dags/example_sensor_decorator.py for tasks to queue
[2024-12-03T14:22:20.892+0000] {logging_mixin.py:190} INFO - [2024-12-03T14:22:20.891+0000] {dagbag.py:588} INFO - Filling up the DagBag from /home/airflow/.local/lib/python3.12/site-packages/airflow/example_dags/example_sensor_decorator.py
[2024-12-03T14:22:20.902+0000] {processor.py:925} INFO - DAG(s) 'example_sensor_decorator' retrieved from /home/airflow/.local/lib/python3.12/site-packages/airflow/example_dags/example_sensor_decorator.py
[2024-12-03T14:22:20.933+0000] {logging_mixin.py:190} INFO - [2024-12-03T14:22:20.932+0000] {dag.py:3239} INFO - Sync 1 DAGs
[2024-12-03T14:22:20.954+0000] {logging_mixin.py:190} INFO - [2024-12-03T14:22:20.953+0000] {dag.py:4180} INFO - Setting next_dagrun for example_sensor_decorator to None, run_after=None
[2024-12-03T14:22:20.985+0000] {processor.py:208} INFO - Processing /home/airflow/.local/lib/python3.12/site-packages/airflow/example_dags/example_sensor_decorator.py took 0.106 seconds
[2024-12-03T14:22:51.154+0000] {processor.py:186} INFO - Started process (PID=547) to work on /home/airflow/.local/lib/python3.12/site-packages/airflow/example_dags/example_sensor_decorator.py
[2024-12-03T14:22:51.155+0000] {processor.py:914} INFO - Processing file /home/airflow/.local/lib/python3.12/site-packages/airflow/example_dags/example_sensor_decorator.py for tasks to queue
[2024-12-03T14:22:51.156+0000] {logging_mixin.py:190} INFO - [2024-12-03T14:22:51.156+0000] {dagbag.py:588} INFO - Filling up the DagBag from /home/airflow/.local/lib/python3.12/site-packages/airflow/example_dags/example_sensor_decorator.py
[2024-12-03T14:22:51.165+0000] {processor.py:925} INFO - DAG(s) 'example_sensor_decorator' retrieved from /home/airflow/.local/lib/python3.12/site-packages/airflow/example_dags/example_sensor_decorator.py
[2024-12-03T14:22:51.190+0000] {logging_mixin.py:190} INFO - [2024-12-03T14:22:51.189+0000] {dag.py:3239} INFO - Sync 1 DAGs
[2024-12-03T14:22:51.205+0000] {logging_mixin.py:190} INFO - [2024-12-03T14:22:51.205+0000] {dag.py:4180} INFO - Setting next_dagrun for example_sensor_decorator to None, run_after=None
[2024-12-03T14:22:51.233+0000] {processor.py:208} INFO - Processing /home/airflow/.local/lib/python3.12/site-packages/airflow/example_dags/example_sensor_decorator.py took 0.086 seconds
[2024-12-03T14:23:21.938+0000] {processor.py:186} INFO - Started process (PID=611) to work on /home/airflow/.local/lib/python3.12/site-packages/airflow/example_dags/example_sensor_decorator.py
[2024-12-03T14:23:21.939+0000] {processor.py:914} INFO - Processing file /home/airflow/.local/lib/python3.12/site-packages/airflow/example_dags/example_sensor_decorator.py for tasks to queue
[2024-12-03T14:23:21.941+0000] {logging_mixin.py:190} INFO - [2024-12-03T14:23:21.940+0000] {dagbag.py:588} INFO - Filling up the DagBag from /home/airflow/.local/lib/python3.12/site-packages/airflow/example_dags/example_sensor_decorator.py
[2024-12-03T14:23:21.951+0000] {processor.py:925} INFO - DAG(s) 'example_sensor_decorator' retrieved from /home/airflow/.local/lib/python3.12/site-packages/airflow/example_dags/example_sensor_decorator.py
[2024-12-03T14:23:21.978+0000] {logging_mixin.py:190} INFO - [2024-12-03T14:23:21.978+0000] {dag.py:3239} INFO - Sync 1 DAGs
[2024-12-03T14:23:22.002+0000] {logging_mixin.py:190} INFO - [2024-12-03T14:23:22.001+0000] {dag.py:4180} INFO - Setting next_dagrun for example_sensor_decorator to None, run_after=None
[2024-12-03T14:23:22.030+0000] {processor.py:208} INFO - Processing /home/airflow/.local/lib/python3.12/site-packages/airflow/example_dags/example_sensor_decorator.py took 0.098 seconds
[2024-12-03T14:23:56.053+0000] {processor.py:186} INFO - Started process (PID=675) to work on /home/airflow/.local/lib/python3.12/site-packages/airflow/example_dags/example_sensor_decorator.py
[2024-12-03T14:23:56.055+0000] {processor.py:914} INFO - Processing file /home/airflow/.local/lib/python3.12/site-packages/airflow/example_dags/example_sensor_decorator.py for tasks to queue
[2024-12-03T14:23:56.058+0000] {logging_mixin.py:190} INFO - [2024-12-03T14:23:56.058+0000] {dagbag.py:588} INFO - Filling up the DagBag from /home/airflow/.local/lib/python3.12/site-packages/airflow/example_dags/example_sensor_decorator.py
[2024-12-03T14:23:56.073+0000] {processor.py:925} INFO - DAG(s) 'example_sensor_decorator' retrieved from /home/airflow/.local/lib/python3.12/site-packages/airflow/example_dags/example_sensor_decorator.py
[2024-12-03T14:23:56.120+0000] {logging_mixin.py:190} INFO - [2024-12-03T14:23:56.119+0000] {dag.py:3239} INFO - Sync 1 DAGs
[2024-12-03T14:23:56.144+0000] {logging_mixin.py:190} INFO - [2024-12-03T14:23:56.143+0000] {dag.py:4180} INFO - Setting next_dagrun for example_sensor_decorator to None, run_after=None
[2024-12-03T14:23:56.193+0000] {processor.py:208} INFO - Processing /home/airflow/.local/lib/python3.12/site-packages/airflow/example_dags/example_sensor_decorator.py took 0.153 seconds
[2024-12-03T14:24:26.857+0000] {processor.py:186} INFO - Started process (PID=745) to work on /home/airflow/.local/lib/python3.12/site-packages/airflow/example_dags/example_sensor_decorator.py
[2024-12-03T14:24:26.858+0000] {processor.py:914} INFO - Processing file /home/airflow/.local/lib/python3.12/site-packages/airflow/example_dags/example_sensor_decorator.py for tasks to queue
[2024-12-03T14:24:26.861+0000] {logging_mixin.py:190} INFO - [2024-12-03T14:24:26.861+0000] {dagbag.py:588} INFO - Filling up the DagBag from /home/airflow/.local/lib/python3.12/site-packages/airflow/example_dags/example_sensor_decorator.py
[2024-12-03T14:24:26.872+0000] {processor.py:925} INFO - DAG(s) 'example_sensor_decorator' retrieved from /home/airflow/.local/lib/python3.12/site-packages/airflow/example_dags/example_sensor_decorator.py
[2024-12-03T14:24:26.898+0000] {logging_mixin.py:190} INFO - [2024-12-03T14:24:26.897+0000] {dag.py:3239} INFO - Sync 1 DAGs
[2024-12-03T14:24:26.915+0000] {logging_mixin.py:190} INFO - [2024-12-03T14:24:26.915+0000] {dag.py:4180} INFO - Setting next_dagrun for example_sensor_decorator to None, run_after=None
[2024-12-03T14:24:26.942+0000] {processor.py:208} INFO - Processing /home/airflow/.local/lib/python3.12/site-packages/airflow/example_dags/example_sensor_decorator.py took 0.092 seconds
