[2024-12-03T13:57:19.352+0000] {processor.py:186} INFO - Started process (PID=109) to work on /home/airflow/.local/lib/python3.12/site-packages/airflow/example_dags/example_xcomargs.py
[2024-12-03T13:57:19.354+0000] {processor.py:914} INFO - Processing file /home/airflow/.local/lib/python3.12/site-packages/airflow/example_dags/example_xcomargs.py for tasks to queue
[2024-12-03T13:57:19.360+0000] {logging_mixin.py:190} INFO - [2024-12-03T13:57:19.359+0000] {dagbag.py:588} INFO - Filling up the DagBag from /home/airflow/.local/lib/python3.12/site-packages/airflow/example_dags/example_xcomargs.py
[2024-12-03T13:57:19.384+0000] {processor.py:925} INFO - DAG(s) 'example_xcom_args', 'example_xcom_args_with_operators' retrieved from /home/airflow/.local/lib/python3.12/site-packages/airflow/example_dags/example_xcomargs.py
[2024-12-03T13:57:19.665+0000] {logging_mixin.py:190} INFO - [2024-12-03T13:57:19.665+0000] {override.py:1911} INFO - Created Permission View: can delete on DAG:example_xcom_args
[2024-12-03T13:57:19.681+0000] {logging_mixin.py:190} INFO - [2024-12-03T13:57:19.681+0000] {override.py:1911} INFO - Created Permission View: can read on DAG:example_xcom_args
[2024-12-03T13:57:19.693+0000] {logging_mixin.py:190} INFO - [2024-12-03T13:57:19.693+0000] {override.py:1911} INFO - Created Permission View: can edit on DAG:example_xcom_args
[2024-12-03T13:57:19.710+0000] {logging_mixin.py:190} INFO - [2024-12-03T13:57:19.709+0000] {override.py:1911} INFO - Created Permission View: can create on DAG Run:example_xcom_args
[2024-12-03T13:57:19.727+0000] {logging_mixin.py:190} INFO - [2024-12-03T13:57:19.727+0000] {override.py:1911} INFO - Created Permission View: menu access on DAG Run:example_xcom_args
[2024-12-03T13:57:19.742+0000] {logging_mixin.py:190} INFO - [2024-12-03T13:57:19.742+0000] {override.py:1911} INFO - Created Permission View: can delete on DAG Run:example_xcom_args
[2024-12-03T13:57:19.753+0000] {logging_mixin.py:190} INFO - [2024-12-03T13:57:19.752+0000] {override.py:1911} INFO - Created Permission View: can read on DAG Run:example_xcom_args
[2024-12-03T13:57:19.775+0000] {logging_mixin.py:190} INFO - [2024-12-03T13:57:19.775+0000] {override.py:1911} INFO - Created Permission View: can delete on DAG:example_xcom_args_with_operators
[2024-12-03T13:57:19.788+0000] {logging_mixin.py:190} INFO - [2024-12-03T13:57:19.788+0000] {override.py:1911} INFO - Created Permission View: can read on DAG:example_xcom_args_with_operators
[2024-12-03T13:57:19.802+0000] {logging_mixin.py:190} INFO - [2024-12-03T13:57:19.802+0000] {override.py:1911} INFO - Created Permission View: can edit on DAG:example_xcom_args_with_operators
[2024-12-03T13:57:19.818+0000] {logging_mixin.py:190} INFO - [2024-12-03T13:57:19.817+0000] {override.py:1911} INFO - Created Permission View: can create on DAG Run:example_xcom_args_with_operators
[2024-12-03T13:57:19.830+0000] {logging_mixin.py:190} INFO - [2024-12-03T13:57:19.830+0000] {override.py:1911} INFO - Created Permission View: menu access on DAG Run:example_xcom_args_with_operators
[2024-12-03T13:57:19.841+0000] {logging_mixin.py:190} INFO - [2024-12-03T13:57:19.841+0000] {override.py:1911} INFO - Created Permission View: can delete on DAG Run:example_xcom_args_with_operators
[2024-12-03T13:57:19.852+0000] {logging_mixin.py:190} INFO - [2024-12-03T13:57:19.851+0000] {override.py:1911} INFO - Created Permission View: can read on DAG Run:example_xcom_args_with_operators
[2024-12-03T13:57:19.854+0000] {logging_mixin.py:190} INFO - [2024-12-03T13:57:19.853+0000] {dag.py:3239} INFO - Sync 2 DAGs
[2024-12-03T13:57:19.873+0000] {logging_mixin.py:190} INFO - [2024-12-03T13:57:19.873+0000] {dag.py:3262} INFO - Creating ORM DAG for example_xcom_args_with_operators
[2024-12-03T13:57:19.875+0000] {logging_mixin.py:190} INFO - [2024-12-03T13:57:19.875+0000] {dag.py:3262} INFO - Creating ORM DAG for example_xcom_args
[2024-12-03T13:57:19.877+0000] {logging_mixin.py:190} INFO - [2024-12-03T13:57:19.877+0000] {dag.py:4180} INFO - Setting next_dagrun for example_xcom_args to None, run_after=None
[2024-12-03T13:57:19.879+0000] {logging_mixin.py:190} INFO - [2024-12-03T13:57:19.879+0000] {dag.py:4180} INFO - Setting next_dagrun for example_xcom_args_with_operators to None, run_after=None
[2024-12-03T13:57:19.920+0000] {processor.py:208} INFO - Processing /home/airflow/.local/lib/python3.12/site-packages/airflow/example_dags/example_xcomargs.py took 0.579 seconds
[2024-12-03T14:19:22.799+0000] {processor.py:186} INFO - Started process (PID=113) to work on /home/airflow/.local/lib/python3.12/site-packages/airflow/example_dags/example_xcomargs.py
[2024-12-03T14:19:22.801+0000] {processor.py:914} INFO - Processing file /home/airflow/.local/lib/python3.12/site-packages/airflow/example_dags/example_xcomargs.py for tasks to queue
[2024-12-03T14:19:22.803+0000] {logging_mixin.py:190} INFO - [2024-12-03T14:19:22.802+0000] {dagbag.py:588} INFO - Filling up the DagBag from /home/airflow/.local/lib/python3.12/site-packages/airflow/example_dags/example_xcomargs.py
[2024-12-03T14:19:22.821+0000] {processor.py:925} INFO - DAG(s) 'example_xcom_args', 'example_xcom_args_with_operators' retrieved from /home/airflow/.local/lib/python3.12/site-packages/airflow/example_dags/example_xcomargs.py
[2024-12-03T14:19:22.986+0000] {logging_mixin.py:190} INFO - [2024-12-03T14:19:22.984+0000] {override.py:1911} INFO - Created Permission View: can read on DAG:example_xcom_args
[2024-12-03T14:19:23.011+0000] {logging_mixin.py:190} INFO - [2024-12-03T14:19:23.011+0000] {override.py:1911} INFO - Created Permission View: can edit on DAG:example_xcom_args
[2024-12-03T14:19:23.027+0000] {logging_mixin.py:190} INFO - [2024-12-03T14:19:23.026+0000] {override.py:1911} INFO - Created Permission View: can delete on DAG:example_xcom_args
[2024-12-03T14:19:23.044+0000] {logging_mixin.py:190} INFO - [2024-12-03T14:19:23.044+0000] {override.py:1911} INFO - Created Permission View: can read on DAG Run:example_xcom_args
[2024-12-03T14:19:23.064+0000] {logging_mixin.py:190} INFO - [2024-12-03T14:19:23.063+0000] {override.py:1911} INFO - Created Permission View: menu access on DAG Run:example_xcom_args
[2024-12-03T14:19:23.082+0000] {logging_mixin.py:190} INFO - [2024-12-03T14:19:23.082+0000] {override.py:1911} INFO - Created Permission View: can delete on DAG Run:example_xcom_args
[2024-12-03T14:19:23.096+0000] {logging_mixin.py:190} INFO - [2024-12-03T14:19:23.096+0000] {override.py:1911} INFO - Created Permission View: can create on DAG Run:example_xcom_args
[2024-12-03T14:19:23.130+0000] {logging_mixin.py:190} INFO - [2024-12-03T14:19:23.130+0000] {override.py:1911} INFO - Created Permission View: can read on DAG:example_xcom_args_with_operators
[2024-12-03T14:19:23.146+0000] {logging_mixin.py:190} INFO - [2024-12-03T14:19:23.146+0000] {override.py:1911} INFO - Created Permission View: can edit on DAG:example_xcom_args_with_operators
[2024-12-03T14:19:23.166+0000] {logging_mixin.py:190} INFO - [2024-12-03T14:19:23.166+0000] {override.py:1911} INFO - Created Permission View: can delete on DAG:example_xcom_args_with_operators
[2024-12-03T14:19:23.186+0000] {logging_mixin.py:190} INFO - [2024-12-03T14:19:23.186+0000] {override.py:1911} INFO - Created Permission View: can read on DAG Run:example_xcom_args_with_operators
[2024-12-03T14:19:23.204+0000] {logging_mixin.py:190} INFO - [2024-12-03T14:19:23.203+0000] {override.py:1911} INFO - Created Permission View: menu access on DAG Run:example_xcom_args_with_operators
[2024-12-03T14:19:23.226+0000] {logging_mixin.py:190} INFO - [2024-12-03T14:19:23.225+0000] {override.py:1911} INFO - Created Permission View: can delete on DAG Run:example_xcom_args_with_operators
[2024-12-03T14:19:23.245+0000] {logging_mixin.py:190} INFO - [2024-12-03T14:19:23.244+0000] {override.py:1911} INFO - Created Permission View: can create on DAG Run:example_xcom_args_with_operators
[2024-12-03T14:19:23.246+0000] {logging_mixin.py:190} INFO - [2024-12-03T14:19:23.246+0000] {dag.py:3239} INFO - Sync 2 DAGs
[2024-12-03T14:19:23.287+0000] {logging_mixin.py:190} INFO - [2024-12-03T14:19:23.285+0000] {dag.py:3262} INFO - Creating ORM DAG for example_xcom_args_with_operators
[2024-12-03T14:19:23.289+0000] {logging_mixin.py:190} INFO - [2024-12-03T14:19:23.288+0000] {dag.py:3262} INFO - Creating ORM DAG for example_xcom_args
[2024-12-03T14:19:23.291+0000] {logging_mixin.py:190} INFO - [2024-12-03T14:19:23.290+0000] {dag.py:4180} INFO - Setting next_dagrun for example_xcom_args to None, run_after=None
[2024-12-03T14:19:23.293+0000] {logging_mixin.py:190} INFO - [2024-12-03T14:19:23.293+0000] {dag.py:4180} INFO - Setting next_dagrun for example_xcom_args_with_operators to None, run_after=None
[2024-12-03T14:19:23.354+0000] {processor.py:208} INFO - Processing /home/airflow/.local/lib/python3.12/site-packages/airflow/example_dags/example_xcomargs.py took 0.562 seconds
[2024-12-03T14:19:53.829+0000] {processor.py:186} INFO - Started process (PID=176) to work on /home/airflow/.local/lib/python3.12/site-packages/airflow/example_dags/example_xcomargs.py
[2024-12-03T14:19:53.831+0000] {processor.py:914} INFO - Processing file /home/airflow/.local/lib/python3.12/site-packages/airflow/example_dags/example_xcomargs.py for tasks to queue
[2024-12-03T14:19:53.833+0000] {logging_mixin.py:190} INFO - [2024-12-03T14:19:53.833+0000] {dagbag.py:588} INFO - Filling up the DagBag from /home/airflow/.local/lib/python3.12/site-packages/airflow/example_dags/example_xcomargs.py
[2024-12-03T14:19:53.844+0000] {processor.py:925} INFO - DAG(s) 'example_xcom_args_with_operators', 'example_xcom_args' retrieved from /home/airflow/.local/lib/python3.12/site-packages/airflow/example_dags/example_xcomargs.py
[2024-12-03T14:19:53.874+0000] {logging_mixin.py:190} INFO - [2024-12-03T14:19:53.873+0000] {dag.py:3239} INFO - Sync 2 DAGs
[2024-12-03T14:19:53.890+0000] {logging_mixin.py:190} INFO - [2024-12-03T14:19:53.890+0000] {dag.py:4180} INFO - Setting next_dagrun for example_xcom_args to None, run_after=None
[2024-12-03T14:19:53.895+0000] {logging_mixin.py:190} INFO - [2024-12-03T14:19:53.895+0000] {dag.py:4180} INFO - Setting next_dagrun for example_xcom_args_with_operators to None, run_after=None
[2024-12-03T14:19:53.920+0000] {processor.py:208} INFO - Processing /home/airflow/.local/lib/python3.12/site-packages/airflow/example_dags/example_xcomargs.py took 0.095 seconds
[2024-12-03T14:20:24.026+0000] {processor.py:186} INFO - Started process (PID=240) to work on /home/airflow/.local/lib/python3.12/site-packages/airflow/example_dags/example_xcomargs.py
[2024-12-03T14:20:24.028+0000] {processor.py:914} INFO - Processing file /home/airflow/.local/lib/python3.12/site-packages/airflow/example_dags/example_xcomargs.py for tasks to queue
[2024-12-03T14:20:24.030+0000] {logging_mixin.py:190} INFO - [2024-12-03T14:20:24.029+0000] {dagbag.py:588} INFO - Filling up the DagBag from /home/airflow/.local/lib/python3.12/site-packages/airflow/example_dags/example_xcomargs.py
[2024-12-03T14:20:24.041+0000] {processor.py:925} INFO - DAG(s) 'example_xcom_args_with_operators', 'example_xcom_args' retrieved from /home/airflow/.local/lib/python3.12/site-packages/airflow/example_dags/example_xcomargs.py
[2024-12-03T14:20:24.070+0000] {logging_mixin.py:190} INFO - [2024-12-03T14:20:24.070+0000] {dag.py:3239} INFO - Sync 2 DAGs
[2024-12-03T14:20:24.089+0000] {logging_mixin.py:190} INFO - [2024-12-03T14:20:24.089+0000] {dag.py:4180} INFO - Setting next_dagrun for example_xcom_args to None, run_after=None
[2024-12-03T14:20:24.095+0000] {logging_mixin.py:190} INFO - [2024-12-03T14:20:24.095+0000] {dag.py:4180} INFO - Setting next_dagrun for example_xcom_args_with_operators to None, run_after=None
[2024-12-03T14:20:24.123+0000] {processor.py:208} INFO - Processing /home/airflow/.local/lib/python3.12/site-packages/airflow/example_dags/example_xcomargs.py took 0.102 seconds
[2024-12-03T14:20:54.942+0000] {processor.py:186} INFO - Started process (PID=304) to work on /home/airflow/.local/lib/python3.12/site-packages/airflow/example_dags/example_xcomargs.py
[2024-12-03T14:20:54.943+0000] {processor.py:914} INFO - Processing file /home/airflow/.local/lib/python3.12/site-packages/airflow/example_dags/example_xcomargs.py for tasks to queue
[2024-12-03T14:20:54.944+0000] {logging_mixin.py:190} INFO - [2024-12-03T14:20:54.944+0000] {dagbag.py:588} INFO - Filling up the DagBag from /home/airflow/.local/lib/python3.12/site-packages/airflow/example_dags/example_xcomargs.py
[2024-12-03T14:20:54.954+0000] {processor.py:925} INFO - DAG(s) 'example_xcom_args', 'example_xcom_args_with_operators' retrieved from /home/airflow/.local/lib/python3.12/site-packages/airflow/example_dags/example_xcomargs.py
[2024-12-03T14:20:54.980+0000] {logging_mixin.py:190} INFO - [2024-12-03T14:20:54.980+0000] {dag.py:3239} INFO - Sync 2 DAGs
[2024-12-03T14:20:54.996+0000] {logging_mixin.py:190} INFO - [2024-12-03T14:20:54.996+0000] {dag.py:4180} INFO - Setting next_dagrun for example_xcom_args to None, run_after=None
[2024-12-03T14:20:55.002+0000] {logging_mixin.py:190} INFO - [2024-12-03T14:20:55.002+0000] {dag.py:4180} INFO - Setting next_dagrun for example_xcom_args_with_operators to None, run_after=None
[2024-12-03T14:20:55.028+0000] {processor.py:208} INFO - Processing /home/airflow/.local/lib/python3.12/site-packages/airflow/example_dags/example_xcomargs.py took 0.091 seconds
[2024-12-03T14:21:25.336+0000] {processor.py:186} INFO - Started process (PID=369) to work on /home/airflow/.local/lib/python3.12/site-packages/airflow/example_dags/example_xcomargs.py
[2024-12-03T14:21:25.337+0000] {processor.py:914} INFO - Processing file /home/airflow/.local/lib/python3.12/site-packages/airflow/example_dags/example_xcomargs.py for tasks to queue
[2024-12-03T14:21:25.340+0000] {logging_mixin.py:190} INFO - [2024-12-03T14:21:25.340+0000] {dagbag.py:588} INFO - Filling up the DagBag from /home/airflow/.local/lib/python3.12/site-packages/airflow/example_dags/example_xcomargs.py
[2024-12-03T14:21:25.358+0000] {processor.py:925} INFO - DAG(s) 'example_xcom_args', 'example_xcom_args_with_operators' retrieved from /home/airflow/.local/lib/python3.12/site-packages/airflow/example_dags/example_xcomargs.py
[2024-12-03T14:21:25.409+0000] {logging_mixin.py:190} INFO - [2024-12-03T14:21:25.408+0000] {dag.py:3239} INFO - Sync 2 DAGs
[2024-12-03T14:21:25.433+0000] {logging_mixin.py:190} INFO - [2024-12-03T14:21:25.433+0000] {dag.py:4180} INFO - Setting next_dagrun for example_xcom_args to None, run_after=None
[2024-12-03T14:21:25.442+0000] {logging_mixin.py:190} INFO - [2024-12-03T14:21:25.442+0000] {dag.py:4180} INFO - Setting next_dagrun for example_xcom_args_with_operators to None, run_after=None
[2024-12-03T14:21:25.477+0000] {processor.py:208} INFO - Processing /home/airflow/.local/lib/python3.12/site-packages/airflow/example_dags/example_xcomargs.py took 0.151 seconds
[2024-12-03T14:21:55.620+0000] {processor.py:186} INFO - Started process (PID=433) to work on /home/airflow/.local/lib/python3.12/site-packages/airflow/example_dags/example_xcomargs.py
[2024-12-03T14:21:55.621+0000] {processor.py:914} INFO - Processing file /home/airflow/.local/lib/python3.12/site-packages/airflow/example_dags/example_xcomargs.py for tasks to queue
[2024-12-03T14:21:55.624+0000] {logging_mixin.py:190} INFO - [2024-12-03T14:21:55.623+0000] {dagbag.py:588} INFO - Filling up the DagBag from /home/airflow/.local/lib/python3.12/site-packages/airflow/example_dags/example_xcomargs.py
[2024-12-03T14:21:55.634+0000] {processor.py:925} INFO - DAG(s) 'example_xcom_args', 'example_xcom_args_with_operators' retrieved from /home/airflow/.local/lib/python3.12/site-packages/airflow/example_dags/example_xcomargs.py
[2024-12-03T14:21:55.663+0000] {logging_mixin.py:190} INFO - [2024-12-03T14:21:55.663+0000] {dag.py:3239} INFO - Sync 2 DAGs
[2024-12-03T14:21:55.680+0000] {logging_mixin.py:190} INFO - [2024-12-03T14:21:55.680+0000] {dag.py:4180} INFO - Setting next_dagrun for example_xcom_args to None, run_after=None
[2024-12-03T14:21:55.685+0000] {logging_mixin.py:190} INFO - [2024-12-03T14:21:55.685+0000] {dag.py:4180} INFO - Setting next_dagrun for example_xcom_args_with_operators to None, run_after=None
[2024-12-03T14:21:55.713+0000] {processor.py:208} INFO - Processing /home/airflow/.local/lib/python3.12/site-packages/airflow/example_dags/example_xcomargs.py took 0.100 seconds
[2024-12-03T14:22:26.091+0000] {processor.py:186} INFO - Started process (PID=498) to work on /home/airflow/.local/lib/python3.12/site-packages/airflow/example_dags/example_xcomargs.py
[2024-12-03T14:22:26.092+0000] {processor.py:914} INFO - Processing file /home/airflow/.local/lib/python3.12/site-packages/airflow/example_dags/example_xcomargs.py for tasks to queue
[2024-12-03T14:22:26.094+0000] {logging_mixin.py:190} INFO - [2024-12-03T14:22:26.094+0000] {dagbag.py:588} INFO - Filling up the DagBag from /home/airflow/.local/lib/python3.12/site-packages/airflow/example_dags/example_xcomargs.py
[2024-12-03T14:22:26.110+0000] {processor.py:925} INFO - DAG(s) 'example_xcom_args', 'example_xcom_args_with_operators' retrieved from /home/airflow/.local/lib/python3.12/site-packages/airflow/example_dags/example_xcomargs.py
[2024-12-03T14:22:26.145+0000] {logging_mixin.py:190} INFO - [2024-12-03T14:22:26.145+0000] {dag.py:3239} INFO - Sync 2 DAGs
[2024-12-03T14:22:26.165+0000] {logging_mixin.py:190} INFO - [2024-12-03T14:22:26.165+0000] {dag.py:4180} INFO - Setting next_dagrun for example_xcom_args to None, run_after=None
[2024-12-03T14:22:26.174+0000] {logging_mixin.py:190} INFO - [2024-12-03T14:22:26.173+0000] {dag.py:4180} INFO - Setting next_dagrun for example_xcom_args_with_operators to None, run_after=None
[2024-12-03T14:22:26.202+0000] {processor.py:208} INFO - Processing /home/airflow/.local/lib/python3.12/site-packages/airflow/example_dags/example_xcomargs.py took 0.118 seconds
[2024-12-03T14:22:56.421+0000] {processor.py:186} INFO - Started process (PID=568) to work on /home/airflow/.local/lib/python3.12/site-packages/airflow/example_dags/example_xcomargs.py
[2024-12-03T14:22:56.422+0000] {processor.py:914} INFO - Processing file /home/airflow/.local/lib/python3.12/site-packages/airflow/example_dags/example_xcomargs.py for tasks to queue
[2024-12-03T14:22:56.424+0000] {logging_mixin.py:190} INFO - [2024-12-03T14:22:56.423+0000] {dagbag.py:588} INFO - Filling up the DagBag from /home/airflow/.local/lib/python3.12/site-packages/airflow/example_dags/example_xcomargs.py
[2024-12-03T14:22:56.436+0000] {processor.py:925} INFO - DAG(s) 'example_xcom_args', 'example_xcom_args_with_operators' retrieved from /home/airflow/.local/lib/python3.12/site-packages/airflow/example_dags/example_xcomargs.py
[2024-12-03T14:22:56.466+0000] {logging_mixin.py:190} INFO - [2024-12-03T14:22:56.466+0000] {dag.py:3239} INFO - Sync 2 DAGs
[2024-12-03T14:22:56.484+0000] {logging_mixin.py:190} INFO - [2024-12-03T14:22:56.483+0000] {dag.py:4180} INFO - Setting next_dagrun for example_xcom_args to None, run_after=None
[2024-12-03T14:22:56.489+0000] {logging_mixin.py:190} INFO - [2024-12-03T14:22:56.489+0000] {dag.py:4180} INFO - Setting next_dagrun for example_xcom_args_with_operators to None, run_after=None
[2024-12-03T14:22:56.515+0000] {processor.py:208} INFO - Processing /home/airflow/.local/lib/python3.12/site-packages/airflow/example_dags/example_xcomargs.py took 0.101 seconds
[2024-12-03T14:23:27.288+0000] {processor.py:186} INFO - Started process (PID=632) to work on /home/airflow/.local/lib/python3.12/site-packages/airflow/example_dags/example_xcomargs.py
[2024-12-03T14:23:27.290+0000] {processor.py:914} INFO - Processing file /home/airflow/.local/lib/python3.12/site-packages/airflow/example_dags/example_xcomargs.py for tasks to queue
[2024-12-03T14:23:27.293+0000] {logging_mixin.py:190} INFO - [2024-12-03T14:23:27.292+0000] {dagbag.py:588} INFO - Filling up the DagBag from /home/airflow/.local/lib/python3.12/site-packages/airflow/example_dags/example_xcomargs.py
[2024-12-03T14:23:27.312+0000] {processor.py:925} INFO - DAG(s) 'example_xcom_args', 'example_xcom_args_with_operators' retrieved from /home/airflow/.local/lib/python3.12/site-packages/airflow/example_dags/example_xcomargs.py
[2024-12-03T14:23:27.354+0000] {logging_mixin.py:190} INFO - [2024-12-03T14:23:27.353+0000] {dag.py:3239} INFO - Sync 2 DAGs
[2024-12-03T14:23:27.378+0000] {logging_mixin.py:190} INFO - [2024-12-03T14:23:27.377+0000] {dag.py:4180} INFO - Setting next_dagrun for example_xcom_args to None, run_after=None
[2024-12-03T14:23:27.384+0000] {logging_mixin.py:190} INFO - [2024-12-03T14:23:27.384+0000] {dag.py:4180} INFO - Setting next_dagrun for example_xcom_args_with_operators to None, run_after=None
[2024-12-03T14:23:27.453+0000] {processor.py:208} INFO - Processing /home/airflow/.local/lib/python3.12/site-packages/airflow/example_dags/example_xcomargs.py took 0.174 seconds
[2024-12-03T14:23:58.867+0000] {processor.py:186} INFO - Started process (PID=696) to work on /home/airflow/.local/lib/python3.12/site-packages/airflow/example_dags/example_xcomargs.py
[2024-12-03T14:23:58.869+0000] {processor.py:914} INFO - Processing file /home/airflow/.local/lib/python3.12/site-packages/airflow/example_dags/example_xcomargs.py for tasks to queue
[2024-12-03T14:23:58.871+0000] {logging_mixin.py:190} INFO - [2024-12-03T14:23:58.870+0000] {dagbag.py:588} INFO - Filling up the DagBag from /home/airflow/.local/lib/python3.12/site-packages/airflow/example_dags/example_xcomargs.py
[2024-12-03T14:23:58.882+0000] {processor.py:925} INFO - DAG(s) 'example_xcom_args', 'example_xcom_args_with_operators' retrieved from /home/airflow/.local/lib/python3.12/site-packages/airflow/example_dags/example_xcomargs.py
[2024-12-03T14:23:58.922+0000] {logging_mixin.py:190} INFO - [2024-12-03T14:23:58.921+0000] {dag.py:3239} INFO - Sync 2 DAGs
[2024-12-03T14:23:58.948+0000] {logging_mixin.py:190} INFO - [2024-12-03T14:23:58.948+0000] {dag.py:4180} INFO - Setting next_dagrun for example_xcom_args to None, run_after=None
[2024-12-03T14:23:58.955+0000] {logging_mixin.py:190} INFO - [2024-12-03T14:23:58.954+0000] {dag.py:4180} INFO - Setting next_dagrun for example_xcom_args_with_operators to None, run_after=None
[2024-12-03T14:23:58.983+0000] {processor.py:208} INFO - Processing /home/airflow/.local/lib/python3.12/site-packages/airflow/example_dags/example_xcomargs.py took 0.122 seconds
[2024-12-03T14:24:29.402+0000] {processor.py:186} INFO - Started process (PID=760) to work on /home/airflow/.local/lib/python3.12/site-packages/airflow/example_dags/example_xcomargs.py
[2024-12-03T14:24:29.404+0000] {processor.py:914} INFO - Processing file /home/airflow/.local/lib/python3.12/site-packages/airflow/example_dags/example_xcomargs.py for tasks to queue
[2024-12-03T14:24:29.405+0000] {logging_mixin.py:190} INFO - [2024-12-03T14:24:29.405+0000] {dagbag.py:588} INFO - Filling up the DagBag from /home/airflow/.local/lib/python3.12/site-packages/airflow/example_dags/example_xcomargs.py
[2024-12-03T14:24:29.415+0000] {processor.py:925} INFO - DAG(s) 'example_xcom_args_with_operators', 'example_xcom_args' retrieved from /home/airflow/.local/lib/python3.12/site-packages/airflow/example_dags/example_xcomargs.py
[2024-12-03T14:24:29.444+0000] {logging_mixin.py:190} INFO - [2024-12-03T14:24:29.443+0000] {dag.py:3239} INFO - Sync 2 DAGs
[2024-12-03T14:24:29.458+0000] {logging_mixin.py:190} INFO - [2024-12-03T14:24:29.458+0000] {dag.py:4180} INFO - Setting next_dagrun for example_xcom_args to None, run_after=None
[2024-12-03T14:24:29.463+0000] {logging_mixin.py:190} INFO - [2024-12-03T14:24:29.463+0000] {dag.py:4180} INFO - Setting next_dagrun for example_xcom_args_with_operators to None, run_after=None
[2024-12-03T14:24:29.486+0000] {processor.py:208} INFO - Processing /home/airflow/.local/lib/python3.12/site-packages/airflow/example_dags/example_xcomargs.py took 0.088 seconds
