[2024-12-03T13:57:16.567+0000] {processor.py:186} INFO - Started process (PID=102) to work on /home/airflow/.local/lib/python3.12/site-packages/airflow/example_dags/example_sensors.py
[2024-12-03T13:57:16.570+0000] {processor.py:914} INFO - Processing file /home/airflow/.local/lib/python3.12/site-packages/airflow/example_dags/example_sensors.py for tasks to queue
[2024-12-03T13:57:16.576+0000] {logging_mixin.py:190} INFO - [2024-12-03T13:57:16.575+0000] {dagbag.py:588} INFO - Filling up the DagBag from /home/airflow/.local/lib/python3.12/site-packages/airflow/example_dags/example_sensors.py
[2024-12-03T13:57:16.598+0000] {processor.py:925} INFO - DAG(s) 'example_sensors' retrieved from /home/airflow/.local/lib/python3.12/site-packages/airflow/example_dags/example_sensors.py
[2024-12-03T13:57:16.726+0000] {logging_mixin.py:190} INFO - [2024-12-03T13:57:16.725+0000] {override.py:1911} INFO - Created Permission View: can delete on DAG:example_sensors
[2024-12-03T13:57:16.746+0000] {logging_mixin.py:190} INFO - [2024-12-03T13:57:16.746+0000] {override.py:1911} INFO - Created Permission View: can read on DAG:example_sensors
[2024-12-03T13:57:16.762+0000] {logging_mixin.py:190} INFO - [2024-12-03T13:57:16.762+0000] {override.py:1911} INFO - Created Permission View: can edit on DAG:example_sensors
[2024-12-03T13:57:16.780+0000] {logging_mixin.py:190} INFO - [2024-12-03T13:57:16.779+0000] {override.py:1911} INFO - Created Permission View: can create on DAG Run:example_sensors
[2024-12-03T13:57:16.796+0000] {logging_mixin.py:190} INFO - [2024-12-03T13:57:16.796+0000] {override.py:1911} INFO - Created Permission View: menu access on DAG Run:example_sensors
[2024-12-03T13:57:16.810+0000] {logging_mixin.py:190} INFO - [2024-12-03T13:57:16.810+0000] {override.py:1911} INFO - Created Permission View: can delete on DAG Run:example_sensors
[2024-12-03T13:57:16.823+0000] {logging_mixin.py:190} INFO - [2024-12-03T13:57:16.823+0000] {override.py:1911} INFO - Created Permission View: can read on DAG Run:example_sensors
[2024-12-03T13:57:16.825+0000] {logging_mixin.py:190} INFO - [2024-12-03T13:57:16.825+0000] {dag.py:3239} INFO - Sync 1 DAGs
[2024-12-03T13:57:16.846+0000] {logging_mixin.py:190} INFO - [2024-12-03T13:57:16.846+0000] {dag.py:3262} INFO - Creating ORM DAG for example_sensors
[2024-12-03T13:57:16.849+0000] {logging_mixin.py:190} INFO - [2024-12-03T13:57:16.849+0000] {dag.py:4180} INFO - Setting next_dagrun for example_sensors to None, run_after=None
[2024-12-03T13:57:16.878+0000] {processor.py:208} INFO - Processing /home/airflow/.local/lib/python3.12/site-packages/airflow/example_dags/example_sensors.py took 0.320 seconds
[2024-12-03T14:19:15.235+0000] {processor.py:186} INFO - Started process (PID=91) to work on /home/airflow/.local/lib/python3.12/site-packages/airflow/example_dags/example_sensors.py
[2024-12-03T14:19:15.239+0000] {processor.py:914} INFO - Processing file /home/airflow/.local/lib/python3.12/site-packages/airflow/example_dags/example_sensors.py for tasks to queue
[2024-12-03T14:19:15.242+0000] {logging_mixin.py:190} INFO - [2024-12-03T14:19:15.242+0000] {dagbag.py:588} INFO - Filling up the DagBag from /home/airflow/.local/lib/python3.12/site-packages/airflow/example_dags/example_sensors.py
[2024-12-03T14:19:15.336+0000] {processor.py:925} INFO - DAG(s) 'example_sensors' retrieved from /home/airflow/.local/lib/python3.12/site-packages/airflow/example_dags/example_sensors.py
[2024-12-03T14:19:15.803+0000] {logging_mixin.py:190} INFO - [2024-12-03T14:19:15.802+0000] {override.py:1911} INFO - Created Permission View: can read on DAG:example_sensors
[2024-12-03T14:19:15.837+0000] {logging_mixin.py:190} INFO - [2024-12-03T14:19:15.836+0000] {override.py:1911} INFO - Created Permission View: can edit on DAG:example_sensors
[2024-12-03T14:19:15.857+0000] {logging_mixin.py:190} INFO - [2024-12-03T14:19:15.857+0000] {override.py:1911} INFO - Created Permission View: can delete on DAG:example_sensors
[2024-12-03T14:19:15.881+0000] {logging_mixin.py:190} INFO - [2024-12-03T14:19:15.880+0000] {override.py:1911} INFO - Created Permission View: can read on DAG Run:example_sensors
[2024-12-03T14:19:15.902+0000] {logging_mixin.py:190} INFO - [2024-12-03T14:19:15.901+0000] {override.py:1911} INFO - Created Permission View: menu access on DAG Run:example_sensors
[2024-12-03T14:19:15.924+0000] {logging_mixin.py:190} INFO - [2024-12-03T14:19:15.923+0000] {override.py:1911} INFO - Created Permission View: can delete on DAG Run:example_sensors
[2024-12-03T14:19:15.945+0000] {logging_mixin.py:190} INFO - [2024-12-03T14:19:15.944+0000] {override.py:1911} INFO - Created Permission View: can create on DAG Run:example_sensors
[2024-12-03T14:19:15.947+0000] {logging_mixin.py:190} INFO - [2024-12-03T14:19:15.947+0000] {dag.py:3239} INFO - Sync 1 DAGs
[2024-12-03T14:19:16.032+0000] {logging_mixin.py:190} INFO - [2024-12-03T14:19:16.031+0000] {dag.py:3262} INFO - Creating ORM DAG for example_sensors
[2024-12-03T14:19:16.037+0000] {logging_mixin.py:190} INFO - [2024-12-03T14:19:16.036+0000] {dag.py:4180} INFO - Setting next_dagrun for example_sensors to None, run_after=None
[2024-12-03T14:19:16.326+0000] {processor.py:208} INFO - Processing /home/airflow/.local/lib/python3.12/site-packages/airflow/example_dags/example_sensors.py took 1.128 seconds
[2024-12-03T14:19:46.565+0000] {processor.py:186} INFO - Started process (PID=155) to work on /home/airflow/.local/lib/python3.12/site-packages/airflow/example_dags/example_sensors.py
[2024-12-03T14:19:46.568+0000] {processor.py:914} INFO - Processing file /home/airflow/.local/lib/python3.12/site-packages/airflow/example_dags/example_sensors.py for tasks to queue
[2024-12-03T14:19:46.572+0000] {logging_mixin.py:190} INFO - [2024-12-03T14:19:46.571+0000] {dagbag.py:588} INFO - Filling up the DagBag from /home/airflow/.local/lib/python3.12/site-packages/airflow/example_dags/example_sensors.py
[2024-12-03T14:19:46.604+0000] {processor.py:925} INFO - DAG(s) 'example_sensors' retrieved from /home/airflow/.local/lib/python3.12/site-packages/airflow/example_dags/example_sensors.py
[2024-12-03T14:19:46.671+0000] {logging_mixin.py:190} INFO - [2024-12-03T14:19:46.670+0000] {dag.py:3239} INFO - Sync 1 DAGs
[2024-12-03T14:19:46.699+0000] {logging_mixin.py:190} INFO - [2024-12-03T14:19:46.698+0000] {dag.py:4180} INFO - Setting next_dagrun for example_sensors to None, run_after=None
[2024-12-03T14:19:46.747+0000] {processor.py:208} INFO - Processing /home/airflow/.local/lib/python3.12/site-packages/airflow/example_dags/example_sensors.py took 0.196 seconds
[2024-12-03T14:20:17.079+0000] {processor.py:186} INFO - Started process (PID=219) to work on /home/airflow/.local/lib/python3.12/site-packages/airflow/example_dags/example_sensors.py
[2024-12-03T14:20:17.080+0000] {processor.py:914} INFO - Processing file /home/airflow/.local/lib/python3.12/site-packages/airflow/example_dags/example_sensors.py for tasks to queue
[2024-12-03T14:20:17.083+0000] {logging_mixin.py:190} INFO - [2024-12-03T14:20:17.082+0000] {dagbag.py:588} INFO - Filling up the DagBag from /home/airflow/.local/lib/python3.12/site-packages/airflow/example_dags/example_sensors.py
[2024-12-03T14:20:17.094+0000] {processor.py:925} INFO - DAG(s) 'example_sensors' retrieved from /home/airflow/.local/lib/python3.12/site-packages/airflow/example_dags/example_sensors.py
[2024-12-03T14:20:17.124+0000] {logging_mixin.py:190} INFO - [2024-12-03T14:20:17.123+0000] {dag.py:3239} INFO - Sync 1 DAGs
[2024-12-03T14:20:17.139+0000] {logging_mixin.py:190} INFO - [2024-12-03T14:20:17.139+0000] {dag.py:4180} INFO - Setting next_dagrun for example_sensors to None, run_after=None
[2024-12-03T14:20:17.165+0000] {processor.py:208} INFO - Processing /home/airflow/.local/lib/python3.12/site-packages/airflow/example_dags/example_sensors.py took 0.091 seconds
[2024-12-03T14:20:47.443+0000] {processor.py:186} INFO - Started process (PID=283) to work on /home/airflow/.local/lib/python3.12/site-packages/airflow/example_dags/example_sensors.py
[2024-12-03T14:20:47.444+0000] {processor.py:914} INFO - Processing file /home/airflow/.local/lib/python3.12/site-packages/airflow/example_dags/example_sensors.py for tasks to queue
[2024-12-03T14:20:47.447+0000] {logging_mixin.py:190} INFO - [2024-12-03T14:20:47.447+0000] {dagbag.py:588} INFO - Filling up the DagBag from /home/airflow/.local/lib/python3.12/site-packages/airflow/example_dags/example_sensors.py
[2024-12-03T14:20:47.464+0000] {processor.py:925} INFO - DAG(s) 'example_sensors' retrieved from /home/airflow/.local/lib/python3.12/site-packages/airflow/example_dags/example_sensors.py
[2024-12-03T14:20:47.507+0000] {logging_mixin.py:190} INFO - [2024-12-03T14:20:47.506+0000] {dag.py:3239} INFO - Sync 1 DAGs
[2024-12-03T14:20:47.530+0000] {logging_mixin.py:190} INFO - [2024-12-03T14:20:47.529+0000] {dag.py:4180} INFO - Setting next_dagrun for example_sensors to None, run_after=None
[2024-12-03T14:20:47.585+0000] {processor.py:208} INFO - Processing /home/airflow/.local/lib/python3.12/site-packages/airflow/example_dags/example_sensors.py took 0.154 seconds
[2024-12-03T14:21:18.275+0000] {processor.py:186} INFO - Started process (PID=348) to work on /home/airflow/.local/lib/python3.12/site-packages/airflow/example_dags/example_sensors.py
[2024-12-03T14:21:18.276+0000] {processor.py:914} INFO - Processing file /home/airflow/.local/lib/python3.12/site-packages/airflow/example_dags/example_sensors.py for tasks to queue
[2024-12-03T14:21:18.278+0000] {logging_mixin.py:190} INFO - [2024-12-03T14:21:18.278+0000] {dagbag.py:588} INFO - Filling up the DagBag from /home/airflow/.local/lib/python3.12/site-packages/airflow/example_dags/example_sensors.py
[2024-12-03T14:21:18.290+0000] {processor.py:925} INFO - DAG(s) 'example_sensors' retrieved from /home/airflow/.local/lib/python3.12/site-packages/airflow/example_dags/example_sensors.py
[2024-12-03T14:21:18.322+0000] {logging_mixin.py:190} INFO - [2024-12-03T14:21:18.321+0000] {dag.py:3239} INFO - Sync 1 DAGs
[2024-12-03T14:21:18.343+0000] {logging_mixin.py:190} INFO - [2024-12-03T14:21:18.343+0000] {dag.py:4180} INFO - Setting next_dagrun for example_sensors to None, run_after=None
[2024-12-03T14:21:18.375+0000] {processor.py:208} INFO - Processing /home/airflow/.local/lib/python3.12/site-packages/airflow/example_dags/example_sensors.py took 0.106 seconds
[2024-12-03T14:21:48.595+0000] {processor.py:186} INFO - Started process (PID=412) to work on /home/airflow/.local/lib/python3.12/site-packages/airflow/example_dags/example_sensors.py
[2024-12-03T14:21:48.596+0000] {processor.py:914} INFO - Processing file /home/airflow/.local/lib/python3.12/site-packages/airflow/example_dags/example_sensors.py for tasks to queue
[2024-12-03T14:21:48.598+0000] {logging_mixin.py:190} INFO - [2024-12-03T14:21:48.598+0000] {dagbag.py:588} INFO - Filling up the DagBag from /home/airflow/.local/lib/python3.12/site-packages/airflow/example_dags/example_sensors.py
[2024-12-03T14:21:48.609+0000] {processor.py:925} INFO - DAG(s) 'example_sensors' retrieved from /home/airflow/.local/lib/python3.12/site-packages/airflow/example_dags/example_sensors.py
[2024-12-03T14:21:48.638+0000] {logging_mixin.py:190} INFO - [2024-12-03T14:21:48.638+0000] {dag.py:3239} INFO - Sync 1 DAGs
[2024-12-03T14:21:48.654+0000] {logging_mixin.py:190} INFO - [2024-12-03T14:21:48.653+0000] {dag.py:4180} INFO - Setting next_dagrun for example_sensors to None, run_after=None
[2024-12-03T14:21:48.681+0000] {processor.py:208} INFO - Processing /home/airflow/.local/lib/python3.12/site-packages/airflow/example_dags/example_sensors.py took 0.091 seconds
[2024-12-03T14:22:19.240+0000] {processor.py:186} INFO - Started process (PID=477) to work on /home/airflow/.local/lib/python3.12/site-packages/airflow/example_dags/example_sensors.py
[2024-12-03T14:22:19.241+0000] {processor.py:914} INFO - Processing file /home/airflow/.local/lib/python3.12/site-packages/airflow/example_dags/example_sensors.py for tasks to queue
[2024-12-03T14:22:19.243+0000] {logging_mixin.py:190} INFO - [2024-12-03T14:22:19.243+0000] {dagbag.py:588} INFO - Filling up the DagBag from /home/airflow/.local/lib/python3.12/site-packages/airflow/example_dags/example_sensors.py
[2024-12-03T14:22:19.258+0000] {processor.py:925} INFO - DAG(s) 'example_sensors' retrieved from /home/airflow/.local/lib/python3.12/site-packages/airflow/example_dags/example_sensors.py
[2024-12-03T14:22:19.295+0000] {logging_mixin.py:190} INFO - [2024-12-03T14:22:19.295+0000] {dag.py:3239} INFO - Sync 1 DAGs
[2024-12-03T14:22:19.313+0000] {logging_mixin.py:190} INFO - [2024-12-03T14:22:19.313+0000] {dag.py:4180} INFO - Setting next_dagrun for example_sensors to None, run_after=None
[2024-12-03T14:22:19.357+0000] {processor.py:208} INFO - Processing /home/airflow/.local/lib/python3.12/site-packages/airflow/example_dags/example_sensors.py took 0.123 seconds
[2024-12-03T14:22:49.578+0000] {processor.py:186} INFO - Started process (PID=541) to work on /home/airflow/.local/lib/python3.12/site-packages/airflow/example_dags/example_sensors.py
[2024-12-03T14:22:49.579+0000] {processor.py:914} INFO - Processing file /home/airflow/.local/lib/python3.12/site-packages/airflow/example_dags/example_sensors.py for tasks to queue
[2024-12-03T14:22:49.581+0000] {logging_mixin.py:190} INFO - [2024-12-03T14:22:49.580+0000] {dagbag.py:588} INFO - Filling up the DagBag from /home/airflow/.local/lib/python3.12/site-packages/airflow/example_dags/example_sensors.py
[2024-12-03T14:22:49.592+0000] {processor.py:925} INFO - DAG(s) 'example_sensors' retrieved from /home/airflow/.local/lib/python3.12/site-packages/airflow/example_dags/example_sensors.py
[2024-12-03T14:22:49.620+0000] {logging_mixin.py:190} INFO - [2024-12-03T14:22:49.620+0000] {dag.py:3239} INFO - Sync 1 DAGs
[2024-12-03T14:22:49.635+0000] {logging_mixin.py:190} INFO - [2024-12-03T14:22:49.635+0000] {dag.py:4180} INFO - Setting next_dagrun for example_sensors to None, run_after=None
[2024-12-03T14:22:49.663+0000] {processor.py:208} INFO - Processing /home/airflow/.local/lib/python3.12/site-packages/airflow/example_dags/example_sensors.py took 0.090 seconds
[2024-12-03T14:23:20.366+0000] {processor.py:186} INFO - Started process (PID=605) to work on /home/airflow/.local/lib/python3.12/site-packages/airflow/example_dags/example_sensors.py
[2024-12-03T14:23:20.367+0000] {processor.py:914} INFO - Processing file /home/airflow/.local/lib/python3.12/site-packages/airflow/example_dags/example_sensors.py for tasks to queue
[2024-12-03T14:23:20.369+0000] {logging_mixin.py:190} INFO - [2024-12-03T14:23:20.369+0000] {dagbag.py:588} INFO - Filling up the DagBag from /home/airflow/.local/lib/python3.12/site-packages/airflow/example_dags/example_sensors.py
[2024-12-03T14:23:20.383+0000] {processor.py:925} INFO - DAG(s) 'example_sensors' retrieved from /home/airflow/.local/lib/python3.12/site-packages/airflow/example_dags/example_sensors.py
[2024-12-03T14:23:20.416+0000] {logging_mixin.py:190} INFO - [2024-12-03T14:23:20.416+0000] {dag.py:3239} INFO - Sync 1 DAGs
[2024-12-03T14:23:20.433+0000] {logging_mixin.py:190} INFO - [2024-12-03T14:23:20.433+0000] {dag.py:4180} INFO - Setting next_dagrun for example_sensors to None, run_after=None
[2024-12-03T14:23:20.464+0000] {processor.py:208} INFO - Processing /home/airflow/.local/lib/python3.12/site-packages/airflow/example_dags/example_sensors.py took 0.103 seconds
[2024-12-03T14:23:55.056+0000] {processor.py:186} INFO - Started process (PID=669) to work on /home/airflow/.local/lib/python3.12/site-packages/airflow/example_dags/example_sensors.py
[2024-12-03T14:23:55.060+0000] {processor.py:914} INFO - Processing file /home/airflow/.local/lib/python3.12/site-packages/airflow/example_dags/example_sensors.py for tasks to queue
[2024-12-03T14:23:55.065+0000] {logging_mixin.py:190} INFO - [2024-12-03T14:23:55.064+0000] {dagbag.py:588} INFO - Filling up the DagBag from /home/airflow/.local/lib/python3.12/site-packages/airflow/example_dags/example_sensors.py
[2024-12-03T14:23:55.103+0000] {processor.py:925} INFO - DAG(s) 'example_sensors' retrieved from /home/airflow/.local/lib/python3.12/site-packages/airflow/example_dags/example_sensors.py
[2024-12-03T14:23:55.173+0000] {logging_mixin.py:190} INFO - [2024-12-03T14:23:55.172+0000] {dag.py:3239} INFO - Sync 1 DAGs
[2024-12-03T14:23:55.217+0000] {logging_mixin.py:190} INFO - [2024-12-03T14:23:55.217+0000] {dag.py:4180} INFO - Setting next_dagrun for example_sensors to None, run_after=None
[2024-12-03T14:23:55.258+0000] {processor.py:208} INFO - Processing /home/airflow/.local/lib/python3.12/site-packages/airflow/example_dags/example_sensors.py took 0.213 seconds
[2024-12-03T14:24:25.358+0000] {processor.py:186} INFO - Started process (PID=733) to work on /home/airflow/.local/lib/python3.12/site-packages/airflow/example_dags/example_sensors.py
[2024-12-03T14:24:25.359+0000] {processor.py:914} INFO - Processing file /home/airflow/.local/lib/python3.12/site-packages/airflow/example_dags/example_sensors.py for tasks to queue
[2024-12-03T14:24:25.361+0000] {logging_mixin.py:190} INFO - [2024-12-03T14:24:25.361+0000] {dagbag.py:588} INFO - Filling up the DagBag from /home/airflow/.local/lib/python3.12/site-packages/airflow/example_dags/example_sensors.py
[2024-12-03T14:24:25.373+0000] {processor.py:925} INFO - DAG(s) 'example_sensors' retrieved from /home/airflow/.local/lib/python3.12/site-packages/airflow/example_dags/example_sensors.py
[2024-12-03T14:24:25.409+0000] {logging_mixin.py:190} INFO - [2024-12-03T14:24:25.409+0000] {dag.py:3239} INFO - Sync 1 DAGs
[2024-12-03T14:24:25.429+0000] {logging_mixin.py:190} INFO - [2024-12-03T14:24:25.429+0000] {dag.py:4180} INFO - Setting next_dagrun for example_sensors to None, run_after=None
[2024-12-03T14:24:25.460+0000] {processor.py:208} INFO - Processing /home/airflow/.local/lib/python3.12/site-packages/airflow/example_dags/example_sensors.py took 0.109 seconds
