[2024-12-03T13:57:13.085+0000] {processor.py:186} INFO - Started process (PID=90) to work on /home/airflow/.local/lib/python3.12/site-packages/airflow/example_dags/example_nested_branch_dag.py
[2024-12-03T13:57:13.087+0000] {processor.py:914} INFO - Processing file /home/airflow/.local/lib/python3.12/site-packages/airflow/example_dags/example_nested_branch_dag.py for tasks to queue
[2024-12-03T13:57:13.094+0000] {logging_mixin.py:190} INFO - [2024-12-03T13:57:13.093+0000] {dagbag.py:588} INFO - Filling up the DagBag from /home/airflow/.local/lib/python3.12/site-packages/airflow/example_dags/example_nested_branch_dag.py
[2024-12-03T13:57:13.114+0000] {processor.py:925} INFO - DAG(s) 'example_nested_branch_dag' retrieved from /home/airflow/.local/lib/python3.12/site-packages/airflow/example_dags/example_nested_branch_dag.py
[2024-12-03T13:57:13.335+0000] {logging_mixin.py:190} INFO - [2024-12-03T13:57:13.334+0000] {override.py:1911} INFO - Created Permission View: can delete on DAG:example_nested_branch_dag
[2024-12-03T13:57:13.364+0000] {logging_mixin.py:190} INFO - [2024-12-03T13:57:13.363+0000] {override.py:1911} INFO - Created Permission View: can read on DAG:example_nested_branch_dag
[2024-12-03T13:57:13.384+0000] {logging_mixin.py:190} INFO - [2024-12-03T13:57:13.384+0000] {override.py:1911} INFO - Created Permission View: can edit on DAG:example_nested_branch_dag
[2024-12-03T13:57:13.403+0000] {logging_mixin.py:190} INFO - [2024-12-03T13:57:13.403+0000] {override.py:1911} INFO - Created Permission View: can create on DAG Run:example_nested_branch_dag
[2024-12-03T13:57:13.421+0000] {logging_mixin.py:190} INFO - [2024-12-03T13:57:13.420+0000] {override.py:1911} INFO - Created Permission View: menu access on DAG Run:example_nested_branch_dag
[2024-12-03T13:57:13.439+0000] {logging_mixin.py:190} INFO - [2024-12-03T13:57:13.439+0000] {override.py:1911} INFO - Created Permission View: can delete on DAG Run:example_nested_branch_dag
[2024-12-03T13:57:13.459+0000] {logging_mixin.py:190} INFO - [2024-12-03T13:57:13.458+0000] {override.py:1911} INFO - Created Permission View: can read on DAG Run:example_nested_branch_dag
[2024-12-03T13:57:13.462+0000] {logging_mixin.py:190} INFO - [2024-12-03T13:57:13.461+0000] {dag.py:3239} INFO - Sync 1 DAGs
[2024-12-03T13:57:13.486+0000] {logging_mixin.py:190} INFO - [2024-12-03T13:57:13.486+0000] {dag.py:3262} INFO - Creating ORM DAG for example_nested_branch_dag
[2024-12-03T13:57:13.508+0000] {logging_mixin.py:190} INFO - [2024-12-03T13:57:13.508+0000] {dag.py:4180} INFO - Setting next_dagrun for example_nested_branch_dag to 2024-12-02 00:00:00+00:00, run_after=2024-12-03 00:00:00+00:00
[2024-12-03T13:57:13.542+0000] {processor.py:208} INFO - Processing /home/airflow/.local/lib/python3.12/site-packages/airflow/example_dags/example_nested_branch_dag.py took 0.465 seconds
[2024-12-03T14:19:22.215+0000] {processor.py:186} INFO - Started process (PID=112) to work on /home/airflow/.local/lib/python3.12/site-packages/airflow/example_dags/example_nested_branch_dag.py
[2024-12-03T14:19:22.216+0000] {processor.py:914} INFO - Processing file /home/airflow/.local/lib/python3.12/site-packages/airflow/example_dags/example_nested_branch_dag.py for tasks to queue
[2024-12-03T14:19:22.219+0000] {logging_mixin.py:190} INFO - [2024-12-03T14:19:22.219+0000] {dagbag.py:588} INFO - Filling up the DagBag from /home/airflow/.local/lib/python3.12/site-packages/airflow/example_dags/example_nested_branch_dag.py
[2024-12-03T14:19:22.244+0000] {processor.py:925} INFO - DAG(s) 'example_nested_branch_dag' retrieved from /home/airflow/.local/lib/python3.12/site-packages/airflow/example_dags/example_nested_branch_dag.py
[2024-12-03T14:19:22.529+0000] {logging_mixin.py:190} INFO - [2024-12-03T14:19:22.522+0000] {override.py:1911} INFO - Created Permission View: can read on DAG:example_nested_branch_dag
[2024-12-03T14:19:22.547+0000] {logging_mixin.py:190} INFO - [2024-12-03T14:19:22.546+0000] {override.py:1911} INFO - Created Permission View: can edit on DAG:example_nested_branch_dag
[2024-12-03T14:19:22.560+0000] {logging_mixin.py:190} INFO - [2024-12-03T14:19:22.560+0000] {override.py:1911} INFO - Created Permission View: can delete on DAG:example_nested_branch_dag
[2024-12-03T14:19:22.577+0000] {logging_mixin.py:190} INFO - [2024-12-03T14:19:22.577+0000] {override.py:1911} INFO - Created Permission View: can read on DAG Run:example_nested_branch_dag
[2024-12-03T14:19:22.592+0000] {logging_mixin.py:190} INFO - [2024-12-03T14:19:22.592+0000] {override.py:1911} INFO - Created Permission View: menu access on DAG Run:example_nested_branch_dag
[2024-12-03T14:19:22.606+0000] {logging_mixin.py:190} INFO - [2024-12-03T14:19:22.606+0000] {override.py:1911} INFO - Created Permission View: can delete on DAG Run:example_nested_branch_dag
[2024-12-03T14:19:22.627+0000] {logging_mixin.py:190} INFO - [2024-12-03T14:19:22.626+0000] {override.py:1911} INFO - Created Permission View: can create on DAG Run:example_nested_branch_dag
[2024-12-03T14:19:22.629+0000] {logging_mixin.py:190} INFO - [2024-12-03T14:19:22.629+0000] {dag.py:3239} INFO - Sync 1 DAGs
[2024-12-03T14:19:22.675+0000] {logging_mixin.py:190} INFO - [2024-12-03T14:19:22.674+0000] {dag.py:3262} INFO - Creating ORM DAG for example_nested_branch_dag
[2024-12-03T14:19:22.700+0000] {logging_mixin.py:190} INFO - [2024-12-03T14:19:22.699+0000] {dag.py:4180} INFO - Setting next_dagrun for example_nested_branch_dag to 2024-12-02 00:00:00+00:00, run_after=2024-12-03 00:00:00+00:00
[2024-12-03T14:19:22.734+0000] {processor.py:208} INFO - Processing /home/airflow/.local/lib/python3.12/site-packages/airflow/example_dags/example_nested_branch_dag.py took 0.529 seconds
[2024-12-03T14:19:52.814+0000] {processor.py:186} INFO - Started process (PID=175) to work on /home/airflow/.local/lib/python3.12/site-packages/airflow/example_dags/example_nested_branch_dag.py
[2024-12-03T14:19:52.816+0000] {processor.py:914} INFO - Processing file /home/airflow/.local/lib/python3.12/site-packages/airflow/example_dags/example_nested_branch_dag.py for tasks to queue
[2024-12-03T14:19:52.818+0000] {logging_mixin.py:190} INFO - [2024-12-03T14:19:52.818+0000] {dagbag.py:588} INFO - Filling up the DagBag from /home/airflow/.local/lib/python3.12/site-packages/airflow/example_dags/example_nested_branch_dag.py
[2024-12-03T14:19:52.832+0000] {processor.py:925} INFO - DAG(s) 'example_nested_branch_dag' retrieved from /home/airflow/.local/lib/python3.12/site-packages/airflow/example_dags/example_nested_branch_dag.py
[2024-12-03T14:19:52.862+0000] {logging_mixin.py:190} INFO - [2024-12-03T14:19:52.862+0000] {dag.py:3239} INFO - Sync 1 DAGs
[2024-12-03T14:19:52.890+0000] {logging_mixin.py:190} INFO - [2024-12-03T14:19:52.890+0000] {dag.py:4180} INFO - Setting next_dagrun for example_nested_branch_dag to 2024-12-02 00:00:00+00:00, run_after=2024-12-03 00:00:00+00:00
[2024-12-03T14:19:52.920+0000] {processor.py:208} INFO - Processing /home/airflow/.local/lib/python3.12/site-packages/airflow/example_dags/example_nested_branch_dag.py took 0.112 seconds
[2024-12-03T14:20:23.016+0000] {processor.py:186} INFO - Started process (PID=239) to work on /home/airflow/.local/lib/python3.12/site-packages/airflow/example_dags/example_nested_branch_dag.py
[2024-12-03T14:20:23.029+0000] {processor.py:914} INFO - Processing file /home/airflow/.local/lib/python3.12/site-packages/airflow/example_dags/example_nested_branch_dag.py for tasks to queue
[2024-12-03T14:20:23.031+0000] {logging_mixin.py:190} INFO - [2024-12-03T14:20:23.030+0000] {dagbag.py:588} INFO - Filling up the DagBag from /home/airflow/.local/lib/python3.12/site-packages/airflow/example_dags/example_nested_branch_dag.py
[2024-12-03T14:20:23.046+0000] {processor.py:925} INFO - DAG(s) 'example_nested_branch_dag' retrieved from /home/airflow/.local/lib/python3.12/site-packages/airflow/example_dags/example_nested_branch_dag.py
[2024-12-03T14:20:23.074+0000] {logging_mixin.py:190} INFO - [2024-12-03T14:20:23.074+0000] {dag.py:3239} INFO - Sync 1 DAGs
[2024-12-03T14:20:23.104+0000] {logging_mixin.py:190} INFO - [2024-12-03T14:20:23.104+0000] {dag.py:4180} INFO - Setting next_dagrun for example_nested_branch_dag to 2024-12-02 00:00:00+00:00, run_after=2024-12-03 00:00:00+00:00
[2024-12-03T14:20:23.137+0000] {processor.py:208} INFO - Processing /home/airflow/.local/lib/python3.12/site-packages/airflow/example_dags/example_nested_branch_dag.py took 0.127 seconds
[2024-12-03T14:20:53.773+0000] {processor.py:186} INFO - Started process (PID=303) to work on /home/airflow/.local/lib/python3.12/site-packages/airflow/example_dags/example_nested_branch_dag.py
[2024-12-03T14:20:53.774+0000] {processor.py:914} INFO - Processing file /home/airflow/.local/lib/python3.12/site-packages/airflow/example_dags/example_nested_branch_dag.py for tasks to queue
[2024-12-03T14:20:53.777+0000] {logging_mixin.py:190} INFO - [2024-12-03T14:20:53.776+0000] {dagbag.py:588} INFO - Filling up the DagBag from /home/airflow/.local/lib/python3.12/site-packages/airflow/example_dags/example_nested_branch_dag.py
[2024-12-03T14:20:53.795+0000] {processor.py:925} INFO - DAG(s) 'example_nested_branch_dag' retrieved from /home/airflow/.local/lib/python3.12/site-packages/airflow/example_dags/example_nested_branch_dag.py
[2024-12-03T14:20:53.827+0000] {logging_mixin.py:190} INFO - [2024-12-03T14:20:53.826+0000] {dag.py:3239} INFO - Sync 1 DAGs
[2024-12-03T14:20:53.862+0000] {logging_mixin.py:190} INFO - [2024-12-03T14:20:53.862+0000] {dag.py:4180} INFO - Setting next_dagrun for example_nested_branch_dag to 2024-12-02 00:00:00+00:00, run_after=2024-12-03 00:00:00+00:00
[2024-12-03T14:20:53.891+0000] {processor.py:208} INFO - Processing /home/airflow/.local/lib/python3.12/site-packages/airflow/example_dags/example_nested_branch_dag.py took 0.125 seconds
[2024-12-03T14:21:24.116+0000] {processor.py:186} INFO - Started process (PID=368) to work on /home/airflow/.local/lib/python3.12/site-packages/airflow/example_dags/example_nested_branch_dag.py
[2024-12-03T14:21:24.117+0000] {processor.py:914} INFO - Processing file /home/airflow/.local/lib/python3.12/site-packages/airflow/example_dags/example_nested_branch_dag.py for tasks to queue
[2024-12-03T14:21:24.119+0000] {logging_mixin.py:190} INFO - [2024-12-03T14:21:24.119+0000] {dagbag.py:588} INFO - Filling up the DagBag from /home/airflow/.local/lib/python3.12/site-packages/airflow/example_dags/example_nested_branch_dag.py
[2024-12-03T14:21:24.137+0000] {processor.py:925} INFO - DAG(s) 'example_nested_branch_dag' retrieved from /home/airflow/.local/lib/python3.12/site-packages/airflow/example_dags/example_nested_branch_dag.py
[2024-12-03T14:21:24.171+0000] {logging_mixin.py:190} INFO - [2024-12-03T14:21:24.171+0000] {dag.py:3239} INFO - Sync 1 DAGs
[2024-12-03T14:21:24.215+0000] {logging_mixin.py:190} INFO - [2024-12-03T14:21:24.215+0000] {dag.py:4180} INFO - Setting next_dagrun for example_nested_branch_dag to 2024-12-02 00:00:00+00:00, run_after=2024-12-03 00:00:00+00:00
[2024-12-03T14:21:24.262+0000] {processor.py:208} INFO - Processing /home/airflow/.local/lib/python3.12/site-packages/airflow/example_dags/example_nested_branch_dag.py took 0.155 seconds
[2024-12-03T14:21:54.459+0000] {processor.py:186} INFO - Started process (PID=432) to work on /home/airflow/.local/lib/python3.12/site-packages/airflow/example_dags/example_nested_branch_dag.py
[2024-12-03T14:21:54.460+0000] {processor.py:914} INFO - Processing file /home/airflow/.local/lib/python3.12/site-packages/airflow/example_dags/example_nested_branch_dag.py for tasks to queue
[2024-12-03T14:21:54.462+0000] {logging_mixin.py:190} INFO - [2024-12-03T14:21:54.462+0000] {dagbag.py:588} INFO - Filling up the DagBag from /home/airflow/.local/lib/python3.12/site-packages/airflow/example_dags/example_nested_branch_dag.py
[2024-12-03T14:21:54.474+0000] {processor.py:925} INFO - DAG(s) 'example_nested_branch_dag' retrieved from /home/airflow/.local/lib/python3.12/site-packages/airflow/example_dags/example_nested_branch_dag.py
[2024-12-03T14:21:54.503+0000] {logging_mixin.py:190} INFO - [2024-12-03T14:21:54.502+0000] {dag.py:3239} INFO - Sync 1 DAGs
[2024-12-03T14:21:54.537+0000] {logging_mixin.py:190} INFO - [2024-12-03T14:21:54.537+0000] {dag.py:4180} INFO - Setting next_dagrun for example_nested_branch_dag to 2024-12-02 00:00:00+00:00, run_after=2024-12-03 00:00:00+00:00
[2024-12-03T14:21:54.566+0000] {processor.py:208} INFO - Processing /home/airflow/.local/lib/python3.12/site-packages/airflow/example_dags/example_nested_branch_dag.py took 0.112 seconds
[2024-12-03T14:22:24.928+0000] {processor.py:186} INFO - Started process (PID=497) to work on /home/airflow/.local/lib/python3.12/site-packages/airflow/example_dags/example_nested_branch_dag.py
[2024-12-03T14:22:24.929+0000] {processor.py:914} INFO - Processing file /home/airflow/.local/lib/python3.12/site-packages/airflow/example_dags/example_nested_branch_dag.py for tasks to queue
[2024-12-03T14:22:24.931+0000] {logging_mixin.py:190} INFO - [2024-12-03T14:22:24.931+0000] {dagbag.py:588} INFO - Filling up the DagBag from /home/airflow/.local/lib/python3.12/site-packages/airflow/example_dags/example_nested_branch_dag.py
[2024-12-03T14:22:24.942+0000] {processor.py:925} INFO - DAG(s) 'example_nested_branch_dag' retrieved from /home/airflow/.local/lib/python3.12/site-packages/airflow/example_dags/example_nested_branch_dag.py
[2024-12-03T14:22:24.966+0000] {logging_mixin.py:190} INFO - [2024-12-03T14:22:24.966+0000] {dag.py:3239} INFO - Sync 1 DAGs
[2024-12-03T14:22:24.992+0000] {logging_mixin.py:190} INFO - [2024-12-03T14:22:24.992+0000] {dag.py:4180} INFO - Setting next_dagrun for example_nested_branch_dag to 2024-12-02 00:00:00+00:00, run_after=2024-12-03 00:00:00+00:00
[2024-12-03T14:22:25.020+0000] {processor.py:208} INFO - Processing /home/airflow/.local/lib/python3.12/site-packages/airflow/example_dags/example_nested_branch_dag.py took 0.097 seconds
[2024-12-03T14:22:55.261+0000] {processor.py:186} INFO - Started process (PID=561) to work on /home/airflow/.local/lib/python3.12/site-packages/airflow/example_dags/example_nested_branch_dag.py
[2024-12-03T14:22:55.263+0000] {processor.py:914} INFO - Processing file /home/airflow/.local/lib/python3.12/site-packages/airflow/example_dags/example_nested_branch_dag.py for tasks to queue
[2024-12-03T14:22:55.265+0000] {logging_mixin.py:190} INFO - [2024-12-03T14:22:55.264+0000] {dagbag.py:588} INFO - Filling up the DagBag from /home/airflow/.local/lib/python3.12/site-packages/airflow/example_dags/example_nested_branch_dag.py
[2024-12-03T14:22:55.280+0000] {processor.py:925} INFO - DAG(s) 'example_nested_branch_dag' retrieved from /home/airflow/.local/lib/python3.12/site-packages/airflow/example_dags/example_nested_branch_dag.py
[2024-12-03T14:22:55.310+0000] {logging_mixin.py:190} INFO - [2024-12-03T14:22:55.309+0000] {dag.py:3239} INFO - Sync 1 DAGs
[2024-12-03T14:22:55.339+0000] {logging_mixin.py:190} INFO - [2024-12-03T14:22:55.339+0000] {dag.py:4180} INFO - Setting next_dagrun for example_nested_branch_dag to 2024-12-02 00:00:00+00:00, run_after=2024-12-03 00:00:00+00:00
[2024-12-03T14:22:55.369+0000] {processor.py:208} INFO - Processing /home/airflow/.local/lib/python3.12/site-packages/airflow/example_dags/example_nested_branch_dag.py took 0.113 seconds
[2024-12-03T14:23:26.081+0000] {processor.py:186} INFO - Started process (PID=625) to work on /home/airflow/.local/lib/python3.12/site-packages/airflow/example_dags/example_nested_branch_dag.py
[2024-12-03T14:23:26.083+0000] {processor.py:914} INFO - Processing file /home/airflow/.local/lib/python3.12/site-packages/airflow/example_dags/example_nested_branch_dag.py for tasks to queue
[2024-12-03T14:23:26.085+0000] {logging_mixin.py:190} INFO - [2024-12-03T14:23:26.085+0000] {dagbag.py:588} INFO - Filling up the DagBag from /home/airflow/.local/lib/python3.12/site-packages/airflow/example_dags/example_nested_branch_dag.py
[2024-12-03T14:23:26.098+0000] {processor.py:925} INFO - DAG(s) 'example_nested_branch_dag' retrieved from /home/airflow/.local/lib/python3.12/site-packages/airflow/example_dags/example_nested_branch_dag.py
[2024-12-03T14:23:26.130+0000] {logging_mixin.py:190} INFO - [2024-12-03T14:23:26.130+0000] {dag.py:3239} INFO - Sync 1 DAGs
[2024-12-03T14:23:26.165+0000] {logging_mixin.py:190} INFO - [2024-12-03T14:23:26.165+0000] {dag.py:4180} INFO - Setting next_dagrun for example_nested_branch_dag to 2024-12-02 00:00:00+00:00, run_after=2024-12-03 00:00:00+00:00
[2024-12-03T14:23:26.209+0000] {processor.py:208} INFO - Processing /home/airflow/.local/lib/python3.12/site-packages/airflow/example_dags/example_nested_branch_dag.py took 0.134 seconds
[2024-12-03T14:23:58.679+0000] {processor.py:186} INFO - Started process (PID=695) to work on /home/airflow/.local/lib/python3.12/site-packages/airflow/example_dags/example_nested_branch_dag.py
[2024-12-03T14:23:58.680+0000] {processor.py:914} INFO - Processing file /home/airflow/.local/lib/python3.12/site-packages/airflow/example_dags/example_nested_branch_dag.py for tasks to queue
[2024-12-03T14:23:58.682+0000] {logging_mixin.py:190} INFO - [2024-12-03T14:23:58.682+0000] {dagbag.py:588} INFO - Filling up the DagBag from /home/airflow/.local/lib/python3.12/site-packages/airflow/example_dags/example_nested_branch_dag.py
[2024-12-03T14:23:58.699+0000] {processor.py:925} INFO - DAG(s) 'example_nested_branch_dag' retrieved from /home/airflow/.local/lib/python3.12/site-packages/airflow/example_dags/example_nested_branch_dag.py
[2024-12-03T14:23:58.735+0000] {logging_mixin.py:190} INFO - [2024-12-03T14:23:58.735+0000] {dag.py:3239} INFO - Sync 1 DAGs
[2024-12-03T14:23:58.769+0000] {logging_mixin.py:190} INFO - [2024-12-03T14:23:58.768+0000] {dag.py:4180} INFO - Setting next_dagrun for example_nested_branch_dag to 2024-12-02 00:00:00+00:00, run_after=2024-12-03 00:00:00+00:00
[2024-12-03T14:23:58.797+0000] {processor.py:208} INFO - Processing /home/airflow/.local/lib/python3.12/site-packages/airflow/example_dags/example_nested_branch_dag.py took 0.126 seconds
[2024-12-03T14:24:29.246+0000] {processor.py:186} INFO - Started process (PID=759) to work on /home/airflow/.local/lib/python3.12/site-packages/airflow/example_dags/example_nested_branch_dag.py
[2024-12-03T14:24:29.247+0000] {processor.py:914} INFO - Processing file /home/airflow/.local/lib/python3.12/site-packages/airflow/example_dags/example_nested_branch_dag.py for tasks to queue
[2024-12-03T14:24:29.249+0000] {logging_mixin.py:190} INFO - [2024-12-03T14:24:29.249+0000] {dagbag.py:588} INFO - Filling up the DagBag from /home/airflow/.local/lib/python3.12/site-packages/airflow/example_dags/example_nested_branch_dag.py
[2024-12-03T14:24:29.263+0000] {processor.py:925} INFO - DAG(s) 'example_nested_branch_dag' retrieved from /home/airflow/.local/lib/python3.12/site-packages/airflow/example_dags/example_nested_branch_dag.py
[2024-12-03T14:24:29.295+0000] {logging_mixin.py:190} INFO - [2024-12-03T14:24:29.295+0000] {dag.py:3239} INFO - Sync 1 DAGs
[2024-12-03T14:24:29.331+0000] {logging_mixin.py:190} INFO - [2024-12-03T14:24:29.330+0000] {dag.py:4180} INFO - Setting next_dagrun for example_nested_branch_dag to 2024-12-02 00:00:00+00:00, run_after=2024-12-03 00:00:00+00:00
[2024-12-03T14:24:29.362+0000] {processor.py:208} INFO - Processing /home/airflow/.local/lib/python3.12/site-packages/airflow/example_dags/example_nested_branch_dag.py took 0.121 seconds
