[2024-12-03T13:59:36.031+0000] {processor.py:186} INFO - Started process (PID=129) to work on /home/airflow/.local/lib/python3.12/site-packages/airflow/example_dags/example_branch_labels.py
[2024-12-03T13:59:36.034+0000] {processor.py:914} INFO - Processing file /home/airflow/.local/lib/python3.12/site-packages/airflow/example_dags/example_branch_labels.py for tasks to queue
[2024-12-03T13:59:36.043+0000] {logging_mixin.py:190} INFO - [2024-12-03T13:59:36.042+0000] {dagbag.py:588} INFO - Filling up the DagBag from /home/airflow/.local/lib/python3.12/site-packages/airflow/example_dags/example_branch_labels.py
[2024-12-03T13:59:36.112+0000] {processor.py:925} INFO - DAG(s) 'example_branch_labels' retrieved from /home/airflow/.local/lib/python3.12/site-packages/airflow/example_dags/example_branch_labels.py
[2024-12-03T13:59:36.931+0000] {logging_mixin.py:190} INFO - [2024-12-03T13:59:36.928+0000] {override.py:1911} INFO - Created Permission View: can delete on DAG:example_branch_labels
[2024-12-03T13:59:36.956+0000] {logging_mixin.py:190} INFO - [2024-12-03T13:59:36.955+0000] {override.py:1911} INFO - Created Permission View: can read on DAG:example_branch_labels
[2024-12-03T13:59:36.974+0000] {logging_mixin.py:190} INFO - [2024-12-03T13:59:36.974+0000] {override.py:1911} INFO - Created Permission View: can edit on DAG:example_branch_labels
[2024-12-03T13:59:37.010+0000] {logging_mixin.py:190} INFO - [2024-12-03T13:59:37.009+0000] {override.py:1911} INFO - Created Permission View: can create on DAG Run:example_branch_labels
[2024-12-03T13:59:37.030+0000] {logging_mixin.py:190} INFO - [2024-12-03T13:59:37.029+0000] {override.py:1911} INFO - Created Permission View: menu access on DAG Run:example_branch_labels
[2024-12-03T13:59:37.047+0000] {logging_mixin.py:190} INFO - [2024-12-03T13:59:37.047+0000] {override.py:1911} INFO - Created Permission View: can delete on DAG Run:example_branch_labels
[2024-12-03T13:59:37.063+0000] {logging_mixin.py:190} INFO - [2024-12-03T13:59:37.062+0000] {override.py:1911} INFO - Created Permission View: can read on DAG Run:example_branch_labels
[2024-12-03T13:59:37.068+0000] {logging_mixin.py:190} INFO - [2024-12-03T13:59:37.066+0000] {dag.py:3239} INFO - Sync 1 DAGs
[2024-12-03T13:59:37.121+0000] {logging_mixin.py:190} INFO - [2024-12-03T13:59:37.120+0000] {dag.py:3262} INFO - Creating ORM DAG for example_branch_labels
[2024-12-03T13:59:37.156+0000] {logging_mixin.py:190} INFO - [2024-12-03T13:59:37.156+0000] {dag.py:4180} INFO - Setting next_dagrun for example_branch_labels to 2024-12-02 00:00:00+00:00, run_after=2024-12-03 00:00:00+00:00
[2024-12-03T13:59:37.200+0000] {processor.py:208} INFO - Processing /home/airflow/.local/lib/python3.12/site-packages/airflow/example_dags/example_branch_labels.py took 1.182 seconds
[2024-12-03T14:19:32.376+0000] {processor.py:186} INFO - Started process (PID=133) to work on /home/airflow/.local/lib/python3.12/site-packages/airflow/example_dags/example_branch_labels.py
[2024-12-03T14:19:32.378+0000] {processor.py:914} INFO - Processing file /home/airflow/.local/lib/python3.12/site-packages/airflow/example_dags/example_branch_labels.py for tasks to queue
[2024-12-03T14:19:32.380+0000] {logging_mixin.py:190} INFO - [2024-12-03T14:19:32.379+0000] {dagbag.py:588} INFO - Filling up the DagBag from /home/airflow/.local/lib/python3.12/site-packages/airflow/example_dags/example_branch_labels.py
[2024-12-03T14:19:32.395+0000] {processor.py:925} INFO - DAG(s) 'example_branch_labels' retrieved from /home/airflow/.local/lib/python3.12/site-packages/airflow/example_dags/example_branch_labels.py
[2024-12-03T14:19:32.602+0000] {logging_mixin.py:190} INFO - [2024-12-03T14:19:32.600+0000] {override.py:1911} INFO - Created Permission View: can read on DAG:example_branch_labels
[2024-12-03T14:19:32.621+0000] {logging_mixin.py:190} INFO - [2024-12-03T14:19:32.621+0000] {override.py:1911} INFO - Created Permission View: can edit on DAG:example_branch_labels
[2024-12-03T14:19:32.634+0000] {logging_mixin.py:190} INFO - [2024-12-03T14:19:32.634+0000] {override.py:1911} INFO - Created Permission View: can delete on DAG:example_branch_labels
[2024-12-03T14:19:32.650+0000] {logging_mixin.py:190} INFO - [2024-12-03T14:19:32.649+0000] {override.py:1911} INFO - Created Permission View: can read on DAG Run:example_branch_labels
[2024-12-03T14:19:32.663+0000] {logging_mixin.py:190} INFO - [2024-12-03T14:19:32.663+0000] {override.py:1911} INFO - Created Permission View: menu access on DAG Run:example_branch_labels
[2024-12-03T14:19:32.677+0000] {logging_mixin.py:190} INFO - [2024-12-03T14:19:32.677+0000] {override.py:1911} INFO - Created Permission View: can delete on DAG Run:example_branch_labels
[2024-12-03T14:19:32.692+0000] {logging_mixin.py:190} INFO - [2024-12-03T14:19:32.692+0000] {override.py:1911} INFO - Created Permission View: can create on DAG Run:example_branch_labels
[2024-12-03T14:19:32.694+0000] {logging_mixin.py:190} INFO - [2024-12-03T14:19:32.694+0000] {dag.py:3239} INFO - Sync 1 DAGs
[2024-12-03T14:19:32.721+0000] {logging_mixin.py:190} INFO - [2024-12-03T14:19:32.721+0000] {dag.py:3262} INFO - Creating ORM DAG for example_branch_labels
[2024-12-03T14:19:32.740+0000] {logging_mixin.py:190} INFO - [2024-12-03T14:19:32.739+0000] {dag.py:4180} INFO - Setting next_dagrun for example_branch_labels to 2024-12-02 00:00:00+00:00, run_after=2024-12-03 00:00:00+00:00
[2024-12-03T14:19:32.768+0000] {processor.py:208} INFO - Processing /home/airflow/.local/lib/python3.12/site-packages/airflow/example_dags/example_branch_labels.py took 0.401 seconds
[2024-12-03T14:20:03.106+0000] {processor.py:186} INFO - Started process (PID=197) to work on /home/airflow/.local/lib/python3.12/site-packages/airflow/example_dags/example_branch_labels.py
[2024-12-03T14:20:03.109+0000] {processor.py:914} INFO - Processing file /home/airflow/.local/lib/python3.12/site-packages/airflow/example_dags/example_branch_labels.py for tasks to queue
[2024-12-03T14:20:03.111+0000] {logging_mixin.py:190} INFO - [2024-12-03T14:20:03.111+0000] {dagbag.py:588} INFO - Filling up the DagBag from /home/airflow/.local/lib/python3.12/site-packages/airflow/example_dags/example_branch_labels.py
[2024-12-03T14:20:03.129+0000] {processor.py:925} INFO - DAG(s) 'example_branch_labels' retrieved from /home/airflow/.local/lib/python3.12/site-packages/airflow/example_dags/example_branch_labels.py
[2024-12-03T14:20:03.165+0000] {logging_mixin.py:190} INFO - [2024-12-03T14:20:03.165+0000] {dag.py:3239} INFO - Sync 1 DAGs
[2024-12-03T14:20:03.206+0000] {logging_mixin.py:190} INFO - [2024-12-03T14:20:03.206+0000] {dag.py:4180} INFO - Setting next_dagrun for example_branch_labels to 2024-12-02 00:00:00+00:00, run_after=2024-12-03 00:00:00+00:00
[2024-12-03T14:20:03.238+0000] {processor.py:208} INFO - Processing /home/airflow/.local/lib/python3.12/site-packages/airflow/example_dags/example_branch_labels.py took 0.139 seconds
[2024-12-03T14:20:33.803+0000] {processor.py:186} INFO - Started process (PID=260) to work on /home/airflow/.local/lib/python3.12/site-packages/airflow/example_dags/example_branch_labels.py
[2024-12-03T14:20:33.805+0000] {processor.py:914} INFO - Processing file /home/airflow/.local/lib/python3.12/site-packages/airflow/example_dags/example_branch_labels.py for tasks to queue
[2024-12-03T14:20:33.807+0000] {logging_mixin.py:190} INFO - [2024-12-03T14:20:33.806+0000] {dagbag.py:588} INFO - Filling up the DagBag from /home/airflow/.local/lib/python3.12/site-packages/airflow/example_dags/example_branch_labels.py
[2024-12-03T14:20:33.819+0000] {processor.py:925} INFO - DAG(s) 'example_branch_labels' retrieved from /home/airflow/.local/lib/python3.12/site-packages/airflow/example_dags/example_branch_labels.py
[2024-12-03T14:20:33.852+0000] {logging_mixin.py:190} INFO - [2024-12-03T14:20:33.852+0000] {dag.py:3239} INFO - Sync 1 DAGs
[2024-12-03T14:20:33.891+0000] {logging_mixin.py:190} INFO - [2024-12-03T14:20:33.890+0000] {dag.py:4180} INFO - Setting next_dagrun for example_branch_labels to 2024-12-02 00:00:00+00:00, run_after=2024-12-03 00:00:00+00:00
[2024-12-03T14:20:33.925+0000] {processor.py:208} INFO - Processing /home/airflow/.local/lib/python3.12/site-packages/airflow/example_dags/example_branch_labels.py took 0.128 seconds
[2024-12-03T14:21:04.142+0000] {processor.py:186} INFO - Started process (PID=324) to work on /home/airflow/.local/lib/python3.12/site-packages/airflow/example_dags/example_branch_labels.py
[2024-12-03T14:21:04.143+0000] {processor.py:914} INFO - Processing file /home/airflow/.local/lib/python3.12/site-packages/airflow/example_dags/example_branch_labels.py for tasks to queue
[2024-12-03T14:21:04.146+0000] {logging_mixin.py:190} INFO - [2024-12-03T14:21:04.145+0000] {dagbag.py:588} INFO - Filling up the DagBag from /home/airflow/.local/lib/python3.12/site-packages/airflow/example_dags/example_branch_labels.py
[2024-12-03T14:21:04.155+0000] {processor.py:925} INFO - DAG(s) 'example_branch_labels' retrieved from /home/airflow/.local/lib/python3.12/site-packages/airflow/example_dags/example_branch_labels.py
[2024-12-03T14:21:04.183+0000] {logging_mixin.py:190} INFO - [2024-12-03T14:21:04.183+0000] {dag.py:3239} INFO - Sync 1 DAGs
[2024-12-03T14:21:04.215+0000] {logging_mixin.py:190} INFO - [2024-12-03T14:21:04.214+0000] {dag.py:4180} INFO - Setting next_dagrun for example_branch_labels to 2024-12-02 00:00:00+00:00, run_after=2024-12-03 00:00:00+00:00
[2024-12-03T14:21:04.240+0000] {processor.py:208} INFO - Processing /home/airflow/.local/lib/python3.12/site-packages/airflow/example_dags/example_branch_labels.py took 0.103 seconds
[2024-12-03T14:21:34.768+0000] {processor.py:186} INFO - Started process (PID=388) to work on /home/airflow/.local/lib/python3.12/site-packages/airflow/example_dags/example_branch_labels.py
[2024-12-03T14:21:34.769+0000] {processor.py:914} INFO - Processing file /home/airflow/.local/lib/python3.12/site-packages/airflow/example_dags/example_branch_labels.py for tasks to queue
[2024-12-03T14:21:34.771+0000] {logging_mixin.py:190} INFO - [2024-12-03T14:21:34.770+0000] {dagbag.py:588} INFO - Filling up the DagBag from /home/airflow/.local/lib/python3.12/site-packages/airflow/example_dags/example_branch_labels.py
[2024-12-03T14:21:34.782+0000] {processor.py:925} INFO - DAG(s) 'example_branch_labels' retrieved from /home/airflow/.local/lib/python3.12/site-packages/airflow/example_dags/example_branch_labels.py
[2024-12-03T14:21:34.810+0000] {logging_mixin.py:190} INFO - [2024-12-03T14:21:34.810+0000] {dag.py:3239} INFO - Sync 1 DAGs
[2024-12-03T14:21:34.841+0000] {logging_mixin.py:190} INFO - [2024-12-03T14:21:34.841+0000] {dag.py:4180} INFO - Setting next_dagrun for example_branch_labels to 2024-12-02 00:00:00+00:00, run_after=2024-12-03 00:00:00+00:00
[2024-12-03T14:21:34.867+0000] {processor.py:208} INFO - Processing /home/airflow/.local/lib/python3.12/site-packages/airflow/example_dags/example_branch_labels.py took 0.106 seconds
[2024-12-03T14:22:05.937+0000] {processor.py:186} INFO - Started process (PID=453) to work on /home/airflow/.local/lib/python3.12/site-packages/airflow/example_dags/example_branch_labels.py
[2024-12-03T14:22:05.939+0000] {processor.py:914} INFO - Processing file /home/airflow/.local/lib/python3.12/site-packages/airflow/example_dags/example_branch_labels.py for tasks to queue
[2024-12-03T14:22:05.941+0000] {logging_mixin.py:190} INFO - [2024-12-03T14:22:05.940+0000] {dagbag.py:588} INFO - Filling up the DagBag from /home/airflow/.local/lib/python3.12/site-packages/airflow/example_dags/example_branch_labels.py
[2024-12-03T14:22:05.953+0000] {processor.py:925} INFO - DAG(s) 'example_branch_labels' retrieved from /home/airflow/.local/lib/python3.12/site-packages/airflow/example_dags/example_branch_labels.py
[2024-12-03T14:22:05.987+0000] {logging_mixin.py:190} INFO - [2024-12-03T14:22:05.986+0000] {dag.py:3239} INFO - Sync 1 DAGs
[2024-12-03T14:22:06.019+0000] {logging_mixin.py:190} INFO - [2024-12-03T14:22:06.018+0000] {dag.py:4180} INFO - Setting next_dagrun for example_branch_labels to 2024-12-02 00:00:00+00:00, run_after=2024-12-03 00:00:00+00:00
[2024-12-03T14:22:06.047+0000] {processor.py:208} INFO - Processing /home/airflow/.local/lib/python3.12/site-packages/airflow/example_dags/example_branch_labels.py took 0.117 seconds
[2024-12-03T14:22:37.725+0000] {processor.py:186} INFO - Started process (PID=517) to work on /home/airflow/.local/lib/python3.12/site-packages/airflow/example_dags/example_branch_labels.py
[2024-12-03T14:22:37.726+0000] {processor.py:914} INFO - Processing file /home/airflow/.local/lib/python3.12/site-packages/airflow/example_dags/example_branch_labels.py for tasks to queue
[2024-12-03T14:22:37.728+0000] {logging_mixin.py:190} INFO - [2024-12-03T14:22:37.728+0000] {dagbag.py:588} INFO - Filling up the DagBag from /home/airflow/.local/lib/python3.12/site-packages/airflow/example_dags/example_branch_labels.py
[2024-12-03T14:22:37.741+0000] {processor.py:925} INFO - DAG(s) 'example_branch_labels' retrieved from /home/airflow/.local/lib/python3.12/site-packages/airflow/example_dags/example_branch_labels.py
[2024-12-03T14:22:37.774+0000] {logging_mixin.py:190} INFO - [2024-12-03T14:22:37.774+0000] {dag.py:3239} INFO - Sync 1 DAGs
[2024-12-03T14:22:37.822+0000] {logging_mixin.py:190} INFO - [2024-12-03T14:22:37.822+0000] {dag.py:4180} INFO - Setting next_dagrun for example_branch_labels to 2024-12-02 00:00:00+00:00, run_after=2024-12-03 00:00:00+00:00
[2024-12-03T14:22:37.853+0000] {processor.py:208} INFO - Processing /home/airflow/.local/lib/python3.12/site-packages/airflow/example_dags/example_branch_labels.py took 0.134 seconds
[2024-12-03T14:23:08.800+0000] {processor.py:186} INFO - Started process (PID=581) to work on /home/airflow/.local/lib/python3.12/site-packages/airflow/example_dags/example_branch_labels.py
[2024-12-03T14:23:08.801+0000] {processor.py:914} INFO - Processing file /home/airflow/.local/lib/python3.12/site-packages/airflow/example_dags/example_branch_labels.py for tasks to queue
[2024-12-03T14:23:08.803+0000] {logging_mixin.py:190} INFO - [2024-12-03T14:23:08.803+0000] {dagbag.py:588} INFO - Filling up the DagBag from /home/airflow/.local/lib/python3.12/site-packages/airflow/example_dags/example_branch_labels.py
[2024-12-03T14:23:08.812+0000] {processor.py:925} INFO - DAG(s) 'example_branch_labels' retrieved from /home/airflow/.local/lib/python3.12/site-packages/airflow/example_dags/example_branch_labels.py
[2024-12-03T14:23:08.838+0000] {logging_mixin.py:190} INFO - [2024-12-03T14:23:08.837+0000] {dag.py:3239} INFO - Sync 1 DAGs
[2024-12-03T14:23:08.866+0000] {logging_mixin.py:190} INFO - [2024-12-03T14:23:08.866+0000] {dag.py:4180} INFO - Setting next_dagrun for example_branch_labels to 2024-12-02 00:00:00+00:00, run_after=2024-12-03 00:00:00+00:00
[2024-12-03T14:23:08.893+0000] {processor.py:208} INFO - Processing /home/airflow/.local/lib/python3.12/site-packages/airflow/example_dags/example_branch_labels.py took 0.099 seconds
[2024-12-03T14:23:43.755+0000] {processor.py:186} INFO - Started process (PID=646) to work on /home/airflow/.local/lib/python3.12/site-packages/airflow/example_dags/example_branch_labels.py
[2024-12-03T14:23:43.756+0000] {processor.py:914} INFO - Processing file /home/airflow/.local/lib/python3.12/site-packages/airflow/example_dags/example_branch_labels.py for tasks to queue
[2024-12-03T14:23:43.758+0000] {logging_mixin.py:190} INFO - [2024-12-03T14:23:43.758+0000] {dagbag.py:588} INFO - Filling up the DagBag from /home/airflow/.local/lib/python3.12/site-packages/airflow/example_dags/example_branch_labels.py
[2024-12-03T14:23:43.769+0000] {processor.py:925} INFO - DAG(s) 'example_branch_labels' retrieved from /home/airflow/.local/lib/python3.12/site-packages/airflow/example_dags/example_branch_labels.py
[2024-12-03T14:23:43.795+0000] {logging_mixin.py:190} INFO - [2024-12-03T14:23:43.795+0000] {dag.py:3239} INFO - Sync 1 DAGs
[2024-12-03T14:23:43.826+0000] {logging_mixin.py:190} INFO - [2024-12-03T14:23:43.826+0000] {dag.py:4180} INFO - Setting next_dagrun for example_branch_labels to 2024-12-02 00:00:00+00:00, run_after=2024-12-03 00:00:00+00:00
[2024-12-03T14:23:43.852+0000] {processor.py:208} INFO - Processing /home/airflow/.local/lib/python3.12/site-packages/airflow/example_dags/example_branch_labels.py took 0.104 seconds
[2024-12-03T14:24:16.543+0000] {processor.py:186} INFO - Started process (PID=710) to work on /home/airflow/.local/lib/python3.12/site-packages/airflow/example_dags/example_branch_labels.py
[2024-12-03T14:24:16.544+0000] {processor.py:914} INFO - Processing file /home/airflow/.local/lib/python3.12/site-packages/airflow/example_dags/example_branch_labels.py for tasks to queue
[2024-12-03T14:24:16.548+0000] {logging_mixin.py:190} INFO - [2024-12-03T14:24:16.547+0000] {dagbag.py:588} INFO - Filling up the DagBag from /home/airflow/.local/lib/python3.12/site-packages/airflow/example_dags/example_branch_labels.py
[2024-12-03T14:24:16.566+0000] {processor.py:925} INFO - DAG(s) 'example_branch_labels' retrieved from /home/airflow/.local/lib/python3.12/site-packages/airflow/example_dags/example_branch_labels.py
[2024-12-03T14:24:16.603+0000] {logging_mixin.py:190} INFO - [2024-12-03T14:24:16.603+0000] {dag.py:3239} INFO - Sync 1 DAGs
[2024-12-03T14:24:16.652+0000] {logging_mixin.py:190} INFO - [2024-12-03T14:24:16.652+0000] {dag.py:4180} INFO - Setting next_dagrun for example_branch_labels to 2024-12-02 00:00:00+00:00, run_after=2024-12-03 00:00:00+00:00
[2024-12-03T14:24:16.688+0000] {processor.py:208} INFO - Processing /home/airflow/.local/lib/python3.12/site-packages/airflow/example_dags/example_branch_labels.py took 0.156 seconds
[2024-12-03T14:24:50.984+0000] {processor.py:186} INFO - Started process (PID=779) to work on /home/airflow/.local/lib/python3.12/site-packages/airflow/example_dags/example_branch_labels.py
[2024-12-03T14:24:50.986+0000] {processor.py:914} INFO - Processing file /home/airflow/.local/lib/python3.12/site-packages/airflow/example_dags/example_branch_labels.py for tasks to queue
[2024-12-03T14:24:50.990+0000] {logging_mixin.py:190} INFO - [2024-12-03T14:24:50.989+0000] {dagbag.py:588} INFO - Filling up the DagBag from /home/airflow/.local/lib/python3.12/site-packages/airflow/example_dags/example_branch_labels.py
[2024-12-03T14:24:51.036+0000] {processor.py:925} INFO - DAG(s) 'example_branch_labels' retrieved from /home/airflow/.local/lib/python3.12/site-packages/airflow/example_dags/example_branch_labels.py
[2024-12-03T14:24:51.143+0000] {logging_mixin.py:190} INFO - [2024-12-03T14:24:51.143+0000] {dag.py:3239} INFO - Sync 1 DAGs
[2024-12-03T14:24:51.338+0000] {logging_mixin.py:190} INFO - [2024-12-03T14:24:51.337+0000] {dag.py:4180} INFO - Setting next_dagrun for example_branch_labels to 2024-12-02 00:00:00+00:00, run_after=2024-12-03 00:00:00+00:00
[2024-12-03T14:24:51.495+0000] {processor.py:208} INFO - Processing /home/airflow/.local/lib/python3.12/site-packages/airflow/example_dags/example_branch_labels.py took 0.530 seconds
