[2024-12-03T13:59:42.650+0000] {processor.py:186} INFO - Started process (PID=135) to work on /home/airflow/.local/lib/python3.12/site-packages/airflow/example_dags/tutorial_objectstorage.py
[2024-12-03T13:59:42.654+0000] {processor.py:914} INFO - Processing file /home/airflow/.local/lib/python3.12/site-packages/airflow/example_dags/tutorial_objectstorage.py for tasks to queue
[2024-12-03T13:59:42.662+0000] {logging_mixin.py:190} INFO - [2024-12-03T13:59:42.660+0000] {dagbag.py:588} INFO - Filling up the DagBag from /home/airflow/.local/lib/python3.12/site-packages/airflow/example_dags/tutorial_objectstorage.py
[2024-12-03T13:59:42.744+0000] {processor.py:925} INFO - DAG(s) 'tutorial_objectstorage' retrieved from /home/airflow/.local/lib/python3.12/site-packages/airflow/example_dags/tutorial_objectstorage.py
[2024-12-03T13:59:43.764+0000] {logging_mixin.py:190} INFO - [2024-12-03T13:59:43.752+0000] {override.py:1911} INFO - Created Permission View: can delete on DAG:tutorial_objectstorage
[2024-12-03T13:59:43.971+0000] {logging_mixin.py:190} INFO - [2024-12-03T13:59:43.967+0000] {override.py:1911} INFO - Created Permission View: can read on DAG:tutorial_objectstorage
[2024-12-03T13:59:44.143+0000] {logging_mixin.py:190} INFO - [2024-12-03T13:59:44.138+0000] {override.py:1911} INFO - Created Permission View: can edit on DAG:tutorial_objectstorage
[2024-12-03T13:59:45.630+0000] {logging_mixin.py:190} INFO - [2024-12-03T13:59:45.614+0000] {override.py:1911} INFO - Created Permission View: can create on DAG Run:tutorial_objectstorage
[2024-12-03T14:19:33.905+0000] {processor.py:186} INFO - Started process (PID=137) to work on /home/airflow/.local/lib/python3.12/site-packages/airflow/example_dags/tutorial_objectstorage.py
[2024-12-03T14:19:33.906+0000] {processor.py:914} INFO - Processing file /home/airflow/.local/lib/python3.12/site-packages/airflow/example_dags/tutorial_objectstorage.py for tasks to queue
[2024-12-03T14:19:33.909+0000] {logging_mixin.py:190} INFO - [2024-12-03T14:19:33.908+0000] {dagbag.py:588} INFO - Filling up the DagBag from /home/airflow/.local/lib/python3.12/site-packages/airflow/example_dags/tutorial_objectstorage.py
[2024-12-03T14:19:33.934+0000] {processor.py:925} INFO - DAG(s) 'tutorial_objectstorage' retrieved from /home/airflow/.local/lib/python3.12/site-packages/airflow/example_dags/tutorial_objectstorage.py
[2024-12-03T14:19:34.283+0000] {logging_mixin.py:190} INFO - [2024-12-03T14:19:34.280+0000] {override.py:1911} INFO - Created Permission View: can read on DAG:tutorial_objectstorage
[2024-12-03T14:19:34.318+0000] {logging_mixin.py:190} INFO - [2024-12-03T14:19:34.317+0000] {override.py:1911} INFO - Created Permission View: can edit on DAG:tutorial_objectstorage
[2024-12-03T14:19:34.346+0000] {logging_mixin.py:190} INFO - [2024-12-03T14:19:34.344+0000] {override.py:1911} INFO - Created Permission View: can delete on DAG:tutorial_objectstorage
[2024-12-03T14:19:34.377+0000] {logging_mixin.py:190} INFO - [2024-12-03T14:19:34.376+0000] {override.py:1911} INFO - Created Permission View: can read on DAG Run:tutorial_objectstorage
[2024-12-03T14:19:34.401+0000] {logging_mixin.py:190} INFO - [2024-12-03T14:19:34.400+0000] {override.py:1911} INFO - Created Permission View: menu access on DAG Run:tutorial_objectstorage
[2024-12-03T14:19:34.423+0000] {logging_mixin.py:190} INFO - [2024-12-03T14:19:34.422+0000] {override.py:1911} INFO - Created Permission View: can delete on DAG Run:tutorial_objectstorage
[2024-12-03T14:19:34.446+0000] {logging_mixin.py:190} INFO - [2024-12-03T14:19:34.445+0000] {override.py:1911} INFO - Created Permission View: can create on DAG Run:tutorial_objectstorage
[2024-12-03T14:19:34.449+0000] {logging_mixin.py:190} INFO - [2024-12-03T14:19:34.448+0000] {dag.py:3239} INFO - Sync 1 DAGs
[2024-12-03T14:19:34.488+0000] {logging_mixin.py:190} INFO - [2024-12-03T14:19:34.488+0000] {dag.py:3262} INFO - Creating ORM DAG for tutorial_objectstorage
[2024-12-03T14:19:34.491+0000] {logging_mixin.py:190} INFO - [2024-12-03T14:19:34.490+0000] {dag.py:4180} INFO - Setting next_dagrun for tutorial_objectstorage to None, run_after=None
[2024-12-03T14:19:34.525+0000] {processor.py:208} INFO - Processing /home/airflow/.local/lib/python3.12/site-packages/airflow/example_dags/tutorial_objectstorage.py took 0.629 seconds
[2024-12-03T14:20:04.827+0000] {processor.py:186} INFO - Started process (PID=201) to work on /home/airflow/.local/lib/python3.12/site-packages/airflow/example_dags/tutorial_objectstorage.py
[2024-12-03T14:20:04.829+0000] {processor.py:914} INFO - Processing file /home/airflow/.local/lib/python3.12/site-packages/airflow/example_dags/tutorial_objectstorage.py for tasks to queue
[2024-12-03T14:20:04.830+0000] {logging_mixin.py:190} INFO - [2024-12-03T14:20:04.830+0000] {dagbag.py:588} INFO - Filling up the DagBag from /home/airflow/.local/lib/python3.12/site-packages/airflow/example_dags/tutorial_objectstorage.py
[2024-12-03T14:20:04.842+0000] {processor.py:925} INFO - DAG(s) 'tutorial_objectstorage' retrieved from /home/airflow/.local/lib/python3.12/site-packages/airflow/example_dags/tutorial_objectstorage.py
[2024-12-03T14:20:04.870+0000] {logging_mixin.py:190} INFO - [2024-12-03T14:20:04.870+0000] {dag.py:3239} INFO - Sync 1 DAGs
[2024-12-03T14:20:04.890+0000] {logging_mixin.py:190} INFO - [2024-12-03T14:20:04.889+0000] {dag.py:4180} INFO - Setting next_dagrun for tutorial_objectstorage to None, run_after=None
[2024-12-03T14:20:04.929+0000] {processor.py:208} INFO - Processing /home/airflow/.local/lib/python3.12/site-packages/airflow/example_dags/tutorial_objectstorage.py took 0.107 seconds
[2024-12-03T14:20:35.166+0000] {processor.py:186} INFO - Started process (PID=265) to work on /home/airflow/.local/lib/python3.12/site-packages/airflow/example_dags/tutorial_objectstorage.py
[2024-12-03T14:20:35.167+0000] {processor.py:914} INFO - Processing file /home/airflow/.local/lib/python3.12/site-packages/airflow/example_dags/tutorial_objectstorage.py for tasks to queue
[2024-12-03T14:20:35.169+0000] {logging_mixin.py:190} INFO - [2024-12-03T14:20:35.169+0000] {dagbag.py:588} INFO - Filling up the DagBag from /home/airflow/.local/lib/python3.12/site-packages/airflow/example_dags/tutorial_objectstorage.py
[2024-12-03T14:20:35.181+0000] {processor.py:925} INFO - DAG(s) 'tutorial_objectstorage' retrieved from /home/airflow/.local/lib/python3.12/site-packages/airflow/example_dags/tutorial_objectstorage.py
[2024-12-03T14:20:35.207+0000] {logging_mixin.py:190} INFO - [2024-12-03T14:20:35.206+0000] {dag.py:3239} INFO - Sync 1 DAGs
[2024-12-03T14:20:35.224+0000] {logging_mixin.py:190} INFO - [2024-12-03T14:20:35.224+0000] {dag.py:4180} INFO - Setting next_dagrun for tutorial_objectstorage to None, run_after=None
[2024-12-03T14:20:35.253+0000] {processor.py:208} INFO - Processing /home/airflow/.local/lib/python3.12/site-packages/airflow/example_dags/tutorial_objectstorage.py took 0.093 seconds
[2024-12-03T14:21:05.896+0000] {processor.py:186} INFO - Started process (PID=330) to work on /home/airflow/.local/lib/python3.12/site-packages/airflow/example_dags/tutorial_objectstorage.py
[2024-12-03T14:21:05.897+0000] {processor.py:914} INFO - Processing file /home/airflow/.local/lib/python3.12/site-packages/airflow/example_dags/tutorial_objectstorage.py for tasks to queue
[2024-12-03T14:21:05.899+0000] {logging_mixin.py:190} INFO - [2024-12-03T14:21:05.899+0000] {dagbag.py:588} INFO - Filling up the DagBag from /home/airflow/.local/lib/python3.12/site-packages/airflow/example_dags/tutorial_objectstorage.py
[2024-12-03T14:21:05.912+0000] {processor.py:925} INFO - DAG(s) 'tutorial_objectstorage' retrieved from /home/airflow/.local/lib/python3.12/site-packages/airflow/example_dags/tutorial_objectstorage.py
[2024-12-03T14:21:05.938+0000] {logging_mixin.py:190} INFO - [2024-12-03T14:21:05.938+0000] {dag.py:3239} INFO - Sync 1 DAGs
[2024-12-03T14:21:05.953+0000] {logging_mixin.py:190} INFO - [2024-12-03T14:21:05.952+0000] {dag.py:4180} INFO - Setting next_dagrun for tutorial_objectstorage to None, run_after=None
[2024-12-03T14:21:05.979+0000] {processor.py:208} INFO - Processing /home/airflow/.local/lib/python3.12/site-packages/airflow/example_dags/tutorial_objectstorage.py took 0.089 seconds
[2024-12-03T14:21:36.291+0000] {processor.py:186} INFO - Started process (PID=393) to work on /home/airflow/.local/lib/python3.12/site-packages/airflow/example_dags/tutorial_objectstorage.py
[2024-12-03T14:21:36.293+0000] {processor.py:914} INFO - Processing file /home/airflow/.local/lib/python3.12/site-packages/airflow/example_dags/tutorial_objectstorage.py for tasks to queue
[2024-12-03T14:21:36.295+0000] {logging_mixin.py:190} INFO - [2024-12-03T14:21:36.295+0000] {dagbag.py:588} INFO - Filling up the DagBag from /home/airflow/.local/lib/python3.12/site-packages/airflow/example_dags/tutorial_objectstorage.py
[2024-12-03T14:21:36.307+0000] {processor.py:925} INFO - DAG(s) 'tutorial_objectstorage' retrieved from /home/airflow/.local/lib/python3.12/site-packages/airflow/example_dags/tutorial_objectstorage.py
[2024-12-03T14:21:36.334+0000] {logging_mixin.py:190} INFO - [2024-12-03T14:21:36.334+0000] {dag.py:3239} INFO - Sync 1 DAGs
[2024-12-03T14:21:36.352+0000] {logging_mixin.py:190} INFO - [2024-12-03T14:21:36.352+0000] {dag.py:4180} INFO - Setting next_dagrun for tutorial_objectstorage to None, run_after=None
[2024-12-03T14:21:36.381+0000] {processor.py:208} INFO - Processing /home/airflow/.local/lib/python3.12/site-packages/airflow/example_dags/tutorial_objectstorage.py took 0.096 seconds
[2024-12-03T14:22:06.592+0000] {processor.py:186} INFO - Started process (PID=457) to work on /home/airflow/.local/lib/python3.12/site-packages/airflow/example_dags/tutorial_objectstorage.py
[2024-12-03T14:22:06.593+0000] {processor.py:914} INFO - Processing file /home/airflow/.local/lib/python3.12/site-packages/airflow/example_dags/tutorial_objectstorage.py for tasks to queue
[2024-12-03T14:22:06.595+0000] {logging_mixin.py:190} INFO - [2024-12-03T14:22:06.595+0000] {dagbag.py:588} INFO - Filling up the DagBag from /home/airflow/.local/lib/python3.12/site-packages/airflow/example_dags/tutorial_objectstorage.py
[2024-12-03T14:22:06.605+0000] {processor.py:925} INFO - DAG(s) 'tutorial_objectstorage' retrieved from /home/airflow/.local/lib/python3.12/site-packages/airflow/example_dags/tutorial_objectstorage.py
[2024-12-03T14:22:06.627+0000] {logging_mixin.py:190} INFO - [2024-12-03T14:22:06.627+0000] {dag.py:3239} INFO - Sync 1 DAGs
[2024-12-03T14:22:06.643+0000] {logging_mixin.py:190} INFO - [2024-12-03T14:22:06.642+0000] {dag.py:4180} INFO - Setting next_dagrun for tutorial_objectstorage to None, run_after=None
[2024-12-03T14:22:06.673+0000] {processor.py:208} INFO - Processing /home/airflow/.local/lib/python3.12/site-packages/airflow/example_dags/tutorial_objectstorage.py took 0.086 seconds
[2024-12-03T14:22:38.320+0000] {processor.py:186} INFO - Started process (PID=522) to work on /home/airflow/.local/lib/python3.12/site-packages/airflow/example_dags/tutorial_objectstorage.py
[2024-12-03T14:22:38.321+0000] {processor.py:914} INFO - Processing file /home/airflow/.local/lib/python3.12/site-packages/airflow/example_dags/tutorial_objectstorage.py for tasks to queue
[2024-12-03T14:22:38.323+0000] {logging_mixin.py:190} INFO - [2024-12-03T14:22:38.323+0000] {dagbag.py:588} INFO - Filling up the DagBag from /home/airflow/.local/lib/python3.12/site-packages/airflow/example_dags/tutorial_objectstorage.py
[2024-12-03T14:22:38.335+0000] {processor.py:925} INFO - DAG(s) 'tutorial_objectstorage' retrieved from /home/airflow/.local/lib/python3.12/site-packages/airflow/example_dags/tutorial_objectstorage.py
[2024-12-03T14:22:38.363+0000] {logging_mixin.py:190} INFO - [2024-12-03T14:22:38.363+0000] {dag.py:3239} INFO - Sync 1 DAGs
[2024-12-03T14:22:38.381+0000] {logging_mixin.py:190} INFO - [2024-12-03T14:22:38.381+0000] {dag.py:4180} INFO - Setting next_dagrun for tutorial_objectstorage to None, run_after=None
[2024-12-03T14:22:38.408+0000] {processor.py:208} INFO - Processing /home/airflow/.local/lib/python3.12/site-packages/airflow/example_dags/tutorial_objectstorage.py took 0.095 seconds
[2024-12-03T14:23:09.358+0000] {processor.py:186} INFO - Started process (PID=585) to work on /home/airflow/.local/lib/python3.12/site-packages/airflow/example_dags/tutorial_objectstorage.py
[2024-12-03T14:23:09.359+0000] {processor.py:914} INFO - Processing file /home/airflow/.local/lib/python3.12/site-packages/airflow/example_dags/tutorial_objectstorage.py for tasks to queue
[2024-12-03T14:23:09.361+0000] {logging_mixin.py:190} INFO - [2024-12-03T14:23:09.361+0000] {dagbag.py:588} INFO - Filling up the DagBag from /home/airflow/.local/lib/python3.12/site-packages/airflow/example_dags/tutorial_objectstorage.py
[2024-12-03T14:23:09.374+0000] {processor.py:925} INFO - DAG(s) 'tutorial_objectstorage' retrieved from /home/airflow/.local/lib/python3.12/site-packages/airflow/example_dags/tutorial_objectstorage.py
[2024-12-03T14:23:09.399+0000] {logging_mixin.py:190} INFO - [2024-12-03T14:23:09.399+0000] {dag.py:3239} INFO - Sync 1 DAGs
[2024-12-03T14:23:09.417+0000] {logging_mixin.py:190} INFO - [2024-12-03T14:23:09.417+0000] {dag.py:4180} INFO - Setting next_dagrun for tutorial_objectstorage to None, run_after=None
[2024-12-03T14:23:09.448+0000] {processor.py:208} INFO - Processing /home/airflow/.local/lib/python3.12/site-packages/airflow/example_dags/tutorial_objectstorage.py took 0.097 seconds
[2024-12-03T14:23:44.225+0000] {processor.py:186} INFO - Started process (PID=650) to work on /home/airflow/.local/lib/python3.12/site-packages/airflow/example_dags/tutorial_objectstorage.py
[2024-12-03T14:23:44.226+0000] {processor.py:914} INFO - Processing file /home/airflow/.local/lib/python3.12/site-packages/airflow/example_dags/tutorial_objectstorage.py for tasks to queue
[2024-12-03T14:23:44.229+0000] {logging_mixin.py:190} INFO - [2024-12-03T14:23:44.229+0000] {dagbag.py:588} INFO - Filling up the DagBag from /home/airflow/.local/lib/python3.12/site-packages/airflow/example_dags/tutorial_objectstorage.py
[2024-12-03T14:23:44.251+0000] {processor.py:925} INFO - DAG(s) 'tutorial_objectstorage' retrieved from /home/airflow/.local/lib/python3.12/site-packages/airflow/example_dags/tutorial_objectstorage.py
[2024-12-03T14:23:44.289+0000] {logging_mixin.py:190} INFO - [2024-12-03T14:23:44.289+0000] {dag.py:3239} INFO - Sync 1 DAGs
[2024-12-03T14:23:44.308+0000] {logging_mixin.py:190} INFO - [2024-12-03T14:23:44.308+0000] {dag.py:4180} INFO - Setting next_dagrun for tutorial_objectstorage to None, run_after=None
[2024-12-03T14:23:44.338+0000] {processor.py:208} INFO - Processing /home/airflow/.local/lib/python3.12/site-packages/airflow/example_dags/tutorial_objectstorage.py took 0.129 seconds
[2024-12-03T14:24:18.632+0000] {processor.py:186} INFO - Started process (PID=719) to work on /home/airflow/.local/lib/python3.12/site-packages/airflow/example_dags/tutorial_objectstorage.py
[2024-12-03T14:24:18.635+0000] {processor.py:914} INFO - Processing file /home/airflow/.local/lib/python3.12/site-packages/airflow/example_dags/tutorial_objectstorage.py for tasks to queue
[2024-12-03T14:24:18.639+0000] {logging_mixin.py:190} INFO - [2024-12-03T14:24:18.638+0000] {dagbag.py:588} INFO - Filling up the DagBag from /home/airflow/.local/lib/python3.12/site-packages/airflow/example_dags/tutorial_objectstorage.py
[2024-12-03T14:24:18.662+0000] {processor.py:925} INFO - DAG(s) 'tutorial_objectstorage' retrieved from /home/airflow/.local/lib/python3.12/site-packages/airflow/example_dags/tutorial_objectstorage.py
[2024-12-03T14:24:18.696+0000] {logging_mixin.py:190} INFO - [2024-12-03T14:24:18.695+0000] {dag.py:3239} INFO - Sync 1 DAGs
[2024-12-03T14:24:18.723+0000] {logging_mixin.py:190} INFO - [2024-12-03T14:24:18.723+0000] {dag.py:4180} INFO - Setting next_dagrun for tutorial_objectstorage to None, run_after=None
[2024-12-03T14:24:18.772+0000] {processor.py:208} INFO - Processing /home/airflow/.local/lib/python3.12/site-packages/airflow/example_dags/tutorial_objectstorage.py took 0.158 seconds
