[2024-12-09T12:30:48.954+0000] {local_task_job_runner.py:123} INFO - ::group::Pre task execution logs
[2024-12-09T12:30:48.980+0000] {taskinstance.py:2613} INFO - Dependencies all met for dep_context=non-requeueable deps ti=<TaskInstance: streaming_dag_v9.stream_to_kafka_topic manual__2024-12-09T12:29:38.162874+00:00 [queued]>
[2024-12-09T12:30:48.994+0000] {taskinstance.py:2613} INFO - Dependencies all met for dep_context=requeueable deps ti=<TaskInstance: streaming_dag_v9.stream_to_kafka_topic manual__2024-12-09T12:29:38.162874+00:00 [queued]>
[2024-12-09T12:30:48.995+0000] {taskinstance.py:2866} INFO - Starting attempt 1 of 2
[2024-12-09T12:30:49.016+0000] {taskinstance.py:2889} INFO - Executing <Task(PythonOperator): stream_to_kafka_topic> on 2024-12-09 12:29:38.162874+00:00
[2024-12-09T12:30:49.026+0000] {warnings.py:112} WARNING - /home/***/.local/lib/python3.12/site-packages/***/task/task_runner/standard_task_runner.py:70: DeprecationWarning: This process (pid=457) is multi-threaded, use of fork() may lead to deadlocks in the child.
  pid = os.fork()

[2024-12-09T12:30:49.030+0000] {standard_task_runner.py:104} INFO - Running: ['***', 'tasks', 'run', 'streaming_dag_v9', 'stream_to_kafka_topic', 'manual__2024-12-09T12:29:38.162874+00:00', '--job-id', '72', '--raw', '--subdir', 'DAGS_FOLDER/stream_to_spark.py', '--cfg-path', '/tmp/tmpay113hcv']
[2024-12-09T12:30:49.032+0000] {standard_task_runner.py:72} INFO - Started process 458 to run task
[2024-12-09T12:30:49.033+0000] {standard_task_runner.py:105} INFO - Job 72: Subtask stream_to_kafka_topic
[2024-12-09T12:30:49.105+0000] {task_command.py:467} INFO - Running <TaskInstance: streaming_dag_v9.stream_to_kafka_topic manual__2024-12-09T12:29:38.162874+00:00 [running]> on host 3fc0bc0906bc
[2024-12-09T12:30:49.234+0000] {taskinstance.py:3132} INFO - Exporting env vars: AIRFLOW_CTX_DAG_OWNER='neiko' AIRFLOW_CTX_DAG_ID='streaming_dag_v9' AIRFLOW_CTX_TASK_ID='stream_to_kafka_topic' AIRFLOW_CTX_EXECUTION_DATE='2024-12-09T12:29:38.162874+00:00' AIRFLOW_CTX_TRY_NUMBER='1' AIRFLOW_CTX_DAG_RUN_ID='manual__2024-12-09T12:29:38.162874+00:00'
[2024-12-09T12:30:49.237+0000] {taskinstance.py:731} INFO - ::endgroup::
[2024-12-09T12:30:50.268+0000] {logging_mixin.py:190} INFO - Message delivered to new_user [0] at offset 36
[2024-12-09T12:31:00.602+0000] {logging_mixin.py:190} INFO - Message delivered to new_user [0] at offset 37
[2024-12-09T12:31:10.944+0000] {logging_mixin.py:190} INFO - Message delivered to new_user [0] at offset 38
[2024-12-09T12:31:21.273+0000] {logging_mixin.py:190} INFO - Message delivered to new_user [0] at offset 39
[2024-12-09T12:31:31.604+0000] {logging_mixin.py:190} INFO - Message delivered to new_user [0] at offset 40
[2024-12-09T12:31:41.940+0000] {logging_mixin.py:190} INFO - Message delivered to new_user [0] at offset 41
[2024-12-09T12:31:52.275+0000] {logging_mixin.py:190} INFO - Message delivered to new_user [0] at offset 42
[2024-12-09T12:32:02.593+0000] {logging_mixin.py:190} INFO - Message delivered to new_user [0] at offset 43
[2024-12-09T12:32:12.933+0000] {logging_mixin.py:190} INFO - Message delivered to new_user [0] at offset 44
[2024-12-09T12:32:23.253+0000] {logging_mixin.py:190} INFO - Message delivered to new_user [0] at offset 45
[2024-12-09T12:32:33.584+0000] {logging_mixin.py:190} INFO - Message delivered to new_user [0] at offset 46
[2024-12-09T12:32:43.904+0000] {logging_mixin.py:190} INFO - Message delivered to new_user [0] at offset 47
[2024-12-09T12:32:53.906+0000] {python.py:240} INFO - Done. Returned value was: None
[2024-12-09T12:32:53.921+0000] {taskinstance.py:340} INFO - ::group::Post task execution logs
[2024-12-09T12:32:53.922+0000] {taskinstance.py:352} INFO - Marking task as SUCCESS. dag_id=streaming_dag_v9, task_id=stream_to_kafka_topic, run_id=manual__2024-12-09T12:29:38.162874+00:00, execution_date=20241209T122938, start_date=20241209T123048, end_date=20241209T123253
[2024-12-09T12:32:53.956+0000] {local_task_job_runner.py:266} INFO - Task exited with return code 0
[2024-12-09T12:32:53.975+0000] {taskinstance.py:3895} INFO - 0 downstream tasks scheduled from follow-on schedule check
[2024-12-09T12:32:53.978+0000] {local_task_job_runner.py:245} INFO - ::endgroup::
