[2024-12-05T09:06:07.199+0000] {local_task_job_runner.py:123} INFO - ::group::Pre task execution logs
[2024-12-05T09:06:07.249+0000] {taskinstance.py:2613} INFO - Dependencies all met for dep_context=non-requeueable deps ti=<TaskInstance: streaming_dag_v9.stream_to_kafka_topic manual__2024-12-05T09:03:48.803325+00:00 [queued]>
[2024-12-05T09:06:07.274+0000] {taskinstance.py:2613} INFO - Dependencies all met for dep_context=requeueable deps ti=<TaskInstance: streaming_dag_v9.stream_to_kafka_topic manual__2024-12-05T09:03:48.803325+00:00 [queued]>
[2024-12-05T09:06:07.276+0000] {taskinstance.py:2866} INFO - Starting attempt 1 of 2
[2024-12-05T09:06:07.310+0000] {taskinstance.py:2889} INFO - Executing <Task(PythonOperator): stream_to_kafka_topic> on 2024-12-05 09:03:48.803325+00:00
[2024-12-05T09:06:07.321+0000] {warnings.py:112} WARNING - /home/***/.local/lib/python3.12/site-packages/***/task/task_runner/standard_task_runner.py:70: DeprecationWarning: This process (pid=9206) is multi-threaded, use of fork() may lead to deadlocks in the child.
  pid = os.fork()

[2024-12-05T09:06:07.323+0000] {standard_task_runner.py:104} INFO - Running: ['***', 'tasks', 'run', 'streaming_dag_v9', 'stream_to_kafka_topic', 'manual__2024-12-05T09:03:48.803325+00:00', '--job-id', '42', '--raw', '--subdir', 'DAGS_FOLDER/stream_to_spark.py', '--cfg-path', '/tmp/tmpc6qk8mul']
[2024-12-05T09:06:07.325+0000] {standard_task_runner.py:72} INFO - Started process 9207 to run task
[2024-12-05T09:06:07.325+0000] {standard_task_runner.py:105} INFO - Job 42: Subtask stream_to_kafka_topic
[2024-12-05T09:06:07.405+0000] {task_command.py:467} INFO - Running <TaskInstance: streaming_dag_v9.stream_to_kafka_topic manual__2024-12-05T09:03:48.803325+00:00 [running]> on host 823acf4a0ce9
[2024-12-05T09:06:07.541+0000] {taskinstance.py:3132} INFO - Exporting env vars: AIRFLOW_CTX_DAG_OWNER='neiko' AIRFLOW_CTX_DAG_ID='streaming_dag_v9' AIRFLOW_CTX_TASK_ID='stream_to_kafka_topic' AIRFLOW_CTX_EXECUTION_DATE='2024-12-05T09:03:48.803325+00:00' AIRFLOW_CTX_TRY_NUMBER='1' AIRFLOW_CTX_DAG_RUN_ID='manual__2024-12-05T09:03:48.803325+00:00'
[2024-12-05T09:06:07.543+0000] {taskinstance.py:731} INFO - ::endgroup::
[2024-12-05T09:06:08.588+0000] {logging_mixin.py:190} INFO - Message delivered to new_user [0] at offset 14
[2024-12-05T09:06:18.924+0000] {logging_mixin.py:190} INFO - Message delivered to new_user [0] at offset 15
[2024-12-05T09:06:29.240+0000] {logging_mixin.py:190} INFO - Message delivered to new_user [0] at offset 16
[2024-12-05T09:06:39.602+0000] {logging_mixin.py:190} INFO - Message delivered to new_user [0] at offset 17
[2024-12-05T09:06:49.968+0000] {logging_mixin.py:190} INFO - Message delivered to new_user [0] at offset 18
[2024-12-05T09:07:00.291+0000] {logging_mixin.py:190} INFO - Message delivered to new_user [0] at offset 19
[2024-12-05T09:07:10.632+0000] {logging_mixin.py:190} INFO - Message delivered to new_user [0] at offset 20
[2024-12-05T09:07:20.969+0000] {logging_mixin.py:190} INFO - Message delivered to new_user [0] at offset 21
[2024-12-05T09:07:31.322+0000] {logging_mixin.py:190} INFO - Message delivered to new_user [0] at offset 22
[2024-12-05T09:07:41.657+0000] {logging_mixin.py:190} INFO - Message delivered to new_user [0] at offset 23
[2024-12-05T09:07:52.000+0000] {logging_mixin.py:190} INFO - Message delivered to new_user [0] at offset 24
[2024-12-05T09:08:02.342+0000] {logging_mixin.py:190} INFO - Message delivered to new_user [0] at offset 25
[2024-12-05T09:08:12.390+0000] {python.py:240} INFO - Done. Returned value was: None
[2024-12-05T09:08:12.902+0000] {taskinstance.py:340} INFO - ::group::Post task execution logs
[2024-12-05T09:08:12.911+0000] {taskinstance.py:352} INFO - Marking task as SUCCESS. dag_id=streaming_dag_v9, task_id=stream_to_kafka_topic, run_id=manual__2024-12-05T09:03:48.803325+00:00, execution_date=20241205T090348, start_date=20241205T090607, end_date=20241205T090812
[2024-12-05T09:08:13.185+0000] {local_task_job_runner.py:266} INFO - Task exited with return code 0
[2024-12-05T09:08:13.380+0000] {taskinstance.py:3895} INFO - 0 downstream tasks scheduled from follow-on schedule check
[2024-12-05T09:08:13.386+0000] {local_task_job_runner.py:245} INFO - ::endgroup::
