[2024-12-09T13:21:24.685+0000] {local_task_job_runner.py:123} INFO - ::group::Pre task execution logs
[2024-12-09T13:21:24.805+0000] {taskinstance.py:2613} INFO - Dependencies all met for dep_context=non-requeueable deps ti=<TaskInstance: streaming_dag_v9.stream_to_kafka_topic manual__2024-12-09T13:21:18.756832+00:00 [queued]>
[2024-12-09T13:21:24.846+0000] {taskinstance.py:2613} INFO - Dependencies all met for dep_context=requeueable deps ti=<TaskInstance: streaming_dag_v9.stream_to_kafka_topic manual__2024-12-09T13:21:18.756832+00:00 [queued]>
[2024-12-09T13:21:24.847+0000] {taskinstance.py:2866} INFO - Starting attempt 1 of 2
[2024-12-09T13:21:24.891+0000] {taskinstance.py:2889} INFO - Executing <Task(PythonOperator): stream_to_kafka_topic> on 2024-12-09 13:21:18.756832+00:00
[2024-12-09T13:21:24.907+0000] {warnings.py:112} WARNING - /home/***/.local/lib/python3.12/site-packages/***/task/task_runner/standard_task_runner.py:70: DeprecationWarning: This process (pid=1101) is multi-threaded, use of fork() may lead to deadlocks in the child.
  pid = os.fork()

[2024-12-09T13:21:24.907+0000] {standard_task_runner.py:104} INFO - Running: ['***', 'tasks', 'run', 'streaming_dag_v9', 'stream_to_kafka_topic', 'manual__2024-12-09T13:21:18.756832+00:00', '--job-id', '73', '--raw', '--subdir', 'DAGS_FOLDER/stream_to_spark.py', '--cfg-path', '/tmp/tmp3b1m3p68']
[2024-12-09T13:21:24.915+0000] {standard_task_runner.py:72} INFO - Started process 1102 to run task
[2024-12-09T13:21:24.915+0000] {standard_task_runner.py:105} INFO - Job 73: Subtask stream_to_kafka_topic
[2024-12-09T13:21:25.059+0000] {task_command.py:467} INFO - Running <TaskInstance: streaming_dag_v9.stream_to_kafka_topic manual__2024-12-09T13:21:18.756832+00:00 [running]> on host 3fc0bc0906bc
[2024-12-09T13:21:25.258+0000] {taskinstance.py:3132} INFO - Exporting env vars: AIRFLOW_CTX_DAG_OWNER='neiko' AIRFLOW_CTX_DAG_ID='streaming_dag_v9' AIRFLOW_CTX_TASK_ID='stream_to_kafka_topic' AIRFLOW_CTX_EXECUTION_DATE='2024-12-09T13:21:18.756832+00:00' AIRFLOW_CTX_TRY_NUMBER='1' AIRFLOW_CTX_DAG_RUN_ID='manual__2024-12-09T13:21:18.756832+00:00'
[2024-12-09T13:21:25.260+0000] {taskinstance.py:731} INFO - ::endgroup::
[2024-12-09T13:21:26.750+0000] {logging_mixin.py:190} INFO - Message delivered to new_user [0] at offset 48
[2024-12-09T13:21:38.280+0000] {logging_mixin.py:190} INFO - Message delivered to new_user [0] at offset 49
[2024-12-09T13:21:48.640+0000] {logging_mixin.py:190} INFO - Message delivered to new_user [0] at offset 50
[2024-12-09T13:21:58.999+0000] {logging_mixin.py:190} INFO - Message delivered to new_user [0] at offset 51
[2024-12-09T13:22:09.332+0000] {logging_mixin.py:190} INFO - Message delivered to new_user [0] at offset 52
[2024-12-09T13:22:19.661+0000] {logging_mixin.py:190} INFO - Message delivered to new_user [0] at offset 53
[2024-12-09T13:22:30.019+0000] {logging_mixin.py:190} INFO - Message delivered to new_user [0] at offset 54
[2024-12-09T13:22:40.360+0000] {logging_mixin.py:190} INFO - Message delivered to new_user [0] at offset 55
[2024-12-09T13:22:50.691+0000] {logging_mixin.py:190} INFO - Message delivered to new_user [0] at offset 56
[2024-12-09T13:23:01.019+0000] {logging_mixin.py:190} INFO - Message delivered to new_user [0] at offset 57
[2024-12-09T13:23:11.355+0000] {logging_mixin.py:190} INFO - Message delivered to new_user [0] at offset 58
[2024-12-09T13:23:21.680+0000] {logging_mixin.py:190} INFO - Message delivered to new_user [0] at offset 59
[2024-12-09T13:23:31.687+0000] {python.py:240} INFO - Done. Returned value was: None
[2024-12-09T13:23:31.782+0000] {taskinstance.py:340} INFO - ::group::Post task execution logs
[2024-12-09T13:23:31.787+0000] {taskinstance.py:352} INFO - Marking task as SUCCESS. dag_id=streaming_dag_v9, task_id=stream_to_kafka_topic, run_id=manual__2024-12-09T13:21:18.756832+00:00, execution_date=20241209T132118, start_date=20241209T132124, end_date=20241209T132331
[2024-12-09T13:23:31.913+0000] {local_task_job_runner.py:266} INFO - Task exited with return code 0
[2024-12-09T13:23:31.975+0000] {taskinstance.py:3895} INFO - 0 downstream tasks scheduled from follow-on schedule check
[2024-12-09T13:23:31.979+0000] {local_task_job_runner.py:245} INFO - ::endgroup::
