[2024-12-05T09:03:59.222+0000] {local_task_job_runner.py:123} INFO - ::group::Pre task execution logs
[2024-12-05T09:03:59.252+0000] {taskinstance.py:2613} INFO - Dependencies all met for dep_context=non-requeueable deps ti=<TaskInstance: streaming_dag_v9.stream_to_kafka_topic scheduled__2024-12-04T00:00:00+00:00 [queued]>
[2024-12-05T09:03:59.265+0000] {taskinstance.py:2613} INFO - Dependencies all met for dep_context=requeueable deps ti=<TaskInstance: streaming_dag_v9.stream_to_kafka_topic scheduled__2024-12-04T00:00:00+00:00 [queued]>
[2024-12-05T09:03:59.267+0000] {taskinstance.py:2866} INFO - Starting attempt 2 of 2
[2024-12-05T09:03:59.286+0000] {taskinstance.py:2889} INFO - Executing <Task(PythonOperator): stream_to_kafka_topic> on 2024-12-04 00:00:00+00:00
[2024-12-05T09:03:59.296+0000] {warnings.py:112} WARNING - /home/***/.local/lib/python3.12/site-packages/***/task/task_runner/standard_task_runner.py:70: DeprecationWarning: This process (pid=9172) is multi-threaded, use of fork() may lead to deadlocks in the child.
  pid = os.fork()

[2024-12-05T09:03:59.298+0000] {standard_task_runner.py:72} INFO - Started process 9173 to run task
[2024-12-05T09:03:59.298+0000] {standard_task_runner.py:104} INFO - Running: ['***', 'tasks', 'run', 'streaming_dag_v9', 'stream_to_kafka_topic', 'scheduled__2024-12-04T00:00:00+00:00', '--job-id', '41', '--raw', '--subdir', 'DAGS_FOLDER/stream_to_spark.py', '--cfg-path', '/tmp/tmpdgaah3m1']
[2024-12-05T09:03:59.300+0000] {standard_task_runner.py:105} INFO - Job 41: Subtask stream_to_kafka_topic
[2024-12-05T09:03:59.389+0000] {task_command.py:467} INFO - Running <TaskInstance: streaming_dag_v9.stream_to_kafka_topic scheduled__2024-12-04T00:00:00+00:00 [running]> on host 823acf4a0ce9
[2024-12-05T09:03:59.499+0000] {taskinstance.py:3132} INFO - Exporting env vars: AIRFLOW_CTX_DAG_OWNER='neiko' AIRFLOW_CTX_DAG_ID='streaming_dag_v9' AIRFLOW_CTX_TASK_ID='stream_to_kafka_topic' AIRFLOW_CTX_EXECUTION_DATE='2024-12-04T00:00:00+00:00' AIRFLOW_CTX_TRY_NUMBER='2' AIRFLOW_CTX_DAG_RUN_ID='scheduled__2024-12-04T00:00:00+00:00'
[2024-12-05T09:03:59.501+0000] {taskinstance.py:731} INFO - ::endgroup::
[2024-12-05T09:04:00.599+0000] {logging_mixin.py:190} INFO - Message delivered to new_user [0] at offset 2
[2024-12-05T09:04:10.962+0000] {logging_mixin.py:190} INFO - Message delivered to new_user [0] at offset 3
[2024-12-05T09:04:21.405+0000] {logging_mixin.py:190} INFO - Message delivered to new_user [0] at offset 4
[2024-12-05T09:04:31.747+0000] {logging_mixin.py:190} INFO - Message delivered to new_user [0] at offset 5
[2024-12-05T09:04:42.071+0000] {logging_mixin.py:190} INFO - Message delivered to new_user [0] at offset 6
[2024-12-05T09:04:52.427+0000] {logging_mixin.py:190} INFO - Message delivered to new_user [0] at offset 7
[2024-12-05T09:05:02.782+0000] {logging_mixin.py:190} INFO - Message delivered to new_user [0] at offset 8
[2024-12-05T09:05:13.123+0000] {logging_mixin.py:190} INFO - Message delivered to new_user [0] at offset 9
[2024-12-05T09:05:23.464+0000] {logging_mixin.py:190} INFO - Message delivered to new_user [0] at offset 10
[2024-12-05T09:05:33.806+0000] {logging_mixin.py:190} INFO - Message delivered to new_user [0] at offset 11
[2024-12-05T09:05:44.154+0000] {logging_mixin.py:190} INFO - Message delivered to new_user [0] at offset 12
[2024-12-05T09:05:54.487+0000] {logging_mixin.py:190} INFO - Message delivered to new_user [0] at offset 13
[2024-12-05T09:06:04.501+0000] {python.py:240} INFO - Done. Returned value was: None
[2024-12-05T09:06:04.520+0000] {taskinstance.py:340} INFO - ::group::Post task execution logs
[2024-12-05T09:06:04.522+0000] {taskinstance.py:352} INFO - Marking task as SUCCESS. dag_id=streaming_dag_v9, task_id=stream_to_kafka_topic, run_id=scheduled__2024-12-04T00:00:00+00:00, execution_date=20241204T000000, start_date=20241205T090359, end_date=20241205T090604
[2024-12-05T09:06:04.583+0000] {local_task_job_runner.py:266} INFO - Task exited with return code 0
[2024-12-05T09:06:04.603+0000] {taskinstance.py:3895} INFO - 0 downstream tasks scheduled from follow-on schedule check
[2024-12-05T09:06:04.606+0000] {local_task_job_runner.py:245} INFO - ::endgroup::
