[2024-12-05T08:37:52.905+0000] {local_task_job_runner.py:123} INFO - ::group::Pre task execution logs
[2024-12-05T08:37:53.091+0000] {taskinstance.py:2613} INFO - Dependencies all met for dep_context=non-requeueable deps ti=<TaskInstance: streaming_dag_v7.stream_to_kafka_topic scheduled__2024-12-04T00:00:00+00:00 [queued]>
[2024-12-05T08:37:53.152+0000] {taskinstance.py:2613} INFO - Dependencies all met for dep_context=requeueable deps ti=<TaskInstance: streaming_dag_v7.stream_to_kafka_topic scheduled__2024-12-04T00:00:00+00:00 [queued]>
[2024-12-05T08:37:53.154+0000] {taskinstance.py:2866} INFO - Starting attempt 1 of 2
[2024-12-05T08:37:53.229+0000] {taskinstance.py:2889} INFO - Executing <Task(PythonOperator): stream_to_kafka_topic> on 2024-12-04 00:00:00+00:00
[2024-12-05T08:37:53.258+0000] {standard_task_runner.py:104} INFO - Running: ['***', 'tasks', 'run', 'streaming_dag_v7', 'stream_to_kafka_topic', 'scheduled__2024-12-04T00:00:00+00:00', '--job-id', '38', '--raw', '--subdir', 'DAGS_FOLDER/stream_to_spark.py', '--cfg-path', '/tmp/tmpb0g66mq4']
[2024-12-05T08:37:53.260+0000] {warnings.py:112} WARNING - /home/***/.local/lib/python3.12/site-packages/***/task/task_runner/standard_task_runner.py:70: DeprecationWarning: This process (pid=8808) is multi-threaded, use of fork() may lead to deadlocks in the child.
  pid = os.fork()

[2024-12-05T08:37:53.288+0000] {standard_task_runner.py:105} INFO - Job 38: Subtask stream_to_kafka_topic
[2024-12-05T08:37:53.288+0000] {standard_task_runner.py:72} INFO - Started process 8816 to run task
[2024-12-05T08:37:53.475+0000] {task_command.py:467} INFO - Running <TaskInstance: streaming_dag_v7.stream_to_kafka_topic scheduled__2024-12-04T00:00:00+00:00 [running]> on host 823acf4a0ce9
[2024-12-05T08:37:53.884+0000] {taskinstance.py:3132} INFO - Exporting env vars: AIRFLOW_CTX_DAG_OWNER='neiko' AIRFLOW_CTX_DAG_ID='streaming_dag_v7' AIRFLOW_CTX_TASK_ID='stream_to_kafka_topic' AIRFLOW_CTX_EXECUTION_DATE='2024-12-04T00:00:00+00:00' AIRFLOW_CTX_TRY_NUMBER='1' AIRFLOW_CTX_DAG_RUN_ID='scheduled__2024-12-04T00:00:00+00:00'
[2024-12-05T08:37:53.893+0000] {taskinstance.py:731} INFO - ::endgroup::
[2024-12-05T08:42:56.359+0000] {logging_mixin.py:190} INFO - Message delivery failed: KafkaError{code=_MSG_TIMED_OUT,val=-192,str="Local: Message timed out"}
[2024-12-05T08:48:08.394+0000] {logging_mixin.py:190} INFO - Message delivery failed: KafkaError{code=_MSG_TIMED_OUT,val=-192,str="Local: Message timed out"}
[2024-12-05T08:53:19.491+0000] {logging_mixin.py:190} INFO - Message delivery failed: KafkaError{code=_MSG_TIMED_OUT,val=-192,str="Local: Message timed out"}
[2024-12-05T08:58:30.589+0000] {logging_mixin.py:190} INFO - Message delivery failed: KafkaError{code=_MSG_TIMED_OUT,val=-192,str="Local: Message timed out"}
[2024-12-05T09:03:41.712+0000] {logging_mixin.py:190} INFO - Message delivery failed: KafkaError{code=_MSG_TIMED_OUT,val=-192,str="Local: Message timed out"}
[2024-12-05T09:08:52.824+0000] {logging_mixin.py:190} INFO - Message delivery failed: KafkaError{code=_MSG_TIMED_OUT,val=-192,str="Local: Message timed out"}
[2024-12-05T09:14:03.853+0000] {logging_mixin.py:190} INFO - Message delivery failed: KafkaError{code=_MSG_TIMED_OUT,val=-192,str="Local: Message timed out"}
