[2024-12-09T10:14:49.493+0000] {local_task_job_runner.py:123} INFO - ::group::Pre task execution logs
[2024-12-09T10:14:49.522+0000] {taskinstance.py:2613} INFO - Dependencies all met for dep_context=non-requeueable deps ti=<TaskInstance: streaming_dag_v9.stream_to_kafka_topic manual__2024-12-09T10:14:43.753936+00:00 [queued]>
[2024-12-09T10:14:49.539+0000] {taskinstance.py:2613} INFO - Dependencies all met for dep_context=requeueable deps ti=<TaskInstance: streaming_dag_v9.stream_to_kafka_topic manual__2024-12-09T10:14:43.753936+00:00 [queued]>
[2024-12-09T10:14:49.541+0000] {taskinstance.py:2866} INFO - Starting attempt 1 of 2
[2024-12-09T10:14:49.563+0000] {taskinstance.py:2889} INFO - Executing <Task(PythonOperator): stream_to_kafka_topic> on 2024-12-09 10:14:43.753936+00:00
[2024-12-09T10:14:49.573+0000] {warnings.py:112} WARNING - /home/***/.local/lib/python3.12/site-packages/***/task/task_runner/standard_task_runner.py:70: DeprecationWarning: This process (pid=89) is multi-threaded, use of fork() may lead to deadlocks in the child.
  pid = os.fork()

[2024-12-09T10:14:49.578+0000] {standard_task_runner.py:72} INFO - Started process 90 to run task
[2024-12-09T10:14:49.581+0000] {standard_task_runner.py:104} INFO - Running: ['***', 'tasks', 'run', 'streaming_dag_v9', 'stream_to_kafka_topic', 'manual__2024-12-09T10:14:43.753936+00:00', '--job-id', '66', '--raw', '--subdir', 'DAGS_FOLDER/stream_to_spark.py', '--cfg-path', '/tmp/tmp5zedjgp6']
[2024-12-09T10:14:49.588+0000] {standard_task_runner.py:105} INFO - Job 66: Subtask stream_to_kafka_topic
[2024-12-09T10:14:49.695+0000] {task_command.py:467} INFO - Running <TaskInstance: streaming_dag_v9.stream_to_kafka_topic manual__2024-12-09T10:14:43.753936+00:00 [running]> on host 140d2d4ac383
[2024-12-09T10:14:49.856+0000] {taskinstance.py:3132} INFO - Exporting env vars: AIRFLOW_CTX_DAG_OWNER='neiko' AIRFLOW_CTX_DAG_ID='streaming_dag_v9' AIRFLOW_CTX_TASK_ID='stream_to_kafka_topic' AIRFLOW_CTX_EXECUTION_DATE='2024-12-09T10:14:43.753936+00:00' AIRFLOW_CTX_TRY_NUMBER='1' AIRFLOW_CTX_DAG_RUN_ID='manual__2024-12-09T10:14:43.753936+00:00'
[2024-12-09T10:14:49.859+0000] {taskinstance.py:731} INFO - ::endgroup::
[2024-12-09T10:14:54.266+0000] {logging_mixin.py:190} INFO - Message delivered to new_user [0] at offset 0
[2024-12-09T10:15:04.609+0000] {logging_mixin.py:190} INFO - Message delivered to new_user [0] at offset 1
[2024-12-09T10:15:14.970+0000] {logging_mixin.py:190} INFO - Message delivered to new_user [0] at offset 2
[2024-12-09T10:15:25.302+0000] {logging_mixin.py:190} INFO - Message delivered to new_user [0] at offset 3
[2024-12-09T10:15:35.627+0000] {logging_mixin.py:190} INFO - Message delivered to new_user [0] at offset 4
[2024-12-09T10:15:45.985+0000] {logging_mixin.py:190} INFO - Message delivered to new_user [0] at offset 5
[2024-12-09T10:15:56.336+0000] {logging_mixin.py:190} INFO - Message delivered to new_user [0] at offset 6
[2024-12-09T10:16:06.675+0000] {logging_mixin.py:190} INFO - Message delivered to new_user [0] at offset 7
[2024-12-09T10:16:17.010+0000] {logging_mixin.py:190} INFO - Message delivered to new_user [0] at offset 8
[2024-12-09T10:16:27.366+0000] {logging_mixin.py:190} INFO - Message delivered to new_user [0] at offset 9
[2024-12-09T10:16:37.692+0000] {logging_mixin.py:190} INFO - Message delivered to new_user [0] at offset 10
[2024-12-09T10:16:48.043+0000] {logging_mixin.py:190} INFO - Message delivered to new_user [0] at offset 11
[2024-12-09T10:16:58.084+0000] {python.py:240} INFO - Done. Returned value was: None
[2024-12-09T10:16:58.380+0000] {taskinstance.py:340} INFO - ::group::Post task execution logs
[2024-12-09T10:16:58.388+0000] {taskinstance.py:352} INFO - Marking task as SUCCESS. dag_id=streaming_dag_v9, task_id=stream_to_kafka_topic, run_id=manual__2024-12-09T10:14:43.753936+00:00, execution_date=20241209T101443, start_date=20241209T101449, end_date=20241209T101658
[2024-12-09T10:16:58.592+0000] {local_task_job_runner.py:266} INFO - Task exited with return code 0
[2024-12-09T10:16:58.651+0000] {local_task_job_runner.py:245} INFO - ::endgroup::
