[2024-12-03T16:13:41.622+0000] {local_task_job_runner.py:123} INFO - ::group::Pre task execution logs
[2024-12-03T16:13:41.650+0000] {taskinstance.py:2613} INFO - Dependencies all met for dep_context=non-requeueable deps ti=<TaskInstance: streaming_dag_v2.stream_to_kafka_topic scheduled__2024-12-03T15:30:00+00:00 [queued]>
[2024-12-03T16:13:41.666+0000] {taskinstance.py:2613} INFO - Dependencies all met for dep_context=requeueable deps ti=<TaskInstance: streaming_dag_v2.stream_to_kafka_topic scheduled__2024-12-03T15:30:00+00:00 [queued]>
[2024-12-03T16:13:41.667+0000] {taskinstance.py:2866} INFO - Starting attempt 1 of 2
[2024-12-03T16:13:41.691+0000] {taskinstance.py:2889} INFO - Executing <Task(PythonOperator): stream_to_kafka_topic> on 2024-12-03 15:30:00+00:00
[2024-12-03T16:13:41.708+0000] {warnings.py:112} WARNING - /home/***/.local/lib/python3.12/site-packages/***/task/task_runner/standard_task_runner.py:70: DeprecationWarning: This process (pid=145) is multi-threaded, use of fork() may lead to deadlocks in the child.
  pid = os.fork()

[2024-12-03T16:13:41.710+0000] {standard_task_runner.py:104} INFO - Running: ['***', 'tasks', 'run', 'streaming_dag_v2', 'stream_to_kafka_topic', 'scheduled__2024-12-03T15:30:00+00:00', '--job-id', '16', '--raw', '--subdir', 'DAGS_FOLDER/stream_to_spark.py', '--cfg-path', '/tmp/tmpahnhfl00']
[2024-12-03T16:13:41.712+0000] {standard_task_runner.py:72} INFO - Started process 146 to run task
[2024-12-03T16:13:41.712+0000] {standard_task_runner.py:105} INFO - Job 16: Subtask stream_to_kafka_topic
[2024-12-03T16:13:41.788+0000] {task_command.py:467} INFO - Running <TaskInstance: streaming_dag_v2.stream_to_kafka_topic scheduled__2024-12-03T15:30:00+00:00 [running]> on host a5c8fad7717c
[2024-12-03T16:13:41.919+0000] {taskinstance.py:3132} INFO - Exporting env vars: AIRFLOW_CTX_DAG_OWNER='neiko' AIRFLOW_CTX_DAG_ID='streaming_dag_v2' AIRFLOW_CTX_TASK_ID='stream_to_kafka_topic' AIRFLOW_CTX_EXECUTION_DATE='2024-12-03T15:30:00+00:00' AIRFLOW_CTX_TRY_NUMBER='1' AIRFLOW_CTX_DAG_RUN_ID='scheduled__2024-12-03T15:30:00+00:00'
[2024-12-03T16:13:41.921+0000] {taskinstance.py:731} INFO - ::endgroup::
[2024-12-03T16:18:43.037+0000] {logging_mixin.py:190} INFO - Message delivery failed: KafkaError{code=_MSG_TIMED_OUT,val=-192,str="Local: Message timed out"}
[2024-12-03T16:23:54.172+0000] {logging_mixin.py:190} INFO - Message delivery failed: KafkaError{code=_MSG_TIMED_OUT,val=-192,str="Local: Message timed out"}
[2024-12-03T16:29:05.256+0000] {logging_mixin.py:190} INFO - Message delivery failed: KafkaError{code=_MSG_TIMED_OUT,val=-192,str="Local: Message timed out"}
[2024-12-03T16:34:16.339+0000] {logging_mixin.py:190} INFO - Message delivery failed: KafkaError{code=_MSG_TIMED_OUT,val=-192,str="Local: Message timed out"}
[2024-12-03T16:39:27.423+0000] {logging_mixin.py:190} INFO - Message delivery failed: KafkaError{code=_MSG_TIMED_OUT,val=-192,str="Local: Message timed out"}
[2024-12-03T16:44:38.506+0000] {logging_mixin.py:190} INFO - Message delivery failed: KafkaError{code=_MSG_TIMED_OUT,val=-192,str="Local: Message timed out"}
[2024-12-03T16:49:49.587+0000] {logging_mixin.py:190} INFO - Message delivery failed: KafkaError{code=_MSG_TIMED_OUT,val=-192,str="Local: Message timed out"}
[2024-12-03T16:55:00.667+0000] {logging_mixin.py:190} INFO - Message delivery failed: KafkaError{code=_MSG_TIMED_OUT,val=-192,str="Local: Message timed out"}
[2024-12-03T17:00:11.756+0000] {logging_mixin.py:190} INFO - Message delivery failed: KafkaError{code=_MSG_TIMED_OUT,val=-192,str="Local: Message timed out"}
[2024-12-03T17:05:22.837+0000] {logging_mixin.py:190} INFO - Message delivery failed: KafkaError{code=_MSG_TIMED_OUT,val=-192,str="Local: Message timed out"}
