[2024-12-05T10:25:57.290+0000] {local_task_job_runner.py:123} INFO - ::group::Pre task execution logs
[2024-12-05T10:25:57.351+0000] {taskinstance.py:2613} INFO - Dependencies all met for dep_context=non-requeueable deps ti=<TaskInstance: streaming_dag_v9.stream_to_kafka_topic manual__2024-12-05T10:25:50.337742+00:00 [queued]>
[2024-12-05T10:25:57.376+0000] {taskinstance.py:2613} INFO - Dependencies all met for dep_context=requeueable deps ti=<TaskInstance: streaming_dag_v9.stream_to_kafka_topic manual__2024-12-05T10:25:50.337742+00:00 [queued]>
[2024-12-05T10:25:57.378+0000] {taskinstance.py:2866} INFO - Starting attempt 1 of 2
[2024-12-05T10:25:57.407+0000] {taskinstance.py:2889} INFO - Executing <Task(PythonOperator): stream_to_kafka_topic> on 2024-12-05 10:25:50.337742+00:00
[2024-12-05T10:25:57.426+0000] {warnings.py:112} WARNING - /home/***/.local/lib/python3.12/site-packages/***/task/task_runner/standard_task_runner.py:70: DeprecationWarning: This process (pid=131) is multi-threaded, use of fork() may lead to deadlocks in the child.
  pid = os.fork()

[2024-12-05T10:25:57.428+0000] {standard_task_runner.py:104} INFO - Running: ['***', 'tasks', 'run', 'streaming_dag_v9', 'stream_to_kafka_topic', 'manual__2024-12-05T10:25:50.337742+00:00', '--job-id', '54', '--raw', '--subdir', 'DAGS_FOLDER/stream_to_spark.py', '--cfg-path', '/tmp/tmp9kcvcdqt']
[2024-12-05T10:25:57.433+0000] {standard_task_runner.py:72} INFO - Started process 132 to run task
[2024-12-05T10:25:57.433+0000] {standard_task_runner.py:105} INFO - Job 54: Subtask stream_to_kafka_topic
[2024-12-05T10:25:57.531+0000] {task_command.py:467} INFO - Running <TaskInstance: streaming_dag_v9.stream_to_kafka_topic manual__2024-12-05T10:25:50.337742+00:00 [running]> on host ae7f88639f5d
[2024-12-05T10:25:57.699+0000] {taskinstance.py:3132} INFO - Exporting env vars: AIRFLOW_CTX_DAG_OWNER='neiko' AIRFLOW_CTX_DAG_ID='streaming_dag_v9' AIRFLOW_CTX_TASK_ID='stream_to_kafka_topic' AIRFLOW_CTX_EXECUTION_DATE='2024-12-05T10:25:50.337742+00:00' AIRFLOW_CTX_TRY_NUMBER='1' AIRFLOW_CTX_DAG_RUN_ID='manual__2024-12-05T10:25:50.337742+00:00'
[2024-12-05T10:25:57.701+0000] {taskinstance.py:731} INFO - ::endgroup::
[2024-12-05T10:25:58.972+0000] {logging_mixin.py:190} INFO - Message delivered to new_user [0] at offset 0
[2024-12-05T10:26:09.367+0000] {logging_mixin.py:190} INFO - Message delivered to new_user [0] at offset 1
[2024-12-05T10:26:19.881+0000] {logging_mixin.py:190} INFO - Message delivered to new_user [0] at offset 2
[2024-12-05T10:26:30.282+0000] {logging_mixin.py:190} INFO - Message delivered to new_user [0] at offset 3
[2024-12-05T10:26:40.670+0000] {logging_mixin.py:190} INFO - Message delivered to new_user [0] at offset 4
[2024-12-05T10:26:51.061+0000] {logging_mixin.py:190} INFO - Message delivered to new_user [0] at offset 5
[2024-12-05T10:27:01.526+0000] {logging_mixin.py:190} INFO - Message delivered to new_user [0] at offset 6
[2024-12-05T10:27:12.083+0000] {logging_mixin.py:190} INFO - Message delivered to new_user [0] at offset 7
[2024-12-05T10:27:22.545+0000] {logging_mixin.py:190} INFO - Message delivered to new_user [0] at offset 8
[2024-12-05T10:27:32.915+0000] {logging_mixin.py:190} INFO - Message delivered to new_user [0] at offset 9
[2024-12-05T10:27:43.337+0000] {logging_mixin.py:190} INFO - Message delivered to new_user [0] at offset 10
[2024-12-05T10:27:53.705+0000] {logging_mixin.py:190} INFO - Message delivered to new_user [0] at offset 11
[2024-12-05T10:28:03.713+0000] {python.py:240} INFO - Done. Returned value was: None
[2024-12-05T10:28:03.752+0000] {taskinstance.py:340} INFO - ::group::Post task execution logs
[2024-12-05T10:28:03.756+0000] {taskinstance.py:352} INFO - Marking task as SUCCESS. dag_id=streaming_dag_v9, task_id=stream_to_kafka_topic, run_id=manual__2024-12-05T10:25:50.337742+00:00, execution_date=20241205T102550, start_date=20241205T102557, end_date=20241205T102803
[2024-12-05T10:28:03.864+0000] {local_task_job_runner.py:266} INFO - Task exited with return code 0
[2024-12-05T10:28:03.906+0000] {taskinstance.py:3895} INFO - 0 downstream tasks scheduled from follow-on schedule check
[2024-12-05T10:28:03.910+0000] {local_task_job_runner.py:245} INFO - ::endgroup::
