[2024-12-09T09:49:43.550+0000] {local_task_job_runner.py:123} INFO - ::group::Pre task execution logs
[2024-12-09T09:49:43.613+0000] {taskinstance.py:2613} INFO - Dependencies all met for dep_context=non-requeueable deps ti=<TaskInstance: streaming_dag_v9.stream_to_kafka_topic manual__2024-12-09T09:49:29.490757+00:00 [queued]>
[2024-12-09T09:49:43.640+0000] {taskinstance.py:2613} INFO - Dependencies all met for dep_context=requeueable deps ti=<TaskInstance: streaming_dag_v9.stream_to_kafka_topic manual__2024-12-09T09:49:29.490757+00:00 [queued]>
[2024-12-09T09:49:43.642+0000] {taskinstance.py:2866} INFO - Starting attempt 1 of 2
[2024-12-09T09:49:43.676+0000] {taskinstance.py:2889} INFO - Executing <Task(PythonOperator): stream_to_kafka_topic> on 2024-12-09 09:49:29.490757+00:00
[2024-12-09T09:49:43.695+0000] {warnings.py:112} WARNING - /home/***/.local/lib/python3.12/site-packages/***/task/task_runner/standard_task_runner.py:70: DeprecationWarning: This process (pid=1589) is multi-threaded, use of fork() may lead to deadlocks in the child.
  pid = os.fork()

[2024-12-09T09:49:43.698+0000] {standard_task_runner.py:104} INFO - Running: ['***', 'tasks', 'run', 'streaming_dag_v9', 'stream_to_kafka_topic', 'manual__2024-12-09T09:49:29.490757+00:00', '--job-id', '63', '--raw', '--subdir', 'DAGS_FOLDER/stream_to_spark.py', '--cfg-path', '/tmp/tmps3rqvf2y']
[2024-12-09T09:49:43.702+0000] {standard_task_runner.py:72} INFO - Started process 1590 to run task
[2024-12-09T09:49:43.702+0000] {standard_task_runner.py:105} INFO - Job 63: Subtask stream_to_kafka_topic
[2024-12-09T09:49:43.800+0000] {task_command.py:467} INFO - Running <TaskInstance: streaming_dag_v9.stream_to_kafka_topic manual__2024-12-09T09:49:29.490757+00:00 [running]> on host b758b66ba942
[2024-12-09T09:49:43.985+0000] {taskinstance.py:3132} INFO - Exporting env vars: AIRFLOW_CTX_DAG_OWNER='neiko' AIRFLOW_CTX_DAG_ID='streaming_dag_v9' AIRFLOW_CTX_TASK_ID='stream_to_kafka_topic' AIRFLOW_CTX_EXECUTION_DATE='2024-12-09T09:49:29.490757+00:00' AIRFLOW_CTX_TRY_NUMBER='1' AIRFLOW_CTX_DAG_RUN_ID='manual__2024-12-09T09:49:29.490757+00:00'
[2024-12-09T09:49:43.989+0000] {taskinstance.py:731} INFO - ::endgroup::
[2024-12-09T09:49:45.573+0000] {logging_mixin.py:190} INFO - Message delivered to new_user [0] at offset 49
[2024-12-09T09:49:55.957+0000] {logging_mixin.py:190} INFO - Message delivered to new_user [0] at offset 50
[2024-12-09T09:50:06.334+0000] {logging_mixin.py:190} INFO - Message delivered to new_user [0] at offset 51
[2024-12-09T09:50:16.742+0000] {logging_mixin.py:190} INFO - Message delivered to new_user [0] at offset 52
[2024-12-09T09:50:27.117+0000] {logging_mixin.py:190} INFO - Message delivered to new_user [0] at offset 53
[2024-12-09T09:50:37.463+0000] {logging_mixin.py:190} INFO - Message delivered to new_user [0] at offset 54
[2024-12-09T09:50:47.817+0000] {logging_mixin.py:190} INFO - Message delivered to new_user [0] at offset 55
[2024-12-09T09:50:58.178+0000] {logging_mixin.py:190} INFO - Message delivered to new_user [0] at offset 56
[2024-12-09T09:51:08.512+0000] {logging_mixin.py:190} INFO - Message delivered to new_user [0] at offset 57
[2024-12-09T09:51:18.859+0000] {logging_mixin.py:190} INFO - Message delivered to new_user [0] at offset 58
[2024-12-09T09:51:29.217+0000] {logging_mixin.py:190} INFO - Message delivered to new_user [0] at offset 59
[2024-12-09T09:51:39.561+0000] {logging_mixin.py:190} INFO - Message delivered to new_user [0] at offset 60
[2024-12-09T09:51:49.605+0000] {python.py:240} INFO - Done. Returned value was: None
[2024-12-09T09:51:49.943+0000] {taskinstance.py:340} INFO - ::group::Post task execution logs
[2024-12-09T09:51:49.953+0000] {taskinstance.py:352} INFO - Marking task as SUCCESS. dag_id=streaming_dag_v9, task_id=stream_to_kafka_topic, run_id=manual__2024-12-09T09:49:29.490757+00:00, execution_date=20241209T094929, start_date=20241209T094943, end_date=20241209T095149
[2024-12-09T09:51:50.189+0000] {local_task_job_runner.py:266} INFO - Task exited with return code 0
[2024-12-09T09:51:50.326+0000] {taskinstance.py:3895} INFO - 0 downstream tasks scheduled from follow-on schedule check
[2024-12-09T09:51:50.331+0000] {local_task_job_runner.py:245} INFO - ::endgroup::
