[2024-12-03T17:12:54.171+0000] {local_task_job_runner.py:123} INFO - ::group::Pre task execution logs
[2024-12-03T17:12:54.197+0000] {taskinstance.py:2613} INFO - Dependencies all met for dep_context=non-requeueable deps ti=<TaskInstance: streaming_dag_v6.stream_to_kafka_topic manual__2024-12-03T17:12:52.379458+00:00 [queued]>
[2024-12-03T17:12:54.212+0000] {taskinstance.py:2613} INFO - Dependencies all met for dep_context=requeueable deps ti=<TaskInstance: streaming_dag_v6.stream_to_kafka_topic manual__2024-12-03T17:12:52.379458+00:00 [queued]>
[2024-12-03T17:12:54.214+0000] {taskinstance.py:2866} INFO - Starting attempt 1 of 2
[2024-12-03T17:12:54.231+0000] {taskinstance.py:2889} INFO - Executing <Task(PythonOperator): stream_to_kafka_topic> on 2024-12-03 17:12:52.379458+00:00
[2024-12-03T17:12:54.239+0000] {warnings.py:112} WARNING - /home/***/.local/lib/python3.12/site-packages/***/task/task_runner/standard_task_runner.py:70: DeprecationWarning: This process (pid=96) is multi-threaded, use of fork() may lead to deadlocks in the child.
  pid = os.fork()

[2024-12-03T17:12:54.240+0000] {standard_task_runner.py:104} INFO - Running: ['***', 'tasks', 'run', 'streaming_dag_v6', 'stream_to_kafka_topic', 'manual__2024-12-03T17:12:52.379458+00:00', '--job-id', '23', '--raw', '--subdir', 'DAGS_FOLDER/stream_to_spark.py', '--cfg-path', '/tmp/tmpse3cy7em']
[2024-12-03T17:12:54.242+0000] {standard_task_runner.py:72} INFO - Started process 97 to run task
[2024-12-03T17:12:54.243+0000] {standard_task_runner.py:105} INFO - Job 23: Subtask stream_to_kafka_topic
[2024-12-03T17:12:54.309+0000] {task_command.py:467} INFO - Running <TaskInstance: streaming_dag_v6.stream_to_kafka_topic manual__2024-12-03T17:12:52.379458+00:00 [running]> on host 47b31e356779
[2024-12-03T17:12:54.415+0000] {taskinstance.py:3132} INFO - Exporting env vars: AIRFLOW_CTX_DAG_OWNER='neiko' AIRFLOW_CTX_DAG_ID='streaming_dag_v6' AIRFLOW_CTX_TASK_ID='stream_to_kafka_topic' AIRFLOW_CTX_EXECUTION_DATE='2024-12-03T17:12:52.379458+00:00' AIRFLOW_CTX_TRY_NUMBER='1' AIRFLOW_CTX_DAG_RUN_ID='manual__2024-12-03T17:12:52.379458+00:00'
[2024-12-03T17:12:54.416+0000] {taskinstance.py:731} INFO - ::endgroup::
[2024-12-03T17:14:50.249+0000] {local_task_job_runner.py:346} WARNING - State of this instance has been externally set to None. Terminating instance.
[2024-12-03T17:14:50.252+0000] {local_task_job_runner.py:245} INFO - ::endgroup::
[2024-12-03T17:14:50.256+0000] {process_utils.py:132} INFO - Sending 15 to group 97. PIDs of all processes in the group: [97]
[2024-12-03T17:14:50.256+0000] {process_utils.py:87} INFO - Sending the signal 15 to group 97
[2024-12-03T17:15:50.276+0000] {process_utils.py:150} WARNING - process psutil.Process(pid=97, name='airflow task ru', status='sleeping', started='17:12:53') did not respond to SIGTERM. Trying SIGKILL
[2024-12-03T17:15:50.278+0000] {process_utils.py:87} INFO - Sending the signal 9 to group 97
[2024-12-03T17:15:50.293+0000] {process_utils.py:80} INFO - Process psutil.Process(pid=97, name='airflow task ru', status='terminated', exitcode=<Negsignal.SIGKILL: -9>, started='17:12:53') (97) terminated with exit code -9
[2024-12-03T17:15:50.296+0000] {standard_task_runner.py:190} ERROR - ('Job 23 was killed before it finished (likely due to running out of memory)', 'For more information, see https://***.apache.org/docs/apache-***/stable/troubleshooting.html#LocalTaskJob-killed')
