[2024-12-03T16:10:41.753+0000] {local_task_job_runner.py:123} INFO - ::group::Pre task execution logs
[2024-12-03T16:10:41.787+0000] {taskinstance.py:2613} INFO - Dependencies all met for dep_context=non-requeueable deps ti=<TaskInstance: streaming_dag.stream_to_kafka_topic scheduled__2024-12-03T16:09:00+00:00 [queued]>
[2024-12-03T16:10:41.809+0000] {taskinstance.py:2613} INFO - Dependencies all met for dep_context=requeueable deps ti=<TaskInstance: streaming_dag.stream_to_kafka_topic scheduled__2024-12-03T16:09:00+00:00 [queued]>
[2024-12-03T16:10:41.810+0000] {taskinstance.py:2866} INFO - Starting attempt 1 of 2
[2024-12-03T16:10:41.831+0000] {taskinstance.py:2889} INFO - Executing <Task(PythonOperator): stream_to_kafka_topic> on 2024-12-03 16:09:00+00:00
[2024-12-03T16:10:41.849+0000] {warnings.py:112} WARNING - /home/***/.local/lib/python3.12/site-packages/***/task/task_runner/standard_task_runner.py:70: DeprecationWarning: This process (pid=97) is multi-threaded, use of fork() may lead to deadlocks in the child.
  pid = os.fork()

[2024-12-03T16:10:41.856+0000] {standard_task_runner.py:72} INFO - Started process 105 to run task
[2024-12-03T16:10:41.856+0000] {standard_task_runner.py:104} INFO - Running: ['***', 'tasks', 'run', 'streaming_dag', 'stream_to_kafka_topic', 'scheduled__2024-12-03T16:09:00+00:00', '--job-id', '15', '--raw', '--subdir', 'DAGS_FOLDER/stream_to_spark.py', '--cfg-path', '/tmp/tmp364jbuc3']
[2024-12-03T16:10:41.858+0000] {standard_task_runner.py:105} INFO - Job 15: Subtask stream_to_kafka_topic
[2024-12-03T16:10:42.073+0000] {task_command.py:467} INFO - Running <TaskInstance: streaming_dag.stream_to_kafka_topic scheduled__2024-12-03T16:09:00+00:00 [running]> on host a5c8fad7717c
[2024-12-03T16:10:42.352+0000] {taskinstance.py:3132} INFO - Exporting env vars: AIRFLOW_CTX_DAG_OWNER='neiko' AIRFLOW_CTX_DAG_ID='streaming_dag' AIRFLOW_CTX_TASK_ID='stream_to_kafka_topic' AIRFLOW_CTX_EXECUTION_DATE='2024-12-03T16:09:00+00:00' AIRFLOW_CTX_TRY_NUMBER='1' AIRFLOW_CTX_DAG_RUN_ID='scheduled__2024-12-03T16:09:00+00:00'
[2024-12-03T16:10:42.373+0000] {taskinstance.py:731} INFO - ::endgroup::
[2024-12-03T16:15:43.676+0000] {logging_mixin.py:190} INFO - Message delivery failed: KafkaError{code=_MSG_TIMED_OUT,val=-192,str="Local: Message timed out"}
[2024-12-03T16:20:54.765+0000] {logging_mixin.py:190} INFO - Message delivery failed: KafkaError{code=_MSG_TIMED_OUT,val=-192,str="Local: Message timed out"}
[2024-12-03T16:26:05.850+0000] {logging_mixin.py:190} INFO - Message delivery failed: KafkaError{code=_MSG_TIMED_OUT,val=-192,str="Local: Message timed out"}
[2024-12-03T16:31:16.937+0000] {logging_mixin.py:190} INFO - Message delivery failed: KafkaError{code=_MSG_TIMED_OUT,val=-192,str="Local: Message timed out"}
[2024-12-03T16:36:28.021+0000] {logging_mixin.py:190} INFO - Message delivery failed: KafkaError{code=_MSG_TIMED_OUT,val=-192,str="Local: Message timed out"}
[2024-12-03T16:41:39.104+0000] {logging_mixin.py:190} INFO - Message delivery failed: KafkaError{code=_MSG_TIMED_OUT,val=-192,str="Local: Message timed out"}
[2024-12-03T16:46:50.182+0000] {logging_mixin.py:190} INFO - Message delivery failed: KafkaError{code=_MSG_TIMED_OUT,val=-192,str="Local: Message timed out"}
[2024-12-03T16:52:01.264+0000] {logging_mixin.py:190} INFO - Message delivery failed: KafkaError{code=_MSG_TIMED_OUT,val=-192,str="Local: Message timed out"}
[2024-12-03T16:57:12.353+0000] {logging_mixin.py:190} INFO - Message delivery failed: KafkaError{code=_MSG_TIMED_OUT,val=-192,str="Local: Message timed out"}
[2024-12-03T17:02:23.439+0000] {logging_mixin.py:190} INFO - Message delivery failed: KafkaError{code=_MSG_TIMED_OUT,val=-192,str="Local: Message timed out"}
[2024-12-03T17:07:34.524+0000] {logging_mixin.py:190} INFO - Message delivery failed: KafkaError{code=_MSG_TIMED_OUT,val=-192,str="Local: Message timed out"}
