[2024-12-05T09:33:57.812+0000] {local_task_job_runner.py:123} INFO - ::group::Pre task execution logs
[2024-12-05T09:33:57.882+0000] {taskinstance.py:2613} INFO - Dependencies all met for dep_context=non-requeueable deps ti=<TaskInstance: streaming_dag_v9.stream_to_kafka_topic manual__2024-12-05T09:33:49.321206+00:00 [queued]>
[2024-12-05T09:33:57.909+0000] {taskinstance.py:2613} INFO - Dependencies all met for dep_context=requeueable deps ti=<TaskInstance: streaming_dag_v9.stream_to_kafka_topic manual__2024-12-05T09:33:49.321206+00:00 [queued]>
[2024-12-05T09:33:57.910+0000] {taskinstance.py:2866} INFO - Starting attempt 1 of 2
[2024-12-05T09:33:57.944+0000] {taskinstance.py:2889} INFO - Executing <Task(PythonOperator): stream_to_kafka_topic> on 2024-12-05 09:33:49.321206+00:00
[2024-12-05T09:33:57.963+0000] {warnings.py:112} WARNING - /home/***/.local/lib/python3.12/site-packages/***/task/task_runner/standard_task_runner.py:70: DeprecationWarning: This process (pid=237) is multi-threaded, use of fork() may lead to deadlocks in the child.
  pid = os.fork()

[2024-12-05T09:33:57.965+0000] {standard_task_runner.py:104} INFO - Running: ['***', 'tasks', 'run', 'streaming_dag_v9', 'stream_to_kafka_topic', 'manual__2024-12-05T09:33:49.321206+00:00', '--job-id', '45', '--raw', '--subdir', 'DAGS_FOLDER/stream_to_spark.py', '--cfg-path', '/tmp/tmp5fobpb4o']
[2024-12-05T09:33:57.973+0000] {standard_task_runner.py:72} INFO - Started process 238 to run task
[2024-12-05T09:33:57.974+0000] {standard_task_runner.py:105} INFO - Job 45: Subtask stream_to_kafka_topic
[2024-12-05T09:33:58.137+0000] {task_command.py:467} INFO - Running <TaskInstance: streaming_dag_v9.stream_to_kafka_topic manual__2024-12-05T09:33:49.321206+00:00 [running]> on host 702391520b87
[2024-12-05T09:33:58.366+0000] {taskinstance.py:3132} INFO - Exporting env vars: AIRFLOW_CTX_DAG_OWNER='neiko' AIRFLOW_CTX_DAG_ID='streaming_dag_v9' AIRFLOW_CTX_TASK_ID='stream_to_kafka_topic' AIRFLOW_CTX_EXECUTION_DATE='2024-12-05T09:33:49.321206+00:00' AIRFLOW_CTX_TRY_NUMBER='1' AIRFLOW_CTX_DAG_RUN_ID='manual__2024-12-05T09:33:49.321206+00:00'
[2024-12-05T09:33:58.369+0000] {taskinstance.py:731} INFO - ::endgroup::
[2024-12-05T09:33:59.609+0000] {logging_mixin.py:190} INFO - Message delivered to new_user [0] at offset 0
[2024-12-05T09:34:09.947+0000] {logging_mixin.py:190} INFO - Message delivered to new_user [0] at offset 1
[2024-12-05T09:34:20.311+0000] {logging_mixin.py:190} INFO - Message delivered to new_user [0] at offset 2
[2024-12-05T09:34:30.627+0000] {logging_mixin.py:190} INFO - Message delivered to new_user [0] at offset 3
[2024-12-05T09:34:40.993+0000] {logging_mixin.py:190} INFO - Message delivered to new_user [0] at offset 4
[2024-12-05T09:34:51.331+0000] {logging_mixin.py:190} INFO - Message delivered to new_user [0] at offset 5
[2024-12-05T09:35:02.346+0000] {logging_mixin.py:190} INFO - Message delivered to new_user [0] at offset 6
[2024-12-05T09:35:12.684+0000] {logging_mixin.py:190} INFO - Message delivered to new_user [0] at offset 7
[2024-12-05T09:35:23.013+0000] {logging_mixin.py:190} INFO - Message delivered to new_user [0] at offset 8
[2024-12-05T09:35:33.360+0000] {logging_mixin.py:190} INFO - Message delivered to new_user [0] at offset 9
[2024-12-05T09:35:43.683+0000] {logging_mixin.py:190} INFO - Message delivered to new_user [0] at offset 10
[2024-12-05T09:35:54.016+0000] {logging_mixin.py:190} INFO - Message delivered to new_user [0] at offset 11
[2024-12-05T09:36:04.022+0000] {python.py:240} INFO - Done. Returned value was: None
[2024-12-05T09:36:04.040+0000] {taskinstance.py:340} INFO - ::group::Post task execution logs
[2024-12-05T09:36:04.044+0000] {taskinstance.py:352} INFO - Marking task as SUCCESS. dag_id=streaming_dag_v9, task_id=stream_to_kafka_topic, run_id=manual__2024-12-05T09:33:49.321206+00:00, execution_date=20241205T093349, start_date=20241205T093357, end_date=20241205T093604
[2024-12-05T09:36:04.101+0000] {local_task_job_runner.py:266} INFO - Task exited with return code 0
[2024-12-05T09:36:04.133+0000] {taskinstance.py:3895} INFO - 0 downstream tasks scheduled from follow-on schedule check
[2024-12-05T09:36:04.138+0000] {local_task_job_runner.py:245} INFO - ::endgroup::
