[2024-12-09T07:48:54.673+0000] {local_task_job_runner.py:123} INFO - ::group::Pre task execution logs
[2024-12-09T07:48:54.742+0000] {taskinstance.py:2613} INFO - Dependencies all met for dep_context=non-requeueable deps ti=<TaskInstance: streaming_dag_v9.stream_to_kafka_topic scheduled__2024-12-05T00:00:00+00:00 [queued]>
[2024-12-09T07:48:54.796+0000] {taskinstance.py:2613} INFO - Dependencies all met for dep_context=requeueable deps ti=<TaskInstance: streaming_dag_v9.stream_to_kafka_topic scheduled__2024-12-05T00:00:00+00:00 [queued]>
[2024-12-09T07:48:54.800+0000] {taskinstance.py:2866} INFO - Starting attempt 1 of 2
[2024-12-09T07:48:54.870+0000] {taskinstance.py:2889} INFO - Executing <Task(PythonOperator): stream_to_kafka_topic> on 2024-12-05 00:00:00+00:00
[2024-12-09T07:48:54.925+0000] {warnings.py:112} WARNING - /home/***/.local/lib/python3.12/site-packages/***/task/task_runner/standard_task_runner.py:70: DeprecationWarning: This process (pid=89) is multi-threaded, use of fork() may lead to deadlocks in the child.
  pid = os.fork()

[2024-12-09T07:48:54.933+0000] {standard_task_runner.py:72} INFO - Started process 90 to run task
[2024-12-09T07:48:54.935+0000] {standard_task_runner.py:104} INFO - Running: ['***', 'tasks', 'run', 'streaming_dag_v9', 'stream_to_kafka_topic', 'scheduled__2024-12-05T00:00:00+00:00', '--job-id', '61', '--raw', '--subdir', 'DAGS_FOLDER/stream_to_spark.py', '--cfg-path', '/tmp/tmp3a1th_6y']
[2024-12-09T07:48:54.939+0000] {standard_task_runner.py:105} INFO - Job 61: Subtask stream_to_kafka_topic
[2024-12-09T07:48:55.175+0000] {task_command.py:467} INFO - Running <TaskInstance: streaming_dag_v9.stream_to_kafka_topic scheduled__2024-12-05T00:00:00+00:00 [running]> on host b758b66ba942
[2024-12-09T07:48:55.491+0000] {taskinstance.py:3132} INFO - Exporting env vars: AIRFLOW_CTX_DAG_OWNER='neiko' AIRFLOW_CTX_DAG_ID='streaming_dag_v9' AIRFLOW_CTX_TASK_ID='stream_to_kafka_topic' AIRFLOW_CTX_EXECUTION_DATE='2024-12-05T00:00:00+00:00' AIRFLOW_CTX_TRY_NUMBER='1' AIRFLOW_CTX_DAG_RUN_ID='scheduled__2024-12-05T00:00:00+00:00'
[2024-12-09T07:48:55.500+0000] {taskinstance.py:731} INFO - ::endgroup::
[2024-12-09T07:53:56.883+0000] {logging_mixin.py:190} INFO - Message delivery failed: KafkaError{code=_MSG_TIMED_OUT,val=-192,str="Local: Message timed out"}
[2024-12-09T07:56:31.869+0000] {logging_mixin.py:190} INFO - Message delivered to new_user [0] at offset 26
[2024-12-09T07:56:42.273+0000] {logging_mixin.py:190} INFO - Message delivered to new_user [0] at offset 27
[2024-12-09T07:56:52.624+0000] {logging_mixin.py:190} INFO - Message delivered to new_user [0] at offset 28
[2024-12-09T07:57:02.976+0000] {logging_mixin.py:190} INFO - Message delivered to new_user [0] at offset 29
[2024-12-09T07:57:13.332+0000] {logging_mixin.py:190} INFO - Message delivered to new_user [0] at offset 30
[2024-12-09T07:57:23.739+0000] {logging_mixin.py:190} INFO - Message delivered to new_user [0] at offset 31
[2024-12-09T07:57:34.163+0000] {logging_mixin.py:190} INFO - Message delivered to new_user [0] at offset 32
[2024-12-09T07:57:44.542+0000] {logging_mixin.py:190} INFO - Message delivered to new_user [0] at offset 33
[2024-12-09T07:57:54.887+0000] {logging_mixin.py:190} INFO - Message delivered to new_user [0] at offset 34
[2024-12-09T07:58:05.253+0000] {logging_mixin.py:190} INFO - Message delivered to new_user [0] at offset 35
[2024-12-09T07:58:15.614+0000] {logging_mixin.py:190} INFO - Message delivered to new_user [0] at offset 36
[2024-12-09T07:58:25.684+0000] {python.py:240} INFO - Done. Returned value was: None
[2024-12-09T07:58:26.632+0000] {taskinstance.py:340} INFO - ::group::Post task execution logs
[2024-12-09T07:58:26.657+0000] {taskinstance.py:352} INFO - Marking task as SUCCESS. dag_id=streaming_dag_v9, task_id=stream_to_kafka_topic, run_id=scheduled__2024-12-05T00:00:00+00:00, execution_date=20241205T000000, start_date=20241209T074854, end_date=20241209T075826
[2024-12-09T07:58:27.144+0000] {local_task_job_runner.py:266} INFO - Task exited with return code 0
[2024-12-09T07:58:27.492+0000] {taskinstance.py:3895} INFO - 0 downstream tasks scheduled from follow-on schedule check
[2024-12-09T07:58:27.500+0000] {local_task_job_runner.py:245} INFO - ::endgroup::
