[2024-12-09T07:58:35.257+0000] {local_task_job_runner.py:123} INFO - ::group::Pre task execution logs
[2024-12-09T07:58:35.396+0000] {taskinstance.py:2613} INFO - Dependencies all met for dep_context=non-requeueable deps ti=<TaskInstance: streaming_dag_v9.stream_to_kafka_topic scheduled__2024-12-08T00:00:00+00:00 [queued]>
[2024-12-09T07:58:35.431+0000] {taskinstance.py:2613} INFO - Dependencies all met for dep_context=requeueable deps ti=<TaskInstance: streaming_dag_v9.stream_to_kafka_topic scheduled__2024-12-08T00:00:00+00:00 [queued]>
[2024-12-09T07:58:35.432+0000] {taskinstance.py:2866} INFO - Starting attempt 1 of 2
[2024-12-09T07:58:35.467+0000] {taskinstance.py:2889} INFO - Executing <Task(PythonOperator): stream_to_kafka_topic> on 2024-12-08 00:00:00+00:00
[2024-12-09T07:58:35.481+0000] {warnings.py:112} WARNING - /home/***/.local/lib/python3.12/site-packages/***/task/task_runner/standard_task_runner.py:70: DeprecationWarning: This process (pid=208) is multi-threaded, use of fork() may lead to deadlocks in the child.
  pid = os.fork()

[2024-12-09T07:58:35.484+0000] {standard_task_runner.py:104} INFO - Running: ['***', 'tasks', 'run', 'streaming_dag_v9', 'stream_to_kafka_topic', 'scheduled__2024-12-08T00:00:00+00:00', '--job-id', '62', '--raw', '--subdir', 'DAGS_FOLDER/stream_to_spark.py', '--cfg-path', '/tmp/tmpkd0s2ttd']
[2024-12-09T07:58:35.493+0000] {standard_task_runner.py:72} INFO - Started process 209 to run task
[2024-12-09T07:58:35.493+0000] {standard_task_runner.py:105} INFO - Job 62: Subtask stream_to_kafka_topic
[2024-12-09T07:58:35.769+0000] {task_command.py:467} INFO - Running <TaskInstance: streaming_dag_v9.stream_to_kafka_topic scheduled__2024-12-08T00:00:00+00:00 [running]> on host b758b66ba942
[2024-12-09T07:58:35.995+0000] {taskinstance.py:3132} INFO - Exporting env vars: AIRFLOW_CTX_DAG_OWNER='neiko' AIRFLOW_CTX_DAG_ID='streaming_dag_v9' AIRFLOW_CTX_TASK_ID='stream_to_kafka_topic' AIRFLOW_CTX_EXECUTION_DATE='2024-12-08T00:00:00+00:00' AIRFLOW_CTX_TRY_NUMBER='1' AIRFLOW_CTX_DAG_RUN_ID='scheduled__2024-12-08T00:00:00+00:00'
[2024-12-09T07:58:35.999+0000] {taskinstance.py:731} INFO - ::endgroup::
[2024-12-09T07:58:37.216+0000] {logging_mixin.py:190} INFO - Message delivered to new_user [0] at offset 37
[2024-12-09T07:58:47.564+0000] {logging_mixin.py:190} INFO - Message delivered to new_user [0] at offset 38
[2024-12-09T07:58:57.960+0000] {logging_mixin.py:190} INFO - Message delivered to new_user [0] at offset 39
[2024-12-09T07:59:08.363+0000] {logging_mixin.py:190} INFO - Message delivered to new_user [0] at offset 40
[2024-12-09T07:59:18.712+0000] {logging_mixin.py:190} INFO - Message delivered to new_user [0] at offset 41
[2024-12-09T07:59:29.072+0000] {logging_mixin.py:190} INFO - Message delivered to new_user [0] at offset 42
[2024-12-09T07:59:39.423+0000] {logging_mixin.py:190} INFO - Message delivered to new_user [0] at offset 43
[2024-12-09T07:59:49.789+0000] {logging_mixin.py:190} INFO - Message delivered to new_user [0] at offset 44
[2024-12-09T08:00:00.156+0000] {logging_mixin.py:190} INFO - Message delivered to new_user [0] at offset 45
[2024-12-09T08:00:10.503+0000] {logging_mixin.py:190} INFO - Message delivered to new_user [0] at offset 46
[2024-12-09T08:00:20.896+0000] {logging_mixin.py:190} INFO - Message delivered to new_user [0] at offset 47
[2024-12-09T08:00:31.264+0000] {logging_mixin.py:190} INFO - Message delivered to new_user [0] at offset 48
[2024-12-09T08:00:41.267+0000] {python.py:240} INFO - Done. Returned value was: None
[2024-12-09T08:00:41.302+0000] {taskinstance.py:340} INFO - ::group::Post task execution logs
[2024-12-09T08:00:41.303+0000] {taskinstance.py:352} INFO - Marking task as SUCCESS. dag_id=streaming_dag_v9, task_id=stream_to_kafka_topic, run_id=scheduled__2024-12-08T00:00:00+00:00, execution_date=20241208T000000, start_date=20241209T075835, end_date=20241209T080041
[2024-12-09T08:00:41.353+0000] {local_task_job_runner.py:266} INFO - Task exited with return code 0
[2024-12-09T08:00:41.383+0000] {taskinstance.py:3895} INFO - 0 downstream tasks scheduled from follow-on schedule check
[2024-12-09T08:00:41.386+0000] {local_task_job_runner.py:245} INFO - ::endgroup::
