[2024-12-04T07:17:06.785+0000] {local_task_job_runner.py:123} INFO - ::group::Pre task execution logs
[2024-12-04T07:17:06.842+0000] {taskinstance.py:2613} INFO - Dependencies all met for dep_context=non-requeueable deps ti=<TaskInstance: streaming_dag_v7.stream_to_kafka_topic manual__2024-12-03T17:37:47.634639+00:00 [queued]>
[2024-12-04T07:17:06.887+0000] {taskinstance.py:2613} INFO - Dependencies all met for dep_context=requeueable deps ti=<TaskInstance: streaming_dag_v7.stream_to_kafka_topic manual__2024-12-03T17:37:47.634639+00:00 [queued]>
[2024-12-04T07:17:06.889+0000] {taskinstance.py:2866} INFO - Starting attempt 2 of 2
[2024-12-04T07:17:06.937+0000] {taskinstance.py:2889} INFO - Executing <Task(PythonOperator): stream_to_kafka_topic> on 2024-12-03 17:37:47.634639+00:00
[2024-12-04T07:17:07.006+0000] {warnings.py:112} WARNING - /home/***/.local/lib/python3.12/site-packages/***/task/task_runner/standard_task_runner.py:70: DeprecationWarning: This process (pid=82) is multi-threaded, use of fork() may lead to deadlocks in the child.
  pid = os.fork()

[2024-12-04T07:17:07.066+0000] {standard_task_runner.py:72} INFO - Started process 83 to run task
[2024-12-04T07:17:07.083+0000] {standard_task_runner.py:104} INFO - Running: ['***', 'tasks', 'run', 'streaming_dag_v7', 'stream_to_kafka_topic', 'manual__2024-12-03T17:37:47.634639+00:00', '--job-id', '36', '--raw', '--subdir', 'DAGS_FOLDER/stream_to_spark.py', '--cfg-path', '/tmp/tmp_uthv_pc']
[2024-12-04T07:17:07.089+0000] {standard_task_runner.py:105} INFO - Job 36: Subtask stream_to_kafka_topic
[2024-12-04T07:17:07.528+0000] {task_command.py:467} INFO - Running <TaskInstance: streaming_dag_v7.stream_to_kafka_topic manual__2024-12-03T17:37:47.634639+00:00 [running]> on host 823acf4a0ce9
[2024-12-04T07:17:07.945+0000] {taskinstance.py:3132} INFO - Exporting env vars: AIRFLOW_CTX_DAG_OWNER='neiko' AIRFLOW_CTX_DAG_ID='streaming_dag_v7' AIRFLOW_CTX_TASK_ID='stream_to_kafka_topic' AIRFLOW_CTX_EXECUTION_DATE='2024-12-03T17:37:47.634639+00:00' AIRFLOW_CTX_TRY_NUMBER='2' AIRFLOW_CTX_DAG_RUN_ID='manual__2024-12-03T17:37:47.634639+00:00'
[2024-12-04T07:17:07.948+0000] {taskinstance.py:731} INFO - ::endgroup::
[2024-12-04T07:22:09.169+0000] {logging_mixin.py:190} INFO - Message delivery failed: KafkaError{code=_MSG_TIMED_OUT,val=-192,str="Local: Message timed out"}
[2024-12-04T07:27:20.260+0000] {logging_mixin.py:190} INFO - Message delivery failed: KafkaError{code=_MSG_TIMED_OUT,val=-192,str="Local: Message timed out"}
[2024-12-04T07:32:31.357+0000] {logging_mixin.py:190} INFO - Message delivery failed: KafkaError{code=_MSG_TIMED_OUT,val=-192,str="Local: Message timed out"}
[2024-12-04T07:37:42.456+0000] {logging_mixin.py:190} INFO - Message delivery failed: KafkaError{code=_MSG_TIMED_OUT,val=-192,str="Local: Message timed out"}
[2024-12-04T07:42:53.564+0000] {logging_mixin.py:190} INFO - Message delivery failed: KafkaError{code=_MSG_TIMED_OUT,val=-192,str="Local: Message timed out"}
[2024-12-04T07:48:04.664+0000] {logging_mixin.py:190} INFO - Message delivery failed: KafkaError{code=_MSG_TIMED_OUT,val=-192,str="Local: Message timed out"}
[2024-12-04T07:53:15.773+0000] {logging_mixin.py:190} INFO - Message delivery failed: KafkaError{code=_MSG_TIMED_OUT,val=-192,str="Local: Message timed out"}
[2024-12-04T07:58:26.880+0000] {logging_mixin.py:190} INFO - Message delivery failed: KafkaError{code=_MSG_TIMED_OUT,val=-192,str="Local: Message timed out"}
[2024-12-04T08:03:37.984+0000] {logging_mixin.py:190} INFO - Message delivery failed: KafkaError{code=_MSG_TIMED_OUT,val=-192,str="Local: Message timed out"}
[2024-12-04T08:08:49.085+0000] {logging_mixin.py:190} INFO - Message delivery failed: KafkaError{code=_MSG_TIMED_OUT,val=-192,str="Local: Message timed out"}
[2024-12-04T08:14:00.192+0000] {logging_mixin.py:190} INFO - Message delivery failed: KafkaError{code=_MSG_TIMED_OUT,val=-192,str="Local: Message timed out"}
[2024-12-04T08:19:11.299+0000] {logging_mixin.py:190} INFO - Message delivery failed: KafkaError{code=_MSG_TIMED_OUT,val=-192,str="Local: Message timed out"}
[2024-12-04T08:19:21.324+0000] {python.py:240} INFO - Done. Returned value was: None
[2024-12-04T08:19:21.496+0000] {taskinstance.py:340} INFO - ::group::Post task execution logs
[2024-12-04T08:19:21.501+0000] {taskinstance.py:352} INFO - Marking task as SUCCESS. dag_id=streaming_dag_v7, task_id=stream_to_kafka_topic, run_id=manual__2024-12-03T17:37:47.634639+00:00, execution_date=20241203T173747, start_date=20241204T071706, end_date=20241204T081921
[2024-12-04T08:19:21.657+0000] {local_task_job_runner.py:266} INFO - Task exited with return code 0
[2024-12-04T08:19:21.756+0000] {taskinstance.py:3895} INFO - 0 downstream tasks scheduled from follow-on schedule check
[2024-12-04T08:19:21.759+0000] {local_task_job_runner.py:245} INFO - ::endgroup::
