[2024-12-09T12:17:26.328+0000] {local_task_job_runner.py:123} INFO - ::group::Pre task execution logs
[2024-12-09T12:17:26.382+0000] {taskinstance.py:2613} INFO - Dependencies all met for dep_context=non-requeueable deps ti=<TaskInstance: streaming_dag_v9.stream_to_kafka_topic manual__2024-12-09T12:17:19.953638+00:00 [queued]>
[2024-12-09T12:17:26.404+0000] {taskinstance.py:2613} INFO - Dependencies all met for dep_context=requeueable deps ti=<TaskInstance: streaming_dag_v9.stream_to_kafka_topic manual__2024-12-09T12:17:19.953638+00:00 [queued]>
[2024-12-09T12:17:26.405+0000] {taskinstance.py:2866} INFO - Starting attempt 1 of 2
[2024-12-09T12:17:26.437+0000] {taskinstance.py:2889} INFO - Executing <Task(PythonOperator): stream_to_kafka_topic> on 2024-12-09 12:17:19.953638+00:00
[2024-12-09T12:17:26.450+0000] {warnings.py:112} WARNING - /home/***/.local/lib/python3.12/site-packages/***/task/task_runner/standard_task_runner.py:70: DeprecationWarning: This process (pid=266) is multi-threaded, use of fork() may lead to deadlocks in the child.
  pid = os.fork()

[2024-12-09T12:17:26.455+0000] {standard_task_runner.py:104} INFO - Running: ['***', 'tasks', 'run', 'streaming_dag_v9', 'stream_to_kafka_topic', 'manual__2024-12-09T12:17:19.953638+00:00', '--job-id', '69', '--raw', '--subdir', 'DAGS_FOLDER/stream_to_spark.py', '--cfg-path', '/tmp/tmpr4ylb2id']
[2024-12-09T12:17:26.459+0000] {standard_task_runner.py:72} INFO - Started process 267 to run task
[2024-12-09T12:17:26.459+0000] {standard_task_runner.py:105} INFO - Job 69: Subtask stream_to_kafka_topic
[2024-12-09T12:17:26.589+0000] {task_command.py:467} INFO - Running <TaskInstance: streaming_dag_v9.stream_to_kafka_topic manual__2024-12-09T12:17:19.953638+00:00 [running]> on host 3fc0bc0906bc
[2024-12-09T12:17:26.771+0000] {taskinstance.py:3132} INFO - Exporting env vars: AIRFLOW_CTX_DAG_OWNER='neiko' AIRFLOW_CTX_DAG_ID='streaming_dag_v9' AIRFLOW_CTX_TASK_ID='stream_to_kafka_topic' AIRFLOW_CTX_EXECUTION_DATE='2024-12-09T12:17:19.953638+00:00' AIRFLOW_CTX_TRY_NUMBER='1' AIRFLOW_CTX_DAG_RUN_ID='manual__2024-12-09T12:17:19.953638+00:00'
[2024-12-09T12:17:26.776+0000] {taskinstance.py:731} INFO - ::endgroup::
[2024-12-09T12:17:30.253+0000] {logging_mixin.py:190} INFO - Message delivered to new_user [0] at offset 0
[2024-12-09T12:17:40.638+0000] {logging_mixin.py:190} INFO - Message delivered to new_user [0] at offset 1
[2024-12-09T12:17:50.969+0000] {logging_mixin.py:190} INFO - Message delivered to new_user [0] at offset 2
[2024-12-09T12:18:01.310+0000] {logging_mixin.py:190} INFO - Message delivered to new_user [0] at offset 3
[2024-12-09T12:18:11.652+0000] {logging_mixin.py:190} INFO - Message delivered to new_user [0] at offset 4
[2024-12-09T12:18:21.991+0000] {logging_mixin.py:190} INFO - Message delivered to new_user [0] at offset 5
[2024-12-09T12:18:32.345+0000] {logging_mixin.py:190} INFO - Message delivered to new_user [0] at offset 6
[2024-12-09T12:18:42.682+0000] {logging_mixin.py:190} INFO - Message delivered to new_user [0] at offset 7
[2024-12-09T12:18:53.038+0000] {logging_mixin.py:190} INFO - Message delivered to new_user [0] at offset 8
[2024-12-09T12:19:03.376+0000] {logging_mixin.py:190} INFO - Message delivered to new_user [0] at offset 9
[2024-12-09T12:19:13.727+0000] {logging_mixin.py:190} INFO - Message delivered to new_user [0] at offset 10
[2024-12-09T12:19:24.061+0000] {logging_mixin.py:190} INFO - Message delivered to new_user [0] at offset 11
[2024-12-09T12:19:34.087+0000] {python.py:240} INFO - Done. Returned value was: None
[2024-12-09T12:19:34.376+0000] {taskinstance.py:340} INFO - ::group::Post task execution logs
[2024-12-09T12:19:34.387+0000] {taskinstance.py:352} INFO - Marking task as SUCCESS. dag_id=streaming_dag_v9, task_id=stream_to_kafka_topic, run_id=manual__2024-12-09T12:17:19.953638+00:00, execution_date=20241209T121719, start_date=20241209T121726, end_date=20241209T121934
[2024-12-09T12:19:34.563+0000] {local_task_job_runner.py:266} INFO - Task exited with return code 0
[2024-12-09T12:19:34.682+0000] {taskinstance.py:3895} INFO - 0 downstream tasks scheduled from follow-on schedule check
[2024-12-09T12:19:34.685+0000] {local_task_job_runner.py:245} INFO - ::endgroup::
