[2024-12-03T16:34:47.073+0000] {local_task_job_runner.py:123} INFO - ::group::Pre task execution logs
[2024-12-03T16:34:47.125+0000] {taskinstance.py:2613} INFO - Dependencies all met for dep_context=non-requeueable deps ti=<TaskInstance: streaming_dag_v5.stream_to_kafka_topic manual__2024-12-03T16:34:42.074336+00:00 [queued]>
[2024-12-03T16:34:47.154+0000] {taskinstance.py:2613} INFO - Dependencies all met for dep_context=requeueable deps ti=<TaskInstance: streaming_dag_v5.stream_to_kafka_topic manual__2024-12-03T16:34:42.074336+00:00 [queued]>
[2024-12-03T16:34:47.156+0000] {taskinstance.py:2866} INFO - Starting attempt 1 of 2
[2024-12-03T16:34:47.180+0000] {taskinstance.py:2889} INFO - Executing <Task(PythonOperator): stream_to_kafka_topic> on 2024-12-03 16:34:42.074336+00:00
[2024-12-03T16:34:47.191+0000] {warnings.py:112} WARNING - /home/***/.local/lib/python3.12/site-packages/***/task/task_runner/standard_task_runner.py:70: DeprecationWarning: This process (pid=422) is multi-threaded, use of fork() may lead to deadlocks in the child.
  pid = os.fork()

[2024-12-03T16:34:47.196+0000] {standard_task_runner.py:72} INFO - Started process 423 to run task
[2024-12-03T16:34:47.192+0000] {standard_task_runner.py:104} INFO - Running: ['***', 'tasks', 'run', 'streaming_dag_v5', 'stream_to_kafka_topic', 'manual__2024-12-03T16:34:42.074336+00:00', '--job-id', '19', '--raw', '--subdir', 'DAGS_FOLDER/stream_to_spark.py', '--cfg-path', '/tmp/tmpw5kcas4_']
[2024-12-03T16:34:47.211+0000] {standard_task_runner.py:105} INFO - Job 19: Subtask stream_to_kafka_topic
[2024-12-03T16:34:47.291+0000] {task_command.py:467} INFO - Running <TaskInstance: streaming_dag_v5.stream_to_kafka_topic manual__2024-12-03T16:34:42.074336+00:00 [running]> on host a5c8fad7717c
[2024-12-03T16:34:47.457+0000] {taskinstance.py:3132} INFO - Exporting env vars: AIRFLOW_CTX_DAG_OWNER='neiko' AIRFLOW_CTX_DAG_ID='streaming_dag_v5' AIRFLOW_CTX_TASK_ID='stream_to_kafka_topic' AIRFLOW_CTX_EXECUTION_DATE='2024-12-03T16:34:42.074336+00:00' AIRFLOW_CTX_TRY_NUMBER='1' AIRFLOW_CTX_DAG_RUN_ID='manual__2024-12-03T16:34:42.074336+00:00'
[2024-12-03T16:34:47.460+0000] {taskinstance.py:731} INFO - ::endgroup::
[2024-12-03T16:39:48.616+0000] {logging_mixin.py:190} INFO - Message delivery failed: KafkaError{code=_MSG_TIMED_OUT,val=-192,str="Local: Message timed out"}
[2024-12-03T16:42:20.914+0000] {local_task_job_runner.py:346} WARNING - State of this instance has been externally set to None. Terminating instance.
[2024-12-03T16:42:20.917+0000] {local_task_job_runner.py:245} INFO - ::endgroup::
[2024-12-03T16:42:20.925+0000] {process_utils.py:132} INFO - Sending 15 to group 423. PIDs of all processes in the group: [423]
[2024-12-03T16:42:20.928+0000] {process_utils.py:87} INFO - Sending the signal 15 to group 423
[2024-12-03T16:43:20.954+0000] {process_utils.py:150} WARNING - process psutil.Process(pid=423, name='airflow task ru', status='sleeping', started='16:34:47') did not respond to SIGTERM. Trying SIGKILL
[2024-12-03T16:43:20.961+0000] {process_utils.py:87} INFO - Sending the signal 9 to group 423
[2024-12-03T16:43:20.978+0000] {process_utils.py:80} INFO - Process psutil.Process(pid=423, name='airflow task ru', status='terminated', exitcode=<Negsignal.SIGKILL: -9>, started='16:34:47') (423) terminated with exit code -9
[2024-12-03T16:43:20.983+0000] {standard_task_runner.py:190} ERROR - ('Job 19 was killed before it finished (likely due to running out of memory)', 'For more information, see https://***.apache.org/docs/apache-***/stable/troubleshooting.html#LocalTaskJob-killed')
